[0.953s] Invoking command in '/home/pi/documents/STA_github/ros2_ws/build/shark': CMAKE_PREFIX_PATH=${CMAKE_PREFIX_PATH}:/home/pi/ros2_ws/install/ydlidar_ros2_driver:/opt/ros/iron /usr/bin/cmake --build /home/pi/documents/STA_github/ros2_ws/build/shark -- -j4 -l4
[1.403s] [100%] Built target shark
[1.457s] Invoked command in '/home/pi/documents/STA_github/ros2_ws/build/shark' returned '0': CMAKE_PREFIX_PATH=${CMAKE_PREFIX_PATH}:/home/pi/ros2_ws/install/ydlidar_ros2_driver:/opt/ros/iron /usr/bin/cmake --build /home/pi/documents/STA_github/ros2_ws/build/shark -- -j4 -l4
[1.635s] Invoking command in '/home/pi/documents/STA_github/ros2_ws/build/shark': CMAKE_PREFIX_PATH=${CMAKE_PREFIX_PATH}:/home/pi/ros2_ws/install/ydlidar_ros2_driver:/opt/ros/iron /usr/bin/cmake --install /home/pi/documents/STA_github/ros2_ws/build/shark
[1.721s] -- Install configuration: ""
[1.723s] -- Up-to-date: /home/pi/documents/STA_github/ros2_ws/install/shark/lib/shark/shark
[1.724s] -- Up-to-date: /home/pi/documents/STA_github/ros2_ws/install/shark/share/ament_index/resource_index/package_run_dependencies/shark
[1.724s] -- Up-to-date: /home/pi/documents/STA_github/ros2_ws/install/shark/share/ament_index/resource_index/parent_prefix_path/shark
[1.724s] -- Up-to-date: /home/pi/documents/STA_github/ros2_ws/install/shark/share/shark/environment/ament_prefix_path.sh
[1.725s] -- Up-to-date: /home/pi/documents/STA_github/ros2_ws/install/shark/share/shark/environment/ament_prefix_path.dsv
[1.725s] -- Up-to-date: /home/pi/documents/STA_github/ros2_ws/install/shark/share/shark/environment/path.sh
[1.725s] -- Up-to-date: /home/pi/documents/STA_github/ros2_ws/install/shark/share/shark/environment/path.dsv
[1.726s] -- Up-to-date: /home/pi/documents/STA_github/ros2_ws/install/shark/share/shark/local_setup.bash
[1.726s] -- Up-to-date: /home/pi/documents/STA_github/ros2_ws/install/shark/share/shark/local_setup.sh
[1.728s] -- Up-to-date: /home/pi/documents/STA_github/ros2_ws/install/shark/share/shark/local_setup.zsh
[1.729s] -- Up-to-date: /home/pi/documents/STA_github/ros2_ws/install/shark/share/shark/local_setup.dsv
[1.730s] -- Installing: /home/pi/documents/STA_github/ros2_ws/install/shark/share/shark/package.dsv
[1.731s] -- Up-to-date: /home/pi/documents/STA_github/ros2_ws/install/shark/share/ament_index/resource_index/packages/shark
[1.732s] -- Up-to-date: /home/pi/documents/STA_github/ros2_ws/install/shark/share/shark/cmake/sharkConfig.cmake
[1.733s] -- Up-to-date: /home/pi/documents/STA_github/ros2_ws/install/shark/share/shark/cmake/sharkConfig-version.cmake
[1.734s] -- Up-to-date: /home/pi/documents/STA_github/ros2_ws/install/shark/share/shark/package.xml
[2.091s] Invoked command in '/home/pi/documents/STA_github/ros2_ws/build/shark' returned '0': CMAKE_PREFIX_PATH=${CMAKE_PREFIX_PATH}:/home/pi/ros2_ws/install/ydlidar_ros2_driver:/opt/ros/iron /usr/bin/cmake --install /home/pi/documents/STA_github/ros2_ws/build/shark
