[1.010s] Invoking command in '/home/pi/documents/STA_github/ros2_ws/src/build/mobile_robot': CMAKE_PREFIX_PATH=${CMAKE_PREFIX_PATH}:/home/pi/ros2_ws/install/ydlidar_ros2_driver:/opt/ros/iron /usr/bin/cmake --build /home/pi/documents/STA_github/ros2_ws/src/build/mobile_robot -- -j4 -l4
[1.208s] [35m[1mConsolidate compiler generated dependencies of target mobile_robot[0m
[1.318s] [100%] Built target mobile_robot
[1.365s] Invoked command in '/home/pi/documents/STA_github/ros2_ws/src/build/mobile_robot' returned '0': CMAKE_PREFIX_PATH=${CMAKE_PREFIX_PATH}:/home/pi/ros2_ws/install/ydlidar_ros2_driver:/opt/ros/iron /usr/bin/cmake --build /home/pi/documents/STA_github/ros2_ws/src/build/mobile_robot -- -j4 -l4
[1.539s] Invoking command in '/home/pi/documents/STA_github/ros2_ws/src/build/mobile_robot': CMAKE_PREFIX_PATH=${CMAKE_PREFIX_PATH}:/home/pi/ros2_ws/install/ydlidar_ros2_driver:/opt/ros/iron /usr/bin/cmake --install /home/pi/documents/STA_github/ros2_ws/src/build/mobile_robot
[1.570s] -- Install configuration: ""
[1.572s] -- Up-to-date: /home/pi/documents/STA_github/ros2_ws/src/install/mobile_robot/lib/mobile_robot/mobile_robot
[1.574s] -- Up-to-date: /home/pi/documents/STA_github/ros2_ws/src/install/mobile_robot/share/ament_index/resource_index/package_run_dependencies/mobile_robot
[1.575s] -- Up-to-date: /home/pi/documents/STA_github/ros2_ws/src/install/mobile_robot/share/ament_index/resource_index/parent_prefix_path/mobile_robot
[1.576s] -- Up-to-date: /home/pi/documents/STA_github/ros2_ws/src/install/mobile_robot/share/mobile_robot/environment/ament_prefix_path.sh
[1.576s] -- Up-to-date: /home/pi/documents/STA_github/ros2_ws/src/install/mobile_robot/share/mobile_robot/environment/ament_prefix_path.dsv
[1.577s] -- Up-to-date: /home/pi/documents/STA_github/ros2_ws/src/install/mobile_robot/share/mobile_robot/environment/path.sh
[1.578s] -- Up-to-date: /home/pi/documents/STA_github/ros2_ws/src/install/mobile_robot/share/mobile_robot/environment/path.dsv
[1.579s] -- Up-to-date: /home/pi/documents/STA_github/ros2_ws/src/install/mobile_robot/share/mobile_robot/local_setup.bash
[1.579s] -- Up-to-date: /home/pi/documents/STA_github/ros2_ws/src/install/mobile_robot/share/mobile_robot/local_setup.sh
[1.580s] -- Up-to-date: /home/pi/documents/STA_github/ros2_ws/src/install/mobile_robot/share/mobile_robot/local_setup.zsh
[1.580s] -- Up-to-date: /home/pi/documents/STA_github/ros2_ws/src/install/mobile_robot/share/mobile_robot/local_setup.dsv
[1.581s] -- Installing: /home/pi/documents/STA_github/ros2_ws/src/install/mobile_robot/share/mobile_robot/package.dsv
[1.581s] -- Up-to-date: /home/pi/documents/STA_github/ros2_ws/src/install/mobile_robot/share/ament_index/resource_index/packages/mobile_robot
[1.583s] -- Up-to-date: /home/pi/documents/STA_github/ros2_ws/src/install/mobile_robot/share/mobile_robot/cmake/mobile_robotConfig.cmake
[1.583s] -- Up-to-date: /home/pi/documents/STA_github/ros2_ws/src/install/mobile_robot/share/mobile_robot/cmake/mobile_robotConfig-version.cmake
[1.584s] -- Up-to-date: /home/pi/documents/STA_github/ros2_ws/src/install/mobile_robot/share/mobile_robot/package.xml
[1.592s] Invoked command in '/home/pi/documents/STA_github/ros2_ws/src/build/mobile_robot' returned '0': CMAKE_PREFIX_PATH=${CMAKE_PREFIX_PATH}:/home/pi/ros2_ws/install/ydlidar_ros2_driver:/opt/ros/iron /usr/bin/cmake --install /home/pi/documents/STA_github/ros2_ws/src/build/mobile_robot
