[11.492s] DEBUG:colcon:Command line arguments: ['/usr/bin/colcon', 'build', '--symlink-install']
[11.492s] DEBUG:colcon:Parsed command line arguments: Namespace(log_base=None, log_level=None, verb_name='build', build_base='build', install_base='install', merge_install=False, symlink_install=True, test_result_base=None, continue_on_error=False, executor='parallel', parallel_workers=4, event_handlers=None, ignore_user_meta=False, metas=['./colcon.meta'], base_paths=['.'], packages_ignore=None, packages_ignore_regex=None, paths=None, packages_up_to=None, packages_up_to_regex=None, packages_above=None, packages_above_and_dependencies=None, packages_above_depth=None, packages_select_by_dep=None, packages_skip_by_dep=None, packages_skip_up_to=None, packages_select_build_failed=False, packages_skip_build_finished=False, packages_select_test_failures=False, packages_skip_test_passed=False, packages_select=None, packages_skip=None, packages_select_regex=None, packages_skip_regex=None, packages_start=None, packages_end=None, allow_overriding=[], cmake_args=None, cmake_target=None, cmake_target_skip_unavailable=False, cmake_clean_cache=False, cmake_clean_first=False, cmake_force_configure=False, ament_cmake_args=None, catkin_cmake_args=None, catkin_skip_building_tests=False, verb_parser=<colcon_defaults.argument_parser.defaults.DefaultArgumentsDecorator object at 0xffff899650c0>, verb_extension=<colcon_core.verb.build.BuildVerb object at 0xffff89964730>, main=<bound method BuildVerb.main of <colcon_core.verb.build.BuildVerb object at 0xffff89964730>>)
[12.105s] Level 1:colcon.colcon_core.package_discovery:discover_packages(colcon_meta) check parameters
[12.106s] Level 1:colcon.colcon_core.package_discovery:discover_packages(recursive) check parameters
[12.107s] Level 1:colcon.colcon_core.package_discovery:discover_packages(ignore) check parameters
[12.107s] Level 1:colcon.colcon_core.package_discovery:discover_packages(path) check parameters
[12.107s] Level 1:colcon.colcon_core.package_discovery:discover_packages(colcon_meta) discover
[12.108s] Level 1:colcon.colcon_core.package_discovery:discover_packages(recursive) discover
[12.108s] INFO:colcon.colcon_core.package_discovery:Crawling recursively for packages in '/home/pi/ros2_ws'
[12.109s] Level 1:colcon.colcon_core.package_identification:_identify(.) by extensions ['ignore', 'ignore_ament_install']
[12.110s] Level 1:colcon.colcon_core.package_identification:_identify(.) by extension 'ignore'
[12.110s] Level 1:colcon.colcon_core.package_identification:_identify(.) by extension 'ignore_ament_install'
[12.111s] Level 1:colcon.colcon_core.package_identification:_identify(.) by extensions ['colcon_pkg']
[12.111s] Level 1:colcon.colcon_core.package_identification:_identify(.) by extension 'colcon_pkg'
[12.111s] Level 1:colcon.colcon_core.package_identification:_identify(.) by extensions ['colcon_meta']
[12.112s] Level 1:colcon.colcon_core.package_identification:_identify(.) by extension 'colcon_meta'
[12.112s] Level 1:colcon.colcon_core.package_identification:_identify(.) by extensions ['ros']
[12.112s] Level 1:colcon.colcon_core.package_identification:_identify(.) by extension 'ros'
[12.241s] Level 1:colcon.colcon_core.package_identification:_identify(.) by extensions ['cmake', 'python']
[12.241s] Level 1:colcon.colcon_core.package_identification:_identify(.) by extension 'cmake'
[12.242s] Level 1:colcon.colcon_core.package_identification:_identify(.) by extension 'python'
[12.242s] Level 1:colcon.colcon_core.package_identification:_identify(.) by extensions ['python_setup_py']
[12.242s] Level 1:colcon.colcon_core.package_identification:_identify(.) by extension 'python_setup_py'
[12.243s] Level 1:colcon.colcon_core.package_identification:_identify(build) by extensions ['ignore', 'ignore_ament_install']
[12.244s] Level 1:colcon.colcon_core.package_identification:_identify(build) by extension 'ignore'
[12.245s] Level 1:colcon.colcon_core.package_identification:_identify(build) ignored
[12.246s] Level 1:colcon.colcon_core.package_identification:_identify(install) by extensions ['ignore', 'ignore_ament_install']
[12.246s] Level 1:colcon.colcon_core.package_identification:_identify(install) by extension 'ignore'
[12.247s] Level 1:colcon.colcon_core.package_identification:_identify(install) ignored
[12.248s] Level 1:colcon.colcon_core.package_identification:_identify(log) by extensions ['ignore', 'ignore_ament_install']
[12.249s] Level 1:colcon.colcon_core.package_identification:_identify(log) by extension 'ignore'
[12.249s] Level 1:colcon.colcon_core.package_identification:_identify(log) ignored
[12.250s] Level 1:colcon.colcon_core.package_identification:_identify(src) by extensions ['ignore', 'ignore_ament_install']
[12.250s] Level 1:colcon.colcon_core.package_identification:_identify(src) by extension 'ignore'
[12.251s] Level 1:colcon.colcon_core.package_identification:_identify(src) by extension 'ignore_ament_install'
[12.251s] Level 1:colcon.colcon_core.package_identification:_identify(src) by extensions ['colcon_pkg']
[12.252s] Level 1:colcon.colcon_core.package_identification:_identify(src) by extension 'colcon_pkg'
[12.252s] Level 1:colcon.colcon_core.package_identification:_identify(src) by extensions ['colcon_meta']
[12.252s] Level 1:colcon.colcon_core.package_identification:_identify(src) by extension 'colcon_meta'
[12.253s] Level 1:colcon.colcon_core.package_identification:_identify(src) by extensions ['ros']
[12.253s] Level 1:colcon.colcon_core.package_identification:_identify(src) by extension 'ros'
[12.254s] Level 1:colcon.colcon_core.package_identification:_identify(src) by extensions ['cmake', 'python']
[12.254s] Level 1:colcon.colcon_core.package_identification:_identify(src) by extension 'cmake'
[12.255s] Level 1:colcon.colcon_core.package_identification:_identify(src) by extension 'python'
[12.255s] Level 1:colcon.colcon_core.package_identification:_identify(src) by extensions ['python_setup_py']
[12.255s] Level 1:colcon.colcon_core.package_identification:_identify(src) by extension 'python_setup_py'
[12.257s] Level 1:colcon.colcon_core.package_identification:_identify(src/ydlidar_ros2_driver) by extensions ['ignore', 'ignore_ament_install']
[12.257s] Level 1:colcon.colcon_core.package_identification:_identify(src/ydlidar_ros2_driver) by extension 'ignore'
[12.258s] Level 1:colcon.colcon_core.package_identification:_identify(src/ydlidar_ros2_driver) by extension 'ignore_ament_install'
[12.258s] Level 1:colcon.colcon_core.package_identification:_identify(src/ydlidar_ros2_driver) by extensions ['colcon_pkg']
[12.259s] Level 1:colcon.colcon_core.package_identification:_identify(src/ydlidar_ros2_driver) by extension 'colcon_pkg'
[12.259s] Level 1:colcon.colcon_core.package_identification:_identify(src/ydlidar_ros2_driver) by extensions ['colcon_meta']
[12.259s] Level 1:colcon.colcon_core.package_identification:_identify(src/ydlidar_ros2_driver) by extension 'colcon_meta'
[12.260s] Level 1:colcon.colcon_core.package_identification:_identify(src/ydlidar_ros2_driver) by extensions ['ros']
[12.260s] Level 1:colcon.colcon_core.package_identification:_identify(src/ydlidar_ros2_driver) by extension 'ros'
[12.285s] DEBUG:colcon.colcon_core.package_identification:Package 'src/ydlidar_ros2_driver' with type 'ros.ament_cmake' and name 'ydlidar_ros2_driver'
[12.285s] Level 1:colcon.colcon_core.package_discovery:discover_packages(recursive) using defaults
[12.286s] Level 1:colcon.colcon_core.package_discovery:discover_packages(ignore) discover
[12.286s] Level 1:colcon.colcon_core.package_discovery:discover_packages(ignore) using defaults
[12.286s] Level 1:colcon.colcon_core.package_discovery:discover_packages(path) discover
[12.286s] Level 1:colcon.colcon_core.package_discovery:discover_packages(path) using defaults
[13.265s] Level 1:colcon.colcon_core.package_discovery:discover_packages(prefix_path) check parameters
[13.265s] Level 1:colcon.colcon_core.package_discovery:discover_packages(prefix_path) discover
[13.608s] DEBUG:colcon.colcon_installed_package_information.package_discovery:Found 281 installed packages in /opt/ros/iron
[13.621s] Level 1:colcon.colcon_core.package_discovery:discover_packages(prefix_path) using defaults
[14.530s] Level 5:colcon.colcon_core.verb:set package 'ydlidar_ros2_driver' build argument 'cmake_args' from command line to 'None'
[14.530s] Level 5:colcon.colcon_core.verb:set package 'ydlidar_ros2_driver' build argument 'cmake_target' from command line to 'None'
[14.531s] Level 5:colcon.colcon_core.verb:set package 'ydlidar_ros2_driver' build argument 'cmake_target_skip_unavailable' from command line to 'False'
[14.531s] Level 5:colcon.colcon_core.verb:set package 'ydlidar_ros2_driver' build argument 'cmake_clean_cache' from command line to 'False'
[14.531s] Level 5:colcon.colcon_core.verb:set package 'ydlidar_ros2_driver' build argument 'cmake_clean_first' from command line to 'False'
[14.531s] Level 5:colcon.colcon_core.verb:set package 'ydlidar_ros2_driver' build argument 'cmake_force_configure' from command line to 'False'
[14.532s] Level 5:colcon.colcon_core.verb:set package 'ydlidar_ros2_driver' build argument 'ament_cmake_args' from command line to 'None'
[14.532s] Level 5:colcon.colcon_core.verb:set package 'ydlidar_ros2_driver' build argument 'catkin_cmake_args' from command line to 'None'
[14.532s] Level 5:colcon.colcon_core.verb:set package 'ydlidar_ros2_driver' build argument 'catkin_skip_building_tests' from command line to 'False'
[14.532s] DEBUG:colcon.colcon_core.verb:Building package 'ydlidar_ros2_driver' with the following arguments: {'ament_cmake_args': None, 'build_base': '/home/pi/ros2_ws/build/ydlidar_ros2_driver', 'catkin_cmake_args': None, 'catkin_skip_building_tests': False, 'cmake_args': None, 'cmake_clean_cache': False, 'cmake_clean_first': False, 'cmake_force_configure': False, 'cmake_target': None, 'cmake_target_skip_unavailable': False, 'install_base': '/home/pi/ros2_ws/install/ydlidar_ros2_driver', 'merge_install': False, 'path': '/home/pi/ros2_ws/src/ydlidar_ros2_driver', 'symlink_install': True, 'test_result_base': None}
[14.686s] INFO:colcon.colcon_core.executor:Executing jobs using 'parallel' executor
[14.843s] DEBUG:colcon.colcon_parallel_executor.executor.parallel:run_until_complete
[14.845s] INFO:colcon.colcon_ros.task.ament_cmake.build:Building ROS package in '/home/pi/ros2_ws/src/ydlidar_ros2_driver' with build type 'ament_cmake'
[14.846s] INFO:colcon.colcon_cmake.task.cmake.build:Building CMake package in '/home/pi/ros2_ws/src/ydlidar_ros2_driver'
[15.037s] INFO:colcon.colcon_core.plugin_system:Skipping extension 'colcon_core.shell.bat': Not used on non-Windows systems
[15.038s] INFO:colcon.colcon_core.shell:Skip shell extension 'powershell' for command environment: Not usable outside of PowerShell
[15.039s] DEBUG:colcon.colcon_core.shell:Skip shell extension 'dsv' for command environment
[15.419s] DEBUG:colcon.colcon_core.event_handler.log_command:Invoking command in '/home/pi/ros2_ws/build/ydlidar_ros2_driver': CMAKE_PREFIX_PATH=/opt/ros/iron /usr/bin/cmake /home/pi/ros2_ws/src/ydlidar_ros2_driver -DAMENT_CMAKE_SYMLINK_INSTALL=1 -DCMAKE_INSTALL_PREFIX=/home/pi/ros2_ws/install/ydlidar_ros2_driver
[34.645s] DEBUG:colcon.colcon_core.event_handler.log_command:Invoked command in '/home/pi/ros2_ws/build/ydlidar_ros2_driver' returned '0': CMAKE_PREFIX_PATH=/opt/ros/iron /usr/bin/cmake /home/pi/ros2_ws/src/ydlidar_ros2_driver -DAMENT_CMAKE_SYMLINK_INSTALL=1 -DCMAKE_INSTALL_PREFIX=/home/pi/ros2_ws/install/ydlidar_ros2_driver
[34.666s] DEBUG:colcon.colcon_core.event_handler.log_command:Invoking command in '/home/pi/ros2_ws/build/ydlidar_ros2_driver': CMAKE_PREFIX_PATH=/opt/ros/iron /usr/bin/cmake --build /home/pi/ros2_ws/build/ydlidar_ros2_driver -- -j4 -l4
[214.330s] DEBUG:colcon.colcon_core.event_handler.log_command:Invoked command in '/home/pi/ros2_ws/build/ydlidar_ros2_driver' returned '0': CMAKE_PREFIX_PATH=/opt/ros/iron /usr/bin/cmake --build /home/pi/ros2_ws/build/ydlidar_ros2_driver -- -j4 -l4
[215.019s] DEBUG:colcon.colcon_core.event_handler.log_command:Invoking command in '/home/pi/ros2_ws/build/ydlidar_ros2_driver': CMAKE_PREFIX_PATH=/opt/ros/iron /usr/bin/cmake --install /home/pi/ros2_ws/build/ydlidar_ros2_driver
[216.486s] Level 1:colcon.colcon_core.environment:create_environment_scripts_only(ydlidar_ros2_driver)
[216.494s] DEBUG:colcon.colcon_core.event_handler.log_command:Invoked command in '/home/pi/ros2_ws/build/ydlidar_ros2_driver' returned '0': CMAKE_PREFIX_PATH=/opt/ros/iron /usr/bin/cmake --install /home/pi/ros2_ws/build/ydlidar_ros2_driver
[217.930s] Level 1:colcon.colcon_core.environment:checking '/home/pi/ros2_ws/install/ydlidar_ros2_driver' for CMake module files
[217.956s] Level 1:colcon.colcon_core.environment:checking '/home/pi/ros2_ws/install/ydlidar_ros2_driver' for CMake config files
[217.969s] Level 1:colcon.colcon_core.shell:create_environment_hook('ydlidar_ros2_driver', 'cmake_prefix_path')
[218.225s] INFO:colcon.colcon_core.shell:Creating environment hook '/home/pi/ros2_ws/install/ydlidar_ros2_driver/share/ydlidar_ros2_driver/hook/cmake_prefix_path.ps1'
[218.282s] INFO:colcon.colcon_core.shell:Creating environment descriptor '/home/pi/ros2_ws/install/ydlidar_ros2_driver/share/ydlidar_ros2_driver/hook/cmake_prefix_path.dsv'
[218.293s] INFO:colcon.colcon_core.shell:Creating environment hook '/home/pi/ros2_ws/install/ydlidar_ros2_driver/share/ydlidar_ros2_driver/hook/cmake_prefix_path.sh'
[218.317s] Level 1:colcon.colcon_core.environment:checking '/home/pi/ros2_ws/install/ydlidar_ros2_driver/lib'
[218.320s] Level 1:colcon.colcon_core.environment:checking '/home/pi/ros2_ws/install/ydlidar_ros2_driver/bin'
[218.321s] Level 1:colcon.colcon_core.environment:checking '/home/pi/ros2_ws/install/ydlidar_ros2_driver/lib/pkgconfig/ydlidar_ros2_driver.pc'
[218.371s] Level 1:colcon.colcon_core.environment:checking '/home/pi/ros2_ws/install/ydlidar_ros2_driver/lib/python3.10/site-packages'
[218.374s] Level 1:colcon.colcon_core.environment:checking '/home/pi/ros2_ws/install/ydlidar_ros2_driver/bin'
[218.552s] INFO:colcon.colcon_core.shell:Creating package script '/home/pi/ros2_ws/install/ydlidar_ros2_driver/share/ydlidar_ros2_driver/package.ps1'
[218.565s] INFO:colcon.colcon_core.shell:Creating package descriptor '/home/pi/ros2_ws/install/ydlidar_ros2_driver/share/ydlidar_ros2_driver/package.dsv'
[218.574s] INFO:colcon.colcon_core.shell:Creating package script '/home/pi/ros2_ws/install/ydlidar_ros2_driver/share/ydlidar_ros2_driver/package.sh'
[218.586s] INFO:colcon.colcon_core.shell:Creating package script '/home/pi/ros2_ws/install/ydlidar_ros2_driver/share/ydlidar_ros2_driver/package.bash'
[218.597s] INFO:colcon.colcon_core.shell:Creating package script '/home/pi/ros2_ws/install/ydlidar_ros2_driver/share/ydlidar_ros2_driver/package.zsh'
[218.610s] Level 1:colcon.colcon_core.environment:create_file_with_runtime_dependencies(/home/pi/ros2_ws/install/ydlidar_ros2_driver/share/colcon-core/packages/ydlidar_ros2_driver)
[219.083s] Level 1:colcon.colcon_core.environment:create_environment_scripts_only(ydlidar_ros2_driver)
[219.256s] Level 1:colcon.colcon_core.environment:checking '/home/pi/ros2_ws/install/ydlidar_ros2_driver' for CMake module files
[219.262s] Level 1:colcon.colcon_core.environment:checking '/home/pi/ros2_ws/install/ydlidar_ros2_driver' for CMake config files
[219.268s] Level 1:colcon.colcon_core.shell:create_environment_hook('ydlidar_ros2_driver', 'cmake_prefix_path')
[219.433s] INFO:colcon.colcon_core.shell:Creating environment hook '/home/pi/ros2_ws/install/ydlidar_ros2_driver/share/ydlidar_ros2_driver/hook/cmake_prefix_path.ps1'
[219.437s] INFO:colcon.colcon_core.shell:Creating environment descriptor '/home/pi/ros2_ws/install/ydlidar_ros2_driver/share/ydlidar_ros2_driver/hook/cmake_prefix_path.dsv'
[219.440s] INFO:colcon.colcon_core.shell:Creating environment hook '/home/pi/ros2_ws/install/ydlidar_ros2_driver/share/ydlidar_ros2_driver/hook/cmake_prefix_path.sh'
[219.446s] Level 1:colcon.colcon_core.environment:checking '/home/pi/ros2_ws/install/ydlidar_ros2_driver/lib'
[219.447s] Level 1:colcon.colcon_core.environment:checking '/home/pi/ros2_ws/install/ydlidar_ros2_driver/bin'
[219.448s] Level 1:colcon.colcon_core.environment:checking '/home/pi/ros2_ws/install/ydlidar_ros2_driver/lib/pkgconfig/ydlidar_ros2_driver.pc'
[219.450s] Level 1:colcon.colcon_core.environment:checking '/home/pi/ros2_ws/install/ydlidar_ros2_driver/lib/python3.10/site-packages'
[219.452s] Level 1:colcon.colcon_core.environment:checking '/home/pi/ros2_ws/install/ydlidar_ros2_driver/bin'
[219.617s] INFO:colcon.colcon_core.shell:Creating package script '/home/pi/ros2_ws/install/ydlidar_ros2_driver/share/ydlidar_ros2_driver/package.ps1'
[219.621s] INFO:colcon.colcon_core.shell:Creating package descriptor '/home/pi/ros2_ws/install/ydlidar_ros2_driver/share/ydlidar_ros2_driver/package.dsv'
[219.625s] INFO:colcon.colcon_core.shell:Creating package script '/home/pi/ros2_ws/install/ydlidar_ros2_driver/share/ydlidar_ros2_driver/package.sh'
[219.629s] INFO:colcon.colcon_core.shell:Creating package script '/home/pi/ros2_ws/install/ydlidar_ros2_driver/share/ydlidar_ros2_driver/package.bash'
[219.633s] INFO:colcon.colcon_core.shell:Creating package script '/home/pi/ros2_ws/install/ydlidar_ros2_driver/share/ydlidar_ros2_driver/package.zsh'
[219.640s] Level 1:colcon.colcon_core.environment:create_file_with_runtime_dependencies(/home/pi/ros2_ws/install/ydlidar_ros2_driver/share/colcon-core/packages/ydlidar_ros2_driver)
[219.654s] DEBUG:colcon.colcon_parallel_executor.executor.parallel:closing loop
[219.665s] DEBUG:colcon.colcon_parallel_executor.executor.parallel:loop closed
[219.669s] DEBUG:colcon.colcon_parallel_executor.executor.parallel:run_until_complete finished with '0'
[219.675s] DEBUG:colcon.colcon_core.event_reactor:joining thread
[220.126s] INFO:colcon.colcon_core.plugin_system:Skipping extension 'colcon_notification.desktop_notification.notify_send': Could not find 'notify-send'
[220.127s] INFO:colcon.colcon_core.plugin_system:Skipping extension 'colcon_notification.desktop_notification.terminal_notifier': Not used on non-Darwin systems
[220.128s] INFO:colcon.colcon_core.plugin_system:Skipping extension 'colcon_notification.desktop_notification.win32': Not used on non-Windows systems
[220.129s] INFO:colcon.colcon_notification.desktop_notification:Sending desktop notification using 'notify2'
[220.222s] DEBUG:colcon.colcon_notification.desktop_notification.notify2:Failed to initialize notify2: org.freedesktop.DBus.Error.ServiceUnknown: The name org.freedesktop.Notifications was not provided by any .service files
[220.224s] DEBUG:colcon.colcon_core.event_reactor:joined thread
[220.434s] INFO:colcon.colcon_core.shell:Creating prefix script '/home/pi/ros2_ws/install/local_setup.ps1'
[220.442s] INFO:colcon.colcon_core.shell:Creating prefix util module '/home/pi/ros2_ws/install/_local_setup_util_ps1.py'
[220.459s] INFO:colcon.colcon_core.shell:Creating prefix chain script '/home/pi/ros2_ws/install/setup.ps1'
[220.638s] INFO:colcon.colcon_core.shell:Creating prefix script '/home/pi/ros2_ws/install/local_setup.sh'
[220.644s] INFO:colcon.colcon_core.shell:Creating prefix util module '/home/pi/ros2_ws/install/_local_setup_util_sh.py'
[220.649s] INFO:colcon.colcon_core.shell:Creating prefix chain script '/home/pi/ros2_ws/install/setup.sh'
[220.814s] INFO:colcon.colcon_core.shell:Creating prefix script '/home/pi/ros2_ws/install/local_setup.bash'
[220.820s] INFO:colcon.colcon_core.shell:Creating prefix chain script '/home/pi/ros2_ws/install/setup.bash'
[220.984s] INFO:colcon.colcon_core.shell:Creating prefix script '/home/pi/ros2_ws/install/local_setup.zsh'
[220.992s] INFO:colcon.colcon_core.shell:Creating prefix chain script '/home/pi/ros2_ws/install/setup.zsh'
