[1.012s] Invoking command in '/home/pi/documents/STA_github/ros2_ws/src/build/mobile_robot': CMAKE_PREFIX_PATH=${CMAKE_PREFIX_PATH}:/home/pi/ros2_ws/install/ydlidar_ros2_driver:/opt/ros/iron /usr/bin/cmake --build /home/pi/documents/STA_github/ros2_ws/src/build/mobile_robot -- -j4 -l4
[1.286s] [100%] Built target mobile_robot
[1.332s] Invoked command in '/home/pi/documents/STA_github/ros2_ws/src/build/mobile_robot' returned '0': CMAKE_PREFIX_PATH=${CMAKE_PREFIX_PATH}:/home/pi/ros2_ws/install/ydlidar_ros2_driver:/opt/ros/iron /usr/bin/cmake --build /home/pi/documents/STA_github/ros2_ws/src/build/mobile_robot -- -j4 -l4
[1.508s] Invoking command in '/home/pi/documents/STA_github/ros2_ws/src/build/mobile_robot': CMAKE_PREFIX_PATH=${CMAKE_PREFIX_PATH}:/home/pi/ros2_ws/install/ydlidar_ros2_driver:/opt/ros/iron /usr/bin/cmake --install /home/pi/documents/STA_github/ros2_ws/src/build/mobile_robot
[1.538s] -- Install configuration: ""
[1.540s] -- Up-to-date: /home/pi/documents/STA_github/ros2_ws/src/install/mobile_robot/lib/mobile_robot/mobile_robot
[1.542s] -- Up-to-date: /home/pi/documents/STA_github/ros2_ws/src/install/mobile_robot/share/ament_index/resource_index/package_run_dependencies/mobile_robot
[1.543s] -- Up-to-date: /home/pi/documents/STA_github/ros2_ws/src/install/mobile_robot/share/ament_index/resource_index/parent_prefix_path/mobile_robot
[1.544s] -- Up-to-date: /home/pi/documents/STA_github/ros2_ws/src/install/mobile_robot/share/mobile_robot/environment/ament_prefix_path.sh
[1.545s] -- Up-to-date: /home/pi/documents/STA_github/ros2_ws/src/install/mobile_robot/share/mobile_robot/environment/ament_prefix_path.dsv
[1.545s] -- Up-to-date: /home/pi/documents/STA_github/ros2_ws/src/install/mobile_robot/share/mobile_robot/environment/path.sh
[1.546s] -- Up-to-date: /home/pi/documents/STA_github/ros2_ws/src/install/mobile_robot/share/mobile_robot/environment/path.dsv
[1.547s] -- Up-to-date: /home/pi/documents/STA_github/ros2_ws/src/install/mobile_robot/share/mobile_robot/local_setup.bash
[1.547s] -- Up-to-date: /home/pi/documents/STA_github/ros2_ws/src/install/mobile_robot/share/mobile_robot/local_setup.sh
[1.548s] -- Up-to-date: /home/pi/documents/STA_github/ros2_ws/src/install/mobile_robot/share/mobile_robot/local_setup.zsh
[1.548s] -- Up-to-date: /home/pi/documents/STA_github/ros2_ws/src/install/mobile_robot/share/mobile_robot/local_setup.dsv
[1.549s] -- Installing: /home/pi/documents/STA_github/ros2_ws/src/install/mobile_robot/share/mobile_robot/package.dsv
[1.549s] -- Up-to-date: /home/pi/documents/STA_github/ros2_ws/src/install/mobile_robot/share/ament_index/resource_index/packages/mobile_robot
[1.550s] -- Up-to-date: /home/pi/documents/STA_github/ros2_ws/src/install/mobile_robot/share/mobile_robot/cmake/mobile_robotConfig.cmake
[1.550s] -- Up-to-date: /home/pi/documents/STA_github/ros2_ws/src/install/mobile_robot/share/mobile_robot/cmake/mobile_robotConfig-version.cmake
[1.552s] -- Up-to-date: /home/pi/documents/STA_github/ros2_ws/src/install/mobile_robot/share/mobile_robot/package.xml
[1.558s] Invoked command in '/home/pi/documents/STA_github/ros2_ws/src/build/mobile_robot' returned '0': CMAKE_PREFIX_PATH=${CMAKE_PREFIX_PATH}:/home/pi/ros2_ws/install/ydlidar_ros2_driver:/opt/ros/iron /usr/bin/cmake --install /home/pi/documents/STA_github/ros2_ws/src/build/mobile_robot
