[0.567s] Invoking command in '/home/pi/documents/STA_github/build/ydlidar_ros2_driver': CMAKE_PREFIX_PATH=${CMAKE_PREFIX_PATH}:/home/pi/ros2_ws/install/ydlidar_ros2_driver:/opt/ros/iron /usr/bin/cmake --build /home/pi/documents/STA_github/build/ydlidar_ros2_driver -- -j4 -l4
[0.834s] [ 50%] Built target ydlidar_ros2_driver_client
[0.912s] [100%] Built target ydlidar_ros2_driver_node
[0.959s] Invoked command in '/home/pi/documents/STA_github/build/ydlidar_ros2_driver' returned '0': CMAKE_PREFIX_PATH=${CMAKE_PREFIX_PATH}:/home/pi/ros2_ws/install/ydlidar_ros2_driver:/opt/ros/iron /usr/bin/cmake --build /home/pi/documents/STA_github/build/ydlidar_ros2_driver -- -j4 -l4
[1.185s] Invoking command in '/home/pi/documents/STA_github/build/ydlidar_ros2_driver': CMAKE_PREFIX_PATH=${CMAKE_PREFIX_PATH}:/home/pi/ros2_ws/install/ydlidar_ros2_driver:/opt/ros/iron /usr/bin/cmake --install /home/pi/documents/STA_github/build/ydlidar_ros2_driver
[1.214s] -- Install configuration: ""
[1.216s] -- Up-to-date: /home/pi/documents/STA_github/install/ydlidar_ros2_driver/lib/ydlidar_ros2_driver/ydlidar_ros2_driver_node
[1.217s] -- Up-to-date: /home/pi/documents/STA_github/install/ydlidar_ros2_driver/lib/ydlidar_ros2_driver/ydlidar_ros2_driver_client
[1.219s] -- Up-to-date: /home/pi/documents/STA_github/install/ydlidar_ros2_driver/share/ydlidar_ros2_driver/launch
[1.220s] -- Up-to-date: /home/pi/documents/STA_github/install/ydlidar_ros2_driver/share/ydlidar_ros2_driver/launch/ydlidar_launch_view.py
[1.221s] -- Up-to-date: /home/pi/documents/STA_github/install/ydlidar_ros2_driver/share/ydlidar_ros2_driver/launch/ydlidar_launch_mod.py
[1.222s] -- Up-to-date: /home/pi/documents/STA_github/install/ydlidar_ros2_driver/share/ydlidar_ros2_driver/launch/ydlidar.py
[1.223s] -- Up-to-date: /home/pi/documents/STA_github/install/ydlidar_ros2_driver/share/ydlidar_ros2_driver/launch/__pycache__
[1.224s] -- Up-to-date: /home/pi/documents/STA_github/install/ydlidar_ros2_driver/share/ydlidar_ros2_driver/launch/__pycache__/ydlidar_launch_mod.cpython-310.pyc
[1.225s] -- Up-to-date: /home/pi/documents/STA_github/install/ydlidar_ros2_driver/share/ydlidar_ros2_driver/launch/__pycache__/ydlidar_launch.cpython-310.pyc
[1.225s] -- Up-to-date: /home/pi/documents/STA_github/install/ydlidar_ros2_driver/share/ydlidar_ros2_driver/launch/ydlidar_launch.py
[1.227s] -- Up-to-date: /home/pi/documents/STA_github/install/ydlidar_ros2_driver/share/ydlidar_ros2_driver/params
[1.228s] -- Up-to-date: /home/pi/documents/STA_github/install/ydlidar_ros2_driver/share/ydlidar_ros2_driver/params/build
[1.229s] -- Up-to-date: /home/pi/documents/STA_github/install/ydlidar_ros2_driver/share/ydlidar_ros2_driver/params/build/COLCON_IGNORE
[1.230s] -- Up-to-date: /home/pi/documents/STA_github/install/ydlidar_ros2_driver/share/ydlidar_ros2_driver/params/build/.built_by
[1.231s] -- Up-to-date: /home/pi/documents/STA_github/install/ydlidar_ros2_driver/share/ydlidar_ros2_driver/params/install
[1.232s] -- Up-to-date: /home/pi/documents/STA_github/install/ydlidar_ros2_driver/share/ydlidar_ros2_driver/params/install/COLCON_IGNORE
[1.238s] -- Up-to-date: /home/pi/documents/STA_github/install/ydlidar_ros2_driver/share/ydlidar_ros2_driver/params/install/local_setup.ps1
[1.239s] -- Up-to-date: /home/pi/documents/STA_github/install/ydlidar_ros2_driver/share/ydlidar_ros2_driver/params/install/.colcon_install_layout
[1.243s] -- Up-to-date: /home/pi/documents/STA_github/install/ydlidar_ros2_driver/share/ydlidar_ros2_driver/params/install/_local_setup_util_sh.py
[1.243s] -- Up-to-date: /home/pi/documents/STA_github/install/ydlidar_ros2_driver/share/ydlidar_ros2_driver/params/install/setup.zsh
[1.244s] -- Up-to-date: /home/pi/documents/STA_github/install/ydlidar_ros2_driver/share/ydlidar_ros2_driver/params/install/local_setup.bash
[1.246s] -- Up-to-date: /home/pi/documents/STA_github/install/ydlidar_ros2_driver/share/ydlidar_ros2_driver/params/install/local_setup.zsh
[1.249s] -- Up-to-date: /home/pi/documents/STA_github/install/ydlidar_ros2_driver/share/ydlidar_ros2_driver/params/install/_local_setup_util_ps1.py
[1.250s] -- Up-to-date: /home/pi/documents/STA_github/install/ydlidar_ros2_driver/share/ydlidar_ros2_driver/params/install/local_setup.sh
[1.252s] -- Up-to-date: /home/pi/documents/STA_github/install/ydlidar_ros2_driver/share/ydlidar_ros2_driver/params/install/setup.bash
[1.254s] -- Up-to-date: /home/pi/documents/STA_github/install/ydlidar_ros2_driver/share/ydlidar_ros2_driver/params/install/setup.ps1
[1.255s] -- Up-to-date: /home/pi/documents/STA_github/install/ydlidar_ros2_driver/share/ydlidar_ros2_driver/params/install/setup.sh
[1.258s] -- Up-to-date: /home/pi/documents/STA_github/install/ydlidar_ros2_driver/share/ydlidar_ros2_driver/params/log
[1.259s] -- Up-to-date: /home/pi/documents/STA_github/install/ydlidar_ros2_driver/share/ydlidar_ros2_driver/params/log/COLCON_IGNORE
[1.261s] -- Up-to-date: /home/pi/documents/STA_github/install/ydlidar_ros2_driver/share/ydlidar_ros2_driver/params/log/latest_build
[1.263s] -- Up-to-date: /home/pi/documents/STA_github/install/ydlidar_ros2_driver/share/ydlidar_ros2_driver/params/log/latest
[1.264s] -- Up-to-date: /home/pi/documents/STA_github/install/ydlidar_ros2_driver/share/ydlidar_ros2_driver/params/log/build_2023-11-07_06-29-43
[1.268s] -- Up-to-date: /home/pi/documents/STA_github/install/ydlidar_ros2_driver/share/ydlidar_ros2_driver/params/log/build_2023-11-07_06-29-43/events.log
[1.269s] -- Up-to-date: /home/pi/documents/STA_github/install/ydlidar_ros2_driver/share/ydlidar_ros2_driver/params/log/build_2023-11-07_06-29-43/logger_all.log
[1.271s] -- Up-to-date: /home/pi/documents/STA_github/install/ydlidar_ros2_driver/share/ydlidar_ros2_driver/params/ydlidar.yaml
[1.272s] -- Up-to-date: /home/pi/documents/STA_github/install/ydlidar_ros2_driver/share/ydlidar_ros2_driver/startup
[1.273s] -- Up-to-date: /home/pi/documents/STA_github/install/ydlidar_ros2_driver/share/ydlidar_ros2_driver/startup/initenv.sh
[1.275s] -- Up-to-date: /home/pi/documents/STA_github/install/ydlidar_ros2_driver/share/ydlidar_ros2_driver/config
[1.275s] -- Up-to-date: /home/pi/documents/STA_github/install/ydlidar_ros2_driver/share/ydlidar_ros2_driver/config/ydlidar.rviz
[1.276s] -- Up-to-date: /home/pi/documents/STA_github/install/ydlidar_ros2_driver/share/ament_index/resource_index/package_run_dependencies/ydlidar_ros2_driver
[1.277s] -- Up-to-date: /home/pi/documents/STA_github/install/ydlidar_ros2_driver/share/ament_index/resource_index/parent_prefix_path/ydlidar_ros2_driver
[1.278s] -- Up-to-date: /home/pi/documents/STA_github/install/ydlidar_ros2_driver/share/ydlidar_ros2_driver/environment/ament_prefix_path.sh
[1.282s] -- Up-to-date: /home/pi/documents/STA_github/install/ydlidar_ros2_driver/share/ydlidar_ros2_driver/environment/ament_prefix_path.dsv
[1.283s] -- Up-to-date: /home/pi/documents/STA_github/install/ydlidar_ros2_driver/share/ydlidar_ros2_driver/environment/path.sh
[1.284s] -- Up-to-date: /home/pi/documents/STA_github/install/ydlidar_ros2_driver/share/ydlidar_ros2_driver/environment/path.dsv
[1.285s] -- Up-to-date: /home/pi/documents/STA_github/install/ydlidar_ros2_driver/share/ydlidar_ros2_driver/local_setup.bash
[1.285s] -- Up-to-date: /home/pi/documents/STA_github/install/ydlidar_ros2_driver/share/ydlidar_ros2_driver/local_setup.sh
[1.286s] -- Up-to-date: /home/pi/documents/STA_github/install/ydlidar_ros2_driver/share/ydlidar_ros2_driver/local_setup.zsh
[1.287s] -- Up-to-date: /home/pi/documents/STA_github/install/ydlidar_ros2_driver/share/ydlidar_ros2_driver/local_setup.dsv
[1.288s] -- Installing: /home/pi/documents/STA_github/install/ydlidar_ros2_driver/share/ydlidar_ros2_driver/package.dsv
[1.289s] -- Up-to-date: /home/pi/documents/STA_github/install/ydlidar_ros2_driver/share/ament_index/resource_index/packages/ydlidar_ros2_driver
[1.291s] -- Up-to-date: /home/pi/documents/STA_github/install/ydlidar_ros2_driver/share/ydlidar_ros2_driver/cmake/ydlidar_ros2_driverConfig.cmake
[1.292s] -- Up-to-date: /home/pi/documents/STA_github/install/ydlidar_ros2_driver/share/ydlidar_ros2_driver/cmake/ydlidar_ros2_driverConfig-version.cmake
[1.293s] -- Up-to-date: /home/pi/documents/STA_github/install/ydlidar_ros2_driver/share/ydlidar_ros2_driver/package.xml
[1.296s] Invoked command in '/home/pi/documents/STA_github/build/ydlidar_ros2_driver' returned '0': CMAKE_PREFIX_PATH=${CMAKE_PREFIX_PATH}:/home/pi/ros2_ws/install/ydlidar_ros2_driver:/opt/ros/iron /usr/bin/cmake --install /home/pi/documents/STA_github/build/ydlidar_ros2_driver
