[1.279s] Invoking command in '/home/pi/documents/STA_github/ros2_ws/build/shark': CMAKE_PREFIX_PATH=${CMAKE_PREFIX_PATH}:/home/pi/ros2_ws/install/ydlidar_ros2_driver:/opt/ros/iron /usr/bin/cmake --build /home/pi/documents/STA_github/ros2_ws/build/shark -- -j4 -l4
[1.516s] [35m[1mConsolidate compiler generated dependencies of target shark[0m
[1.688s] [ 50%] [32mBuilding CXX object CMakeFiles/shark.dir/src/shark.cpp.o[0m
[36.270s] [100%] [32m[1mLinking CXX executable shark[0m
[38.470s] [100%] Built target shark
[38.535s] Invoked command in '/home/pi/documents/STA_github/ros2_ws/build/shark' returned '0': CMAKE_PREFIX_PATH=${CMAKE_PREFIX_PATH}:/home/pi/ros2_ws/install/ydlidar_ros2_driver:/opt/ros/iron /usr/bin/cmake --build /home/pi/documents/STA_github/ros2_ws/build/shark -- -j4 -l4
[38.692s] Invoking command in '/home/pi/documents/STA_github/ros2_ws/build/shark': CMAKE_PREFIX_PATH=${CMAKE_PREFIX_PATH}:/home/pi/ros2_ws/install/ydlidar_ros2_driver:/opt/ros/iron /usr/bin/cmake --install /home/pi/documents/STA_github/ros2_ws/build/shark
[38.720s] -- Install configuration: ""
[38.722s] -- Installing: /home/pi/documents/STA_github/ros2_ws/install/shark/lib/shark/shark
[38.762s] -- Set runtime path of "/home/pi/documents/STA_github/ros2_ws/install/shark/lib/shark/shark" to ""
[38.763s] -- Up-to-date: /home/pi/documents/STA_github/ros2_ws/install/shark/share/ament_index/resource_index/package_run_dependencies/shark
[38.765s] -- Up-to-date: /home/pi/documents/STA_github/ros2_ws/install/shark/share/ament_index/resource_index/parent_prefix_path/shark
[38.765s] -- Up-to-date: /home/pi/documents/STA_github/ros2_ws/install/shark/share/shark/environment/ament_prefix_path.sh
[38.766s] -- Up-to-date: /home/pi/documents/STA_github/ros2_ws/install/shark/share/shark/environment/ament_prefix_path.dsv
[38.767s] -- Up-to-date: /home/pi/documents/STA_github/ros2_ws/install/shark/share/shark/environment/path.sh
[38.768s] -- Up-to-date: /home/pi/documents/STA_github/ros2_ws/install/shark/share/shark/environment/path.dsv
[38.769s] -- Up-to-date: /home/pi/documents/STA_github/ros2_ws/install/shark/share/shark/local_setup.bash
[38.770s] -- Up-to-date: /home/pi/documents/STA_github/ros2_ws/install/shark/share/shark/local_setup.sh
[38.772s] -- Up-to-date: /home/pi/documents/STA_github/ros2_ws/install/shark/share/shark/local_setup.zsh
[38.773s] -- Up-to-date: /home/pi/documents/STA_github/ros2_ws/install/shark/share/shark/local_setup.dsv
[38.775s] -- Installing: /home/pi/documents/STA_github/ros2_ws/install/shark/share/shark/package.dsv
[38.777s] -- Up-to-date: /home/pi/documents/STA_github/ros2_ws/install/shark/share/ament_index/resource_index/packages/shark
[38.779s] -- Up-to-date: /home/pi/documents/STA_github/ros2_ws/install/shark/share/shark/cmake/sharkConfig.cmake
[38.780s] -- Up-to-date: /home/pi/documents/STA_github/ros2_ws/install/shark/share/shark/cmake/sharkConfig-version.cmake
[38.782s] -- Up-to-date: /home/pi/documents/STA_github/ros2_ws/install/shark/share/shark/package.xml
[38.783s] Invoked command in '/home/pi/documents/STA_github/ros2_ws/build/shark' returned '0': CMAKE_PREFIX_PATH=${CMAKE_PREFIX_PATH}:/home/pi/ros2_ws/install/ydlidar_ros2_driver:/opt/ros/iron /usr/bin/cmake --install /home/pi/documents/STA_github/ros2_ws/build/shark
