[0.757s] Invoking command in '/home/pi/documents/STA_github/build/mobile_robot': CMAKE_PREFIX_PATH=${CMAKE_PREFIX_PATH}:/opt/ros/iron /usr/bin/cmake /home/pi/documents/STA_github/ros2_ws/src/mobile_robot -DCMAKE_INSTALL_PREFIX=/home/pi/documents/STA_github/install/mobile_robot
[1.649s] -- The C compiler identification is GNU 11.4.0
[2.441s] -- The CXX compiler identification is GNU 11.4.0
[2.479s] -- Detecting C compiler ABI info
[2.873s] -- Detecting C compiler ABI info - done
[2.907s] -- Check for working C compiler: /usr/bin/cc - skipped
[2.909s] -- Detecting C compile features
[2.912s] -- Detecting C compile features - done
[2.937s] -- Detecting CXX compiler ABI info
[3.392s] -- Detecting CXX compiler ABI info - done
[3.422s] -- Check for working CXX compiler: /usr/bin/c++ - skipped
[3.422s] -- Detecting CXX compile features
[3.424s] -- Detecting CXX compile features - done
[3.456s] -- Found ament_cmake: 2.0.3 (/opt/ros/iron/share/ament_cmake/cmake)
[4.741s] -- Found Python3: /usr/bin/python3.10 (found version "3.10.12") found components: Interpreter 
[5.659s] -- Found rclcpp: 21.0.3 (/opt/ros/iron/share/rclcpp/cmake)
[6.093s] -- Found rosidl_generator_c: 4.0.1 (/opt/ros/iron/share/rosidl_generator_c/cmake)
[6.199s] -- Found rosidl_generator_cpp: 4.0.1 (/opt/ros/iron/share/rosidl_generator_cpp/cmake)
[6.327s] -- Using all available rosidl_typesupport_c: rosidl_typesupport_fastrtps_c;rosidl_typesupport_introspection_c
[6.474s] -- Using all available rosidl_typesupport_cpp: rosidl_typesupport_fastrtps_cpp;rosidl_typesupport_introspection_cpp
[7.374s] -- Found rmw_implementation_cmake: 7.1.0 (/opt/ros/iron/share/rmw_implementation_cmake/cmake)
[7.404s] -- Found rmw_fastrtps_cpp: 7.1.1 (/opt/ros/iron/share/rmw_fastrtps_cpp/cmake)
[8.147s] -- Found OpenSSL: /usr/lib/aarch64-linux-gnu/libcrypto.so (found version "3.0.2")  
[8.424s] -- Found FastRTPS: /opt/ros/iron/include  
[8.903s] -- Using RMW implementation 'rmw_fastrtps_cpp' as default
[9.786s] -- Found std_msgs: 5.0.0 (/opt/ros/iron/share/std_msgs/cmake)
[9.959s] -- Found nav_msgs: 5.0.0 (/opt/ros/iron/share/nav_msgs/cmake)
[10.745s] -- Found tf2_ros: 0.31.5 (/opt/ros/iron/share/tf2_ros/cmake)
[13.159s] -- Found ament_lint_auto: 0.14.2 (/opt/ros/iron/share/ament_lint_auto/cmake)
[13.701s] -- Added test 'cppcheck' to perform static code analysis on C / C++ code
[13.702s] -- Configured cppcheck include dirs: 
[13.702s] -- Configured cppcheck exclude dirs and/or files: 
[13.706s] -- Added test 'lint_cmake' to check CMake code style
[13.712s] -- Added test 'uncrustify' to check C / C++ code style
[13.713s] -- Configured uncrustify additional arguments: 
[13.714s] -- Added test 'xmllint' to check XML markup files
[13.723s] -- Configuring done
[13.814s] -- Generating done
[13.823s] -- Build files have been written to: /home/pi/documents/STA_github/build/mobile_robot
[13.877s] Invoked command in '/home/pi/documents/STA_github/build/mobile_robot' returned '0': CMAKE_PREFIX_PATH=${CMAKE_PREFIX_PATH}:/opt/ros/iron /usr/bin/cmake /home/pi/documents/STA_github/ros2_ws/src/mobile_robot -DCMAKE_INSTALL_PREFIX=/home/pi/documents/STA_github/install/mobile_robot
[13.884s] Invoking command in '/home/pi/documents/STA_github/build/mobile_robot': CMAKE_PREFIX_PATH=${CMAKE_PREFIX_PATH}:/opt/ros/iron /usr/bin/cmake --build /home/pi/documents/STA_github/build/mobile_robot -- -j4 -l4
[14.266s] [ 50%] [32mBuilding CXX object CMakeFiles/mobile_robot.dir/src/main.cpp.o[0m
[35.893s] In file included from [01m[K/opt/ros/iron/include/rclcpp/rclcpp/logging.hpp:24[m[K,
[35.894s]                  from [01m[K/opt/ros/iron/include/rclcpp/rclcpp/client.hpp:43[m[K,
[35.895s]                  from [01m[K/opt/ros/iron/include/rclcpp/rclcpp/callback_group.hpp:24[m[K,
[35.895s]                  from [01m[K/opt/ros/iron/include/rclcpp/rclcpp/any_executable.hpp:20[m[K,
[35.896s]                  from [01m[K/opt/ros/iron/include/rclcpp/rclcpp/memory_strategy.hpp:25[m[K,
[35.897s]                  from [01m[K/opt/ros/iron/include/rclcpp/rclcpp/memory_strategies.hpp:18[m[K,
[35.897s]                  from [01m[K/opt/ros/iron/include/rclcpp/rclcpp/executor_options.hpp:20[m[K,
[35.898s]                  from [01m[K/opt/ros/iron/include/rclcpp/rclcpp/executor.hpp:37[m[K,
[35.899s]                  from [01m[K/opt/ros/iron/include/rclcpp/rclcpp/executors/multi_threaded_executor.hpp:25[m[K,
[35.900s]                  from [01m[K/opt/ros/iron/include/rclcpp/rclcpp/executors.hpp:21[m[K,
[35.900s]                  from [01m[K/opt/ros/iron/include/rclcpp/rclcpp/rclcpp.hpp:167[m[K,
[35.901s]                  from [01m[K/home/pi/documents/STA_github/ros2_ws/src/mobile_robot/src/main.cpp:8[m[K:
[35.901s] [01m[K/home/pi/documents/STA_github/ros2_ws/src/mobile_robot/src/main.cpp:[m[K In function ‘[01m[Kint main(int, char**)[m[K’:
[35.902s] [01m[K/home/pi/documents/STA_github/ros2_ws/src/mobile_robot/src/main.cpp:126:41:[m[K [01;35m[Kwarning: [m[Kformat not a string literal and no format arguments [[01;35m[K]8;;https://gcc.gnu.org/onlinedocs/gcc/Warning-Options.html#index-Wformat-security-Wformat-security]8;;[m[K]
[35.903s]   126 |         RCLCPP_INFO(node->get_logger(), [01;35m[Kbuffer[m[K);
[35.904s]       |                                         [01;35m[K^~~~~~[m[K
[66.295s] [100%] [32m[1mLinking CXX executable mobile_robot[0m
[68.929s] [100%] Built target mobile_robot
[68.971s] Invoked command in '/home/pi/documents/STA_github/build/mobile_robot' returned '0': CMAKE_PREFIX_PATH=${CMAKE_PREFIX_PATH}:/opt/ros/iron /usr/bin/cmake --build /home/pi/documents/STA_github/build/mobile_robot -- -j4 -l4
[69.121s] Invoking command in '/home/pi/documents/STA_github/build/mobile_robot': CMAKE_PREFIX_PATH=${CMAKE_PREFIX_PATH}:/opt/ros/iron /usr/bin/cmake --install /home/pi/documents/STA_github/build/mobile_robot
[69.151s] -- Install configuration: ""
[69.152s] -- Installing: /home/pi/documents/STA_github/install/mobile_robot/lib/mobile_robot/mobile_robot
[69.192s] -- Set runtime path of "/home/pi/documents/STA_github/install/mobile_robot/lib/mobile_robot/mobile_robot" to ""
[69.192s] -- Installing: /home/pi/documents/STA_github/install/mobile_robot/share/ament_index/resource_index/package_run_dependencies/mobile_robot
[69.194s] -- Installing: /home/pi/documents/STA_github/install/mobile_robot/share/ament_index/resource_index/parent_prefix_path/mobile_robot
[69.196s] -- Installing: /home/pi/documents/STA_github/install/mobile_robot/share/mobile_robot/environment/ament_prefix_path.sh
[69.198s] -- Installing: /home/pi/documents/STA_github/install/mobile_robot/share/mobile_robot/environment/ament_prefix_path.dsv
[69.199s] -- Installing: /home/pi/documents/STA_github/install/mobile_robot/share/mobile_robot/environment/path.sh
[69.200s] -- Installing: /home/pi/documents/STA_github/install/mobile_robot/share/mobile_robot/environment/path.dsv
[69.202s] -- Installing: /home/pi/documents/STA_github/install/mobile_robot/share/mobile_robot/local_setup.bash
[69.203s] -- Installing: /home/pi/documents/STA_github/install/mobile_robot/share/mobile_robot/local_setup.sh
[69.204s] -- Installing: /home/pi/documents/STA_github/install/mobile_robot/share/mobile_robot/local_setup.zsh
[69.206s] -- Installing: /home/pi/documents/STA_github/install/mobile_robot/share/mobile_robot/local_setup.dsv
[69.207s] -- Installing: /home/pi/documents/STA_github/install/mobile_robot/share/mobile_robot/package.dsv
[69.209s] -- Installing: /home/pi/documents/STA_github/install/mobile_robot/share/ament_index/resource_index/packages/mobile_robot
[69.210s] -- Installing: /home/pi/documents/STA_github/install/mobile_robot/share/mobile_robot/cmake/mobile_robotConfig.cmake
[69.212s] -- Installing: /home/pi/documents/STA_github/install/mobile_robot/share/mobile_robot/cmake/mobile_robotConfig-version.cmake
[69.213s] -- Installing: /home/pi/documents/STA_github/install/mobile_robot/share/mobile_robot/package.xml
[69.221s] Invoked command in '/home/pi/documents/STA_github/build/mobile_robot' returned '0': CMAKE_PREFIX_PATH=${CMAKE_PREFIX_PATH}:/opt/ros/iron /usr/bin/cmake --install /home/pi/documents/STA_github/build/mobile_robot
