[0.573s] Invoking command in '/home/pi/documents/STA_github/build/ydlidar_ros2_driver': CMAKE_PREFIX_PATH=${CMAKE_PREFIX_PATH}:/home/pi/ros2_ws/install/ydlidar_ros2_driver:/opt/ros/iron /usr/bin/cmake --build /home/pi/documents/STA_github/build/ydlidar_ros2_driver -- -j4 -l4
[0.906s] [ 50%] Built target ydlidar_ros2_driver_node
[0.917s] [100%] Built target ydlidar_ros2_driver_client
[0.970s] Invoked command in '/home/pi/documents/STA_github/build/ydlidar_ros2_driver' returned '0': CMAKE_PREFIX_PATH=${CMAKE_PREFIX_PATH}:/home/pi/ros2_ws/install/ydlidar_ros2_driver:/opt/ros/iron /usr/bin/cmake --build /home/pi/documents/STA_github/build/ydlidar_ros2_driver -- -j4 -l4
[1.163s] Invoking command in '/home/pi/documents/STA_github/build/ydlidar_ros2_driver': CMAKE_PREFIX_PATH=${CMAKE_PREFIX_PATH}:/home/pi/ros2_ws/install/ydlidar_ros2_driver:/opt/ros/iron /usr/bin/cmake --install /home/pi/documents/STA_github/build/ydlidar_ros2_driver
[1.198s] -- Install configuration: ""
[1.199s] -- Up-to-date: /home/pi/documents/STA_github/install/ydlidar_ros2_driver/lib/ydlidar_ros2_driver/ydlidar_ros2_driver_node
[1.202s] -- Up-to-date: /home/pi/documents/STA_github/install/ydlidar_ros2_driver/lib/ydlidar_ros2_driver/ydlidar_ros2_driver_client
[1.203s] -- Up-to-date: /home/pi/documents/STA_github/install/ydlidar_ros2_driver/share/ydlidar_ros2_driver/launch
[1.207s] -- Up-to-date: /home/pi/documents/STA_github/install/ydlidar_ros2_driver/share/ydlidar_ros2_driver/launch/ydlidar_launch_view.py
[1.207s] -- Up-to-date: /home/pi/documents/STA_github/install/ydlidar_ros2_driver/share/ydlidar_ros2_driver/launch/ydlidar_launch_mod.py
[1.210s] -- Up-to-date: /home/pi/documents/STA_github/install/ydlidar_ros2_driver/share/ydlidar_ros2_driver/launch/ydlidar.py
[1.216s] -- Up-to-date: /home/pi/documents/STA_github/install/ydlidar_ros2_driver/share/ydlidar_ros2_driver/launch/__pycache__
[1.224s] -- Up-to-date: /home/pi/documents/STA_github/install/ydlidar_ros2_driver/share/ydlidar_ros2_driver/launch/__pycache__/ydlidar_launch_mod.cpython-310.pyc
[1.229s] -- Up-to-date: /home/pi/documents/STA_github/install/ydlidar_ros2_driver/share/ydlidar_ros2_driver/launch/__pycache__/ydlidar_launch.cpython-310.pyc
[1.233s] -- Up-to-date: /home/pi/documents/STA_github/install/ydlidar_ros2_driver/share/ydlidar_ros2_driver/launch/ydlidar_launch.py
[1.248s] -- Up-to-date: /home/pi/documents/STA_github/install/ydlidar_ros2_driver/share/ydlidar_ros2_driver/params
[1.249s] -- Up-to-date: /home/pi/documents/STA_github/install/ydlidar_ros2_driver/share/ydlidar_ros2_driver/params/build
[1.249s] -- Up-to-date: /home/pi/documents/STA_github/install/ydlidar_ros2_driver/share/ydlidar_ros2_driver/params/build/COLCON_IGNORE
[1.249s] -- Up-to-date: /home/pi/documents/STA_github/install/ydlidar_ros2_driver/share/ydlidar_ros2_driver/params/build/.built_by
[1.250s] -- Up-to-date: /home/pi/documents/STA_github/install/ydlidar_ros2_driver/share/ydlidar_ros2_driver/params/install
[1.250s] -- Up-to-date: /home/pi/documents/STA_github/install/ydlidar_ros2_driver/share/ydlidar_ros2_driver/params/install/COLCON_IGNORE
[1.250s] -- Up-to-date: /home/pi/documents/STA_github/install/ydlidar_ros2_driver/share/ydlidar_ros2_driver/params/install/local_setup.ps1
[1.251s] -- Up-to-date: /home/pi/documents/STA_github/install/ydlidar_ros2_driver/share/ydlidar_ros2_driver/params/install/.colcon_install_layout
[1.251s] -- Up-to-date: /home/pi/documents/STA_github/install/ydlidar_ros2_driver/share/ydlidar_ros2_driver/params/install/_local_setup_util_sh.py
[1.251s] -- Up-to-date: /home/pi/documents/STA_github/install/ydlidar_ros2_driver/share/ydlidar_ros2_driver/params/install/setup.zsh
[1.252s] -- Up-to-date: /home/pi/documents/STA_github/install/ydlidar_ros2_driver/share/ydlidar_ros2_driver/params/install/local_setup.bash
[1.252s] -- Up-to-date: /home/pi/documents/STA_github/install/ydlidar_ros2_driver/share/ydlidar_ros2_driver/params/install/local_setup.zsh
[1.252s] -- Up-to-date: /home/pi/documents/STA_github/install/ydlidar_ros2_driver/share/ydlidar_ros2_driver/params/install/_local_setup_util_ps1.py
[1.253s] -- Up-to-date: /home/pi/documents/STA_github/install/ydlidar_ros2_driver/share/ydlidar_ros2_driver/params/install/local_setup.sh
[1.253s] -- Up-to-date: /home/pi/documents/STA_github/install/ydlidar_ros2_driver/share/ydlidar_ros2_driver/params/install/setup.bash
[1.253s] -- Up-to-date: /home/pi/documents/STA_github/install/ydlidar_ros2_driver/share/ydlidar_ros2_driver/params/install/setup.ps1
[1.254s] -- Up-to-date: /home/pi/documents/STA_github/install/ydlidar_ros2_driver/share/ydlidar_ros2_driver/params/install/setup.sh
[1.254s] -- Up-to-date: /home/pi/documents/STA_github/install/ydlidar_ros2_driver/share/ydlidar_ros2_driver/params/log
[1.254s] -- Up-to-date: /home/pi/documents/STA_github/install/ydlidar_ros2_driver/share/ydlidar_ros2_driver/params/log/COLCON_IGNORE
[1.255s] -- Up-to-date: /home/pi/documents/STA_github/install/ydlidar_ros2_driver/share/ydlidar_ros2_driver/params/log/latest_build
[1.255s] -- Up-to-date: /home/pi/documents/STA_github/install/ydlidar_ros2_driver/share/ydlidar_ros2_driver/params/log/latest
[1.255s] -- Up-to-date: /home/pi/documents/STA_github/install/ydlidar_ros2_driver/share/ydlidar_ros2_driver/params/log/build_2023-11-07_06-29-43
[1.256s] -- Up-to-date: /home/pi/documents/STA_github/install/ydlidar_ros2_driver/share/ydlidar_ros2_driver/params/log/build_2023-11-07_06-29-43/events.log
[1.257s] -- Up-to-date: /home/pi/documents/STA_github/install/ydlidar_ros2_driver/share/ydlidar_ros2_driver/params/log/build_2023-11-07_06-29-43/logger_all.log
[1.257s] -- Up-to-date: /home/pi/documents/STA_github/install/ydlidar_ros2_driver/share/ydlidar_ros2_driver/params/ydlidar.yaml
[1.257s] -- Up-to-date: /home/pi/documents/STA_github/install/ydlidar_ros2_driver/share/ydlidar_ros2_driver/startup
[1.257s] -- Up-to-date: /home/pi/documents/STA_github/install/ydlidar_ros2_driver/share/ydlidar_ros2_driver/startup/initenv.sh
[1.258s] -- Up-to-date: /home/pi/documents/STA_github/install/ydlidar_ros2_driver/share/ydlidar_ros2_driver/config
[1.258s] -- Up-to-date: /home/pi/documents/STA_github/install/ydlidar_ros2_driver/share/ydlidar_ros2_driver/config/ydlidar.rviz
[1.258s] -- Up-to-date: /home/pi/documents/STA_github/install/ydlidar_ros2_driver/share/ament_index/resource_index/package_run_dependencies/ydlidar_ros2_driver
[1.259s] -- Up-to-date: /home/pi/documents/STA_github/install/ydlidar_ros2_driver/share/ament_index/resource_index/parent_prefix_path/ydlidar_ros2_driver
[1.259s] -- Up-to-date: /home/pi/documents/STA_github/install/ydlidar_ros2_driver/share/ydlidar_ros2_driver/environment/ament_prefix_path.sh
[1.259s] -- Up-to-date: /home/pi/documents/STA_github/install/ydlidar_ros2_driver/share/ydlidar_ros2_driver/environment/ament_prefix_path.dsv
[1.260s] -- Up-to-date: /home/pi/documents/STA_github/install/ydlidar_ros2_driver/share/ydlidar_ros2_driver/environment/path.sh
[1.262s] -- Up-to-date: /home/pi/documents/STA_github/install/ydlidar_ros2_driver/share/ydlidar_ros2_driver/environment/path.dsv
[1.263s] -- Up-to-date: /home/pi/documents/STA_github/install/ydlidar_ros2_driver/share/ydlidar_ros2_driver/local_setup.bash
[1.264s] -- Up-to-date: /home/pi/documents/STA_github/install/ydlidar_ros2_driver/share/ydlidar_ros2_driver/local_setup.sh
[1.265s] -- Up-to-date: /home/pi/documents/STA_github/install/ydlidar_ros2_driver/share/ydlidar_ros2_driver/local_setup.zsh
[1.269s] -- Up-to-date: /home/pi/documents/STA_github/install/ydlidar_ros2_driver/share/ydlidar_ros2_driver/local_setup.dsv
[1.269s] -- Installing: /home/pi/documents/STA_github/install/ydlidar_ros2_driver/share/ydlidar_ros2_driver/package.dsv
[1.270s] -- Up-to-date: /home/pi/documents/STA_github/install/ydlidar_ros2_driver/share/ament_index/resource_index/packages/ydlidar_ros2_driver
[1.271s] -- Up-to-date: /home/pi/documents/STA_github/install/ydlidar_ros2_driver/share/ydlidar_ros2_driver/cmake/ydlidar_ros2_driverConfig.cmake
[1.271s] -- Up-to-date: /home/pi/documents/STA_github/install/ydlidar_ros2_driver/share/ydlidar_ros2_driver/cmake/ydlidar_ros2_driverConfig-version.cmake
[1.278s] -- Up-to-date: /home/pi/documents/STA_github/install/ydlidar_ros2_driver/share/ydlidar_ros2_driver/package.xml
[1.281s] Invoked command in '/home/pi/documents/STA_github/build/ydlidar_ros2_driver' returned '0': CMAKE_PREFIX_PATH=${CMAKE_PREFIX_PATH}:/home/pi/ros2_ws/install/ydlidar_ros2_driver:/opt/ros/iron /usr/bin/cmake --install /home/pi/documents/STA_github/build/ydlidar_ros2_driver
