[1.349s] Invoking command in '/home/pi/documents/STA_github/ros2_ws/build/mobile_robot': CMAKE_PREFIX_PATH=${CMAKE_PREFIX_PATH}:/home/pi/ros2_ws/install/ydlidar_ros2_driver:/opt/ros/iron /usr/bin/cmake --build /home/pi/documents/STA_github/ros2_ws/build/mobile_robot -- -j4 -l4
[1.744s] [100%] Built target mobile_robot
[1.797s] Invoked command in '/home/pi/documents/STA_github/ros2_ws/build/mobile_robot' returned '0': CMAKE_PREFIX_PATH=${CMAKE_PREFIX_PATH}:/home/pi/ros2_ws/install/ydlidar_ros2_driver:/opt/ros/iron /usr/bin/cmake --build /home/pi/documents/STA_github/ros2_ws/build/mobile_robot -- -j4 -l4
[2.023s] Invoking command in '/home/pi/documents/STA_github/ros2_ws/build/mobile_robot': CMAKE_PREFIX_PATH=${CMAKE_PREFIX_PATH}:/home/pi/ros2_ws/install/ydlidar_ros2_driver:/opt/ros/iron /usr/bin/cmake --install /home/pi/documents/STA_github/ros2_ws/build/mobile_robot
[2.053s] -- Install configuration: ""
[2.054s] -- Up-to-date: /home/pi/documents/STA_github/ros2_ws/install/mobile_robot/lib/mobile_robot/mobile_robot
[2.057s] -- Up-to-date: /home/pi/documents/STA_github/ros2_ws/install/mobile_robot/share/ament_index/resource_index/package_run_dependencies/mobile_robot
[2.057s] -- Up-to-date: /home/pi/documents/STA_github/ros2_ws/install/mobile_robot/share/ament_index/resource_index/parent_prefix_path/mobile_robot
[2.058s] -- Up-to-date: /home/pi/documents/STA_github/ros2_ws/install/mobile_robot/share/mobile_robot/environment/ament_prefix_path.sh
[2.059s] -- Up-to-date: /home/pi/documents/STA_github/ros2_ws/install/mobile_robot/share/mobile_robot/environment/ament_prefix_path.dsv
[2.060s] -- Up-to-date: /home/pi/documents/STA_github/ros2_ws/install/mobile_robot/share/mobile_robot/environment/path.sh
[2.060s] -- Up-to-date: /home/pi/documents/STA_github/ros2_ws/install/mobile_robot/share/mobile_robot/environment/path.dsv
[2.061s] -- Up-to-date: /home/pi/documents/STA_github/ros2_ws/install/mobile_robot/share/mobile_robot/local_setup.bash
[2.061s] -- Up-to-date: /home/pi/documents/STA_github/ros2_ws/install/mobile_robot/share/mobile_robot/local_setup.sh
[2.062s] -- Up-to-date: /home/pi/documents/STA_github/ros2_ws/install/mobile_robot/share/mobile_robot/local_setup.zsh
[2.063s] -- Up-to-date: /home/pi/documents/STA_github/ros2_ws/install/mobile_robot/share/mobile_robot/local_setup.dsv
[2.067s] -- Installing: /home/pi/documents/STA_github/ros2_ws/install/mobile_robot/share/mobile_robot/package.dsv
[2.068s] -- Up-to-date: /home/pi/documents/STA_github/ros2_ws/install/mobile_robot/share/ament_index/resource_index/packages/mobile_robot
[2.069s] -- Up-to-date: /home/pi/documents/STA_github/ros2_ws/install/mobile_robot/share/mobile_robot/cmake/mobile_robotConfig.cmake
[2.069s] -- Up-to-date: /home/pi/documents/STA_github/ros2_ws/install/mobile_robot/share/mobile_robot/cmake/mobile_robotConfig-version.cmake
[2.070s] -- Up-to-date: /home/pi/documents/STA_github/ros2_ws/install/mobile_robot/share/mobile_robot/package.xml
[2.078s] Invoked command in '/home/pi/documents/STA_github/ros2_ws/build/mobile_robot' returned '0': CMAKE_PREFIX_PATH=${CMAKE_PREFIX_PATH}:/home/pi/ros2_ws/install/ydlidar_ros2_driver:/opt/ros/iron /usr/bin/cmake --install /home/pi/documents/STA_github/ros2_ws/build/mobile_robot
