[0.509s] Invoking command in '/home/pi/documents/STA_github/ros2_ws/build/ydlidar_ros2_driver': CMAKE_PREFIX_PATH=${CMAKE_PREFIX_PATH}:/home/pi/ros2_ws/install/ydlidar_ros2_driver:/opt/ros/iron /usr/bin/cmake --build /home/pi/documents/STA_github/ros2_ws/build/ydlidar_ros2_driver -- -j4 -l4
[0.794s] [ 50%] Built target ydlidar_ros2_driver_client
[0.805s] [100%] Built target ydlidar_ros2_driver_node
[0.854s] Invoked command in '/home/pi/documents/STA_github/ros2_ws/build/ydlidar_ros2_driver' returned '0': CMAKE_PREFIX_PATH=${CMAKE_PREFIX_PATH}:/home/pi/ros2_ws/install/ydlidar_ros2_driver:/opt/ros/iron /usr/bin/cmake --build /home/pi/documents/STA_github/ros2_ws/build/ydlidar_ros2_driver -- -j4 -l4
[1.096s] Invoking command in '/home/pi/documents/STA_github/ros2_ws/build/ydlidar_ros2_driver': CMAKE_PREFIX_PATH=${CMAKE_PREFIX_PATH}:/home/pi/ros2_ws/install/ydlidar_ros2_driver:/opt/ros/iron /usr/bin/cmake --install /home/pi/documents/STA_github/ros2_ws/build/ydlidar_ros2_driver
[1.149s] -- Install configuration: ""
[1.160s] -- Up-to-date: /home/pi/documents/STA_github/ros2_ws/install/ydlidar_ros2_driver/lib/ydlidar_ros2_driver/ydlidar_ros2_driver_node
[1.169s] -- Up-to-date: /home/pi/documents/STA_github/ros2_ws/install/ydlidar_ros2_driver/lib/ydlidar_ros2_driver/ydlidar_ros2_driver_client
[1.175s] -- Up-to-date: /home/pi/documents/STA_github/ros2_ws/install/ydlidar_ros2_driver/share/ydlidar_ros2_driver/launch
[1.180s] -- Up-to-date: /home/pi/documents/STA_github/ros2_ws/install/ydlidar_ros2_driver/share/ydlidar_ros2_driver/launch/ydlidar_launch_view.py
[1.195s] -- Up-to-date: /home/pi/documents/STA_github/ros2_ws/install/ydlidar_ros2_driver/share/ydlidar_ros2_driver/launch/ydlidar_launch_mod.py
[1.195s] -- Up-to-date: /home/pi/documents/STA_github/ros2_ws/install/ydlidar_ros2_driver/share/ydlidar_ros2_driver/launch/ydlidar.py
[1.196s] -- Up-to-date: /home/pi/documents/STA_github/ros2_ws/install/ydlidar_ros2_driver/share/ydlidar_ros2_driver/launch/__pycache__
[1.196s] -- Up-to-date: /home/pi/documents/STA_github/ros2_ws/install/ydlidar_ros2_driver/share/ydlidar_ros2_driver/launch/__pycache__/ydlidar_launch_mod.cpython-310.pyc
[1.197s] -- Up-to-date: /home/pi/documents/STA_github/ros2_ws/install/ydlidar_ros2_driver/share/ydlidar_ros2_driver/launch/__pycache__/ydlidar_launch.cpython-310.pyc
[1.197s] -- Up-to-date: /home/pi/documents/STA_github/ros2_ws/install/ydlidar_ros2_driver/share/ydlidar_ros2_driver/launch/ydlidar_launch.py
[1.198s] -- Up-to-date: /home/pi/documents/STA_github/ros2_ws/install/ydlidar_ros2_driver/share/ydlidar_ros2_driver/params
[1.198s] -- Up-to-date: /home/pi/documents/STA_github/ros2_ws/install/ydlidar_ros2_driver/share/ydlidar_ros2_driver/params/build
[1.198s] -- Up-to-date: /home/pi/documents/STA_github/ros2_ws/install/ydlidar_ros2_driver/share/ydlidar_ros2_driver/params/build/COLCON_IGNORE
[1.199s] -- Up-to-date: /home/pi/documents/STA_github/ros2_ws/install/ydlidar_ros2_driver/share/ydlidar_ros2_driver/params/build/.built_by
[1.199s] -- Up-to-date: /home/pi/documents/STA_github/ros2_ws/install/ydlidar_ros2_driver/share/ydlidar_ros2_driver/params/install
[1.201s] -- Up-to-date: /home/pi/documents/STA_github/ros2_ws/install/ydlidar_ros2_driver/share/ydlidar_ros2_driver/params/install/COLCON_IGNORE
[1.201s] -- Up-to-date: /home/pi/documents/STA_github/ros2_ws/install/ydlidar_ros2_driver/share/ydlidar_ros2_driver/params/install/local_setup.ps1
[1.202s] -- Up-to-date: /home/pi/documents/STA_github/ros2_ws/install/ydlidar_ros2_driver/share/ydlidar_ros2_driver/params/install/.colcon_install_layout
[1.202s] -- Up-to-date: /home/pi/documents/STA_github/ros2_ws/install/ydlidar_ros2_driver/share/ydlidar_ros2_driver/params/install/_local_setup_util_sh.py
[1.202s] -- Up-to-date: /home/pi/documents/STA_github/ros2_ws/install/ydlidar_ros2_driver/share/ydlidar_ros2_driver/params/install/setup.zsh
[1.203s] -- Up-to-date: /home/pi/documents/STA_github/ros2_ws/install/ydlidar_ros2_driver/share/ydlidar_ros2_driver/params/install/local_setup.bash
[1.203s] -- Up-to-date: /home/pi/documents/STA_github/ros2_ws/install/ydlidar_ros2_driver/share/ydlidar_ros2_driver/params/install/local_setup.zsh
[1.204s] -- Up-to-date: /home/pi/documents/STA_github/ros2_ws/install/ydlidar_ros2_driver/share/ydlidar_ros2_driver/params/install/_local_setup_util_ps1.py
[1.204s] -- Up-to-date: /home/pi/documents/STA_github/ros2_ws/install/ydlidar_ros2_driver/share/ydlidar_ros2_driver/params/install/local_setup.sh
[1.204s] -- Up-to-date: /home/pi/documents/STA_github/ros2_ws/install/ydlidar_ros2_driver/share/ydlidar_ros2_driver/params/install/setup.bash
[1.205s] -- Up-to-date: /home/pi/documents/STA_github/ros2_ws/install/ydlidar_ros2_driver/share/ydlidar_ros2_driver/params/install/setup.ps1
[1.205s] -- Up-to-date: /home/pi/documents/STA_github/ros2_ws/install/ydlidar_ros2_driver/share/ydlidar_ros2_driver/params/install/setup.sh
[1.206s] -- Up-to-date: /home/pi/documents/STA_github/ros2_ws/install/ydlidar_ros2_driver/share/ydlidar_ros2_driver/params/log
[1.206s] -- Up-to-date: /home/pi/documents/STA_github/ros2_ws/install/ydlidar_ros2_driver/share/ydlidar_ros2_driver/params/log/COLCON_IGNORE
[1.206s] -- Up-to-date: /home/pi/documents/STA_github/ros2_ws/install/ydlidar_ros2_driver/share/ydlidar_ros2_driver/params/log/latest_build
[1.207s] -- Up-to-date: /home/pi/documents/STA_github/ros2_ws/install/ydlidar_ros2_driver/share/ydlidar_ros2_driver/params/log/latest
[1.208s] -- Up-to-date: /home/pi/documents/STA_github/ros2_ws/install/ydlidar_ros2_driver/share/ydlidar_ros2_driver/params/log/build_2023-11-07_06-29-43
[1.208s] -- Up-to-date: /home/pi/documents/STA_github/ros2_ws/install/ydlidar_ros2_driver/share/ydlidar_ros2_driver/params/log/build_2023-11-07_06-29-43/events.log
[1.209s] -- Up-to-date: /home/pi/documents/STA_github/ros2_ws/install/ydlidar_ros2_driver/share/ydlidar_ros2_driver/params/log/build_2023-11-07_06-29-43/logger_all.log
[1.209s] -- Up-to-date: /home/pi/documents/STA_github/ros2_ws/install/ydlidar_ros2_driver/share/ydlidar_ros2_driver/params/ydlidar.yaml
[1.209s] -- Up-to-date: /home/pi/documents/STA_github/ros2_ws/install/ydlidar_ros2_driver/share/ydlidar_ros2_driver/startup
[1.210s] -- Up-to-date: /home/pi/documents/STA_github/ros2_ws/install/ydlidar_ros2_driver/share/ydlidar_ros2_driver/startup/initenv.sh
[1.210s] -- Up-to-date: /home/pi/documents/STA_github/ros2_ws/install/ydlidar_ros2_driver/share/ydlidar_ros2_driver/config
[1.210s] -- Up-to-date: /home/pi/documents/STA_github/ros2_ws/install/ydlidar_ros2_driver/share/ydlidar_ros2_driver/config/ydlidar.rviz
[1.212s] -- Up-to-date: /home/pi/documents/STA_github/ros2_ws/install/ydlidar_ros2_driver/share/ament_index/resource_index/package_run_dependencies/ydlidar_ros2_driver
[1.212s] -- Up-to-date: /home/pi/documents/STA_github/ros2_ws/install/ydlidar_ros2_driver/share/ament_index/resource_index/parent_prefix_path/ydlidar_ros2_driver
[1.213s] -- Up-to-date: /home/pi/documents/STA_github/ros2_ws/install/ydlidar_ros2_driver/share/ydlidar_ros2_driver/environment/ament_prefix_path.sh
[1.213s] -- Up-to-date: /home/pi/documents/STA_github/ros2_ws/install/ydlidar_ros2_driver/share/ydlidar_ros2_driver/environment/ament_prefix_path.dsv
[1.213s] -- Up-to-date: /home/pi/documents/STA_github/ros2_ws/install/ydlidar_ros2_driver/share/ydlidar_ros2_driver/environment/path.sh
[1.214s] -- Up-to-date: /home/pi/documents/STA_github/ros2_ws/install/ydlidar_ros2_driver/share/ydlidar_ros2_driver/environment/path.dsv
[1.214s] -- Up-to-date: /home/pi/documents/STA_github/ros2_ws/install/ydlidar_ros2_driver/share/ydlidar_ros2_driver/local_setup.bash
[1.214s] -- Up-to-date: /home/pi/documents/STA_github/ros2_ws/install/ydlidar_ros2_driver/share/ydlidar_ros2_driver/local_setup.sh
[1.215s] -- Up-to-date: /home/pi/documents/STA_github/ros2_ws/install/ydlidar_ros2_driver/share/ydlidar_ros2_driver/local_setup.zsh
[1.215s] -- Up-to-date: /home/pi/documents/STA_github/ros2_ws/install/ydlidar_ros2_driver/share/ydlidar_ros2_driver/local_setup.dsv
[1.215s] -- Installing: /home/pi/documents/STA_github/ros2_ws/install/ydlidar_ros2_driver/share/ydlidar_ros2_driver/package.dsv
[1.216s] -- Up-to-date: /home/pi/documents/STA_github/ros2_ws/install/ydlidar_ros2_driver/share/ament_index/resource_index/packages/ydlidar_ros2_driver
[1.216s] -- Up-to-date: /home/pi/documents/STA_github/ros2_ws/install/ydlidar_ros2_driver/share/ydlidar_ros2_driver/cmake/ydlidar_ros2_driverConfig.cmake
[1.217s] -- Up-to-date: /home/pi/documents/STA_github/ros2_ws/install/ydlidar_ros2_driver/share/ydlidar_ros2_driver/cmake/ydlidar_ros2_driverConfig-version.cmake
[1.219s] -- Up-to-date: /home/pi/documents/STA_github/ros2_ws/install/ydlidar_ros2_driver/share/ydlidar_ros2_driver/package.xml
[1.220s] Invoked command in '/home/pi/documents/STA_github/ros2_ws/build/ydlidar_ros2_driver' returned '0': CMAKE_PREFIX_PATH=${CMAKE_PREFIX_PATH}:/home/pi/ros2_ws/install/ydlidar_ros2_driver:/opt/ros/iron /usr/bin/cmake --install /home/pi/documents/STA_github/ros2_ws/build/ydlidar_ros2_driver
