[5.308s] DEBUG:colcon:Command line arguments: ['/usr/bin/colcon', 'build']
[5.308s] DEBUG:colcon:Parsed command line arguments: Namespace(log_base=None, log_level=None, verb_name='build', build_base='build', install_base='install', merge_install=False, symlink_install=False, test_result_base=None, continue_on_error=False, executor='parallel', parallel_workers=4, event_handlers=None, ignore_user_meta=False, metas=['./colcon.meta'], base_paths=['.'], packages_ignore=None, packages_ignore_regex=None, paths=None, packages_up_to=None, packages_up_to_regex=None, packages_above=None, packages_above_and_dependencies=None, packages_above_depth=None, packages_select_by_dep=None, packages_skip_by_dep=None, packages_skip_up_to=None, packages_select_build_failed=False, packages_skip_build_finished=False, packages_select_test_failures=False, packages_skip_test_passed=False, packages_select=None, packages_skip=None, packages_select_regex=None, packages_skip_regex=None, packages_start=None, packages_end=None, allow_overriding=[], cmake_args=None, cmake_target=None, cmake_target_skip_unavailable=False, cmake_clean_cache=False, cmake_clean_first=False, cmake_force_configure=False, ament_cmake_args=None, catkin_cmake_args=None, catkin_skip_building_tests=False, verb_parser=<colcon_defaults.argument_parser.defaults.DefaultArgumentsDecorator object at 0xffff8a4d79d0>, verb_extension=<colcon_core.verb.build.BuildVerb object at 0xffff8a4d5f00>, main=<bound method BuildVerb.main of <colcon_core.verb.build.BuildVerb object at 0xffff8a4d5f00>>)
[5.547s] Level 1:colcon.colcon_core.package_discovery:discover_packages(colcon_meta) check parameters
[5.548s] Level 1:colcon.colcon_core.package_discovery:discover_packages(recursive) check parameters
[5.548s] Level 1:colcon.colcon_core.package_discovery:discover_packages(ignore) check parameters
[5.548s] Level 1:colcon.colcon_core.package_discovery:discover_packages(path) check parameters
[5.548s] Level 1:colcon.colcon_core.package_discovery:discover_packages(colcon_meta) discover
[5.548s] Level 1:colcon.colcon_core.package_discovery:discover_packages(recursive) discover
[5.549s] INFO:colcon.colcon_core.package_discovery:Crawling recursively for packages in '/home/pi/documents/STA_github/ros2_ws/src'
[5.549s] Level 1:colcon.colcon_core.package_identification:_identify(.) by extensions ['ignore', 'ignore_ament_install']
[5.550s] Level 1:colcon.colcon_core.package_identification:_identify(.) by extension 'ignore'
[5.550s] Level 1:colcon.colcon_core.package_identification:_identify(.) by extension 'ignore_ament_install'
[5.550s] Level 1:colcon.colcon_core.package_identification:_identify(.) by extensions ['colcon_pkg']
[5.550s] Level 1:colcon.colcon_core.package_identification:_identify(.) by extension 'colcon_pkg'
[5.550s] Level 1:colcon.colcon_core.package_identification:_identify(.) by extensions ['colcon_meta']
[5.550s] Level 1:colcon.colcon_core.package_identification:_identify(.) by extension 'colcon_meta'
[5.551s] Level 1:colcon.colcon_core.package_identification:_identify(.) by extensions ['ros']
[5.551s] Level 1:colcon.colcon_core.package_identification:_identify(.) by extension 'ros'
[5.599s] Level 1:colcon.colcon_core.package_identification:_identify(.) by extensions ['cmake', 'python']
[5.599s] Level 1:colcon.colcon_core.package_identification:_identify(.) by extension 'cmake'
[5.600s] Level 1:colcon.colcon_core.package_identification:_identify(.) by extension 'python'
[5.600s] Level 1:colcon.colcon_core.package_identification:_identify(.) by extensions ['python_setup_py']
[5.600s] Level 1:colcon.colcon_core.package_identification:_identify(.) by extension 'python_setup_py'
[5.600s] Level 1:colcon.colcon_core.package_identification:_identify(build) by extensions ['ignore', 'ignore_ament_install']
[5.601s] Level 1:colcon.colcon_core.package_identification:_identify(build) by extension 'ignore'
[5.601s] Level 1:colcon.colcon_core.package_identification:_identify(build) ignored
[5.602s] Level 1:colcon.colcon_core.package_identification:_identify(install) by extensions ['ignore', 'ignore_ament_install']
[5.602s] Level 1:colcon.colcon_core.package_identification:_identify(install) by extension 'ignore'
[5.602s] Level 1:colcon.colcon_core.package_identification:_identify(install) ignored
[5.603s] Level 1:colcon.colcon_core.package_identification:_identify(log) by extensions ['ignore', 'ignore_ament_install']
[5.603s] Level 1:colcon.colcon_core.package_identification:_identify(log) by extension 'ignore'
[5.603s] Level 1:colcon.colcon_core.package_identification:_identify(log) ignored
[5.604s] Level 1:colcon.colcon_core.package_identification:_identify(mobile_robot) by extensions ['ignore', 'ignore_ament_install']
[5.604s] Level 1:colcon.colcon_core.package_identification:_identify(mobile_robot) by extension 'ignore'
[5.604s] Level 1:colcon.colcon_core.package_identification:_identify(mobile_robot) by extension 'ignore_ament_install'
[5.604s] Level 1:colcon.colcon_core.package_identification:_identify(mobile_robot) by extensions ['colcon_pkg']
[5.604s] Level 1:colcon.colcon_core.package_identification:_identify(mobile_robot) by extension 'colcon_pkg'
[5.605s] Level 1:colcon.colcon_core.package_identification:_identify(mobile_robot) by extensions ['colcon_meta']
[5.605s] Level 1:colcon.colcon_core.package_identification:_identify(mobile_robot) by extension 'colcon_meta'
[5.605s] Level 1:colcon.colcon_core.package_identification:_identify(mobile_robot) by extensions ['ros']
[5.605s] Level 1:colcon.colcon_core.package_identification:_identify(mobile_robot) by extension 'ros'
[5.616s] DEBUG:colcon.colcon_core.package_identification:Package 'mobile_robot' with type 'ros.ament_cmake' and name 'mobile_robot'
[5.617s] Level 1:colcon.colcon_core.package_identification:_identify(ydlidar_ros2_driver) by extensions ['ignore', 'ignore_ament_install']
[5.618s] Level 1:colcon.colcon_core.package_identification:_identify(ydlidar_ros2_driver) by extension 'ignore'
[5.618s] Level 1:colcon.colcon_core.package_identification:_identify(ydlidar_ros2_driver) by extension 'ignore_ament_install'
[5.618s] Level 1:colcon.colcon_core.package_identification:_identify(ydlidar_ros2_driver) by extensions ['colcon_pkg']
[5.618s] Level 1:colcon.colcon_core.package_identification:_identify(ydlidar_ros2_driver) by extension 'colcon_pkg'
[5.618s] Level 1:colcon.colcon_core.package_identification:_identify(ydlidar_ros2_driver) by extensions ['colcon_meta']
[5.619s] Level 1:colcon.colcon_core.package_identification:_identify(ydlidar_ros2_driver) by extension 'colcon_meta'
[5.619s] Level 1:colcon.colcon_core.package_identification:_identify(ydlidar_ros2_driver) by extensions ['ros']
[5.619s] Level 1:colcon.colcon_core.package_identification:_identify(ydlidar_ros2_driver) by extension 'ros'
[5.622s] DEBUG:colcon.colcon_core.package_identification:Package 'ydlidar_ros2_driver' with type 'ros.ament_cmake' and name 'ydlidar_ros2_driver'
[5.622s] Level 1:colcon.colcon_core.package_discovery:discover_packages(recursive) using defaults
[5.622s] Level 1:colcon.colcon_core.package_discovery:discover_packages(ignore) discover
[5.622s] Level 1:colcon.colcon_core.package_discovery:discover_packages(ignore) using defaults
[5.623s] Level 1:colcon.colcon_core.package_discovery:discover_packages(path) discover
[5.623s] Level 1:colcon.colcon_core.package_discovery:discover_packages(path) using defaults
[6.088s] Level 1:colcon.colcon_core.package_discovery:discover_packages(prefix_path) check parameters
[6.088s] Level 1:colcon.colcon_core.package_discovery:discover_packages(prefix_path) discover
[6.247s] DEBUG:colcon.colcon_installed_package_information.package_discovery:Found 2 installed packages in /home/pi/documents/STA_github/ros2_ws/install
[6.324s] DEBUG:colcon.colcon_installed_package_information.package_discovery:Found 1 installed packages in /home/pi/ros2_ws/install
[6.410s] DEBUG:colcon.colcon_installed_package_information.package_discovery:Found 290 installed packages in /opt/ros/iron
[6.453s] Level 1:colcon.colcon_core.package_discovery:discover_packages(prefix_path) using defaults
[6.868s] Level 5:colcon.colcon_core.verb:set package 'mobile_robot' build argument 'cmake_args' from command line to 'None'
[6.868s] Level 5:colcon.colcon_core.verb:set package 'mobile_robot' build argument 'cmake_target' from command line to 'None'
[6.868s] Level 5:colcon.colcon_core.verb:set package 'mobile_robot' build argument 'cmake_target_skip_unavailable' from command line to 'False'
[6.868s] Level 5:colcon.colcon_core.verb:set package 'mobile_robot' build argument 'cmake_clean_cache' from command line to 'False'
[6.869s] Level 5:colcon.colcon_core.verb:set package 'mobile_robot' build argument 'cmake_clean_first' from command line to 'False'
[6.869s] Level 5:colcon.colcon_core.verb:set package 'mobile_robot' build argument 'cmake_force_configure' from command line to 'False'
[6.869s] Level 5:colcon.colcon_core.verb:set package 'mobile_robot' build argument 'ament_cmake_args' from command line to 'None'
[6.869s] Level 5:colcon.colcon_core.verb:set package 'mobile_robot' build argument 'catkin_cmake_args' from command line to 'None'
[6.869s] Level 5:colcon.colcon_core.verb:set package 'mobile_robot' build argument 'catkin_skip_building_tests' from command line to 'False'
[6.869s] DEBUG:colcon.colcon_core.verb:Building package 'mobile_robot' with the following arguments: {'ament_cmake_args': None, 'build_base': '/home/pi/documents/STA_github/ros2_ws/src/build/mobile_robot', 'catkin_cmake_args': None, 'catkin_skip_building_tests': False, 'cmake_args': None, 'cmake_clean_cache': False, 'cmake_clean_first': False, 'cmake_force_configure': False, 'cmake_target': None, 'cmake_target_skip_unavailable': False, 'install_base': '/home/pi/documents/STA_github/ros2_ws/src/install/mobile_robot', 'merge_install': False, 'path': '/home/pi/documents/STA_github/ros2_ws/src/mobile_robot', 'symlink_install': False, 'test_result_base': None}
[6.947s] Level 5:colcon.colcon_core.verb:set package 'ydlidar_ros2_driver' build argument 'cmake_args' from command line to 'None'
[6.947s] Level 5:colcon.colcon_core.verb:set package 'ydlidar_ros2_driver' build argument 'cmake_target' from command line to 'None'
[6.947s] Level 5:colcon.colcon_core.verb:set package 'ydlidar_ros2_driver' build argument 'cmake_target_skip_unavailable' from command line to 'False'
[6.948s] Level 5:colcon.colcon_core.verb:set package 'ydlidar_ros2_driver' build argument 'cmake_clean_cache' from command line to 'False'
[6.948s] Level 5:colcon.colcon_core.verb:set package 'ydlidar_ros2_driver' build argument 'cmake_clean_first' from command line to 'False'
[6.948s] Level 5:colcon.colcon_core.verb:set package 'ydlidar_ros2_driver' build argument 'cmake_force_configure' from command line to 'False'
[6.948s] Level 5:colcon.colcon_core.verb:set package 'ydlidar_ros2_driver' build argument 'ament_cmake_args' from command line to 'None'
[6.948s] Level 5:colcon.colcon_core.verb:set package 'ydlidar_ros2_driver' build argument 'catkin_cmake_args' from command line to 'None'
[6.948s] Level 5:colcon.colcon_core.verb:set package 'ydlidar_ros2_driver' build argument 'catkin_skip_building_tests' from command line to 'False'
[6.948s] DEBUG:colcon.colcon_core.verb:Building package 'ydlidar_ros2_driver' with the following arguments: {'ament_cmake_args': None, 'build_base': '/home/pi/documents/STA_github/ros2_ws/src/build/ydlidar_ros2_driver', 'catkin_cmake_args': None, 'catkin_skip_building_tests': False, 'cmake_args': None, 'cmake_clean_cache': False, 'cmake_clean_first': False, 'cmake_force_configure': False, 'cmake_target': None, 'cmake_target_skip_unavailable': False, 'install_base': '/home/pi/documents/STA_github/ros2_ws/src/install/ydlidar_ros2_driver', 'merge_install': False, 'path': '/home/pi/documents/STA_github/ros2_ws/src/ydlidar_ros2_driver', 'symlink_install': False, 'test_result_base': None}
[7.025s] INFO:colcon.colcon_core.executor:Executing jobs using 'parallel' executor
[7.103s] DEBUG:colcon.colcon_parallel_executor.executor.parallel:run_until_complete
[7.104s] INFO:colcon.colcon_ros.task.ament_cmake.build:Building ROS package in '/home/pi/documents/STA_github/ros2_ws/src/mobile_robot' with build type 'ament_cmake'
[7.105s] INFO:colcon.colcon_cmake.task.cmake.build:Building CMake package in '/home/pi/documents/STA_github/ros2_ws/src/mobile_robot'
[7.191s] INFO:colcon.colcon_core.plugin_system:Skipping extension 'colcon_core.shell.bat': Not used on non-Windows systems
[7.191s] INFO:colcon.colcon_core.shell:Skip shell extension 'powershell' for command environment: Not usable outside of PowerShell
[7.192s] DEBUG:colcon.colcon_core.shell:Skip shell extension 'dsv' for command environment
[7.519s] INFO:colcon.colcon_ros.task.ament_cmake.build:Building ROS package in '/home/pi/documents/STA_github/ros2_ws/src/ydlidar_ros2_driver' with build type 'ament_cmake'
[7.520s] INFO:colcon.colcon_cmake.task.cmake.build:Building CMake package in '/home/pi/documents/STA_github/ros2_ws/src/ydlidar_ros2_driver'
[7.600s] INFO:colcon.colcon_core.shell:Skip shell extension 'powershell' for command environment: Not usable outside of PowerShell
[7.600s] DEBUG:colcon.colcon_core.shell:Skip shell extension 'dsv' for command environment
[7.940s] DEBUG:colcon.colcon_core.event_handler.log_command:Invoking command in '/home/pi/documents/STA_github/ros2_ws/src/build/mobile_robot': CMAKE_PREFIX_PATH=${CMAKE_PREFIX_PATH}:/home/pi/ros2_ws/install/ydlidar_ros2_driver:/opt/ros/iron /usr/bin/cmake /home/pi/documents/STA_github/ros2_ws/src/mobile_robot -DCMAKE_INSTALL_PREFIX=/home/pi/documents/STA_github/ros2_ws/src/install/mobile_robot
[7.965s] DEBUG:colcon.colcon_core.event_handler.log_command:Invoking command in '/home/pi/documents/STA_github/ros2_ws/src/build/ydlidar_ros2_driver': CMAKE_PREFIX_PATH=${CMAKE_PREFIX_PATH}:/home/pi/ros2_ws/install/ydlidar_ros2_driver:/opt/ros/iron /usr/bin/cmake /home/pi/documents/STA_github/ros2_ws/src/ydlidar_ros2_driver -DCMAKE_INSTALL_PREFIX=/home/pi/documents/STA_github/ros2_ws/src/install/ydlidar_ros2_driver
[20.885s] DEBUG:colcon.colcon_core.event_handler.log_command:Invoked command in '/home/pi/documents/STA_github/ros2_ws/src/build/ydlidar_ros2_driver' returned '0': CMAKE_PREFIX_PATH=${CMAKE_PREFIX_PATH}:/home/pi/ros2_ws/install/ydlidar_ros2_driver:/opt/ros/iron /usr/bin/cmake /home/pi/documents/STA_github/ros2_ws/src/ydlidar_ros2_driver -DCMAKE_INSTALL_PREFIX=/home/pi/documents/STA_github/ros2_ws/src/install/ydlidar_ros2_driver
[20.897s] DEBUG:colcon.colcon_core.event_handler.log_command:Invoking command in '/home/pi/documents/STA_github/ros2_ws/src/build/ydlidar_ros2_driver': CMAKE_PREFIX_PATH=${CMAKE_PREFIX_PATH}:/home/pi/ros2_ws/install/ydlidar_ros2_driver:/opt/ros/iron /usr/bin/cmake --build /home/pi/documents/STA_github/ros2_ws/src/build/ydlidar_ros2_driver -- -j4 -l4
[21.965s] DEBUG:colcon.colcon_core.event_handler.log_command:Invoked command in '/home/pi/documents/STA_github/ros2_ws/src/build/mobile_robot' returned '0': CMAKE_PREFIX_PATH=${CMAKE_PREFIX_PATH}:/home/pi/ros2_ws/install/ydlidar_ros2_driver:/opt/ros/iron /usr/bin/cmake /home/pi/documents/STA_github/ros2_ws/src/mobile_robot -DCMAKE_INSTALL_PREFIX=/home/pi/documents/STA_github/ros2_ws/src/install/mobile_robot
[21.974s] DEBUG:colcon.colcon_core.event_handler.log_command:Invoking command in '/home/pi/documents/STA_github/ros2_ws/src/build/mobile_robot': CMAKE_PREFIX_PATH=${CMAKE_PREFIX_PATH}:/home/pi/ros2_ws/install/ydlidar_ros2_driver:/opt/ros/iron /usr/bin/cmake --build /home/pi/documents/STA_github/ros2_ws/src/build/mobile_robot -- -j4 -l4
[63.048s] DEBUG:colcon.colcon_core.event_handler.log_command:Invoked command in '/home/pi/documents/STA_github/ros2_ws/src/build/ydlidar_ros2_driver' returned '0': CMAKE_PREFIX_PATH=${CMAKE_PREFIX_PATH}:/home/pi/ros2_ws/install/ydlidar_ros2_driver:/opt/ros/iron /usr/bin/cmake --build /home/pi/documents/STA_github/ros2_ws/src/build/ydlidar_ros2_driver -- -j4 -l4
[63.246s] DEBUG:colcon.colcon_core.event_handler.log_command:Invoking command in '/home/pi/documents/STA_github/ros2_ws/src/build/ydlidar_ros2_driver': CMAKE_PREFIX_PATH=${CMAKE_PREFIX_PATH}:/home/pi/ros2_ws/install/ydlidar_ros2_driver:/opt/ros/iron /usr/bin/cmake --install /home/pi/documents/STA_github/ros2_ws/src/build/ydlidar_ros2_driver
[63.431s] Level 1:colcon.colcon_core.environment:create_environment_scripts_only(ydlidar_ros2_driver)
[63.434s] DEBUG:colcon.colcon_core.event_handler.log_command:Invoked command in '/home/pi/documents/STA_github/ros2_ws/src/build/ydlidar_ros2_driver' returned '0': CMAKE_PREFIX_PATH=${CMAKE_PREFIX_PATH}:/home/pi/ros2_ws/install/ydlidar_ros2_driver:/opt/ros/iron /usr/bin/cmake --install /home/pi/documents/STA_github/ros2_ws/src/build/ydlidar_ros2_driver
[63.564s] Level 1:colcon.colcon_core.environment:checking '/home/pi/documents/STA_github/ros2_ws/src/install/ydlidar_ros2_driver' for CMake module files
[63.568s] Level 1:colcon.colcon_core.environment:checking '/home/pi/documents/STA_github/ros2_ws/src/install/ydlidar_ros2_driver' for CMake config files
[63.570s] Level 1:colcon.colcon_core.shell:create_environment_hook('ydlidar_ros2_driver', 'cmake_prefix_path')
[63.687s] INFO:colcon.colcon_core.shell:Creating environment hook '/home/pi/documents/STA_github/ros2_ws/src/install/ydlidar_ros2_driver/share/ydlidar_ros2_driver/hook/cmake_prefix_path.ps1'
[63.690s] INFO:colcon.colcon_core.shell:Creating environment descriptor '/home/pi/documents/STA_github/ros2_ws/src/install/ydlidar_ros2_driver/share/ydlidar_ros2_driver/hook/cmake_prefix_path.dsv'
[63.693s] INFO:colcon.colcon_core.shell:Creating environment hook '/home/pi/documents/STA_github/ros2_ws/src/install/ydlidar_ros2_driver/share/ydlidar_ros2_driver/hook/cmake_prefix_path.sh'
[63.698s] Level 1:colcon.colcon_core.environment:checking '/home/pi/documents/STA_github/ros2_ws/src/install/ydlidar_ros2_driver/lib'
[63.700s] Level 1:colcon.colcon_core.environment:checking '/home/pi/documents/STA_github/ros2_ws/src/install/ydlidar_ros2_driver/bin'
[63.700s] Level 1:colcon.colcon_core.environment:checking '/home/pi/documents/STA_github/ros2_ws/src/install/ydlidar_ros2_driver/lib/pkgconfig/ydlidar_ros2_driver.pc'
[63.702s] Level 1:colcon.colcon_core.environment:checking '/home/pi/documents/STA_github/ros2_ws/src/install/ydlidar_ros2_driver/lib/python3.10/site-packages'
[63.703s] Level 1:colcon.colcon_core.environment:checking '/home/pi/documents/STA_github/ros2_ws/src/install/ydlidar_ros2_driver/bin'
[63.814s] INFO:colcon.colcon_core.shell:Creating package script '/home/pi/documents/STA_github/ros2_ws/src/install/ydlidar_ros2_driver/share/ydlidar_ros2_driver/package.ps1'
[63.818s] INFO:colcon.colcon_core.shell:Creating package descriptor '/home/pi/documents/STA_github/ros2_ws/src/install/ydlidar_ros2_driver/share/ydlidar_ros2_driver/package.dsv'
[63.822s] INFO:colcon.colcon_core.shell:Creating package script '/home/pi/documents/STA_github/ros2_ws/src/install/ydlidar_ros2_driver/share/ydlidar_ros2_driver/package.sh'
[63.826s] INFO:colcon.colcon_core.shell:Creating package script '/home/pi/documents/STA_github/ros2_ws/src/install/ydlidar_ros2_driver/share/ydlidar_ros2_driver/package.bash'
[63.829s] INFO:colcon.colcon_core.shell:Creating package script '/home/pi/documents/STA_github/ros2_ws/src/install/ydlidar_ros2_driver/share/ydlidar_ros2_driver/package.zsh'
[63.832s] Level 1:colcon.colcon_core.environment:create_file_with_runtime_dependencies(/home/pi/documents/STA_github/ros2_ws/src/install/ydlidar_ros2_driver/share/colcon-core/packages/ydlidar_ros2_driver)
[64.074s] Level 1:colcon.colcon_core.environment:create_environment_scripts_only(ydlidar_ros2_driver)
[64.164s] Level 1:colcon.colcon_core.environment:checking '/home/pi/documents/STA_github/ros2_ws/src/install/ydlidar_ros2_driver' for CMake module files
[64.168s] Level 1:colcon.colcon_core.environment:checking '/home/pi/documents/STA_github/ros2_ws/src/install/ydlidar_ros2_driver' for CMake config files
[64.171s] Level 1:colcon.colcon_core.shell:create_environment_hook('ydlidar_ros2_driver', 'cmake_prefix_path')
[64.260s] INFO:colcon.colcon_core.shell:Creating environment hook '/home/pi/documents/STA_github/ros2_ws/src/install/ydlidar_ros2_driver/share/ydlidar_ros2_driver/hook/cmake_prefix_path.ps1'
[64.262s] INFO:colcon.colcon_core.shell:Creating environment descriptor '/home/pi/documents/STA_github/ros2_ws/src/install/ydlidar_ros2_driver/share/ydlidar_ros2_driver/hook/cmake_prefix_path.dsv'
[64.264s] INFO:colcon.colcon_core.shell:Creating environment hook '/home/pi/documents/STA_github/ros2_ws/src/install/ydlidar_ros2_driver/share/ydlidar_ros2_driver/hook/cmake_prefix_path.sh'
[64.267s] Level 1:colcon.colcon_core.environment:checking '/home/pi/documents/STA_github/ros2_ws/src/install/ydlidar_ros2_driver/lib'
[64.267s] Level 1:colcon.colcon_core.environment:checking '/home/pi/documents/STA_github/ros2_ws/src/install/ydlidar_ros2_driver/bin'
[64.268s] Level 1:colcon.colcon_core.environment:checking '/home/pi/documents/STA_github/ros2_ws/src/install/ydlidar_ros2_driver/lib/pkgconfig/ydlidar_ros2_driver.pc'
[64.269s] Level 1:colcon.colcon_core.environment:checking '/home/pi/documents/STA_github/ros2_ws/src/install/ydlidar_ros2_driver/lib/python3.10/site-packages'
[64.270s] Level 1:colcon.colcon_core.environment:checking '/home/pi/documents/STA_github/ros2_ws/src/install/ydlidar_ros2_driver/bin'
[64.362s] INFO:colcon.colcon_core.shell:Creating package script '/home/pi/documents/STA_github/ros2_ws/src/install/ydlidar_ros2_driver/share/ydlidar_ros2_driver/package.ps1'
[64.365s] INFO:colcon.colcon_core.shell:Creating package descriptor '/home/pi/documents/STA_github/ros2_ws/src/install/ydlidar_ros2_driver/share/ydlidar_ros2_driver/package.dsv'
[64.829s] INFO:colcon.colcon_core.shell:Creating package script '/home/pi/documents/STA_github/ros2_ws/src/install/ydlidar_ros2_driver/share/ydlidar_ros2_driver/package.sh'
[64.832s] INFO:colcon.colcon_core.shell:Creating package script '/home/pi/documents/STA_github/ros2_ws/src/install/ydlidar_ros2_driver/share/ydlidar_ros2_driver/package.bash'
[64.835s] INFO:colcon.colcon_core.shell:Creating package script '/home/pi/documents/STA_github/ros2_ws/src/install/ydlidar_ros2_driver/share/ydlidar_ros2_driver/package.zsh'
[64.838s] Level 1:colcon.colcon_core.environment:create_file_with_runtime_dependencies(/home/pi/documents/STA_github/ros2_ws/src/install/ydlidar_ros2_driver/share/colcon-core/packages/ydlidar_ros2_driver)
[68.772s] DEBUG:colcon.colcon_core.event_handler.log_command:Invoked command in '/home/pi/documents/STA_github/ros2_ws/src/build/mobile_robot' returned '0': CMAKE_PREFIX_PATH=${CMAKE_PREFIX_PATH}:/home/pi/ros2_ws/install/ydlidar_ros2_driver:/opt/ros/iron /usr/bin/cmake --build /home/pi/documents/STA_github/ros2_ws/src/build/mobile_robot -- -j4 -l4
[68.927s] DEBUG:colcon.colcon_core.event_handler.log_command:Invoking command in '/home/pi/documents/STA_github/ros2_ws/src/build/mobile_robot': CMAKE_PREFIX_PATH=${CMAKE_PREFIX_PATH}:/home/pi/ros2_ws/install/ydlidar_ros2_driver:/opt/ros/iron /usr/bin/cmake --install /home/pi/documents/STA_github/ros2_ws/src/build/mobile_robot
[69.025s] Level 1:colcon.colcon_core.environment:create_environment_scripts_only(mobile_robot)
[69.026s] DEBUG:colcon.colcon_core.event_handler.log_command:Invoked command in '/home/pi/documents/STA_github/ros2_ws/src/build/mobile_robot' returned '0': CMAKE_PREFIX_PATH=${CMAKE_PREFIX_PATH}:/home/pi/ros2_ws/install/ydlidar_ros2_driver:/opt/ros/iron /usr/bin/cmake --install /home/pi/documents/STA_github/ros2_ws/src/build/mobile_robot
[69.109s] Level 1:colcon.colcon_core.environment:checking '/home/pi/documents/STA_github/ros2_ws/src/install/mobile_robot' for CMake module files
[69.112s] Level 1:colcon.colcon_core.environment:checking '/home/pi/documents/STA_github/ros2_ws/src/install/mobile_robot' for CMake config files
[69.113s] Level 1:colcon.colcon_core.shell:create_environment_hook('mobile_robot', 'cmake_prefix_path')
[69.192s] INFO:colcon.colcon_core.shell:Creating environment hook '/home/pi/documents/STA_github/ros2_ws/src/install/mobile_robot/share/mobile_robot/hook/cmake_prefix_path.ps1'
[69.194s] INFO:colcon.colcon_core.shell:Creating environment descriptor '/home/pi/documents/STA_github/ros2_ws/src/install/mobile_robot/share/mobile_robot/hook/cmake_prefix_path.dsv'
[69.195s] INFO:colcon.colcon_core.shell:Creating environment hook '/home/pi/documents/STA_github/ros2_ws/src/install/mobile_robot/share/mobile_robot/hook/cmake_prefix_path.sh'
[69.198s] Level 1:colcon.colcon_core.environment:checking '/home/pi/documents/STA_github/ros2_ws/src/install/mobile_robot/lib'
[69.198s] Level 1:colcon.colcon_core.environment:checking '/home/pi/documents/STA_github/ros2_ws/src/install/mobile_robot/bin'
[69.199s] Level 1:colcon.colcon_core.environment:checking '/home/pi/documents/STA_github/ros2_ws/src/install/mobile_robot/lib/pkgconfig/mobile_robot.pc'
[69.200s] Level 1:colcon.colcon_core.environment:checking '/home/pi/documents/STA_github/ros2_ws/src/install/mobile_robot/lib/python3.10/site-packages'
[69.201s] Level 1:colcon.colcon_core.environment:checking '/home/pi/documents/STA_github/ros2_ws/src/install/mobile_robot/bin'
[69.280s] INFO:colcon.colcon_core.shell:Creating package script '/home/pi/documents/STA_github/ros2_ws/src/install/mobile_robot/share/mobile_robot/package.ps1'
[69.282s] INFO:colcon.colcon_core.shell:Creating package descriptor '/home/pi/documents/STA_github/ros2_ws/src/install/mobile_robot/share/mobile_robot/package.dsv'
[69.284s] INFO:colcon.colcon_core.shell:Creating package script '/home/pi/documents/STA_github/ros2_ws/src/install/mobile_robot/share/mobile_robot/package.sh'
[69.286s] INFO:colcon.colcon_core.shell:Creating package script '/home/pi/documents/STA_github/ros2_ws/src/install/mobile_robot/share/mobile_robot/package.bash'
[69.287s] INFO:colcon.colcon_core.shell:Creating package script '/home/pi/documents/STA_github/ros2_ws/src/install/mobile_robot/share/mobile_robot/package.zsh'
[69.289s] Level 1:colcon.colcon_core.environment:create_file_with_runtime_dependencies(/home/pi/documents/STA_github/ros2_ws/src/install/mobile_robot/share/colcon-core/packages/mobile_robot)
[69.517s] Level 1:colcon.colcon_core.environment:create_environment_scripts_only(mobile_robot)
[69.596s] Level 1:colcon.colcon_core.environment:checking '/home/pi/documents/STA_github/ros2_ws/src/install/mobile_robot' for CMake module files
[69.600s] Level 1:colcon.colcon_core.environment:checking '/home/pi/documents/STA_github/ros2_ws/src/install/mobile_robot' for CMake config files
[69.601s] Level 1:colcon.colcon_core.shell:create_environment_hook('mobile_robot', 'cmake_prefix_path')
[69.678s] INFO:colcon.colcon_core.shell:Creating environment hook '/home/pi/documents/STA_github/ros2_ws/src/install/mobile_robot/share/mobile_robot/hook/cmake_prefix_path.ps1'
[69.681s] INFO:colcon.colcon_core.shell:Creating environment descriptor '/home/pi/documents/STA_github/ros2_ws/src/install/mobile_robot/share/mobile_robot/hook/cmake_prefix_path.dsv'
[69.682s] INFO:colcon.colcon_core.shell:Creating environment hook '/home/pi/documents/STA_github/ros2_ws/src/install/mobile_robot/share/mobile_robot/hook/cmake_prefix_path.sh'
[69.685s] Level 1:colcon.colcon_core.environment:checking '/home/pi/documents/STA_github/ros2_ws/src/install/mobile_robot/lib'
[69.686s] Level 1:colcon.colcon_core.environment:checking '/home/pi/documents/STA_github/ros2_ws/src/install/mobile_robot/bin'
[69.686s] Level 1:colcon.colcon_core.environment:checking '/home/pi/documents/STA_github/ros2_ws/src/install/mobile_robot/lib/pkgconfig/mobile_robot.pc'
[69.687s] Level 1:colcon.colcon_core.environment:checking '/home/pi/documents/STA_github/ros2_ws/src/install/mobile_robot/lib/python3.10/site-packages'
[69.688s] Level 1:colcon.colcon_core.environment:checking '/home/pi/documents/STA_github/ros2_ws/src/install/mobile_robot/bin'
[69.768s] INFO:colcon.colcon_core.shell:Creating package script '/home/pi/documents/STA_github/ros2_ws/src/install/mobile_robot/share/mobile_robot/package.ps1'
[69.770s] INFO:colcon.colcon_core.shell:Creating package descriptor '/home/pi/documents/STA_github/ros2_ws/src/install/mobile_robot/share/mobile_robot/package.dsv'
[69.773s] INFO:colcon.colcon_core.shell:Creating package script '/home/pi/documents/STA_github/ros2_ws/src/install/mobile_robot/share/mobile_robot/package.sh'
[69.775s] INFO:colcon.colcon_core.shell:Creating package script '/home/pi/documents/STA_github/ros2_ws/src/install/mobile_robot/share/mobile_robot/package.bash'
[69.777s] INFO:colcon.colcon_core.shell:Creating package script '/home/pi/documents/STA_github/ros2_ws/src/install/mobile_robot/share/mobile_robot/package.zsh'
[69.779s] Level 1:colcon.colcon_core.environment:create_file_with_runtime_dependencies(/home/pi/documents/STA_github/ros2_ws/src/install/mobile_robot/share/colcon-core/packages/mobile_robot)
[69.781s] DEBUG:colcon.colcon_parallel_executor.executor.parallel:closing loop
[69.783s] DEBUG:colcon.colcon_parallel_executor.executor.parallel:loop closed
[69.784s] DEBUG:colcon.colcon_parallel_executor.executor.parallel:run_until_complete finished with '0'
[69.784s] DEBUG:colcon.colcon_core.event_reactor:joining thread
[69.880s] INFO:colcon.colcon_core.plugin_system:Skipping extension 'colcon_notification.desktop_notification.notify_send': Could not find 'notify-send'
[69.881s] INFO:colcon.colcon_core.plugin_system:Skipping extension 'colcon_notification.desktop_notification.terminal_notifier': Not used on non-Darwin systems
[69.881s] INFO:colcon.colcon_core.plugin_system:Skipping extension 'colcon_notification.desktop_notification.win32': Not used on non-Windows systems
[69.881s] INFO:colcon.colcon_notification.desktop_notification:Sending desktop notification using 'notify2'
[69.885s] DEBUG:colcon.colcon_notification.desktop_notification.notify2:Failed to initialize notify2: org.freedesktop.DBus.Error.ServiceUnknown: The name org.freedesktop.Notifications was not provided by any .service files
[69.886s] DEBUG:colcon.colcon_core.event_reactor:joined thread
[69.966s] INFO:colcon.colcon_core.shell:Creating prefix script '/home/pi/documents/STA_github/ros2_ws/src/install/local_setup.ps1'
[69.970s] INFO:colcon.colcon_core.shell:Creating prefix util module '/home/pi/documents/STA_github/ros2_ws/src/install/_local_setup_util_ps1.py'
[69.976s] INFO:colcon.colcon_core.shell:Creating prefix chain script '/home/pi/documents/STA_github/ros2_ws/src/install/setup.ps1'
[70.057s] INFO:colcon.colcon_core.shell:Creating prefix script '/home/pi/documents/STA_github/ros2_ws/src/install/local_setup.sh'
[70.060s] INFO:colcon.colcon_core.shell:Creating prefix util module '/home/pi/documents/STA_github/ros2_ws/src/install/_local_setup_util_sh.py'
[70.062s] INFO:colcon.colcon_core.shell:Creating prefix chain script '/home/pi/documents/STA_github/ros2_ws/src/install/setup.sh'
[70.144s] INFO:colcon.colcon_core.shell:Creating prefix script '/home/pi/documents/STA_github/ros2_ws/src/install/local_setup.bash'
[70.146s] INFO:colcon.colcon_core.shell:Creating prefix chain script '/home/pi/documents/STA_github/ros2_ws/src/install/setup.bash'
[70.227s] INFO:colcon.colcon_core.shell:Creating prefix script '/home/pi/documents/STA_github/ros2_ws/src/install/local_setup.zsh'
[70.229s] INFO:colcon.colcon_core.shell:Creating prefix chain script '/home/pi/documents/STA_github/ros2_ws/src/install/setup.zsh'
