[0.721s] Invoking command in '/home/pi/documents/STA_github/ros2_ws/src/build/ydlidar_ros2_driver': CMAKE_PREFIX_PATH=${CMAKE_PREFIX_PATH}:/home/pi/ros2_ws/install/ydlidar_ros2_driver:/opt/ros/iron /usr/bin/cmake --build /home/pi/documents/STA_github/ros2_ws/src/build/ydlidar_ros2_driver -- -j4 -l4
[1.334s] [35m[1mConsolidate compiler generated dependencies of target ydlidar_ros2_driver_node[0m
[1.426s] [ 50%] Built target ydlidar_ros2_driver_client
[1.499s] [100%] Built target ydlidar_ros2_driver_node
[1.562s] Invoked command in '/home/pi/documents/STA_github/ros2_ws/src/build/ydlidar_ros2_driver' returned '0': CMAKE_PREFIX_PATH=${CMAKE_PREFIX_PATH}:/home/pi/ros2_ws/install/ydlidar_ros2_driver:/opt/ros/iron /usr/bin/cmake --build /home/pi/documents/STA_github/ros2_ws/src/build/ydlidar_ros2_driver -- -j4 -l4
[1.808s] Invoking command in '/home/pi/documents/STA_github/ros2_ws/src/build/ydlidar_ros2_driver': CMAKE_PREFIX_PATH=${CMAKE_PREFIX_PATH}:/home/pi/ros2_ws/install/ydlidar_ros2_driver:/opt/ros/iron /usr/bin/cmake --install /home/pi/documents/STA_github/ros2_ws/src/build/ydlidar_ros2_driver
[1.876s] -- Install configuration: ""
[1.880s] -- Up-to-date: /home/pi/documents/STA_github/ros2_ws/src/install/ydlidar_ros2_driver/lib/ydlidar_ros2_driver/ydlidar_ros2_driver_node
[1.886s] -- Up-to-date: /home/pi/documents/STA_github/ros2_ws/src/install/ydlidar_ros2_driver/lib/ydlidar_ros2_driver/ydlidar_ros2_driver_client
[1.887s] -- Up-to-date: /home/pi/documents/STA_github/ros2_ws/src/install/ydlidar_ros2_driver/share/ydlidar_ros2_driver/launch
[1.888s] -- Up-to-date: /home/pi/documents/STA_github/ros2_ws/src/install/ydlidar_ros2_driver/share/ydlidar_ros2_driver/launch/ydlidar_launch_view.py
[1.889s] -- Up-to-date: /home/pi/documents/STA_github/ros2_ws/src/install/ydlidar_ros2_driver/share/ydlidar_ros2_driver/launch/ydlidar_launch_mod.py
[1.889s] -- Up-to-date: /home/pi/documents/STA_github/ros2_ws/src/install/ydlidar_ros2_driver/share/ydlidar_ros2_driver/launch/ydlidar.py
[1.890s] -- Up-to-date: /home/pi/documents/STA_github/ros2_ws/src/install/ydlidar_ros2_driver/share/ydlidar_ros2_driver/launch/__pycache__
[1.890s] -- Installing: /home/pi/documents/STA_github/ros2_ws/src/install/ydlidar_ros2_driver/share/ydlidar_ros2_driver/launch/__pycache__/ydlidar_launch_mod.cpython-310.pyc
[1.892s] -- Up-to-date: /home/pi/documents/STA_github/ros2_ws/src/install/ydlidar_ros2_driver/share/ydlidar_ros2_driver/launch/__pycache__/ydlidar_launch.cpython-310.pyc
[1.893s] -- Up-to-date: /home/pi/documents/STA_github/ros2_ws/src/install/ydlidar_ros2_driver/share/ydlidar_ros2_driver/launch/ydlidar_launch.py
[1.893s] -- Up-to-date: /home/pi/documents/STA_github/ros2_ws/src/install/ydlidar_ros2_driver/share/ydlidar_ros2_driver/params
[1.894s] -- Up-to-date: /home/pi/documents/STA_github/ros2_ws/src/install/ydlidar_ros2_driver/share/ydlidar_ros2_driver/params/build
[1.895s] -- Up-to-date: /home/pi/documents/STA_github/ros2_ws/src/install/ydlidar_ros2_driver/share/ydlidar_ros2_driver/params/build/COLCON_IGNORE
[1.896s] -- Up-to-date: /home/pi/documents/STA_github/ros2_ws/src/install/ydlidar_ros2_driver/share/ydlidar_ros2_driver/params/build/.built_by
[1.897s] -- Up-to-date: /home/pi/documents/STA_github/ros2_ws/src/install/ydlidar_ros2_driver/share/ydlidar_ros2_driver/params/install
[1.898s] -- Up-to-date: /home/pi/documents/STA_github/ros2_ws/src/install/ydlidar_ros2_driver/share/ydlidar_ros2_driver/params/install/COLCON_IGNORE
[1.898s] -- Up-to-date: /home/pi/documents/STA_github/ros2_ws/src/install/ydlidar_ros2_driver/share/ydlidar_ros2_driver/params/install/local_setup.ps1
[1.899s] -- Up-to-date: /home/pi/documents/STA_github/ros2_ws/src/install/ydlidar_ros2_driver/share/ydlidar_ros2_driver/params/install/.colcon_install_layout
[1.900s] -- Up-to-date: /home/pi/documents/STA_github/ros2_ws/src/install/ydlidar_ros2_driver/share/ydlidar_ros2_driver/params/install/_local_setup_util_sh.py
[1.901s] -- Up-to-date: /home/pi/documents/STA_github/ros2_ws/src/install/ydlidar_ros2_driver/share/ydlidar_ros2_driver/params/install/setup.zsh
[1.901s] -- Up-to-date: /home/pi/documents/STA_github/ros2_ws/src/install/ydlidar_ros2_driver/share/ydlidar_ros2_driver/params/install/local_setup.bash
[1.902s] -- Up-to-date: /home/pi/documents/STA_github/ros2_ws/src/install/ydlidar_ros2_driver/share/ydlidar_ros2_driver/params/install/local_setup.zsh
[1.902s] -- Up-to-date: /home/pi/documents/STA_github/ros2_ws/src/install/ydlidar_ros2_driver/share/ydlidar_ros2_driver/params/install/_local_setup_util_ps1.py
[1.903s] -- Up-to-date: /home/pi/documents/STA_github/ros2_ws/src/install/ydlidar_ros2_driver/share/ydlidar_ros2_driver/params/install/local_setup.sh
[1.904s] -- Up-to-date: /home/pi/documents/STA_github/ros2_ws/src/install/ydlidar_ros2_driver/share/ydlidar_ros2_driver/params/install/setup.bash
[1.904s] -- Up-to-date: /home/pi/documents/STA_github/ros2_ws/src/install/ydlidar_ros2_driver/share/ydlidar_ros2_driver/params/install/setup.ps1
[1.905s] -- Up-to-date: /home/pi/documents/STA_github/ros2_ws/src/install/ydlidar_ros2_driver/share/ydlidar_ros2_driver/params/install/setup.sh
[1.905s] -- Up-to-date: /home/pi/documents/STA_github/ros2_ws/src/install/ydlidar_ros2_driver/share/ydlidar_ros2_driver/params/log
[1.906s] -- Up-to-date: /home/pi/documents/STA_github/ros2_ws/src/install/ydlidar_ros2_driver/share/ydlidar_ros2_driver/params/log/COLCON_IGNORE
[1.906s] -- Up-to-date: /home/pi/documents/STA_github/ros2_ws/src/install/ydlidar_ros2_driver/share/ydlidar_ros2_driver/params/log/latest_build
[1.906s] -- Up-to-date: /home/pi/documents/STA_github/ros2_ws/src/install/ydlidar_ros2_driver/share/ydlidar_ros2_driver/params/log/latest
[1.907s] -- Up-to-date: /home/pi/documents/STA_github/ros2_ws/src/install/ydlidar_ros2_driver/share/ydlidar_ros2_driver/params/log/build_2023-11-07_06-29-43
[1.907s] -- Up-to-date: /home/pi/documents/STA_github/ros2_ws/src/install/ydlidar_ros2_driver/share/ydlidar_ros2_driver/params/log/build_2023-11-07_06-29-43/events.log
[1.908s] -- Up-to-date: /home/pi/documents/STA_github/ros2_ws/src/install/ydlidar_ros2_driver/share/ydlidar_ros2_driver/params/log/build_2023-11-07_06-29-43/logger_all.log
[1.908s] -- Installing: /home/pi/documents/STA_github/ros2_ws/src/install/ydlidar_ros2_driver/share/ydlidar_ros2_driver/params/ydlidar.yaml
[1.911s] -- Up-to-date: /home/pi/documents/STA_github/ros2_ws/src/install/ydlidar_ros2_driver/share/ydlidar_ros2_driver/startup
[1.914s] -- Up-to-date: /home/pi/documents/STA_github/ros2_ws/src/install/ydlidar_ros2_driver/share/ydlidar_ros2_driver/startup/initenv.sh
[1.918s] -- Up-to-date: /home/pi/documents/STA_github/ros2_ws/src/install/ydlidar_ros2_driver/share/ydlidar_ros2_driver/config
[1.922s] -- Up-to-date: /home/pi/documents/STA_github/ros2_ws/src/install/ydlidar_ros2_driver/share/ydlidar_ros2_driver/config/ydlidar.rviz
[1.922s] -- Up-to-date: /home/pi/documents/STA_github/ros2_ws/src/install/ydlidar_ros2_driver/share/ament_index/resource_index/package_run_dependencies/ydlidar_ros2_driver
[1.924s] -- Up-to-date: /home/pi/documents/STA_github/ros2_ws/src/install/ydlidar_ros2_driver/share/ament_index/resource_index/parent_prefix_path/ydlidar_ros2_driver
[1.925s] -- Up-to-date: /home/pi/documents/STA_github/ros2_ws/src/install/ydlidar_ros2_driver/share/ydlidar_ros2_driver/environment/ament_prefix_path.sh
[1.927s] -- Up-to-date: /home/pi/documents/STA_github/ros2_ws/src/install/ydlidar_ros2_driver/share/ydlidar_ros2_driver/environment/ament_prefix_path.dsv
[1.931s] -- Up-to-date: /home/pi/documents/STA_github/ros2_ws/src/install/ydlidar_ros2_driver/share/ydlidar_ros2_driver/environment/path.sh
[1.932s] -- Up-to-date: /home/pi/documents/STA_github/ros2_ws/src/install/ydlidar_ros2_driver/share/ydlidar_ros2_driver/environment/path.dsv
[1.933s] -- Up-to-date: /home/pi/documents/STA_github/ros2_ws/src/install/ydlidar_ros2_driver/share/ydlidar_ros2_driver/local_setup.bash
[1.933s] -- Up-to-date: /home/pi/documents/STA_github/ros2_ws/src/install/ydlidar_ros2_driver/share/ydlidar_ros2_driver/local_setup.sh
[1.933s] -- Up-to-date: /home/pi/documents/STA_github/ros2_ws/src/install/ydlidar_ros2_driver/share/ydlidar_ros2_driver/local_setup.zsh
[1.937s] -- Up-to-date: /home/pi/documents/STA_github/ros2_ws/src/install/ydlidar_ros2_driver/share/ydlidar_ros2_driver/local_setup.dsv
[1.937s] -- Installing: /home/pi/documents/STA_github/ros2_ws/src/install/ydlidar_ros2_driver/share/ydlidar_ros2_driver/package.dsv
[1.940s] -- Up-to-date: /home/pi/documents/STA_github/ros2_ws/src/install/ydlidar_ros2_driver/share/ament_index/resource_index/packages/ydlidar_ros2_driver
[1.940s] -- Up-to-date: /home/pi/documents/STA_github/ros2_ws/src/install/ydlidar_ros2_driver/share/ydlidar_ros2_driver/cmake/ydlidar_ros2_driverConfig.cmake
[1.944s] -- Up-to-date: /home/pi/documents/STA_github/ros2_ws/src/install/ydlidar_ros2_driver/share/ydlidar_ros2_driver/cmake/ydlidar_ros2_driverConfig-version.cmake
[1.944s] -- Up-to-date: /home/pi/documents/STA_github/ros2_ws/src/install/ydlidar_ros2_driver/share/ydlidar_ros2_driver/package.xml
[1.964s] Invoked command in '/home/pi/documents/STA_github/ros2_ws/src/build/ydlidar_ros2_driver' returned '0': CMAKE_PREFIX_PATH=${CMAKE_PREFIX_PATH}:/home/pi/ros2_ws/install/ydlidar_ros2_driver:/opt/ros/iron /usr/bin/cmake --install /home/pi/documents/STA_github/ros2_ws/src/build/ydlidar_ros2_driver
