[1.257s] Invoking command in '/home/pi/documents/STA_github/ros2_ws/src/build/mobile_robot': CMAKE_PREFIX_PATH=${CMAKE_PREFIX_PATH}:/home/pi/ros2_ws/install/ydlidar_ros2_driver:/opt/ros/iron /usr/bin/cmake --build /home/pi/documents/STA_github/ros2_ws/src/build/mobile_robot -- -j4 -l4
[1.546s] [100%] Built target mobile_robot
[1.596s] Invoked command in '/home/pi/documents/STA_github/ros2_ws/src/build/mobile_robot' returned '0': CMAKE_PREFIX_PATH=${CMAKE_PREFIX_PATH}:/home/pi/ros2_ws/install/ydlidar_ros2_driver:/opt/ros/iron /usr/bin/cmake --build /home/pi/documents/STA_github/ros2_ws/src/build/mobile_robot -- -j4 -l4
[1.785s] Invoking command in '/home/pi/documents/STA_github/ros2_ws/src/build/mobile_robot': CMAKE_PREFIX_PATH=${CMAKE_PREFIX_PATH}:/home/pi/ros2_ws/install/ydlidar_ros2_driver:/opt/ros/iron /usr/bin/cmake --install /home/pi/documents/STA_github/ros2_ws/src/build/mobile_robot
[1.818s] -- Install configuration: ""
[1.820s] -- Up-to-date: /home/pi/documents/STA_github/ros2_ws/src/install/mobile_robot/lib/mobile_robot/mobile_robot
[1.822s] -- Up-to-date: /home/pi/documents/STA_github/ros2_ws/src/install/mobile_robot/share/ament_index/resource_index/package_run_dependencies/mobile_robot
[1.824s] -- Up-to-date: /home/pi/documents/STA_github/ros2_ws/src/install/mobile_robot/share/ament_index/resource_index/parent_prefix_path/mobile_robot
[1.825s] -- Up-to-date: /home/pi/documents/STA_github/ros2_ws/src/install/mobile_robot/share/mobile_robot/environment/ament_prefix_path.sh
[1.827s] -- Up-to-date: /home/pi/documents/STA_github/ros2_ws/src/install/mobile_robot/share/mobile_robot/environment/ament_prefix_path.dsv
[1.828s] -- Up-to-date: /home/pi/documents/STA_github/ros2_ws/src/install/mobile_robot/share/mobile_robot/environment/path.sh
[1.829s] -- Up-to-date: /home/pi/documents/STA_github/ros2_ws/src/install/mobile_robot/share/mobile_robot/environment/path.dsv
[1.829s] -- Up-to-date: /home/pi/documents/STA_github/ros2_ws/src/install/mobile_robot/share/mobile_robot/local_setup.bash
[1.831s] -- Up-to-date: /home/pi/documents/STA_github/ros2_ws/src/install/mobile_robot/share/mobile_robot/local_setup.sh
[1.832s] -- Up-to-date: /home/pi/documents/STA_github/ros2_ws/src/install/mobile_robot/share/mobile_robot/local_setup.zsh
[1.833s] -- Up-to-date: /home/pi/documents/STA_github/ros2_ws/src/install/mobile_robot/share/mobile_robot/local_setup.dsv
[1.834s] -- Installing: /home/pi/documents/STA_github/ros2_ws/src/install/mobile_robot/share/mobile_robot/package.dsv
[1.834s] -- Up-to-date: /home/pi/documents/STA_github/ros2_ws/src/install/mobile_robot/share/ament_index/resource_index/packages/mobile_robot
[1.836s] -- Up-to-date: /home/pi/documents/STA_github/ros2_ws/src/install/mobile_robot/share/mobile_robot/cmake/mobile_robotConfig.cmake
[1.842s] -- Up-to-date: /home/pi/documents/STA_github/ros2_ws/src/install/mobile_robot/share/mobile_robot/cmake/mobile_robotConfig-version.cmake
[1.844s] -- Up-to-date: /home/pi/documents/STA_github/ros2_ws/src/install/mobile_robot/share/mobile_robot/package.xml
[1.847s] Invoked command in '/home/pi/documents/STA_github/ros2_ws/src/build/mobile_robot' returned '0': CMAKE_PREFIX_PATH=${CMAKE_PREFIX_PATH}:/home/pi/ros2_ws/install/ydlidar_ros2_driver:/opt/ros/iron /usr/bin/cmake --install /home/pi/documents/STA_github/ros2_ws/src/build/mobile_robot
