[11.353s] DEBUG:colcon:Command line arguments: ['/usr/bin/colcon', 'build', '--symlink-install']
[11.354s] DEBUG:colcon:Parsed command line arguments: Namespace(log_base=None, log_level=None, verb_name='build', build_base='build', install_base='install', merge_install=False, symlink_install=True, test_result_base=None, continue_on_error=False, executor='parallel', parallel_workers=4, event_handlers=None, ignore_user_meta=False, metas=['./colcon.meta'], base_paths=['.'], packages_ignore=None, packages_ignore_regex=None, paths=None, packages_up_to=None, packages_up_to_regex=None, packages_above=None, packages_above_and_dependencies=None, packages_above_depth=None, packages_select_by_dep=None, packages_skip_by_dep=None, packages_skip_up_to=None, packages_select_build_failed=False, packages_skip_build_finished=False, packages_select_test_failures=False, packages_skip_test_passed=False, packages_select=None, packages_skip=None, packages_select_regex=None, packages_skip_regex=None, packages_start=None, packages_end=None, allow_overriding=[], cmake_args=None, cmake_target=None, cmake_target_skip_unavailable=False, cmake_clean_cache=False, cmake_clean_first=False, cmake_force_configure=False, ament_cmake_args=None, catkin_cmake_args=None, catkin_skip_building_tests=False, verb_parser=<colcon_defaults.argument_parser.defaults.DefaultArgumentsDecorator object at 0xffff91ea5420>, verb_extension=<colcon_core.verb.build.BuildVerb object at 0xffff91ea4790>, main=<bound method BuildVerb.main of <colcon_core.verb.build.BuildVerb object at 0xffff91ea4790>>)
[11.965s] Level 1:colcon.colcon_core.package_discovery:discover_packages(colcon_meta) check parameters
[11.966s] Level 1:colcon.colcon_core.package_discovery:discover_packages(recursive) check parameters
[11.966s] Level 1:colcon.colcon_core.package_discovery:discover_packages(ignore) check parameters
[11.966s] Level 1:colcon.colcon_core.package_discovery:discover_packages(path) check parameters
[11.967s] Level 1:colcon.colcon_core.package_discovery:discover_packages(colcon_meta) discover
[11.967s] Level 1:colcon.colcon_core.package_discovery:discover_packages(recursive) discover
[11.967s] INFO:colcon.colcon_core.package_discovery:Crawling recursively for packages in '/home/pi/ros2_ws'
[11.968s] Level 1:colcon.colcon_core.package_identification:_identify(.) by extensions ['ignore', 'ignore_ament_install']
[11.969s] Level 1:colcon.colcon_core.package_identification:_identify(.) by extension 'ignore'
[11.970s] Level 1:colcon.colcon_core.package_identification:_identify(.) by extension 'ignore_ament_install'
[11.970s] Level 1:colcon.colcon_core.package_identification:_identify(.) by extensions ['colcon_pkg']
[11.970s] Level 1:colcon.colcon_core.package_identification:_identify(.) by extension 'colcon_pkg'
[11.971s] Level 1:colcon.colcon_core.package_identification:_identify(.) by extensions ['colcon_meta']
[11.971s] Level 1:colcon.colcon_core.package_identification:_identify(.) by extension 'colcon_meta'
[11.971s] Level 1:colcon.colcon_core.package_identification:_identify(.) by extensions ['ros']
[11.972s] Level 1:colcon.colcon_core.package_identification:_identify(.) by extension 'ros'
[12.113s] Level 1:colcon.colcon_core.package_identification:_identify(.) by extensions ['cmake', 'python']
[12.114s] Level 1:colcon.colcon_core.package_identification:_identify(.) by extension 'cmake'
[12.114s] Level 1:colcon.colcon_core.package_identification:_identify(.) by extension 'python'
[12.115s] Level 1:colcon.colcon_core.package_identification:_identify(.) by extensions ['python_setup_py']
[12.115s] Level 1:colcon.colcon_core.package_identification:_identify(.) by extension 'python_setup_py'
[12.116s] Level 1:colcon.colcon_core.package_identification:_identify(build) by extensions ['ignore', 'ignore_ament_install']
[12.117s] Level 1:colcon.colcon_core.package_identification:_identify(build) by extension 'ignore'
[12.117s] Level 1:colcon.colcon_core.package_identification:_identify(build) ignored
[12.119s] Level 1:colcon.colcon_core.package_identification:_identify(install) by extensions ['ignore', 'ignore_ament_install']
[12.119s] Level 1:colcon.colcon_core.package_identification:_identify(install) by extension 'ignore'
[12.120s] Level 1:colcon.colcon_core.package_identification:_identify(install) ignored
[12.121s] Level 1:colcon.colcon_core.package_identification:_identify(log) by extensions ['ignore', 'ignore_ament_install']
[12.121s] Level 1:colcon.colcon_core.package_identification:_identify(log) by extension 'ignore'
[12.122s] Level 1:colcon.colcon_core.package_identification:_identify(log) ignored
[12.123s] Level 1:colcon.colcon_core.package_identification:_identify(src) by extensions ['ignore', 'ignore_ament_install']
[12.123s] Level 1:colcon.colcon_core.package_identification:_identify(src) by extension 'ignore'
[12.124s] Level 1:colcon.colcon_core.package_identification:_identify(src) by extension 'ignore_ament_install'
[12.124s] Level 1:colcon.colcon_core.package_identification:_identify(src) by extensions ['colcon_pkg']
[12.125s] Level 1:colcon.colcon_core.package_identification:_identify(src) by extension 'colcon_pkg'
[12.125s] Level 1:colcon.colcon_core.package_identification:_identify(src) by extensions ['colcon_meta']
[12.125s] Level 1:colcon.colcon_core.package_identification:_identify(src) by extension 'colcon_meta'
[12.126s] Level 1:colcon.colcon_core.package_identification:_identify(src) by extensions ['ros']
[12.126s] Level 1:colcon.colcon_core.package_identification:_identify(src) by extension 'ros'
[12.127s] Level 1:colcon.colcon_core.package_identification:_identify(src) by extensions ['cmake', 'python']
[12.127s] Level 1:colcon.colcon_core.package_identification:_identify(src) by extension 'cmake'
[12.128s] Level 1:colcon.colcon_core.package_identification:_identify(src) by extension 'python'
[12.128s] Level 1:colcon.colcon_core.package_identification:_identify(src) by extensions ['python_setup_py']
[12.128s] Level 1:colcon.colcon_core.package_identification:_identify(src) by extension 'python_setup_py'
[12.130s] Level 1:colcon.colcon_core.package_identification:_identify(src/ydlidar_ros2_driver) by extensions ['ignore', 'ignore_ament_install']
[12.130s] Level 1:colcon.colcon_core.package_identification:_identify(src/ydlidar_ros2_driver) by extension 'ignore'
[12.131s] Level 1:colcon.colcon_core.package_identification:_identify(src/ydlidar_ros2_driver) by extension 'ignore_ament_install'
[12.131s] Level 1:colcon.colcon_core.package_identification:_identify(src/ydlidar_ros2_driver) by extensions ['colcon_pkg']
[12.132s] Level 1:colcon.colcon_core.package_identification:_identify(src/ydlidar_ros2_driver) by extension 'colcon_pkg'
[12.132s] Level 1:colcon.colcon_core.package_identification:_identify(src/ydlidar_ros2_driver) by extensions ['colcon_meta']
[12.132s] Level 1:colcon.colcon_core.package_identification:_identify(src/ydlidar_ros2_driver) by extension 'colcon_meta'
[12.133s] Level 1:colcon.colcon_core.package_identification:_identify(src/ydlidar_ros2_driver) by extensions ['ros']
[12.133s] Level 1:colcon.colcon_core.package_identification:_identify(src/ydlidar_ros2_driver) by extension 'ros'
[12.159s] DEBUG:colcon.colcon_core.package_identification:Package 'src/ydlidar_ros2_driver' with type 'ros.ament_cmake' and name 'ydlidar_ros2_driver'
[12.159s] Level 1:colcon.colcon_core.package_discovery:discover_packages(recursive) using defaults
[12.160s] Level 1:colcon.colcon_core.package_discovery:discover_packages(ignore) discover
[12.160s] Level 1:colcon.colcon_core.package_discovery:discover_packages(ignore) using defaults
[12.160s] Level 1:colcon.colcon_core.package_discovery:discover_packages(path) discover
[12.161s] Level 1:colcon.colcon_core.package_discovery:discover_packages(path) using defaults
[13.164s] Level 1:colcon.colcon_core.package_discovery:discover_packages(prefix_path) check parameters
[13.164s] Level 1:colcon.colcon_core.package_discovery:discover_packages(prefix_path) discover
[13.504s] DEBUG:colcon.colcon_installed_package_information.package_discovery:Found 281 installed packages in /opt/ros/iron
[13.518s] Level 1:colcon.colcon_core.package_discovery:discover_packages(prefix_path) using defaults
[14.422s] Level 5:colcon.colcon_core.verb:set package 'ydlidar_ros2_driver' build argument 'cmake_args' from command line to 'None'
[14.422s] Level 5:colcon.colcon_core.verb:set package 'ydlidar_ros2_driver' build argument 'cmake_target' from command line to 'None'
[14.423s] Level 5:colcon.colcon_core.verb:set package 'ydlidar_ros2_driver' build argument 'cmake_target_skip_unavailable' from command line to 'False'
[14.423s] Level 5:colcon.colcon_core.verb:set package 'ydlidar_ros2_driver' build argument 'cmake_clean_cache' from command line to 'False'
[14.423s] Level 5:colcon.colcon_core.verb:set package 'ydlidar_ros2_driver' build argument 'cmake_clean_first' from command line to 'False'
[14.423s] Level 5:colcon.colcon_core.verb:set package 'ydlidar_ros2_driver' build argument 'cmake_force_configure' from command line to 'False'
[14.423s] Level 5:colcon.colcon_core.verb:set package 'ydlidar_ros2_driver' build argument 'ament_cmake_args' from command line to 'None'
[14.424s] Level 5:colcon.colcon_core.verb:set package 'ydlidar_ros2_driver' build argument 'catkin_cmake_args' from command line to 'None'
[14.424s] Level 5:colcon.colcon_core.verb:set package 'ydlidar_ros2_driver' build argument 'catkin_skip_building_tests' from command line to 'False'
[14.424s] DEBUG:colcon.colcon_core.verb:Building package 'ydlidar_ros2_driver' with the following arguments: {'ament_cmake_args': None, 'build_base': '/home/pi/ros2_ws/build/ydlidar_ros2_driver', 'catkin_cmake_args': None, 'catkin_skip_building_tests': False, 'cmake_args': None, 'cmake_clean_cache': False, 'cmake_clean_first': False, 'cmake_force_configure': False, 'cmake_target': None, 'cmake_target_skip_unavailable': False, 'install_base': '/home/pi/ros2_ws/install/ydlidar_ros2_driver', 'merge_install': False, 'path': '/home/pi/ros2_ws/src/ydlidar_ros2_driver', 'symlink_install': True, 'test_result_base': None}
[14.576s] INFO:colcon.colcon_core.executor:Executing jobs using 'parallel' executor
[14.730s] DEBUG:colcon.colcon_parallel_executor.executor.parallel:run_until_complete
[14.732s] INFO:colcon.colcon_ros.task.ament_cmake.build:Building ROS package in '/home/pi/ros2_ws/src/ydlidar_ros2_driver' with build type 'ament_cmake'
[14.733s] INFO:colcon.colcon_cmake.task.cmake.build:Building CMake package in '/home/pi/ros2_ws/src/ydlidar_ros2_driver'
[14.923s] INFO:colcon.colcon_core.plugin_system:Skipping extension 'colcon_core.shell.bat': Not used on non-Windows systems
[14.924s] INFO:colcon.colcon_core.shell:Skip shell extension 'powershell' for command environment: Not usable outside of PowerShell
[14.925s] DEBUG:colcon.colcon_core.shell:Skip shell extension 'dsv' for command environment
[15.317s] DEBUG:colcon.colcon_core.event_handler.log_command:Invoking command in '/home/pi/ros2_ws/build/ydlidar_ros2_driver': CMAKE_PREFIX_PATH=/opt/ros/iron /usr/bin/cmake --build /home/pi/ros2_ws/build/ydlidar_ros2_driver -- -j4 -l4
[64.420s] DEBUG:colcon.colcon_core.event_handler.log_command:Invoked command in '/home/pi/ros2_ws/build/ydlidar_ros2_driver' returned '0': CMAKE_PREFIX_PATH=/opt/ros/iron /usr/bin/cmake --build /home/pi/ros2_ws/build/ydlidar_ros2_driver -- -j4 -l4
[64.741s] DEBUG:colcon.colcon_core.event_handler.log_command:Invoking command in '/home/pi/ros2_ws/build/ydlidar_ros2_driver': CMAKE_PREFIX_PATH=/opt/ros/iron /usr/bin/cmake --install /home/pi/ros2_ws/build/ydlidar_ros2_driver
[64.962s] Level 1:colcon.colcon_core.environment:create_environment_scripts_only(ydlidar_ros2_driver)
[64.966s] DEBUG:colcon.colcon_core.event_handler.log_command:Invoked command in '/home/pi/ros2_ws/build/ydlidar_ros2_driver' returned '0': CMAKE_PREFIX_PATH=/opt/ros/iron /usr/bin/cmake --install /home/pi/ros2_ws/build/ydlidar_ros2_driver
[66.232s] Level 1:colcon.colcon_core.environment:checking '/home/pi/ros2_ws/install/ydlidar_ros2_driver' for CMake module files
[66.239s] Level 1:colcon.colcon_core.environment:checking '/home/pi/ros2_ws/install/ydlidar_ros2_driver' for CMake config files
[66.244s] Level 1:colcon.colcon_core.shell:create_environment_hook('ydlidar_ros2_driver', 'cmake_prefix_path')
[66.402s] INFO:colcon.colcon_core.shell:Creating environment hook '/home/pi/ros2_ws/install/ydlidar_ros2_driver/share/ydlidar_ros2_driver/hook/cmake_prefix_path.ps1'
[66.412s] INFO:colcon.colcon_core.shell:Creating environment descriptor '/home/pi/ros2_ws/install/ydlidar_ros2_driver/share/ydlidar_ros2_driver/hook/cmake_prefix_path.dsv'
[66.422s] INFO:colcon.colcon_core.shell:Creating environment hook '/home/pi/ros2_ws/install/ydlidar_ros2_driver/share/ydlidar_ros2_driver/hook/cmake_prefix_path.sh'
[66.433s] Level 1:colcon.colcon_core.environment:checking '/home/pi/ros2_ws/install/ydlidar_ros2_driver/lib'
[66.435s] Level 1:colcon.colcon_core.environment:checking '/home/pi/ros2_ws/install/ydlidar_ros2_driver/bin'
[66.435s] Level 1:colcon.colcon_core.environment:checking '/home/pi/ros2_ws/install/ydlidar_ros2_driver/lib/pkgconfig/ydlidar_ros2_driver.pc'
[66.438s] Level 1:colcon.colcon_core.environment:checking '/home/pi/ros2_ws/install/ydlidar_ros2_driver/lib/python3.10/site-packages'
[66.440s] Level 1:colcon.colcon_core.environment:checking '/home/pi/ros2_ws/install/ydlidar_ros2_driver/bin'
[66.595s] INFO:colcon.colcon_core.shell:Creating package script '/home/pi/ros2_ws/install/ydlidar_ros2_driver/share/ydlidar_ros2_driver/package.ps1'
[66.603s] INFO:colcon.colcon_core.shell:Creating package descriptor '/home/pi/ros2_ws/install/ydlidar_ros2_driver/share/ydlidar_ros2_driver/package.dsv'
[66.610s] INFO:colcon.colcon_core.shell:Creating package script '/home/pi/ros2_ws/install/ydlidar_ros2_driver/share/ydlidar_ros2_driver/package.sh'
[66.618s] INFO:colcon.colcon_core.shell:Creating package script '/home/pi/ros2_ws/install/ydlidar_ros2_driver/share/ydlidar_ros2_driver/package.bash'
[66.627s] INFO:colcon.colcon_core.shell:Creating package script '/home/pi/ros2_ws/install/ydlidar_ros2_driver/share/ydlidar_ros2_driver/package.zsh'
[66.637s] Level 1:colcon.colcon_core.environment:create_file_with_runtime_dependencies(/home/pi/ros2_ws/install/ydlidar_ros2_driver/share/colcon-core/packages/ydlidar_ros2_driver)
[67.039s] Level 1:colcon.colcon_core.environment:create_environment_scripts_only(ydlidar_ros2_driver)
[67.194s] Level 1:colcon.colcon_core.environment:checking '/home/pi/ros2_ws/install/ydlidar_ros2_driver' for CMake module files
[67.200s] Level 1:colcon.colcon_core.environment:checking '/home/pi/ros2_ws/install/ydlidar_ros2_driver' for CMake config files
[67.205s] Level 1:colcon.colcon_core.shell:create_environment_hook('ydlidar_ros2_driver', 'cmake_prefix_path')
[67.364s] INFO:colcon.colcon_core.shell:Creating environment hook '/home/pi/ros2_ws/install/ydlidar_ros2_driver/share/ydlidar_ros2_driver/hook/cmake_prefix_path.ps1'
[67.367s] INFO:colcon.colcon_core.shell:Creating environment descriptor '/home/pi/ros2_ws/install/ydlidar_ros2_driver/share/ydlidar_ros2_driver/hook/cmake_prefix_path.dsv'
[67.370s] INFO:colcon.colcon_core.shell:Creating environment hook '/home/pi/ros2_ws/install/ydlidar_ros2_driver/share/ydlidar_ros2_driver/hook/cmake_prefix_path.sh'
[67.375s] Level 1:colcon.colcon_core.environment:checking '/home/pi/ros2_ws/install/ydlidar_ros2_driver/lib'
[67.376s] Level 1:colcon.colcon_core.environment:checking '/home/pi/ros2_ws/install/ydlidar_ros2_driver/bin'
[67.377s] Level 1:colcon.colcon_core.environment:checking '/home/pi/ros2_ws/install/ydlidar_ros2_driver/lib/pkgconfig/ydlidar_ros2_driver.pc'
[67.379s] Level 1:colcon.colcon_core.environment:checking '/home/pi/ros2_ws/install/ydlidar_ros2_driver/lib/python3.10/site-packages'
[67.381s] Level 1:colcon.colcon_core.environment:checking '/home/pi/ros2_ws/install/ydlidar_ros2_driver/bin'
[67.538s] INFO:colcon.colcon_core.shell:Creating package script '/home/pi/ros2_ws/install/ydlidar_ros2_driver/share/ydlidar_ros2_driver/package.ps1'
[67.542s] INFO:colcon.colcon_core.shell:Creating package descriptor '/home/pi/ros2_ws/install/ydlidar_ros2_driver/share/ydlidar_ros2_driver/package.dsv'
[67.546s] INFO:colcon.colcon_core.shell:Creating package script '/home/pi/ros2_ws/install/ydlidar_ros2_driver/share/ydlidar_ros2_driver/package.sh'
[67.550s] INFO:colcon.colcon_core.shell:Creating package script '/home/pi/ros2_ws/install/ydlidar_ros2_driver/share/ydlidar_ros2_driver/package.bash'
[67.554s] INFO:colcon.colcon_core.shell:Creating package script '/home/pi/ros2_ws/install/ydlidar_ros2_driver/share/ydlidar_ros2_driver/package.zsh'
[67.558s] Level 1:colcon.colcon_core.environment:create_file_with_runtime_dependencies(/home/pi/ros2_ws/install/ydlidar_ros2_driver/share/colcon-core/packages/ydlidar_ros2_driver)
[67.561s] DEBUG:colcon.colcon_parallel_executor.executor.parallel:closing loop
[67.563s] DEBUG:colcon.colcon_parallel_executor.executor.parallel:loop closed
[67.565s] DEBUG:colcon.colcon_parallel_executor.executor.parallel:run_until_complete finished with '0'
[67.566s] DEBUG:colcon.colcon_core.event_reactor:joining thread
[67.815s] INFO:colcon.colcon_core.plugin_system:Skipping extension 'colcon_notification.desktop_notification.notify_send': Could not find 'notify-send'
[67.816s] INFO:colcon.colcon_core.plugin_system:Skipping extension 'colcon_notification.desktop_notification.terminal_notifier': Not used on non-Darwin systems
[67.817s] INFO:colcon.colcon_core.plugin_system:Skipping extension 'colcon_notification.desktop_notification.win32': Not used on non-Windows systems
[67.817s] INFO:colcon.colcon_notification.desktop_notification:Sending desktop notification using 'notify2'
[67.858s] DEBUG:colcon.colcon_notification.desktop_notification.notify2:Failed to initialize notify2: org.freedesktop.DBus.Error.ServiceUnknown: The name org.freedesktop.Notifications was not provided by any .service files
[67.859s] DEBUG:colcon.colcon_core.event_reactor:joined thread
[68.016s] INFO:colcon.colcon_core.shell:Creating prefix script '/home/pi/ros2_ws/install/local_setup.ps1'
[68.025s] INFO:colcon.colcon_core.shell:Creating prefix util module '/home/pi/ros2_ws/install/_local_setup_util_ps1.py'
[68.040s] INFO:colcon.colcon_core.shell:Creating prefix chain script '/home/pi/ros2_ws/install/setup.ps1'
[68.198s] INFO:colcon.colcon_core.shell:Creating prefix script '/home/pi/ros2_ws/install/local_setup.sh'
[68.204s] INFO:colcon.colcon_core.shell:Creating prefix util module '/home/pi/ros2_ws/install/_local_setup_util_sh.py'
[68.209s] INFO:colcon.colcon_core.shell:Creating prefix chain script '/home/pi/ros2_ws/install/setup.sh'
[68.367s] INFO:colcon.colcon_core.shell:Creating prefix script '/home/pi/ros2_ws/install/local_setup.bash'
[68.373s] INFO:colcon.colcon_core.shell:Creating prefix chain script '/home/pi/ros2_ws/install/setup.bash'
[68.534s] INFO:colcon.colcon_core.shell:Creating prefix script '/home/pi/ros2_ws/install/local_setup.zsh'
[68.540s] INFO:colcon.colcon_core.shell:Creating prefix chain script '/home/pi/ros2_ws/install/setup.zsh'
