[1.007s] Invoking command in '/home/pi/documents/STA_github/ros2_ws/src/build/mobile_robot': CMAKE_PREFIX_PATH=${CMAKE_PREFIX_PATH}:/home/pi/ros2_ws/install/ydlidar_ros2_driver:/opt/ros/iron /usr/bin/cmake --build /home/pi/documents/STA_github/ros2_ws/src/build/mobile_robot -- -j4 -l4
[1.279s] [100%] Built target mobile_robot
[1.325s] Invoked command in '/home/pi/documents/STA_github/ros2_ws/src/build/mobile_robot' returned '0': CMAKE_PREFIX_PATH=${CMAKE_PREFIX_PATH}:/home/pi/ros2_ws/install/ydlidar_ros2_driver:/opt/ros/iron /usr/bin/cmake --build /home/pi/documents/STA_github/ros2_ws/src/build/mobile_robot -- -j4 -l4
[1.489s] Invoking command in '/home/pi/documents/STA_github/ros2_ws/src/build/mobile_robot': CMAKE_PREFIX_PATH=${CMAKE_PREFIX_PATH}:/home/pi/ros2_ws/install/ydlidar_ros2_driver:/opt/ros/iron /usr/bin/cmake --install /home/pi/documents/STA_github/ros2_ws/src/build/mobile_robot
[1.516s] -- Install configuration: ""
[1.518s] -- Up-to-date: /home/pi/documents/STA_github/ros2_ws/src/install/mobile_robot/lib/mobile_robot/mobile_robot
[1.519s] -- Up-to-date: /home/pi/documents/STA_github/ros2_ws/src/install/mobile_robot/share/ament_index/resource_index/package_run_dependencies/mobile_robot
[1.520s] -- Up-to-date: /home/pi/documents/STA_github/ros2_ws/src/install/mobile_robot/share/ament_index/resource_index/parent_prefix_path/mobile_robot
[1.521s] -- Up-to-date: /home/pi/documents/STA_github/ros2_ws/src/install/mobile_robot/share/mobile_robot/environment/ament_prefix_path.sh
[1.521s] -- Up-to-date: /home/pi/documents/STA_github/ros2_ws/src/install/mobile_robot/share/mobile_robot/environment/ament_prefix_path.dsv
[1.522s] -- Up-to-date: /home/pi/documents/STA_github/ros2_ws/src/install/mobile_robot/share/mobile_robot/environment/path.sh
[1.522s] -- Up-to-date: /home/pi/documents/STA_github/ros2_ws/src/install/mobile_robot/share/mobile_robot/environment/path.dsv
[1.523s] -- Up-to-date: /home/pi/documents/STA_github/ros2_ws/src/install/mobile_robot/share/mobile_robot/local_setup.bash
[1.523s] -- Up-to-date: /home/pi/documents/STA_github/ros2_ws/src/install/mobile_robot/share/mobile_robot/local_setup.sh
[1.524s] -- Up-to-date: /home/pi/documents/STA_github/ros2_ws/src/install/mobile_robot/share/mobile_robot/local_setup.zsh
[1.524s] -- Up-to-date: /home/pi/documents/STA_github/ros2_ws/src/install/mobile_robot/share/mobile_robot/local_setup.dsv
[1.525s] -- Installing: /home/pi/documents/STA_github/ros2_ws/src/install/mobile_robot/share/mobile_robot/package.dsv
[1.526s] -- Up-to-date: /home/pi/documents/STA_github/ros2_ws/src/install/mobile_robot/share/ament_index/resource_index/packages/mobile_robot
[1.526s] -- Up-to-date: /home/pi/documents/STA_github/ros2_ws/src/install/mobile_robot/share/mobile_robot/cmake/mobile_robotConfig.cmake
[1.527s] -- Up-to-date: /home/pi/documents/STA_github/ros2_ws/src/install/mobile_robot/share/mobile_robot/cmake/mobile_robotConfig-version.cmake
[1.527s] -- Up-to-date: /home/pi/documents/STA_github/ros2_ws/src/install/mobile_robot/share/mobile_robot/package.xml
[1.534s] Invoked command in '/home/pi/documents/STA_github/ros2_ws/src/build/mobile_robot' returned '0': CMAKE_PREFIX_PATH=${CMAKE_PREFIX_PATH}:/home/pi/ros2_ws/install/ydlidar_ros2_driver:/opt/ros/iron /usr/bin/cmake --install /home/pi/documents/STA_github/ros2_ws/src/build/mobile_robot
