[0.570s] Invoking command in '/home/pi/documents/STA_github/ros2_ws/build/ydlidar_ros2_driver': CMAKE_PREFIX_PATH=${CMAKE_PREFIX_PATH}:/home/pi/ros2_ws/install/ydlidar_ros2_driver:/opt/ros/iron /usr/bin/cmake --build /home/pi/documents/STA_github/ros2_ws/build/ydlidar_ros2_driver -- -j4 -l4
[0.946s] [ 50%] Built target ydlidar_ros2_driver_client
[0.974s] [100%] Built target ydlidar_ros2_driver_node
[1.031s] Invoked command in '/home/pi/documents/STA_github/ros2_ws/build/ydlidar_ros2_driver' returned '0': CMAKE_PREFIX_PATH=${CMAKE_PREFIX_PATH}:/home/pi/ros2_ws/install/ydlidar_ros2_driver:/opt/ros/iron /usr/bin/cmake --build /home/pi/documents/STA_github/ros2_ws/build/ydlidar_ros2_driver -- -j4 -l4
[1.615s] Invoking command in '/home/pi/documents/STA_github/ros2_ws/build/ydlidar_ros2_driver': CMAKE_PREFIX_PATH=${CMAKE_PREFIX_PATH}:/home/pi/ros2_ws/install/ydlidar_ros2_driver:/opt/ros/iron /usr/bin/cmake --install /home/pi/documents/STA_github/ros2_ws/build/ydlidar_ros2_driver
[1.656s] -- Install configuration: ""
[1.659s] -- Up-to-date: /home/pi/documents/STA_github/ros2_ws/install/ydlidar_ros2_driver/lib/ydlidar_ros2_driver/ydlidar_ros2_driver_node
[1.662s] -- Up-to-date: /home/pi/documents/STA_github/ros2_ws/install/ydlidar_ros2_driver/lib/ydlidar_ros2_driver/ydlidar_ros2_driver_client
[1.663s] -- Up-to-date: /home/pi/documents/STA_github/ros2_ws/install/ydlidar_ros2_driver/share/ydlidar_ros2_driver/launch
[1.664s] -- Up-to-date: /home/pi/documents/STA_github/ros2_ws/install/ydlidar_ros2_driver/share/ydlidar_ros2_driver/launch/ydlidar_launch_view.py
[1.665s] -- Up-to-date: /home/pi/documents/STA_github/ros2_ws/install/ydlidar_ros2_driver/share/ydlidar_ros2_driver/launch/ydlidar_launch_mod.py
[1.666s] -- Up-to-date: /home/pi/documents/STA_github/ros2_ws/install/ydlidar_ros2_driver/share/ydlidar_ros2_driver/launch/ydlidar.py
[1.666s] -- Up-to-date: /home/pi/documents/STA_github/ros2_ws/install/ydlidar_ros2_driver/share/ydlidar_ros2_driver/launch/__pycache__
[1.667s] -- Up-to-date: /home/pi/documents/STA_github/ros2_ws/install/ydlidar_ros2_driver/share/ydlidar_ros2_driver/launch/__pycache__/ydlidar_launch_mod.cpython-310.pyc
[1.668s] -- Up-to-date: /home/pi/documents/STA_github/ros2_ws/install/ydlidar_ros2_driver/share/ydlidar_ros2_driver/launch/__pycache__/ydlidar_launch.cpython-310.pyc
[1.669s] -- Up-to-date: /home/pi/documents/STA_github/ros2_ws/install/ydlidar_ros2_driver/share/ydlidar_ros2_driver/launch/ydlidar_launch.py
[1.670s] -- Up-to-date: /home/pi/documents/STA_github/ros2_ws/install/ydlidar_ros2_driver/share/ydlidar_ros2_driver/params
[1.670s] -- Up-to-date: /home/pi/documents/STA_github/ros2_ws/install/ydlidar_ros2_driver/share/ydlidar_ros2_driver/params/build
[1.671s] -- Up-to-date: /home/pi/documents/STA_github/ros2_ws/install/ydlidar_ros2_driver/share/ydlidar_ros2_driver/params/build/COLCON_IGNORE
[1.671s] -- Up-to-date: /home/pi/documents/STA_github/ros2_ws/install/ydlidar_ros2_driver/share/ydlidar_ros2_driver/params/build/.built_by
[1.672s] -- Up-to-date: /home/pi/documents/STA_github/ros2_ws/install/ydlidar_ros2_driver/share/ydlidar_ros2_driver/params/install
[1.672s] -- Up-to-date: /home/pi/documents/STA_github/ros2_ws/install/ydlidar_ros2_driver/share/ydlidar_ros2_driver/params/install/COLCON_IGNORE
[1.673s] -- Up-to-date: /home/pi/documents/STA_github/ros2_ws/install/ydlidar_ros2_driver/share/ydlidar_ros2_driver/params/install/local_setup.ps1
[1.674s] -- Up-to-date: /home/pi/documents/STA_github/ros2_ws/install/ydlidar_ros2_driver/share/ydlidar_ros2_driver/params/install/.colcon_install_layout
[1.674s] -- Up-to-date: /home/pi/documents/STA_github/ros2_ws/install/ydlidar_ros2_driver/share/ydlidar_ros2_driver/params/install/_local_setup_util_sh.py
[1.675s] -- Up-to-date: /home/pi/documents/STA_github/ros2_ws/install/ydlidar_ros2_driver/share/ydlidar_ros2_driver/params/install/setup.zsh
[1.675s] -- Up-to-date: /home/pi/documents/STA_github/ros2_ws/install/ydlidar_ros2_driver/share/ydlidar_ros2_driver/params/install/local_setup.bash
[1.676s] -- Up-to-date: /home/pi/documents/STA_github/ros2_ws/install/ydlidar_ros2_driver/share/ydlidar_ros2_driver/params/install/local_setup.zsh
[1.677s] -- Up-to-date: /home/pi/documents/STA_github/ros2_ws/install/ydlidar_ros2_driver/share/ydlidar_ros2_driver/params/install/_local_setup_util_ps1.py
[1.678s] -- Up-to-date: /home/pi/documents/STA_github/ros2_ws/install/ydlidar_ros2_driver/share/ydlidar_ros2_driver/params/install/local_setup.sh
[1.679s] -- Up-to-date: /home/pi/documents/STA_github/ros2_ws/install/ydlidar_ros2_driver/share/ydlidar_ros2_driver/params/install/setup.bash
[1.679s] -- Up-to-date: /home/pi/documents/STA_github/ros2_ws/install/ydlidar_ros2_driver/share/ydlidar_ros2_driver/params/install/setup.ps1
[1.680s] -- Up-to-date: /home/pi/documents/STA_github/ros2_ws/install/ydlidar_ros2_driver/share/ydlidar_ros2_driver/params/install/setup.sh
[1.681s] -- Up-to-date: /home/pi/documents/STA_github/ros2_ws/install/ydlidar_ros2_driver/share/ydlidar_ros2_driver/params/log
[1.681s] -- Up-to-date: /home/pi/documents/STA_github/ros2_ws/install/ydlidar_ros2_driver/share/ydlidar_ros2_driver/params/log/COLCON_IGNORE
[1.682s] -- Up-to-date: /home/pi/documents/STA_github/ros2_ws/install/ydlidar_ros2_driver/share/ydlidar_ros2_driver/params/log/latest_build
[1.683s] -- Up-to-date: /home/pi/documents/STA_github/ros2_ws/install/ydlidar_ros2_driver/share/ydlidar_ros2_driver/params/log/latest
[1.683s] -- Up-to-date: /home/pi/documents/STA_github/ros2_ws/install/ydlidar_ros2_driver/share/ydlidar_ros2_driver/params/log/build_2023-11-07_06-29-43
[1.684s] -- Up-to-date: /home/pi/documents/STA_github/ros2_ws/install/ydlidar_ros2_driver/share/ydlidar_ros2_driver/params/log/build_2023-11-07_06-29-43/events.log
[1.684s] -- Up-to-date: /home/pi/documents/STA_github/ros2_ws/install/ydlidar_ros2_driver/share/ydlidar_ros2_driver/params/log/build_2023-11-07_06-29-43/logger_all.log
[1.685s] -- Up-to-date: /home/pi/documents/STA_github/ros2_ws/install/ydlidar_ros2_driver/share/ydlidar_ros2_driver/params/ydlidar.yaml
[1.685s] -- Up-to-date: /home/pi/documents/STA_github/ros2_ws/install/ydlidar_ros2_driver/share/ydlidar_ros2_driver/startup
[1.686s] -- Up-to-date: /home/pi/documents/STA_github/ros2_ws/install/ydlidar_ros2_driver/share/ydlidar_ros2_driver/startup/initenv.sh
[1.687s] -- Up-to-date: /home/pi/documents/STA_github/ros2_ws/install/ydlidar_ros2_driver/share/ydlidar_ros2_driver/config
[1.687s] -- Up-to-date: /home/pi/documents/STA_github/ros2_ws/install/ydlidar_ros2_driver/share/ydlidar_ros2_driver/config/ydlidar.rviz
[1.688s] -- Up-to-date: /home/pi/documents/STA_github/ros2_ws/install/ydlidar_ros2_driver/share/ament_index/resource_index/package_run_dependencies/ydlidar_ros2_driver
[1.689s] -- Up-to-date: /home/pi/documents/STA_github/ros2_ws/install/ydlidar_ros2_driver/share/ament_index/resource_index/parent_prefix_path/ydlidar_ros2_driver
[1.690s] -- Up-to-date: /home/pi/documents/STA_github/ros2_ws/install/ydlidar_ros2_driver/share/ydlidar_ros2_driver/environment/ament_prefix_path.sh
[1.690s] -- Up-to-date: /home/pi/documents/STA_github/ros2_ws/install/ydlidar_ros2_driver/share/ydlidar_ros2_driver/environment/ament_prefix_path.dsv
[1.691s] -- Up-to-date: /home/pi/documents/STA_github/ros2_ws/install/ydlidar_ros2_driver/share/ydlidar_ros2_driver/environment/path.sh
[1.692s] -- Up-to-date: /home/pi/documents/STA_github/ros2_ws/install/ydlidar_ros2_driver/share/ydlidar_ros2_driver/environment/path.dsv
[1.692s] -- Up-to-date: /home/pi/documents/STA_github/ros2_ws/install/ydlidar_ros2_driver/share/ydlidar_ros2_driver/local_setup.bash
[1.693s] -- Up-to-date: /home/pi/documents/STA_github/ros2_ws/install/ydlidar_ros2_driver/share/ydlidar_ros2_driver/local_setup.sh
[1.694s] -- Up-to-date: /home/pi/documents/STA_github/ros2_ws/install/ydlidar_ros2_driver/share/ydlidar_ros2_driver/local_setup.zsh
[1.695s] -- Up-to-date: /home/pi/documents/STA_github/ros2_ws/install/ydlidar_ros2_driver/share/ydlidar_ros2_driver/local_setup.dsv
[1.695s] -- Installing: /home/pi/documents/STA_github/ros2_ws/install/ydlidar_ros2_driver/share/ydlidar_ros2_driver/package.dsv
[1.699s] -- Up-to-date: /home/pi/documents/STA_github/ros2_ws/install/ydlidar_ros2_driver/share/ament_index/resource_index/packages/ydlidar_ros2_driver
[1.700s] -- Up-to-date: /home/pi/documents/STA_github/ros2_ws/install/ydlidar_ros2_driver/share/ydlidar_ros2_driver/cmake/ydlidar_ros2_driverConfig.cmake
[1.700s] -- Up-to-date: /home/pi/documents/STA_github/ros2_ws/install/ydlidar_ros2_driver/share/ydlidar_ros2_driver/cmake/ydlidar_ros2_driverConfig-version.cmake
[1.702s] -- Up-to-date: /home/pi/documents/STA_github/ros2_ws/install/ydlidar_ros2_driver/share/ydlidar_ros2_driver/package.xml
[1.718s] Invoked command in '/home/pi/documents/STA_github/ros2_ws/build/ydlidar_ros2_driver' returned '0': CMAKE_PREFIX_PATH=${CMAKE_PREFIX_PATH}:/home/pi/ros2_ws/install/ydlidar_ros2_driver:/opt/ros/iron /usr/bin/cmake --install /home/pi/documents/STA_github/ros2_ws/build/ydlidar_ros2_driver
