[1.572s] Invoking command in '/home/pi/documents/STA_github/ros2_ws/build/mobile_robot': CMAKE_PREFIX_PATH=${CMAKE_PREFIX_PATH}:/home/pi/ros2_ws/install/ydlidar_ros2_driver:/opt/ros/iron /usr/bin/cmake --build /home/pi/documents/STA_github/ros2_ws/build/mobile_robot -- -j4 -l4
[1.854s] [100%] Built target mobile_robot
[1.901s] Invoked command in '/home/pi/documents/STA_github/ros2_ws/build/mobile_robot' returned '0': CMAKE_PREFIX_PATH=${CMAKE_PREFIX_PATH}:/home/pi/ros2_ws/install/ydlidar_ros2_driver:/opt/ros/iron /usr/bin/cmake --build /home/pi/documents/STA_github/ros2_ws/build/mobile_robot -- -j4 -l4
[2.164s] Invoking command in '/home/pi/documents/STA_github/ros2_ws/build/mobile_robot': CMAKE_PREFIX_PATH=${CMAKE_PREFIX_PATH}:/home/pi/ros2_ws/install/ydlidar_ros2_driver:/opt/ros/iron /usr/bin/cmake --install /home/pi/documents/STA_github/ros2_ws/build/mobile_robot
[2.193s] -- Install configuration: ""
[2.194s] -- Up-to-date: /home/pi/documents/STA_github/ros2_ws/install/mobile_robot/lib/mobile_robot/mobile_robot
[2.201s] -- Up-to-date: /home/pi/documents/STA_github/ros2_ws/install/mobile_robot/share/ament_index/resource_index/package_run_dependencies/mobile_robot
[2.202s] -- Up-to-date: /home/pi/documents/STA_github/ros2_ws/install/mobile_robot/share/ament_index/resource_index/parent_prefix_path/mobile_robot
[2.203s] -- Up-to-date: /home/pi/documents/STA_github/ros2_ws/install/mobile_robot/share/mobile_robot/environment/ament_prefix_path.sh
[2.204s] -- Up-to-date: /home/pi/documents/STA_github/ros2_ws/install/mobile_robot/share/mobile_robot/environment/ament_prefix_path.dsv
[2.205s] -- Up-to-date: /home/pi/documents/STA_github/ros2_ws/install/mobile_robot/share/mobile_robot/environment/path.sh
[2.206s] -- Up-to-date: /home/pi/documents/STA_github/ros2_ws/install/mobile_robot/share/mobile_robot/environment/path.dsv
[2.207s] -- Up-to-date: /home/pi/documents/STA_github/ros2_ws/install/mobile_robot/share/mobile_robot/local_setup.bash
[2.217s] -- Up-to-date: /home/pi/documents/STA_github/ros2_ws/install/mobile_robot/share/mobile_robot/local_setup.sh
[2.220s] -- Up-to-date: /home/pi/documents/STA_github/ros2_ws/install/mobile_robot/share/mobile_robot/local_setup.zsh
[2.222s] -- Up-to-date: /home/pi/documents/STA_github/ros2_ws/install/mobile_robot/share/mobile_robot/local_setup.dsv
[2.224s] -- Installing: /home/pi/documents/STA_github/ros2_ws/install/mobile_robot/share/mobile_robot/package.dsv
[2.225s] -- Up-to-date: /home/pi/documents/STA_github/ros2_ws/install/mobile_robot/share/ament_index/resource_index/packages/mobile_robot
[2.226s] -- Up-to-date: /home/pi/documents/STA_github/ros2_ws/install/mobile_robot/share/mobile_robot/cmake/mobile_robotConfig.cmake
[2.226s] -- Up-to-date: /home/pi/documents/STA_github/ros2_ws/install/mobile_robot/share/mobile_robot/cmake/mobile_robotConfig-version.cmake
[2.227s] -- Up-to-date: /home/pi/documents/STA_github/ros2_ws/install/mobile_robot/share/mobile_robot/package.xml
[2.229s] Invoked command in '/home/pi/documents/STA_github/ros2_ws/build/mobile_robot' returned '0': CMAKE_PREFIX_PATH=${CMAKE_PREFIX_PATH}:/home/pi/ros2_ws/install/ydlidar_ros2_driver:/opt/ros/iron /usr/bin/cmake --install /home/pi/documents/STA_github/ros2_ws/build/mobile_robot
