[0.904s] Invoking command in '/home/pi/documents/STA_github/ros2_ws/build/shark': CMAKE_PREFIX_PATH=${CMAKE_PREFIX_PATH}:/home/pi/ros2_ws/install/ydlidar_ros2_driver:/opt/ros/iron /usr/bin/cmake --build /home/pi/documents/STA_github/ros2_ws/build/shark -- -j4 -l4
[1.214s] [35m[1mConsolidate compiler generated dependencies of target shark[0m
[1.347s] [ 50%] [32mBuilding CXX object CMakeFiles/shark.dir/src/shark.cpp.o[0m
[34.084s] [100%] [32m[1mLinking CXX executable shark[0m
[37.473s] [100%] Built target shark
[37.515s] Invoked command in '/home/pi/documents/STA_github/ros2_ws/build/shark' returned '0': CMAKE_PREFIX_PATH=${CMAKE_PREFIX_PATH}:/home/pi/ros2_ws/install/ydlidar_ros2_driver:/opt/ros/iron /usr/bin/cmake --build /home/pi/documents/STA_github/ros2_ws/build/shark -- -j4 -l4
[37.668s] Invoking command in '/home/pi/documents/STA_github/ros2_ws/build/shark': CMAKE_PREFIX_PATH=${CMAKE_PREFIX_PATH}:/home/pi/ros2_ws/install/ydlidar_ros2_driver:/opt/ros/iron /usr/bin/cmake --install /home/pi/documents/STA_github/ros2_ws/build/shark
[37.696s] -- Install configuration: ""
[37.698s] -- Installing: /home/pi/documents/STA_github/ros2_ws/install/shark/lib/shark/shark
[37.738s] -- Set runtime path of "/home/pi/documents/STA_github/ros2_ws/install/shark/lib/shark/shark" to ""
[37.738s] -- Up-to-date: /home/pi/documents/STA_github/ros2_ws/install/shark/share/ament_index/resource_index/package_run_dependencies/shark
[37.739s] -- Up-to-date: /home/pi/documents/STA_github/ros2_ws/install/shark/share/ament_index/resource_index/parent_prefix_path/shark
[37.740s] -- Up-to-date: /home/pi/documents/STA_github/ros2_ws/install/shark/share/shark/environment/ament_prefix_path.sh
[37.740s] -- Up-to-date: /home/pi/documents/STA_github/ros2_ws/install/shark/share/shark/environment/ament_prefix_path.dsv
[37.741s] -- Up-to-date: /home/pi/documents/STA_github/ros2_ws/install/shark/share/shark/environment/path.sh
[37.741s] -- Up-to-date: /home/pi/documents/STA_github/ros2_ws/install/shark/share/shark/environment/path.dsv
[37.742s] -- Up-to-date: /home/pi/documents/STA_github/ros2_ws/install/shark/share/shark/local_setup.bash
[37.742s] -- Up-to-date: /home/pi/documents/STA_github/ros2_ws/install/shark/share/shark/local_setup.sh
[37.742s] -- Up-to-date: /home/pi/documents/STA_github/ros2_ws/install/shark/share/shark/local_setup.zsh
[37.743s] -- Up-to-date: /home/pi/documents/STA_github/ros2_ws/install/shark/share/shark/local_setup.dsv
[37.744s] -- Installing: /home/pi/documents/STA_github/ros2_ws/install/shark/share/shark/package.dsv
[37.745s] -- Up-to-date: /home/pi/documents/STA_github/ros2_ws/install/shark/share/ament_index/resource_index/packages/shark
[37.745s] -- Up-to-date: /home/pi/documents/STA_github/ros2_ws/install/shark/share/shark/cmake/sharkConfig.cmake
[37.745s] -- Up-to-date: /home/pi/documents/STA_github/ros2_ws/install/shark/share/shark/cmake/sharkConfig-version.cmake
[37.746s] -- Up-to-date: /home/pi/documents/STA_github/ros2_ws/install/shark/share/shark/package.xml
[37.751s] Invoked command in '/home/pi/documents/STA_github/ros2_ws/build/shark' returned '0': CMAKE_PREFIX_PATH=${CMAKE_PREFIX_PATH}:/home/pi/ros2_ws/install/ydlidar_ros2_driver:/opt/ros/iron /usr/bin/cmake --install /home/pi/documents/STA_github/ros2_ws/build/shark
