[2.177s] Invoking command in '/home/pi/documents/STA_github/ros2_ws/build/mobile_robot': CMAKE_PREFIX_PATH=${CMAKE_PREFIX_PATH}:/home/pi/ros2_ws/install/ydlidar_ros2_driver:/opt/ros/iron /usr/bin/cmake --build /home/pi/documents/STA_github/ros2_ws/build/mobile_robot -- -j4 -l4
[2.615s] [100%] Built target mobile_robot
[2.671s] Invoked command in '/home/pi/documents/STA_github/ros2_ws/build/mobile_robot' returned '0': CMAKE_PREFIX_PATH=${CMAKE_PREFIX_PATH}:/home/pi/ros2_ws/install/ydlidar_ros2_driver:/opt/ros/iron /usr/bin/cmake --build /home/pi/documents/STA_github/ros2_ws/build/mobile_robot -- -j4 -l4
[2.854s] Invoking command in '/home/pi/documents/STA_github/ros2_ws/build/mobile_robot': CMAKE_PREFIX_PATH=${CMAKE_PREFIX_PATH}:/home/pi/ros2_ws/install/ydlidar_ros2_driver:/opt/ros/iron /usr/bin/cmake --install /home/pi/documents/STA_github/ros2_ws/build/mobile_robot
[2.956s] -- Install configuration: ""
[2.959s] -- Up-to-date: /home/pi/documents/STA_github/ros2_ws/install/mobile_robot/lib/mobile_robot/mobile_robot
[2.962s] -- Up-to-date: /home/pi/documents/STA_github/ros2_ws/install/mobile_robot/share/ament_index/resource_index/package_run_dependencies/mobile_robot
[2.963s] -- Up-to-date: /home/pi/documents/STA_github/ros2_ws/install/mobile_robot/share/ament_index/resource_index/parent_prefix_path/mobile_robot
[2.964s] -- Up-to-date: /home/pi/documents/STA_github/ros2_ws/install/mobile_robot/share/mobile_robot/environment/ament_prefix_path.sh
[2.966s] -- Up-to-date: /home/pi/documents/STA_github/ros2_ws/install/mobile_robot/share/mobile_robot/environment/ament_prefix_path.dsv
[2.967s] -- Up-to-date: /home/pi/documents/STA_github/ros2_ws/install/mobile_robot/share/mobile_robot/environment/path.sh
[2.968s] -- Up-to-date: /home/pi/documents/STA_github/ros2_ws/install/mobile_robot/share/mobile_robot/environment/path.dsv
[2.971s] -- Up-to-date: /home/pi/documents/STA_github/ros2_ws/install/mobile_robot/share/mobile_robot/local_setup.bash
[2.973s] -- Up-to-date: /home/pi/documents/STA_github/ros2_ws/install/mobile_robot/share/mobile_robot/local_setup.sh
[2.974s] -- Up-to-date: /home/pi/documents/STA_github/ros2_ws/install/mobile_robot/share/mobile_robot/local_setup.zsh
[2.974s] -- Up-to-date: /home/pi/documents/STA_github/ros2_ws/install/mobile_robot/share/mobile_robot/local_setup.dsv
[2.975s] -- Installing: /home/pi/documents/STA_github/ros2_ws/install/mobile_robot/share/mobile_robot/package.dsv
[2.979s] -- Up-to-date: /home/pi/documents/STA_github/ros2_ws/install/mobile_robot/share/ament_index/resource_index/packages/mobile_robot
[2.980s] -- Up-to-date: /home/pi/documents/STA_github/ros2_ws/install/mobile_robot/share/mobile_robot/cmake/mobile_robotConfig.cmake
[2.981s] -- Up-to-date: /home/pi/documents/STA_github/ros2_ws/install/mobile_robot/share/mobile_robot/cmake/mobile_robotConfig-version.cmake
[2.982s] -- Up-to-date: /home/pi/documents/STA_github/ros2_ws/install/mobile_robot/share/mobile_robot/package.xml
[3.275s] Invoked command in '/home/pi/documents/STA_github/ros2_ws/build/mobile_robot' returned '0': CMAKE_PREFIX_PATH=${CMAKE_PREFIX_PATH}:/home/pi/ros2_ws/install/ydlidar_ros2_driver:/opt/ros/iron /usr/bin/cmake --install /home/pi/documents/STA_github/ros2_ws/build/mobile_robot
