[0.700s] Invoking command in '/home/pi/documents/STA_github/ros2_ws/build/mobile_robot': CMAKE_PREFIX_PATH=/home/pi/ros2_ws/install/ydlidar_ros2_driver:/opt/ros/iron /usr/bin/cmake --build /home/pi/documents/STA_github/ros2_ws/build/mobile_robot -- -j4 -l4
[0.905s] [35m[1mConsolidate compiler generated dependencies of target mobile_robot[0m
[1.023s] [100%] Built target mobile_robot
[1.066s] Invoked command in '/home/pi/documents/STA_github/ros2_ws/build/mobile_robot' returned '0': CMAKE_PREFIX_PATH=/home/pi/ros2_ws/install/ydlidar_ros2_driver:/opt/ros/iron /usr/bin/cmake --build /home/pi/documents/STA_github/ros2_ws/build/mobile_robot -- -j4 -l4
[1.234s] Invoking command in '/home/pi/documents/STA_github/ros2_ws/build/mobile_robot': CMAKE_PREFIX_PATH=/home/pi/ros2_ws/install/ydlidar_ros2_driver:/opt/ros/iron /usr/bin/cmake --install /home/pi/documents/STA_github/ros2_ws/build/mobile_robot
[1.265s] -- Install configuration: ""
[1.266s] -- Up-to-date: /home/pi/documents/STA_github/ros2_ws/install/mobile_robot/lib/mobile_robot/mobile_robot
[1.268s] -- Up-to-date: /home/pi/documents/STA_github/ros2_ws/install/mobile_robot/share/ament_index/resource_index/package_run_dependencies/mobile_robot
[1.269s] -- Up-to-date: /home/pi/documents/STA_github/ros2_ws/install/mobile_robot/share/ament_index/resource_index/parent_prefix_path/mobile_robot
[1.270s] -- Up-to-date: /home/pi/documents/STA_github/ros2_ws/install/mobile_robot/share/mobile_robot/environment/ament_prefix_path.sh
[1.271s] -- Up-to-date: /home/pi/documents/STA_github/ros2_ws/install/mobile_robot/share/mobile_robot/environment/ament_prefix_path.dsv
[1.272s] -- Up-to-date: /home/pi/documents/STA_github/ros2_ws/install/mobile_robot/share/mobile_robot/environment/path.sh
[1.273s] -- Up-to-date: /home/pi/documents/STA_github/ros2_ws/install/mobile_robot/share/mobile_robot/environment/path.dsv
[1.274s] -- Up-to-date: /home/pi/documents/STA_github/ros2_ws/install/mobile_robot/share/mobile_robot/local_setup.bash
[1.274s] -- Up-to-date: /home/pi/documents/STA_github/ros2_ws/install/mobile_robot/share/mobile_robot/local_setup.sh
[1.275s] -- Up-to-date: /home/pi/documents/STA_github/ros2_ws/install/mobile_robot/share/mobile_robot/local_setup.zsh
[1.276s] -- Up-to-date: /home/pi/documents/STA_github/ros2_ws/install/mobile_robot/share/mobile_robot/local_setup.dsv
[1.276s] -- Installing: /home/pi/documents/STA_github/ros2_ws/install/mobile_robot/share/mobile_robot/package.dsv
[1.277s] -- Up-to-date: /home/pi/documents/STA_github/ros2_ws/install/mobile_robot/share/ament_index/resource_index/packages/mobile_robot
[1.277s] -- Up-to-date: /home/pi/documents/STA_github/ros2_ws/install/mobile_robot/share/mobile_robot/cmake/mobile_robotConfig.cmake
[1.278s] -- Up-to-date: /home/pi/documents/STA_github/ros2_ws/install/mobile_robot/share/mobile_robot/cmake/mobile_robotConfig-version.cmake
[1.279s] -- Up-to-date: /home/pi/documents/STA_github/ros2_ws/install/mobile_robot/share/mobile_robot/package.xml
[1.284s] Invoked command in '/home/pi/documents/STA_github/ros2_ws/build/mobile_robot' returned '0': CMAKE_PREFIX_PATH=/home/pi/ros2_ws/install/ydlidar_ros2_driver:/opt/ros/iron /usr/bin/cmake --install /home/pi/documents/STA_github/ros2_ws/build/mobile_robot
