[0.570s] Invoking command in '/home/pi/documents/STA_github/build/ydlidar_ros2_driver': CMAKE_PREFIX_PATH=${CMAKE_PREFIX_PATH}:/home/pi/ros2_ws/install/ydlidar_ros2_driver:/opt/ros/iron /usr/bin/cmake --build /home/pi/documents/STA_github/build/ydlidar_ros2_driver -- -j4 -l4
[0.880s] [ 50%] Built target ydlidar_ros2_driver_node
[0.898s] [100%] Built target ydlidar_ros2_driver_client
[0.948s] Invoked command in '/home/pi/documents/STA_github/build/ydlidar_ros2_driver' returned '0': CMAKE_PREFIX_PATH=${CMAKE_PREFIX_PATH}:/home/pi/ros2_ws/install/ydlidar_ros2_driver:/opt/ros/iron /usr/bin/cmake --build /home/pi/documents/STA_github/build/ydlidar_ros2_driver -- -j4 -l4
[1.161s] Invoking command in '/home/pi/documents/STA_github/build/ydlidar_ros2_driver': CMAKE_PREFIX_PATH=${CMAKE_PREFIX_PATH}:/home/pi/ros2_ws/install/ydlidar_ros2_driver:/opt/ros/iron /usr/bin/cmake --install /home/pi/documents/STA_github/build/ydlidar_ros2_driver
[1.191s] -- Install configuration: ""
[1.193s] -- Up-to-date: /home/pi/documents/STA_github/install/ydlidar_ros2_driver/lib/ydlidar_ros2_driver/ydlidar_ros2_driver_node
[1.196s] -- Up-to-date: /home/pi/documents/STA_github/install/ydlidar_ros2_driver/lib/ydlidar_ros2_driver/ydlidar_ros2_driver_client
[1.198s] -- Up-to-date: /home/pi/documents/STA_github/install/ydlidar_ros2_driver/share/ydlidar_ros2_driver/launch
[1.200s] -- Up-to-date: /home/pi/documents/STA_github/install/ydlidar_ros2_driver/share/ydlidar_ros2_driver/launch/ydlidar_launch_view.py
[1.201s] -- Up-to-date: /home/pi/documents/STA_github/install/ydlidar_ros2_driver/share/ydlidar_ros2_driver/launch/ydlidar_launch_mod.py
[1.201s] -- Up-to-date: /home/pi/documents/STA_github/install/ydlidar_ros2_driver/share/ydlidar_ros2_driver/launch/ydlidar.py
[1.202s] -- Up-to-date: /home/pi/documents/STA_github/install/ydlidar_ros2_driver/share/ydlidar_ros2_driver/launch/__pycache__
[1.203s] -- Up-to-date: /home/pi/documents/STA_github/install/ydlidar_ros2_driver/share/ydlidar_ros2_driver/launch/__pycache__/ydlidar_launch_mod.cpython-310.pyc
[1.205s] -- Up-to-date: /home/pi/documents/STA_github/install/ydlidar_ros2_driver/share/ydlidar_ros2_driver/launch/__pycache__/ydlidar_launch.cpython-310.pyc
[1.206s] -- Up-to-date: /home/pi/documents/STA_github/install/ydlidar_ros2_driver/share/ydlidar_ros2_driver/launch/ydlidar_launch.py
[1.207s] -- Up-to-date: /home/pi/documents/STA_github/install/ydlidar_ros2_driver/share/ydlidar_ros2_driver/params
[1.210s] -- Up-to-date: /home/pi/documents/STA_github/install/ydlidar_ros2_driver/share/ydlidar_ros2_driver/params/build
[1.211s] -- Up-to-date: /home/pi/documents/STA_github/install/ydlidar_ros2_driver/share/ydlidar_ros2_driver/params/build/COLCON_IGNORE
[1.212s] -- Up-to-date: /home/pi/documents/STA_github/install/ydlidar_ros2_driver/share/ydlidar_ros2_driver/params/build/.built_by
[1.214s] -- Up-to-date: /home/pi/documents/STA_github/install/ydlidar_ros2_driver/share/ydlidar_ros2_driver/params/install
[1.215s] -- Up-to-date: /home/pi/documents/STA_github/install/ydlidar_ros2_driver/share/ydlidar_ros2_driver/params/install/COLCON_IGNORE
[1.216s] -- Up-to-date: /home/pi/documents/STA_github/install/ydlidar_ros2_driver/share/ydlidar_ros2_driver/params/install/local_setup.ps1
[1.216s] -- Up-to-date: /home/pi/documents/STA_github/install/ydlidar_ros2_driver/share/ydlidar_ros2_driver/params/install/.colcon_install_layout
[1.217s] -- Up-to-date: /home/pi/documents/STA_github/install/ydlidar_ros2_driver/share/ydlidar_ros2_driver/params/install/_local_setup_util_sh.py
[1.218s] -- Up-to-date: /home/pi/documents/STA_github/install/ydlidar_ros2_driver/share/ydlidar_ros2_driver/params/install/setup.zsh
[1.218s] -- Up-to-date: /home/pi/documents/STA_github/install/ydlidar_ros2_driver/share/ydlidar_ros2_driver/params/install/local_setup.bash
[1.219s] -- Up-to-date: /home/pi/documents/STA_github/install/ydlidar_ros2_driver/share/ydlidar_ros2_driver/params/install/local_setup.zsh
[1.220s] -- Up-to-date: /home/pi/documents/STA_github/install/ydlidar_ros2_driver/share/ydlidar_ros2_driver/params/install/_local_setup_util_ps1.py
[1.221s] -- Up-to-date: /home/pi/documents/STA_github/install/ydlidar_ros2_driver/share/ydlidar_ros2_driver/params/install/local_setup.sh
[1.221s] -- Up-to-date: /home/pi/documents/STA_github/install/ydlidar_ros2_driver/share/ydlidar_ros2_driver/params/install/setup.bash
[1.222s] -- Up-to-date: /home/pi/documents/STA_github/install/ydlidar_ros2_driver/share/ydlidar_ros2_driver/params/install/setup.ps1
[1.224s] -- Up-to-date: /home/pi/documents/STA_github/install/ydlidar_ros2_driver/share/ydlidar_ros2_driver/params/install/setup.sh
[1.232s] -- Up-to-date: /home/pi/documents/STA_github/install/ydlidar_ros2_driver/share/ydlidar_ros2_driver/params/log
[1.234s] -- Up-to-date: /home/pi/documents/STA_github/install/ydlidar_ros2_driver/share/ydlidar_ros2_driver/params/log/COLCON_IGNORE
[1.236s] -- Up-to-date: /home/pi/documents/STA_github/install/ydlidar_ros2_driver/share/ydlidar_ros2_driver/params/log/latest_build
[1.238s] -- Up-to-date: /home/pi/documents/STA_github/install/ydlidar_ros2_driver/share/ydlidar_ros2_driver/params/log/latest
[1.241s] -- Up-to-date: /home/pi/documents/STA_github/install/ydlidar_ros2_driver/share/ydlidar_ros2_driver/params/log/build_2023-11-07_06-29-43
[1.243s] -- Up-to-date: /home/pi/documents/STA_github/install/ydlidar_ros2_driver/share/ydlidar_ros2_driver/params/log/build_2023-11-07_06-29-43/events.log
[1.246s] -- Up-to-date: /home/pi/documents/STA_github/install/ydlidar_ros2_driver/share/ydlidar_ros2_driver/params/log/build_2023-11-07_06-29-43/logger_all.log
[1.248s] -- Up-to-date: /home/pi/documents/STA_github/install/ydlidar_ros2_driver/share/ydlidar_ros2_driver/params/ydlidar.yaml
[1.250s] -- Up-to-date: /home/pi/documents/STA_github/install/ydlidar_ros2_driver/share/ydlidar_ros2_driver/startup
[1.251s] -- Up-to-date: /home/pi/documents/STA_github/install/ydlidar_ros2_driver/share/ydlidar_ros2_driver/startup/initenv.sh
[1.252s] -- Up-to-date: /home/pi/documents/STA_github/install/ydlidar_ros2_driver/share/ydlidar_ros2_driver/config
[1.254s] -- Up-to-date: /home/pi/documents/STA_github/install/ydlidar_ros2_driver/share/ydlidar_ros2_driver/config/ydlidar.rviz
[1.255s] -- Up-to-date: /home/pi/documents/STA_github/install/ydlidar_ros2_driver/share/ament_index/resource_index/package_run_dependencies/ydlidar_ros2_driver
[1.256s] -- Up-to-date: /home/pi/documents/STA_github/install/ydlidar_ros2_driver/share/ament_index/resource_index/parent_prefix_path/ydlidar_ros2_driver
[1.256s] -- Up-to-date: /home/pi/documents/STA_github/install/ydlidar_ros2_driver/share/ydlidar_ros2_driver/environment/ament_prefix_path.sh
[1.256s] -- Up-to-date: /home/pi/documents/STA_github/install/ydlidar_ros2_driver/share/ydlidar_ros2_driver/environment/ament_prefix_path.dsv
[1.257s] -- Up-to-date: /home/pi/documents/STA_github/install/ydlidar_ros2_driver/share/ydlidar_ros2_driver/environment/path.sh
[1.257s] -- Up-to-date: /home/pi/documents/STA_github/install/ydlidar_ros2_driver/share/ydlidar_ros2_driver/environment/path.dsv
[1.257s] -- Up-to-date: /home/pi/documents/STA_github/install/ydlidar_ros2_driver/share/ydlidar_ros2_driver/local_setup.bash
[1.258s] -- Up-to-date: /home/pi/documents/STA_github/install/ydlidar_ros2_driver/share/ydlidar_ros2_driver/local_setup.sh
[1.259s] -- Up-to-date: /home/pi/documents/STA_github/install/ydlidar_ros2_driver/share/ydlidar_ros2_driver/local_setup.zsh
[1.260s] -- Up-to-date: /home/pi/documents/STA_github/install/ydlidar_ros2_driver/share/ydlidar_ros2_driver/local_setup.dsv
[1.261s] -- Installing: /home/pi/documents/STA_github/install/ydlidar_ros2_driver/share/ydlidar_ros2_driver/package.dsv
[1.262s] -- Up-to-date: /home/pi/documents/STA_github/install/ydlidar_ros2_driver/share/ament_index/resource_index/packages/ydlidar_ros2_driver
[1.266s] -- Up-to-date: /home/pi/documents/STA_github/install/ydlidar_ros2_driver/share/ydlidar_ros2_driver/cmake/ydlidar_ros2_driverConfig.cmake
[1.267s] -- Up-to-date: /home/pi/documents/STA_github/install/ydlidar_ros2_driver/share/ydlidar_ros2_driver/cmake/ydlidar_ros2_driverConfig-version.cmake
[1.268s] -- Up-to-date: /home/pi/documents/STA_github/install/ydlidar_ros2_driver/share/ydlidar_ros2_driver/package.xml
[1.269s] Invoked command in '/home/pi/documents/STA_github/build/ydlidar_ros2_driver' returned '0': CMAKE_PREFIX_PATH=${CMAKE_PREFIX_PATH}:/home/pi/ros2_ws/install/ydlidar_ros2_driver:/opt/ros/iron /usr/bin/cmake --install /home/pi/documents/STA_github/build/ydlidar_ros2_driver
