[1.512s] Invoking command in '/home/pi/documents/STA_github/ros2_ws/build/shark': CMAKE_PREFIX_PATH=${CMAKE_PREFIX_PATH}:/home/pi/ros2_ws/install/ydlidar_ros2_driver:/opt/ros/iron /usr/bin/cmake --build /home/pi/documents/STA_github/ros2_ws/build/shark -- -j4 -l4
[1.633s] -- Found ament_cmake: 2.0.3 (/opt/ros/iron/share/ament_cmake/cmake)
[2.612s] -- Found rclcpp: 21.0.3 (/opt/ros/iron/share/rclcpp/cmake)
[2.840s] -- Found rosidl_generator_c: 4.0.1 (/opt/ros/iron/share/rosidl_generator_c/cmake)
[2.886s] -- Found rosidl_generator_cpp: 4.0.1 (/opt/ros/iron/share/rosidl_generator_cpp/cmake)
[2.954s] -- Using all available rosidl_typesupport_c: rosidl_typesupport_fastrtps_c;rosidl_typesupport_introspection_c
[3.038s] -- Using all available rosidl_typesupport_cpp: rosidl_typesupport_fastrtps_cpp;rosidl_typesupport_introspection_cpp
[3.797s] -- Found rmw_implementation_cmake: 7.1.0 (/opt/ros/iron/share/rmw_implementation_cmake/cmake)
[3.805s] -- Found rmw_fastrtps_cpp: 7.1.1 (/opt/ros/iron/share/rmw_fastrtps_cpp/cmake)
[4.944s] -- Using RMW implementation 'rmw_fastrtps_cpp' as default
[5.688s] -- Found std_msgs: 5.0.0 (/opt/ros/iron/share/std_msgs/cmake)
[5.831s] -- Found nav_msgs: 5.0.0 (/opt/ros/iron/share/nav_msgs/cmake)
[6.532s] -- Found tf2_ros: 0.31.5 (/opt/ros/iron/share/tf2_ros/cmake)
[8.383s] -- Found ament_lint_auto: 0.14.2 (/opt/ros/iron/share/ament_lint_auto/cmake)
[8.728s] -- Added test 'cppcheck' to perform static code analysis on C / C++ code
[8.730s] -- Configured cppcheck include dirs: 
[8.730s] -- Configured cppcheck exclude dirs and/or files: 
[8.735s] -- Added test 'lint_cmake' to check CMake code style
[8.750s] -- Added test 'uncrustify' to check C / C++ code style
[8.751s] -- Configured uncrustify additional arguments: 
[8.753s] -- Added test 'xmllint' to check XML markup files
[8.758s] -- Configuring done
[8.795s] [31mCMake Error at CMakeLists.txt:22 (add_executable):
[8.796s]   Cannot find source file:
[8.796s] 
[8.797s]     src/kinematics.c
[8.797s] 
[8.797s]   Tried extensions .c .C .c++ .cc .cpp .cxx .cu .mpp .m .M .mm .ixx .cppm .h
[8.798s]   .hh .h++ .hm .hpp .hxx .in .txx .f .F .for .f77 .f90 .f95 .f03 .hip .ispc
[8.798s] 
[8.798s] [0m
[8.803s] [31mCMake Error at CMakeLists.txt:22 (add_executable):
[8.804s]   No SOURCES given to target: shark
[8.804s] 
[8.805s] [0m
[8.806s] [0mCMake Generate step failed.  Build files cannot be regenerated correctly.[0m
[8.832s] gmake: *** [Makefile:267: cmake_check_build_system] Error 1
[8.839s] Invoked command in '/home/pi/documents/STA_github/ros2_ws/build/shark' returned '2': CMAKE_PREFIX_PATH=${CMAKE_PREFIX_PATH}:/home/pi/ros2_ws/install/ydlidar_ros2_driver:/opt/ros/iron /usr/bin/cmake --build /home/pi/documents/STA_github/ros2_ws/build/shark -- -j4 -l4
