[5.789s] DEBUG:colcon:Command line arguments: ['/usr/bin/colcon', 'build']
[5.789s] DEBUG:colcon:Parsed command line arguments: Namespace(log_base=None, log_level=None, verb_name='build', build_base='build', install_base='install', merge_install=False, symlink_install=False, test_result_base=None, continue_on_error=False, executor='parallel', parallel_workers=4, event_handlers=None, ignore_user_meta=False, metas=['./colcon.meta'], base_paths=['.'], packages_ignore=None, packages_ignore_regex=None, paths=None, packages_up_to=None, packages_up_to_regex=None, packages_above=None, packages_above_and_dependencies=None, packages_above_depth=None, packages_select_by_dep=None, packages_skip_by_dep=None, packages_skip_up_to=None, packages_select_build_failed=False, packages_skip_build_finished=False, packages_select_test_failures=False, packages_skip_test_passed=False, packages_select=None, packages_skip=None, packages_select_regex=None, packages_skip_regex=None, packages_start=None, packages_end=None, allow_overriding=[], cmake_args=None, cmake_target=None, cmake_target_skip_unavailable=False, cmake_clean_cache=False, cmake_clean_first=False, cmake_force_configure=False, ament_cmake_args=None, catkin_cmake_args=None, catkin_skip_building_tests=False, verb_parser=<colcon_defaults.argument_parser.defaults.DefaultArgumentsDecorator object at 0xffff7de47a30>, verb_extension=<colcon_core.verb.build.BuildVerb object at 0xffff7de45f60>, main=<bound method BuildVerb.main of <colcon_core.verb.build.BuildVerb object at 0xffff7de45f60>>)
[6.049s] Level 1:colcon.colcon_core.package_discovery:discover_packages(colcon_meta) check parameters
[6.049s] Level 1:colcon.colcon_core.package_discovery:discover_packages(recursive) check parameters
[6.049s] Level 1:colcon.colcon_core.package_discovery:discover_packages(ignore) check parameters
[6.049s] Level 1:colcon.colcon_core.package_discovery:discover_packages(path) check parameters
[6.050s] Level 1:colcon.colcon_core.package_discovery:discover_packages(colcon_meta) discover
[6.050s] Level 1:colcon.colcon_core.package_discovery:discover_packages(recursive) discover
[6.050s] INFO:colcon.colcon_core.package_discovery:Crawling recursively for packages in '/home/pi/documents/STA_github/ros2_ws'
[6.050s] Level 1:colcon.colcon_core.package_identification:_identify(.) by extensions ['ignore', 'ignore_ament_install']
[6.051s] Level 1:colcon.colcon_core.package_identification:_identify(.) by extension 'ignore'
[6.051s] Level 1:colcon.colcon_core.package_identification:_identify(.) by extension 'ignore_ament_install'
[6.051s] Level 1:colcon.colcon_core.package_identification:_identify(.) by extensions ['colcon_pkg']
[6.052s] Level 1:colcon.colcon_core.package_identification:_identify(.) by extension 'colcon_pkg'
[6.052s] Level 1:colcon.colcon_core.package_identification:_identify(.) by extensions ['colcon_meta']
[6.052s] Level 1:colcon.colcon_core.package_identification:_identify(.) by extension 'colcon_meta'
[6.052s] Level 1:colcon.colcon_core.package_identification:_identify(.) by extensions ['ros']
[6.052s] Level 1:colcon.colcon_core.package_identification:_identify(.) by extension 'ros'
[6.102s] Level 1:colcon.colcon_core.package_identification:_identify(.) by extensions ['cmake', 'python']
[6.103s] Level 1:colcon.colcon_core.package_identification:_identify(.) by extension 'cmake'
[6.103s] Level 1:colcon.colcon_core.package_identification:_identify(.) by extension 'python'
[6.103s] Level 1:colcon.colcon_core.package_identification:_identify(.) by extensions ['python_setup_py']
[6.103s] Level 1:colcon.colcon_core.package_identification:_identify(.) by extension 'python_setup_py'
[6.104s] Level 1:colcon.colcon_core.package_identification:_identify(build) by extensions ['ignore', 'ignore_ament_install']
[6.104s] Level 1:colcon.colcon_core.package_identification:_identify(build) by extension 'ignore'
[6.105s] Level 1:colcon.colcon_core.package_identification:_identify(build) ignored
[6.105s] Level 1:colcon.colcon_core.package_identification:_identify(install) by extensions ['ignore', 'ignore_ament_install']
[6.106s] Level 1:colcon.colcon_core.package_identification:_identify(install) by extension 'ignore'
[6.106s] Level 1:colcon.colcon_core.package_identification:_identify(install) ignored
[6.108s] Level 1:colcon.colcon_core.package_identification:_identify(log) by extensions ['ignore', 'ignore_ament_install']
[6.108s] Level 1:colcon.colcon_core.package_identification:_identify(log) by extension 'ignore'
[6.108s] Level 1:colcon.colcon_core.package_identification:_identify(log) ignored
[6.109s] Level 1:colcon.colcon_core.package_identification:_identify(src) by extensions ['ignore', 'ignore_ament_install']
[6.109s] Level 1:colcon.colcon_core.package_identification:_identify(src) by extension 'ignore'
[6.109s] Level 1:colcon.colcon_core.package_identification:_identify(src) by extension 'ignore_ament_install'
[6.110s] Level 1:colcon.colcon_core.package_identification:_identify(src) by extensions ['colcon_pkg']
[6.110s] Level 1:colcon.colcon_core.package_identification:_identify(src) by extension 'colcon_pkg'
[6.110s] Level 1:colcon.colcon_core.package_identification:_identify(src) by extensions ['colcon_meta']
[6.110s] Level 1:colcon.colcon_core.package_identification:_identify(src) by extension 'colcon_meta'
[6.110s] Level 1:colcon.colcon_core.package_identification:_identify(src) by extensions ['ros']
[6.111s] Level 1:colcon.colcon_core.package_identification:_identify(src) by extension 'ros'
[6.111s] Level 1:colcon.colcon_core.package_identification:_identify(src) by extensions ['cmake', 'python']
[6.111s] Level 1:colcon.colcon_core.package_identification:_identify(src) by extension 'cmake'
[6.111s] Level 1:colcon.colcon_core.package_identification:_identify(src) by extension 'python'
[6.111s] Level 1:colcon.colcon_core.package_identification:_identify(src) by extensions ['python_setup_py']
[6.112s] Level 1:colcon.colcon_core.package_identification:_identify(src) by extension 'python_setup_py'
[6.112s] Level 1:colcon.colcon_core.package_identification:_identify(src/build) by extensions ['ignore', 'ignore_ament_install']
[6.112s] Level 1:colcon.colcon_core.package_identification:_identify(src/build) by extension 'ignore'
[6.113s] Level 1:colcon.colcon_core.package_identification:_identify(src/build) ignored
[6.113s] Level 1:colcon.colcon_core.package_identification:_identify(src/install) by extensions ['ignore', 'ignore_ament_install']
[6.114s] Level 1:colcon.colcon_core.package_identification:_identify(src/install) by extension 'ignore'
[6.114s] Level 1:colcon.colcon_core.package_identification:_identify(src/install) ignored
[6.114s] Level 1:colcon.colcon_core.package_identification:_identify(src/log) by extensions ['ignore', 'ignore_ament_install']
[6.115s] Level 1:colcon.colcon_core.package_identification:_identify(src/log) by extension 'ignore'
[6.115s] Level 1:colcon.colcon_core.package_identification:_identify(src/log) ignored
[6.115s] Level 1:colcon.colcon_core.package_identification:_identify(src/mobile_robot) by extensions ['ignore', 'ignore_ament_install']
[6.116s] Level 1:colcon.colcon_core.package_identification:_identify(src/mobile_robot) by extension 'ignore'
[6.116s] Level 1:colcon.colcon_core.package_identification:_identify(src/mobile_robot) by extension 'ignore_ament_install'
[6.116s] Level 1:colcon.colcon_core.package_identification:_identify(src/mobile_robot) by extensions ['colcon_pkg']
[6.116s] Level 1:colcon.colcon_core.package_identification:_identify(src/mobile_robot) by extension 'colcon_pkg'
[6.117s] Level 1:colcon.colcon_core.package_identification:_identify(src/mobile_robot) by extensions ['colcon_meta']
[6.117s] Level 1:colcon.colcon_core.package_identification:_identify(src/mobile_robot) by extension 'colcon_meta'
[6.117s] Level 1:colcon.colcon_core.package_identification:_identify(src/mobile_robot) by extensions ['ros']
[6.117s] Level 1:colcon.colcon_core.package_identification:_identify(src/mobile_robot) by extension 'ros'
[6.129s] DEBUG:colcon.colcon_core.package_identification:Package 'src/mobile_robot' with type 'ros.ament_cmake' and name 'mobile_robot'
[6.130s] Level 1:colcon.colcon_core.package_identification:_identify(src/ydlidar_ros2_driver) by extensions ['ignore', 'ignore_ament_install']
[6.130s] Level 1:colcon.colcon_core.package_identification:_identify(src/ydlidar_ros2_driver) by extension 'ignore'
[6.131s] Level 1:colcon.colcon_core.package_identification:_identify(src/ydlidar_ros2_driver) by extension 'ignore_ament_install'
[6.131s] Level 1:colcon.colcon_core.package_identification:_identify(src/ydlidar_ros2_driver) by extensions ['colcon_pkg']
[6.131s] Level 1:colcon.colcon_core.package_identification:_identify(src/ydlidar_ros2_driver) by extension 'colcon_pkg'
[6.131s] Level 1:colcon.colcon_core.package_identification:_identify(src/ydlidar_ros2_driver) by extensions ['colcon_meta']
[6.132s] Level 1:colcon.colcon_core.package_identification:_identify(src/ydlidar_ros2_driver) by extension 'colcon_meta'
[6.132s] Level 1:colcon.colcon_core.package_identification:_identify(src/ydlidar_ros2_driver) by extensions ['ros']
[6.132s] Level 1:colcon.colcon_core.package_identification:_identify(src/ydlidar_ros2_driver) by extension 'ros'
[6.135s] DEBUG:colcon.colcon_core.package_identification:Package 'src/ydlidar_ros2_driver' with type 'ros.ament_cmake' and name 'ydlidar_ros2_driver'
[6.136s] Level 1:colcon.colcon_core.package_discovery:discover_packages(recursive) using defaults
[6.136s] Level 1:colcon.colcon_core.package_discovery:discover_packages(ignore) discover
[6.136s] Level 1:colcon.colcon_core.package_discovery:discover_packages(ignore) using defaults
[6.136s] Level 1:colcon.colcon_core.package_discovery:discover_packages(path) discover
[6.137s] Level 1:colcon.colcon_core.package_discovery:discover_packages(path) using defaults
[6.642s] Level 1:colcon.colcon_core.package_discovery:discover_packages(prefix_path) check parameters
[6.642s] Level 1:colcon.colcon_core.package_discovery:discover_packages(prefix_path) discover
[6.815s] DEBUG:colcon.colcon_installed_package_information.package_discovery:Found 2 installed packages in /home/pi/documents/STA_github/ros2_ws/install
[6.899s] DEBUG:colcon.colcon_installed_package_information.package_discovery:Found 1 installed packages in /home/pi/ros2_ws/install
[6.991s] DEBUG:colcon.colcon_installed_package_information.package_discovery:Found 290 installed packages in /opt/ros/iron
[7.036s] Level 1:colcon.colcon_core.package_discovery:discover_packages(prefix_path) using defaults
[7.479s] Level 5:colcon.colcon_core.verb:set package 'mobile_robot' build argument 'cmake_args' from command line to 'None'
[7.479s] Level 5:colcon.colcon_core.verb:set package 'mobile_robot' build argument 'cmake_target' from command line to 'None'
[7.479s] Level 5:colcon.colcon_core.verb:set package 'mobile_robot' build argument 'cmake_target_skip_unavailable' from command line to 'False'
[7.479s] Level 5:colcon.colcon_core.verb:set package 'mobile_robot' build argument 'cmake_clean_cache' from command line to 'False'
[7.479s] Level 5:colcon.colcon_core.verb:set package 'mobile_robot' build argument 'cmake_clean_first' from command line to 'False'
[7.480s] Level 5:colcon.colcon_core.verb:set package 'mobile_robot' build argument 'cmake_force_configure' from command line to 'False'
[7.480s] Level 5:colcon.colcon_core.verb:set package 'mobile_robot' build argument 'ament_cmake_args' from command line to 'None'
[7.480s] Level 5:colcon.colcon_core.verb:set package 'mobile_robot' build argument 'catkin_cmake_args' from command line to 'None'
[7.480s] Level 5:colcon.colcon_core.verb:set package 'mobile_robot' build argument 'catkin_skip_building_tests' from command line to 'False'
[7.480s] DEBUG:colcon.colcon_core.verb:Building package 'mobile_robot' with the following arguments: {'ament_cmake_args': None, 'build_base': '/home/pi/documents/STA_github/ros2_ws/build/mobile_robot', 'catkin_cmake_args': None, 'catkin_skip_building_tests': False, 'cmake_args': None, 'cmake_clean_cache': False, 'cmake_clean_first': False, 'cmake_force_configure': False, 'cmake_target': None, 'cmake_target_skip_unavailable': False, 'install_base': '/home/pi/documents/STA_github/ros2_ws/install/mobile_robot', 'merge_install': False, 'path': '/home/pi/documents/STA_github/ros2_ws/src/mobile_robot', 'symlink_install': False, 'test_result_base': None}
[7.563s] Level 5:colcon.colcon_core.verb:set package 'ydlidar_ros2_driver' build argument 'cmake_args' from command line to 'None'
[7.564s] Level 5:colcon.colcon_core.verb:set package 'ydlidar_ros2_driver' build argument 'cmake_target' from command line to 'None'
[7.564s] Level 5:colcon.colcon_core.verb:set package 'ydlidar_ros2_driver' build argument 'cmake_target_skip_unavailable' from command line to 'False'
[7.564s] Level 5:colcon.colcon_core.verb:set package 'ydlidar_ros2_driver' build argument 'cmake_clean_cache' from command line to 'False'
[7.564s] Level 5:colcon.colcon_core.verb:set package 'ydlidar_ros2_driver' build argument 'cmake_clean_first' from command line to 'False'
[7.564s] Level 5:colcon.colcon_core.verb:set package 'ydlidar_ros2_driver' build argument 'cmake_force_configure' from command line to 'False'
[7.564s] Level 5:colcon.colcon_core.verb:set package 'ydlidar_ros2_driver' build argument 'ament_cmake_args' from command line to 'None'
[7.564s] Level 5:colcon.colcon_core.verb:set package 'ydlidar_ros2_driver' build argument 'catkin_cmake_args' from command line to 'None'
[7.564s] Level 5:colcon.colcon_core.verb:set package 'ydlidar_ros2_driver' build argument 'catkin_skip_building_tests' from command line to 'False'
[7.565s] DEBUG:colcon.colcon_core.verb:Building package 'ydlidar_ros2_driver' with the following arguments: {'ament_cmake_args': None, 'build_base': '/home/pi/documents/STA_github/ros2_ws/build/ydlidar_ros2_driver', 'catkin_cmake_args': None, 'catkin_skip_building_tests': False, 'cmake_args': None, 'cmake_clean_cache': False, 'cmake_clean_first': False, 'cmake_force_configure': False, 'cmake_target': None, 'cmake_target_skip_unavailable': False, 'install_base': '/home/pi/documents/STA_github/ros2_ws/install/ydlidar_ros2_driver', 'merge_install': False, 'path': '/home/pi/documents/STA_github/ros2_ws/src/ydlidar_ros2_driver', 'symlink_install': False, 'test_result_base': None}
[7.648s] INFO:colcon.colcon_core.executor:Executing jobs using 'parallel' executor
[7.735s] DEBUG:colcon.colcon_parallel_executor.executor.parallel:run_until_complete
[7.737s] INFO:colcon.colcon_ros.task.ament_cmake.build:Building ROS package in '/home/pi/documents/STA_github/ros2_ws/src/mobile_robot' with build type 'ament_cmake'
[7.738s] INFO:colcon.colcon_cmake.task.cmake.build:Building CMake package in '/home/pi/documents/STA_github/ros2_ws/src/mobile_robot'
[7.834s] INFO:colcon.colcon_core.plugin_system:Skipping extension 'colcon_core.shell.bat': Not used on non-Windows systems
[7.835s] INFO:colcon.colcon_core.shell:Skip shell extension 'powershell' for command environment: Not usable outside of PowerShell
[7.835s] DEBUG:colcon.colcon_core.shell:Skip shell extension 'dsv' for command environment
[8.199s] INFO:colcon.colcon_ros.task.ament_cmake.build:Building ROS package in '/home/pi/documents/STA_github/ros2_ws/src/ydlidar_ros2_driver' with build type 'ament_cmake'
[8.200s] INFO:colcon.colcon_cmake.task.cmake.build:Building CMake package in '/home/pi/documents/STA_github/ros2_ws/src/ydlidar_ros2_driver'
[8.291s] INFO:colcon.colcon_core.shell:Skip shell extension 'powershell' for command environment: Not usable outside of PowerShell
[8.292s] DEBUG:colcon.colcon_core.shell:Skip shell extension 'dsv' for command environment
[8.683s] DEBUG:colcon.colcon_core.event_handler.log_command:Invoking command in '/home/pi/documents/STA_github/ros2_ws/build/mobile_robot': CMAKE_PREFIX_PATH=${CMAKE_PREFIX_PATH}:/home/pi/ros2_ws/install/ydlidar_ros2_driver:/opt/ros/iron /usr/bin/cmake --build /home/pi/documents/STA_github/ros2_ws/build/mobile_robot -- -j4 -l4
[8.704s] DEBUG:colcon.colcon_core.event_handler.log_command:Invoking command in '/home/pi/documents/STA_github/ros2_ws/build/ydlidar_ros2_driver': CMAKE_PREFIX_PATH=${CMAKE_PREFIX_PATH}:/home/pi/ros2_ws/install/ydlidar_ros2_driver:/opt/ros/iron /usr/bin/cmake --build /home/pi/documents/STA_github/ros2_ws/build/ydlidar_ros2_driver -- -j4 -l4
[9.080s] DEBUG:colcon.colcon_core.event_handler.log_command:Invoked command in '/home/pi/documents/STA_github/ros2_ws/build/ydlidar_ros2_driver' returned '0': CMAKE_PREFIX_PATH=${CMAKE_PREFIX_PATH}:/home/pi/ros2_ws/install/ydlidar_ros2_driver:/opt/ros/iron /usr/bin/cmake --build /home/pi/documents/STA_github/ros2_ws/build/ydlidar_ros2_driver -- -j4 -l4
[9.321s] DEBUG:colcon.colcon_core.event_handler.log_command:Invoking command in '/home/pi/documents/STA_github/ros2_ws/build/ydlidar_ros2_driver': CMAKE_PREFIX_PATH=${CMAKE_PREFIX_PATH}:/home/pi/ros2_ws/install/ydlidar_ros2_driver:/opt/ros/iron /usr/bin/cmake --install /home/pi/documents/STA_github/ros2_ws/build/ydlidar_ros2_driver
[9.383s] Level 1:colcon.colcon_core.environment:create_environment_scripts_only(ydlidar_ros2_driver)
[9.431s] DEBUG:colcon.colcon_core.event_handler.log_command:Invoked command in '/home/pi/documents/STA_github/ros2_ws/build/ydlidar_ros2_driver' returned '0': CMAKE_PREFIX_PATH=${CMAKE_PREFIX_PATH}:/home/pi/ros2_ws/install/ydlidar_ros2_driver:/opt/ros/iron /usr/bin/cmake --install /home/pi/documents/STA_github/ros2_ws/build/ydlidar_ros2_driver
[9.590s] Level 1:colcon.colcon_core.environment:checking '/home/pi/documents/STA_github/ros2_ws/install/ydlidar_ros2_driver' for CMake module files
[9.593s] Level 1:colcon.colcon_core.environment:checking '/home/pi/documents/STA_github/ros2_ws/install/ydlidar_ros2_driver' for CMake config files
[9.596s] Level 1:colcon.colcon_core.shell:create_environment_hook('ydlidar_ros2_driver', 'cmake_prefix_path')
[9.689s] INFO:colcon.colcon_core.shell:Creating environment hook '/home/pi/documents/STA_github/ros2_ws/install/ydlidar_ros2_driver/share/ydlidar_ros2_driver/hook/cmake_prefix_path.ps1'
[9.691s] INFO:colcon.colcon_core.shell:Creating environment descriptor '/home/pi/documents/STA_github/ros2_ws/install/ydlidar_ros2_driver/share/ydlidar_ros2_driver/hook/cmake_prefix_path.dsv'
[9.694s] INFO:colcon.colcon_core.shell:Creating environment hook '/home/pi/documents/STA_github/ros2_ws/install/ydlidar_ros2_driver/share/ydlidar_ros2_driver/hook/cmake_prefix_path.sh'
[9.698s] Level 1:colcon.colcon_core.environment:checking '/home/pi/documents/STA_github/ros2_ws/install/ydlidar_ros2_driver/lib'
[9.699s] Level 1:colcon.colcon_core.environment:checking '/home/pi/documents/STA_github/ros2_ws/install/ydlidar_ros2_driver/bin'
[9.700s] Level 1:colcon.colcon_core.environment:checking '/home/pi/documents/STA_github/ros2_ws/install/ydlidar_ros2_driver/lib/pkgconfig/ydlidar_ros2_driver.pc'
[9.701s] Level 1:colcon.colcon_core.environment:checking '/home/pi/documents/STA_github/ros2_ws/install/ydlidar_ros2_driver/lib/python3.10/site-packages'
[9.702s] Level 1:colcon.colcon_core.environment:checking '/home/pi/documents/STA_github/ros2_ws/install/ydlidar_ros2_driver/bin'
[9.795s] INFO:colcon.colcon_core.shell:Creating package script '/home/pi/documents/STA_github/ros2_ws/install/ydlidar_ros2_driver/share/ydlidar_ros2_driver/package.ps1'
[9.799s] INFO:colcon.colcon_core.shell:Creating package descriptor '/home/pi/documents/STA_github/ros2_ws/install/ydlidar_ros2_driver/share/ydlidar_ros2_driver/package.dsv'
[9.802s] INFO:colcon.colcon_core.shell:Creating package script '/home/pi/documents/STA_github/ros2_ws/install/ydlidar_ros2_driver/share/ydlidar_ros2_driver/package.sh'
[9.805s] INFO:colcon.colcon_core.shell:Creating package script '/home/pi/documents/STA_github/ros2_ws/install/ydlidar_ros2_driver/share/ydlidar_ros2_driver/package.bash'
[9.809s] INFO:colcon.colcon_core.shell:Creating package script '/home/pi/documents/STA_github/ros2_ws/install/ydlidar_ros2_driver/share/ydlidar_ros2_driver/package.zsh'
[9.812s] Level 1:colcon.colcon_core.environment:create_file_with_runtime_dependencies(/home/pi/documents/STA_github/ros2_ws/install/ydlidar_ros2_driver/share/colcon-core/packages/ydlidar_ros2_driver)
[10.091s] Level 1:colcon.colcon_core.environment:create_environment_scripts_only(ydlidar_ros2_driver)
[10.186s] Level 1:colcon.colcon_core.environment:checking '/home/pi/documents/STA_github/ros2_ws/install/ydlidar_ros2_driver' for CMake module files
[10.190s] Level 1:colcon.colcon_core.environment:checking '/home/pi/documents/STA_github/ros2_ws/install/ydlidar_ros2_driver' for CMake config files
[10.192s] Level 1:colcon.colcon_core.shell:create_environment_hook('ydlidar_ros2_driver', 'cmake_prefix_path')
[10.281s] INFO:colcon.colcon_core.shell:Creating environment hook '/home/pi/documents/STA_github/ros2_ws/install/ydlidar_ros2_driver/share/ydlidar_ros2_driver/hook/cmake_prefix_path.ps1'
[10.283s] INFO:colcon.colcon_core.shell:Creating environment descriptor '/home/pi/documents/STA_github/ros2_ws/install/ydlidar_ros2_driver/share/ydlidar_ros2_driver/hook/cmake_prefix_path.dsv'
[10.285s] INFO:colcon.colcon_core.shell:Creating environment hook '/home/pi/documents/STA_github/ros2_ws/install/ydlidar_ros2_driver/share/ydlidar_ros2_driver/hook/cmake_prefix_path.sh'
[10.288s] Level 1:colcon.colcon_core.environment:checking '/home/pi/documents/STA_github/ros2_ws/install/ydlidar_ros2_driver/lib'
[10.289s] Level 1:colcon.colcon_core.environment:checking '/home/pi/documents/STA_github/ros2_ws/install/ydlidar_ros2_driver/bin'
[10.289s] Level 1:colcon.colcon_core.environment:checking '/home/pi/documents/STA_github/ros2_ws/install/ydlidar_ros2_driver/lib/pkgconfig/ydlidar_ros2_driver.pc'
[10.290s] Level 1:colcon.colcon_core.environment:checking '/home/pi/documents/STA_github/ros2_ws/install/ydlidar_ros2_driver/lib/python3.10/site-packages'
[10.291s] Level 1:colcon.colcon_core.environment:checking '/home/pi/documents/STA_github/ros2_ws/install/ydlidar_ros2_driver/bin'
[10.380s] INFO:colcon.colcon_core.shell:Creating package script '/home/pi/documents/STA_github/ros2_ws/install/ydlidar_ros2_driver/share/ydlidar_ros2_driver/package.ps1'
[10.382s] INFO:colcon.colcon_core.shell:Creating package descriptor '/home/pi/documents/STA_github/ros2_ws/install/ydlidar_ros2_driver/share/ydlidar_ros2_driver/package.dsv'
[10.385s] INFO:colcon.colcon_core.shell:Creating package script '/home/pi/documents/STA_github/ros2_ws/install/ydlidar_ros2_driver/share/ydlidar_ros2_driver/package.sh'
[10.387s] INFO:colcon.colcon_core.shell:Creating package script '/home/pi/documents/STA_github/ros2_ws/install/ydlidar_ros2_driver/share/ydlidar_ros2_driver/package.bash'
[10.390s] INFO:colcon.colcon_core.shell:Creating package script '/home/pi/documents/STA_github/ros2_ws/install/ydlidar_ros2_driver/share/ydlidar_ros2_driver/package.zsh'
[10.392s] Level 1:colcon.colcon_core.environment:create_file_with_runtime_dependencies(/home/pi/documents/STA_github/ros2_ws/install/ydlidar_ros2_driver/share/colcon-core/packages/ydlidar_ros2_driver)
[48.411s] DEBUG:colcon.colcon_core.event_handler.log_command:Invoked command in '/home/pi/documents/STA_github/ros2_ws/build/mobile_robot' returned '0': CMAKE_PREFIX_PATH=${CMAKE_PREFIX_PATH}:/home/pi/ros2_ws/install/ydlidar_ros2_driver:/opt/ros/iron /usr/bin/cmake --build /home/pi/documents/STA_github/ros2_ws/build/mobile_robot -- -j4 -l4
[48.584s] DEBUG:colcon.colcon_core.event_handler.log_command:Invoking command in '/home/pi/documents/STA_github/ros2_ws/build/mobile_robot': CMAKE_PREFIX_PATH=${CMAKE_PREFIX_PATH}:/home/pi/ros2_ws/install/ydlidar_ros2_driver:/opt/ros/iron /usr/bin/cmake --install /home/pi/documents/STA_github/ros2_ws/build/mobile_robot
[48.670s] Level 1:colcon.colcon_core.environment:create_environment_scripts_only(mobile_robot)
[48.672s] DEBUG:colcon.colcon_core.event_handler.log_command:Invoked command in '/home/pi/documents/STA_github/ros2_ws/build/mobile_robot' returned '0': CMAKE_PREFIX_PATH=${CMAKE_PREFIX_PATH}:/home/pi/ros2_ws/install/ydlidar_ros2_driver:/opt/ros/iron /usr/bin/cmake --install /home/pi/documents/STA_github/ros2_ws/build/mobile_robot
[48.760s] Level 1:colcon.colcon_core.environment:checking '/home/pi/documents/STA_github/ros2_ws/install/mobile_robot' for CMake module files
[48.763s] Level 1:colcon.colcon_core.environment:checking '/home/pi/documents/STA_github/ros2_ws/install/mobile_robot' for CMake config files
[48.765s] Level 1:colcon.colcon_core.shell:create_environment_hook('mobile_robot', 'cmake_prefix_path')
[48.850s] INFO:colcon.colcon_core.shell:Creating environment hook '/home/pi/documents/STA_github/ros2_ws/install/mobile_robot/share/mobile_robot/hook/cmake_prefix_path.ps1'
[48.853s] INFO:colcon.colcon_core.shell:Creating environment descriptor '/home/pi/documents/STA_github/ros2_ws/install/mobile_robot/share/mobile_robot/hook/cmake_prefix_path.dsv'
[48.855s] INFO:colcon.colcon_core.shell:Creating environment hook '/home/pi/documents/STA_github/ros2_ws/install/mobile_robot/share/mobile_robot/hook/cmake_prefix_path.sh'
[48.857s] Level 1:colcon.colcon_core.environment:checking '/home/pi/documents/STA_github/ros2_ws/install/mobile_robot/lib'
[48.858s] Level 1:colcon.colcon_core.environment:checking '/home/pi/documents/STA_github/ros2_ws/install/mobile_robot/bin'
[48.858s] Level 1:colcon.colcon_core.environment:checking '/home/pi/documents/STA_github/ros2_ws/install/mobile_robot/lib/pkgconfig/mobile_robot.pc'
[48.859s] Level 1:colcon.colcon_core.environment:checking '/home/pi/documents/STA_github/ros2_ws/install/mobile_robot/lib/python3.10/site-packages'
[48.861s] Level 1:colcon.colcon_core.environment:checking '/home/pi/documents/STA_github/ros2_ws/install/mobile_robot/bin'
[48.946s] INFO:colcon.colcon_core.shell:Creating package script '/home/pi/documents/STA_github/ros2_ws/install/mobile_robot/share/mobile_robot/package.ps1'
[48.948s] INFO:colcon.colcon_core.shell:Creating package descriptor '/home/pi/documents/STA_github/ros2_ws/install/mobile_robot/share/mobile_robot/package.dsv'
[48.950s] INFO:colcon.colcon_core.shell:Creating package script '/home/pi/documents/STA_github/ros2_ws/install/mobile_robot/share/mobile_robot/package.sh'
[48.952s] INFO:colcon.colcon_core.shell:Creating package script '/home/pi/documents/STA_github/ros2_ws/install/mobile_robot/share/mobile_robot/package.bash'
[48.954s] INFO:colcon.colcon_core.shell:Creating package script '/home/pi/documents/STA_github/ros2_ws/install/mobile_robot/share/mobile_robot/package.zsh'
[48.956s] Level 1:colcon.colcon_core.environment:create_file_with_runtime_dependencies(/home/pi/documents/STA_github/ros2_ws/install/mobile_robot/share/colcon-core/packages/mobile_robot)
[49.192s] Level 1:colcon.colcon_core.environment:create_environment_scripts_only(mobile_robot)
[49.279s] Level 1:colcon.colcon_core.environment:checking '/home/pi/documents/STA_github/ros2_ws/install/mobile_robot' for CMake module files
[49.282s] Level 1:colcon.colcon_core.environment:checking '/home/pi/documents/STA_github/ros2_ws/install/mobile_robot' for CMake config files
[49.283s] Level 1:colcon.colcon_core.shell:create_environment_hook('mobile_robot', 'cmake_prefix_path')
[49.368s] INFO:colcon.colcon_core.shell:Creating environment hook '/home/pi/documents/STA_github/ros2_ws/install/mobile_robot/share/mobile_robot/hook/cmake_prefix_path.ps1'
[49.370s] INFO:colcon.colcon_core.shell:Creating environment descriptor '/home/pi/documents/STA_github/ros2_ws/install/mobile_robot/share/mobile_robot/hook/cmake_prefix_path.dsv'
[49.372s] INFO:colcon.colcon_core.shell:Creating environment hook '/home/pi/documents/STA_github/ros2_ws/install/mobile_robot/share/mobile_robot/hook/cmake_prefix_path.sh'
[49.375s] Level 1:colcon.colcon_core.environment:checking '/home/pi/documents/STA_github/ros2_ws/install/mobile_robot/lib'
[49.375s] Level 1:colcon.colcon_core.environment:checking '/home/pi/documents/STA_github/ros2_ws/install/mobile_robot/bin'
[49.376s] Level 1:colcon.colcon_core.environment:checking '/home/pi/documents/STA_github/ros2_ws/install/mobile_robot/lib/pkgconfig/mobile_robot.pc'
[49.377s] Level 1:colcon.colcon_core.environment:checking '/home/pi/documents/STA_github/ros2_ws/install/mobile_robot/lib/python3.10/site-packages'
[49.378s] Level 1:colcon.colcon_core.environment:checking '/home/pi/documents/STA_github/ros2_ws/install/mobile_robot/bin'
[49.464s] INFO:colcon.colcon_core.shell:Creating package script '/home/pi/documents/STA_github/ros2_ws/install/mobile_robot/share/mobile_robot/package.ps1'
[49.467s] INFO:colcon.colcon_core.shell:Creating package descriptor '/home/pi/documents/STA_github/ros2_ws/install/mobile_robot/share/mobile_robot/package.dsv'
[49.469s] INFO:colcon.colcon_core.shell:Creating package script '/home/pi/documents/STA_github/ros2_ws/install/mobile_robot/share/mobile_robot/package.sh'
[49.471s] INFO:colcon.colcon_core.shell:Creating package script '/home/pi/documents/STA_github/ros2_ws/install/mobile_robot/share/mobile_robot/package.bash'
[49.473s] INFO:colcon.colcon_core.shell:Creating package script '/home/pi/documents/STA_github/ros2_ws/install/mobile_robot/share/mobile_robot/package.zsh'
[49.476s] Level 1:colcon.colcon_core.environment:create_file_with_runtime_dependencies(/home/pi/documents/STA_github/ros2_ws/install/mobile_robot/share/colcon-core/packages/mobile_robot)
[49.477s] DEBUG:colcon.colcon_parallel_executor.executor.parallel:closing loop
[49.479s] DEBUG:colcon.colcon_parallel_executor.executor.parallel:loop closed
[49.480s] DEBUG:colcon.colcon_parallel_executor.executor.parallel:run_until_complete finished with '0'
[49.481s] DEBUG:colcon.colcon_core.event_reactor:joining thread
[49.589s] INFO:colcon.colcon_core.plugin_system:Skipping extension 'colcon_notification.desktop_notification.notify_send': Could not find 'notify-send'
[49.589s] INFO:colcon.colcon_core.plugin_system:Skipping extension 'colcon_notification.desktop_notification.terminal_notifier': Not used on non-Darwin systems
[49.589s] INFO:colcon.colcon_core.plugin_system:Skipping extension 'colcon_notification.desktop_notification.win32': Not used on non-Windows systems
[49.590s] INFO:colcon.colcon_notification.desktop_notification:Sending desktop notification using 'notify2'
[49.594s] DEBUG:colcon.colcon_notification.desktop_notification.notify2:Failed to initialize notify2: org.freedesktop.DBus.Error.ServiceUnknown: The name org.freedesktop.Notifications was not provided by any .service files
[49.595s] DEBUG:colcon.colcon_core.event_reactor:joined thread
[49.684s] INFO:colcon.colcon_core.shell:Creating prefix script '/home/pi/documents/STA_github/ros2_ws/install/local_setup.ps1'
[49.688s] INFO:colcon.colcon_core.shell:Creating prefix util module '/home/pi/documents/STA_github/ros2_ws/install/_local_setup_util_ps1.py'
[49.694s] INFO:colcon.colcon_core.shell:Creating prefix chain script '/home/pi/documents/STA_github/ros2_ws/install/setup.ps1'
[49.782s] INFO:colcon.colcon_core.shell:Creating prefix script '/home/pi/documents/STA_github/ros2_ws/install/local_setup.sh'
[49.784s] INFO:colcon.colcon_core.shell:Creating prefix util module '/home/pi/documents/STA_github/ros2_ws/install/_local_setup_util_sh.py'
[49.787s] INFO:colcon.colcon_core.shell:Creating prefix chain script '/home/pi/documents/STA_github/ros2_ws/install/setup.sh'
[49.875s] INFO:colcon.colcon_core.shell:Creating prefix script '/home/pi/documents/STA_github/ros2_ws/install/local_setup.bash'
[49.878s] INFO:colcon.colcon_core.shell:Creating prefix chain script '/home/pi/documents/STA_github/ros2_ws/install/setup.bash'
[49.965s] INFO:colcon.colcon_core.shell:Creating prefix script '/home/pi/documents/STA_github/ros2_ws/install/local_setup.zsh'
[49.967s] INFO:colcon.colcon_core.shell:Creating prefix chain script '/home/pi/documents/STA_github/ros2_ws/install/setup.zsh'
