[5.582s] DEBUG:colcon:Command line arguments: ['/usr/bin/colcon', 'build']
[5.582s] DEBUG:colcon:Parsed command line arguments: Namespace(log_base=None, log_level=None, verb_name='build', build_base='build', install_base='install', merge_install=False, symlink_install=False, test_result_base=None, continue_on_error=False, executor='parallel', parallel_workers=4, event_handlers=None, ignore_user_meta=False, metas=['./colcon.meta'], base_paths=['.'], packages_ignore=None, packages_ignore_regex=None, paths=None, packages_up_to=None, packages_up_to_regex=None, packages_above=None, packages_above_and_dependencies=None, packages_above_depth=None, packages_select_by_dep=None, packages_skip_by_dep=None, packages_skip_up_to=None, packages_select_build_failed=False, packages_skip_build_finished=False, packages_select_test_failures=False, packages_skip_test_passed=False, packages_select=None, packages_skip=None, packages_select_regex=None, packages_skip_regex=None, packages_start=None, packages_end=None, allow_overriding=[], cmake_args=None, cmake_target=None, cmake_target_skip_unavailable=False, cmake_clean_cache=False, cmake_clean_first=False, cmake_force_configure=False, ament_cmake_args=None, catkin_cmake_args=None, catkin_skip_building_tests=False, verb_parser=<colcon_defaults.argument_parser.defaults.DefaultArgumentsDecorator object at 0xffff7f483a00>, verb_extension=<colcon_core.verb.build.BuildVerb object at 0xffff7f481f30>, main=<bound method BuildVerb.main of <colcon_core.verb.build.BuildVerb object at 0xffff7f481f30>>)
[5.883s] Level 1:colcon.colcon_core.package_discovery:discover_packages(colcon_meta) check parameters
[5.884s] Level 1:colcon.colcon_core.package_discovery:discover_packages(recursive) check parameters
[5.884s] Level 1:colcon.colcon_core.package_discovery:discover_packages(ignore) check parameters
[5.884s] Level 1:colcon.colcon_core.package_discovery:discover_packages(path) check parameters
[5.885s] Level 1:colcon.colcon_core.package_discovery:discover_packages(colcon_meta) discover
[5.885s] Level 1:colcon.colcon_core.package_discovery:discover_packages(recursive) discover
[5.886s] INFO:colcon.colcon_core.package_discovery:Crawling recursively for packages in '/home/pi/documents/STA_github/ros2_ws'
[5.886s] Level 1:colcon.colcon_core.package_identification:_identify(.) by extensions ['ignore', 'ignore_ament_install']
[5.887s] Level 1:colcon.colcon_core.package_identification:_identify(.) by extension 'ignore'
[5.887s] Level 1:colcon.colcon_core.package_identification:_identify(.) by extension 'ignore_ament_install'
[5.888s] Level 1:colcon.colcon_core.package_identification:_identify(.) by extensions ['colcon_pkg']
[5.888s] Level 1:colcon.colcon_core.package_identification:_identify(.) by extension 'colcon_pkg'
[5.888s] Level 1:colcon.colcon_core.package_identification:_identify(.) by extensions ['colcon_meta']
[5.888s] Level 1:colcon.colcon_core.package_identification:_identify(.) by extension 'colcon_meta'
[5.889s] Level 1:colcon.colcon_core.package_identification:_identify(.) by extensions ['ros']
[5.889s] Level 1:colcon.colcon_core.package_identification:_identify(.) by extension 'ros'
[5.940s] Level 1:colcon.colcon_core.package_identification:_identify(.) by extensions ['cmake', 'python']
[5.940s] Level 1:colcon.colcon_core.package_identification:_identify(.) by extension 'cmake'
[5.940s] Level 1:colcon.colcon_core.package_identification:_identify(.) by extension 'python'
[5.940s] Level 1:colcon.colcon_core.package_identification:_identify(.) by extensions ['python_setup_py']
[5.941s] Level 1:colcon.colcon_core.package_identification:_identify(.) by extension 'python_setup_py'
[5.941s] Level 1:colcon.colcon_core.package_identification:_identify(build) by extensions ['ignore', 'ignore_ament_install']
[5.942s] Level 1:colcon.colcon_core.package_identification:_identify(build) by extension 'ignore'
[5.942s] Level 1:colcon.colcon_core.package_identification:_identify(build) ignored
[5.943s] Level 1:colcon.colcon_core.package_identification:_identify(install) by extensions ['ignore', 'ignore_ament_install']
[5.943s] Level 1:colcon.colcon_core.package_identification:_identify(install) by extension 'ignore'
[5.943s] Level 1:colcon.colcon_core.package_identification:_identify(install) ignored
[5.945s] Level 1:colcon.colcon_core.package_identification:_identify(log) by extensions ['ignore', 'ignore_ament_install']
[5.945s] Level 1:colcon.colcon_core.package_identification:_identify(log) by extension 'ignore'
[5.946s] Level 1:colcon.colcon_core.package_identification:_identify(log) ignored
[5.946s] Level 1:colcon.colcon_core.package_identification:_identify(src) by extensions ['ignore', 'ignore_ament_install']
[5.946s] Level 1:colcon.colcon_core.package_identification:_identify(src) by extension 'ignore'
[5.947s] Level 1:colcon.colcon_core.package_identification:_identify(src) by extension 'ignore_ament_install'
[5.947s] Level 1:colcon.colcon_core.package_identification:_identify(src) by extensions ['colcon_pkg']
[5.947s] Level 1:colcon.colcon_core.package_identification:_identify(src) by extension 'colcon_pkg'
[5.947s] Level 1:colcon.colcon_core.package_identification:_identify(src) by extensions ['colcon_meta']
[5.947s] Level 1:colcon.colcon_core.package_identification:_identify(src) by extension 'colcon_meta'
[5.948s] Level 1:colcon.colcon_core.package_identification:_identify(src) by extensions ['ros']
[5.948s] Level 1:colcon.colcon_core.package_identification:_identify(src) by extension 'ros'
[5.948s] Level 1:colcon.colcon_core.package_identification:_identify(src) by extensions ['cmake', 'python']
[5.949s] Level 1:colcon.colcon_core.package_identification:_identify(src) by extension 'cmake'
[5.949s] Level 1:colcon.colcon_core.package_identification:_identify(src) by extension 'python'
[5.949s] Level 1:colcon.colcon_core.package_identification:_identify(src) by extensions ['python_setup_py']
[5.950s] Level 1:colcon.colcon_core.package_identification:_identify(src) by extension 'python_setup_py'
[5.950s] Level 1:colcon.colcon_core.package_identification:_identify(src/build) by extensions ['ignore', 'ignore_ament_install']
[5.951s] Level 1:colcon.colcon_core.package_identification:_identify(src/build) by extension 'ignore'
[5.951s] Level 1:colcon.colcon_core.package_identification:_identify(src/build) ignored
[5.952s] Level 1:colcon.colcon_core.package_identification:_identify(src/install) by extensions ['ignore', 'ignore_ament_install']
[5.952s] Level 1:colcon.colcon_core.package_identification:_identify(src/install) by extension 'ignore'
[5.953s] Level 1:colcon.colcon_core.package_identification:_identify(src/install) ignored
[5.953s] Level 1:colcon.colcon_core.package_identification:_identify(src/log) by extensions ['ignore', 'ignore_ament_install']
[5.954s] Level 1:colcon.colcon_core.package_identification:_identify(src/log) by extension 'ignore'
[5.954s] Level 1:colcon.colcon_core.package_identification:_identify(src/log) ignored
[5.955s] Level 1:colcon.colcon_core.package_identification:_identify(src/mobile_robot) by extensions ['ignore', 'ignore_ament_install']
[5.955s] Level 1:colcon.colcon_core.package_identification:_identify(src/mobile_robot) by extension 'ignore'
[5.956s] Level 1:colcon.colcon_core.package_identification:_identify(src/mobile_robot) by extension 'ignore_ament_install'
[5.956s] Level 1:colcon.colcon_core.package_identification:_identify(src/mobile_robot) by extensions ['colcon_pkg']
[5.956s] Level 1:colcon.colcon_core.package_identification:_identify(src/mobile_robot) by extension 'colcon_pkg'
[5.956s] Level 1:colcon.colcon_core.package_identification:_identify(src/mobile_robot) by extensions ['colcon_meta']
[5.957s] Level 1:colcon.colcon_core.package_identification:_identify(src/mobile_robot) by extension 'colcon_meta'
[5.957s] Level 1:colcon.colcon_core.package_identification:_identify(src/mobile_robot) by extensions ['ros']
[5.957s] Level 1:colcon.colcon_core.package_identification:_identify(src/mobile_robot) by extension 'ros'
[5.970s] DEBUG:colcon.colcon_core.package_identification:Package 'src/mobile_robot' with type 'ros.ament_cmake' and name 'mobile_robot'
[5.971s] Level 1:colcon.colcon_core.package_identification:_identify(src/shark) by extensions ['ignore', 'ignore_ament_install']
[5.972s] Level 1:colcon.colcon_core.package_identification:_identify(src/shark) by extension 'ignore'
[5.972s] Level 1:colcon.colcon_core.package_identification:_identify(src/shark) by extension 'ignore_ament_install'
[5.973s] Level 1:colcon.colcon_core.package_identification:_identify(src/shark) by extensions ['colcon_pkg']
[5.973s] Level 1:colcon.colcon_core.package_identification:_identify(src/shark) by extension 'colcon_pkg'
[5.973s] Level 1:colcon.colcon_core.package_identification:_identify(src/shark) by extensions ['colcon_meta']
[5.973s] Level 1:colcon.colcon_core.package_identification:_identify(src/shark) by extension 'colcon_meta'
[5.974s] Level 1:colcon.colcon_core.package_identification:_identify(src/shark) by extensions ['ros']
[5.974s] Level 1:colcon.colcon_core.package_identification:_identify(src/shark) by extension 'ros'
[5.979s] DEBUG:colcon.colcon_core.package_identification:Package 'src/shark' with type 'ros.ament_cmake' and name 'shark'
[5.979s] Level 1:colcon.colcon_core.package_identification:_identify(src/ydlidar_ros2_driver) by extensions ['ignore', 'ignore_ament_install']
[5.980s] Level 1:colcon.colcon_core.package_identification:_identify(src/ydlidar_ros2_driver) by extension 'ignore'
[5.980s] Level 1:colcon.colcon_core.package_identification:_identify(src/ydlidar_ros2_driver) by extension 'ignore_ament_install'
[5.981s] Level 1:colcon.colcon_core.package_identification:_identify(src/ydlidar_ros2_driver) by extensions ['colcon_pkg']
[5.981s] Level 1:colcon.colcon_core.package_identification:_identify(src/ydlidar_ros2_driver) by extension 'colcon_pkg'
[5.981s] Level 1:colcon.colcon_core.package_identification:_identify(src/ydlidar_ros2_driver) by extensions ['colcon_meta']
[5.982s] Level 1:colcon.colcon_core.package_identification:_identify(src/ydlidar_ros2_driver) by extension 'colcon_meta'
[5.982s] Level 1:colcon.colcon_core.package_identification:_identify(src/ydlidar_ros2_driver) by extensions ['ros']
[5.982s] Level 1:colcon.colcon_core.package_identification:_identify(src/ydlidar_ros2_driver) by extension 'ros'
[5.985s] DEBUG:colcon.colcon_core.package_identification:Package 'src/ydlidar_ros2_driver' with type 'ros.ament_cmake' and name 'ydlidar_ros2_driver'
[5.986s] Level 1:colcon.colcon_core.package_discovery:discover_packages(recursive) using defaults
[5.986s] Level 1:colcon.colcon_core.package_discovery:discover_packages(ignore) discover
[5.986s] Level 1:colcon.colcon_core.package_discovery:discover_packages(ignore) using defaults
[5.986s] Level 1:colcon.colcon_core.package_discovery:discover_packages(path) discover
[5.986s] Level 1:colcon.colcon_core.package_discovery:discover_packages(path) using defaults
[6.488s] Level 1:colcon.colcon_core.package_discovery:discover_packages(prefix_path) check parameters
[6.488s] Level 1:colcon.colcon_core.package_discovery:discover_packages(prefix_path) discover
[6.658s] DEBUG:colcon.colcon_installed_package_information.package_discovery:Found 3 installed packages in /home/pi/documents/STA_github/ros2_ws/install
[6.738s] DEBUG:colcon.colcon_installed_package_information.package_discovery:Found 1 installed packages in /home/pi/ros2_ws/install
[6.829s] DEBUG:colcon.colcon_installed_package_information.package_discovery:Found 290 installed packages in /opt/ros/iron
[6.872s] Level 1:colcon.colcon_core.package_discovery:discover_packages(prefix_path) using defaults
[7.304s] Level 5:colcon.colcon_core.verb:set package 'mobile_robot' build argument 'cmake_args' from command line to 'None'
[7.305s] Level 5:colcon.colcon_core.verb:set package 'mobile_robot' build argument 'cmake_target' from command line to 'None'
[7.310s] Level 5:colcon.colcon_core.verb:set package 'mobile_robot' build argument 'cmake_target_skip_unavailable' from command line to 'False'
[7.310s] Level 5:colcon.colcon_core.verb:set package 'mobile_robot' build argument 'cmake_clean_cache' from command line to 'False'
[7.310s] Level 5:colcon.colcon_core.verb:set package 'mobile_robot' build argument 'cmake_clean_first' from command line to 'False'
[7.310s] Level 5:colcon.colcon_core.verb:set package 'mobile_robot' build argument 'cmake_force_configure' from command line to 'False'
[7.310s] Level 5:colcon.colcon_core.verb:set package 'mobile_robot' build argument 'ament_cmake_args' from command line to 'None'
[7.311s] Level 5:colcon.colcon_core.verb:set package 'mobile_robot' build argument 'catkin_cmake_args' from command line to 'None'
[7.311s] Level 5:colcon.colcon_core.verb:set package 'mobile_robot' build argument 'catkin_skip_building_tests' from command line to 'False'
[7.311s] DEBUG:colcon.colcon_core.verb:Building package 'mobile_robot' with the following arguments: {'ament_cmake_args': None, 'build_base': '/home/pi/documents/STA_github/ros2_ws/build/mobile_robot', 'catkin_cmake_args': None, 'catkin_skip_building_tests': False, 'cmake_args': None, 'cmake_clean_cache': False, 'cmake_clean_first': False, 'cmake_force_configure': False, 'cmake_target': None, 'cmake_target_skip_unavailable': False, 'install_base': '/home/pi/documents/STA_github/ros2_ws/install/mobile_robot', 'merge_install': False, 'path': '/home/pi/documents/STA_github/ros2_ws/src/mobile_robot', 'symlink_install': False, 'test_result_base': None}
[7.396s] Level 5:colcon.colcon_core.verb:set package 'shark' build argument 'cmake_args' from command line to 'None'
[7.396s] Level 5:colcon.colcon_core.verb:set package 'shark' build argument 'cmake_target' from command line to 'None'
[7.396s] Level 5:colcon.colcon_core.verb:set package 'shark' build argument 'cmake_target_skip_unavailable' from command line to 'False'
[7.396s] Level 5:colcon.colcon_core.verb:set package 'shark' build argument 'cmake_clean_cache' from command line to 'False'
[7.396s] Level 5:colcon.colcon_core.verb:set package 'shark' build argument 'cmake_clean_first' from command line to 'False'
[7.397s] Level 5:colcon.colcon_core.verb:set package 'shark' build argument 'cmake_force_configure' from command line to 'False'
[7.397s] Level 5:colcon.colcon_core.verb:set package 'shark' build argument 'ament_cmake_args' from command line to 'None'
[7.397s] Level 5:colcon.colcon_core.verb:set package 'shark' build argument 'catkin_cmake_args' from command line to 'None'
[7.397s] Level 5:colcon.colcon_core.verb:set package 'shark' build argument 'catkin_skip_building_tests' from command line to 'False'
[7.397s] DEBUG:colcon.colcon_core.verb:Building package 'shark' with the following arguments: {'ament_cmake_args': None, 'build_base': '/home/pi/documents/STA_github/ros2_ws/build/shark', 'catkin_cmake_args': None, 'catkin_skip_building_tests': False, 'cmake_args': None, 'cmake_clean_cache': False, 'cmake_clean_first': False, 'cmake_force_configure': False, 'cmake_target': None, 'cmake_target_skip_unavailable': False, 'install_base': '/home/pi/documents/STA_github/ros2_ws/install/shark', 'merge_install': False, 'path': '/home/pi/documents/STA_github/ros2_ws/src/shark', 'symlink_install': False, 'test_result_base': None}
[7.479s] Level 5:colcon.colcon_core.verb:set package 'ydlidar_ros2_driver' build argument 'cmake_args' from command line to 'None'
[7.479s] Level 5:colcon.colcon_core.verb:set package 'ydlidar_ros2_driver' build argument 'cmake_target' from command line to 'None'
[7.479s] Level 5:colcon.colcon_core.verb:set package 'ydlidar_ros2_driver' build argument 'cmake_target_skip_unavailable' from command line to 'False'
[7.479s] Level 5:colcon.colcon_core.verb:set package 'ydlidar_ros2_driver' build argument 'cmake_clean_cache' from command line to 'False'
[7.479s] Level 5:colcon.colcon_core.verb:set package 'ydlidar_ros2_driver' build argument 'cmake_clean_first' from command line to 'False'
[7.479s] Level 5:colcon.colcon_core.verb:set package 'ydlidar_ros2_driver' build argument 'cmake_force_configure' from command line to 'False'
[7.480s] Level 5:colcon.colcon_core.verb:set package 'ydlidar_ros2_driver' build argument 'ament_cmake_args' from command line to 'None'
[7.480s] Level 5:colcon.colcon_core.verb:set package 'ydlidar_ros2_driver' build argument 'catkin_cmake_args' from command line to 'None'
[7.480s] Level 5:colcon.colcon_core.verb:set package 'ydlidar_ros2_driver' build argument 'catkin_skip_building_tests' from command line to 'False'
[7.480s] DEBUG:colcon.colcon_core.verb:Building package 'ydlidar_ros2_driver' with the following arguments: {'ament_cmake_args': None, 'build_base': '/home/pi/documents/STA_github/ros2_ws/build/ydlidar_ros2_driver', 'catkin_cmake_args': None, 'catkin_skip_building_tests': False, 'cmake_args': None, 'cmake_clean_cache': False, 'cmake_clean_first': False, 'cmake_force_configure': False, 'cmake_target': None, 'cmake_target_skip_unavailable': False, 'install_base': '/home/pi/documents/STA_github/ros2_ws/install/ydlidar_ros2_driver', 'merge_install': False, 'path': '/home/pi/documents/STA_github/ros2_ws/src/ydlidar_ros2_driver', 'symlink_install': False, 'test_result_base': None}
[7.560s] INFO:colcon.colcon_core.executor:Executing jobs using 'parallel' executor
[7.642s] DEBUG:colcon.colcon_parallel_executor.executor.parallel:run_until_complete
[7.644s] INFO:colcon.colcon_ros.task.ament_cmake.build:Building ROS package in '/home/pi/documents/STA_github/ros2_ws/src/mobile_robot' with build type 'ament_cmake'
[7.644s] INFO:colcon.colcon_cmake.task.cmake.build:Building CMake package in '/home/pi/documents/STA_github/ros2_ws/src/mobile_robot'
[7.736s] INFO:colcon.colcon_core.plugin_system:Skipping extension 'colcon_core.shell.bat': Not used on non-Windows systems
[7.737s] INFO:colcon.colcon_core.shell:Skip shell extension 'powershell' for command environment: Not usable outside of PowerShell
[7.737s] DEBUG:colcon.colcon_core.shell:Skip shell extension 'dsv' for command environment
[8.088s] INFO:colcon.colcon_ros.task.ament_cmake.build:Building ROS package in '/home/pi/documents/STA_github/ros2_ws/src/shark' with build type 'ament_cmake'
[8.088s] INFO:colcon.colcon_cmake.task.cmake.build:Building CMake package in '/home/pi/documents/STA_github/ros2_ws/src/shark'
[8.175s] INFO:colcon.colcon_core.shell:Skip shell extension 'powershell' for command environment: Not usable outside of PowerShell
[8.175s] DEBUG:colcon.colcon_core.shell:Skip shell extension 'dsv' for command environment
[8.523s] INFO:colcon.colcon_ros.task.ament_cmake.build:Building ROS package in '/home/pi/documents/STA_github/ros2_ws/src/ydlidar_ros2_driver' with build type 'ament_cmake'
[8.523s] INFO:colcon.colcon_cmake.task.cmake.build:Building CMake package in '/home/pi/documents/STA_github/ros2_ws/src/ydlidar_ros2_driver'
[8.608s] INFO:colcon.colcon_core.shell:Skip shell extension 'powershell' for command environment: Not usable outside of PowerShell
[8.608s] DEBUG:colcon.colcon_core.shell:Skip shell extension 'dsv' for command environment
[8.982s] DEBUG:colcon.colcon_core.event_handler.log_command:Invoking command in '/home/pi/documents/STA_github/ros2_ws/build/mobile_robot': CMAKE_PREFIX_PATH=${CMAKE_PREFIX_PATH}:/home/pi/ros2_ws/install/ydlidar_ros2_driver:/opt/ros/iron /usr/bin/cmake --build /home/pi/documents/STA_github/ros2_ws/build/mobile_robot -- -j4 -l4
[9.009s] DEBUG:colcon.colcon_core.event_handler.log_command:Invoking command in '/home/pi/documents/STA_github/ros2_ws/build/shark': CMAKE_PREFIX_PATH=${CMAKE_PREFIX_PATH}:/home/pi/ros2_ws/install/ydlidar_ros2_driver:/opt/ros/iron /usr/bin/cmake --build /home/pi/documents/STA_github/ros2_ws/build/shark -- -j4 -l4
[9.053s] DEBUG:colcon.colcon_core.event_handler.log_command:Invoking command in '/home/pi/documents/STA_github/ros2_ws/build/ydlidar_ros2_driver': CMAKE_PREFIX_PATH=${CMAKE_PREFIX_PATH}:/home/pi/ros2_ws/install/ydlidar_ros2_driver:/opt/ros/iron /usr/bin/cmake --build /home/pi/documents/STA_github/ros2_ws/build/ydlidar_ros2_driver -- -j4 -l4
[9.415s] DEBUG:colcon.colcon_core.event_handler.log_command:Invoked command in '/home/pi/documents/STA_github/ros2_ws/build/mobile_robot' returned '0': CMAKE_PREFIX_PATH=${CMAKE_PREFIX_PATH}:/home/pi/ros2_ws/install/ydlidar_ros2_driver:/opt/ros/iron /usr/bin/cmake --build /home/pi/documents/STA_github/ros2_ws/build/mobile_robot -- -j4 -l4
[9.482s] DEBUG:colcon.colcon_core.event_handler.log_command:Invoked command in '/home/pi/documents/STA_github/ros2_ws/build/ydlidar_ros2_driver' returned '0': CMAKE_PREFIX_PATH=${CMAKE_PREFIX_PATH}:/home/pi/ros2_ws/install/ydlidar_ros2_driver:/opt/ros/iron /usr/bin/cmake --build /home/pi/documents/STA_github/ros2_ws/build/ydlidar_ros2_driver -- -j4 -l4
[9.675s] DEBUG:colcon.colcon_core.event_handler.log_command:Invoking command in '/home/pi/documents/STA_github/ros2_ws/build/mobile_robot': CMAKE_PREFIX_PATH=${CMAKE_PREFIX_PATH}:/home/pi/ros2_ws/install/ydlidar_ros2_driver:/opt/ros/iron /usr/bin/cmake --install /home/pi/documents/STA_github/ros2_ws/build/mobile_robot
[9.736s] Level 1:colcon.colcon_core.environment:create_environment_scripts_only(mobile_robot)
[9.738s] DEBUG:colcon.colcon_core.event_handler.log_command:Invoked command in '/home/pi/documents/STA_github/ros2_ws/build/mobile_robot' returned '0': CMAKE_PREFIX_PATH=${CMAKE_PREFIX_PATH}:/home/pi/ros2_ws/install/ydlidar_ros2_driver:/opt/ros/iron /usr/bin/cmake --install /home/pi/documents/STA_github/ros2_ws/build/mobile_robot
[9.839s] Level 1:colcon.colcon_core.environment:checking '/home/pi/documents/STA_github/ros2_ws/install/mobile_robot' for CMake module files
[9.842s] Level 1:colcon.colcon_core.environment:checking '/home/pi/documents/STA_github/ros2_ws/install/mobile_robot' for CMake config files
[9.843s] Level 1:colcon.colcon_core.shell:create_environment_hook('mobile_robot', 'cmake_prefix_path')
[9.950s] INFO:colcon.colcon_core.shell:Creating environment hook '/home/pi/documents/STA_github/ros2_ws/install/mobile_robot/share/mobile_robot/hook/cmake_prefix_path.ps1'
[9.953s] INFO:colcon.colcon_core.shell:Creating environment descriptor '/home/pi/documents/STA_github/ros2_ws/install/mobile_robot/share/mobile_robot/hook/cmake_prefix_path.dsv'
[9.955s] INFO:colcon.colcon_core.shell:Creating environment hook '/home/pi/documents/STA_github/ros2_ws/install/mobile_robot/share/mobile_robot/hook/cmake_prefix_path.sh'
[9.960s] Level 1:colcon.colcon_core.environment:checking '/home/pi/documents/STA_github/ros2_ws/install/mobile_robot/lib'
[9.961s] Level 1:colcon.colcon_core.environment:checking '/home/pi/documents/STA_github/ros2_ws/install/mobile_robot/bin'
[9.962s] Level 1:colcon.colcon_core.environment:checking '/home/pi/documents/STA_github/ros2_ws/install/mobile_robot/lib/pkgconfig/mobile_robot.pc'
[9.963s] Level 1:colcon.colcon_core.environment:checking '/home/pi/documents/STA_github/ros2_ws/install/mobile_robot/lib/python3.10/site-packages'
[9.964s] Level 1:colcon.colcon_core.environment:checking '/home/pi/documents/STA_github/ros2_ws/install/mobile_robot/bin'
[10.065s] INFO:colcon.colcon_core.shell:Creating package script '/home/pi/documents/STA_github/ros2_ws/install/mobile_robot/share/mobile_robot/package.ps1'
[10.069s] INFO:colcon.colcon_core.shell:Creating package descriptor '/home/pi/documents/STA_github/ros2_ws/install/mobile_robot/share/mobile_robot/package.dsv'
[10.074s] INFO:colcon.colcon_core.shell:Creating package script '/home/pi/documents/STA_github/ros2_ws/install/mobile_robot/share/mobile_robot/package.sh'
[10.078s] INFO:colcon.colcon_core.shell:Creating package script '/home/pi/documents/STA_github/ros2_ws/install/mobile_robot/share/mobile_robot/package.bash'
[10.082s] INFO:colcon.colcon_core.shell:Creating package script '/home/pi/documents/STA_github/ros2_ws/install/mobile_robot/share/mobile_robot/package.zsh'
[10.086s] Level 1:colcon.colcon_core.environment:create_file_with_runtime_dependencies(/home/pi/documents/STA_github/ros2_ws/install/mobile_robot/share/colcon-core/packages/mobile_robot)
[10.096s] DEBUG:colcon.colcon_core.event_handler.log_command:Invoking command in '/home/pi/documents/STA_github/ros2_ws/build/ydlidar_ros2_driver': CMAKE_PREFIX_PATH=${CMAKE_PREFIX_PATH}:/home/pi/ros2_ws/install/ydlidar_ros2_driver:/opt/ros/iron /usr/bin/cmake --install /home/pi/documents/STA_github/ros2_ws/build/ydlidar_ros2_driver
[10.236s] Level 1:colcon.colcon_core.environment:create_environment_scripts_only(ydlidar_ros2_driver)
[10.239s] DEBUG:colcon.colcon_core.event_handler.log_command:Invoked command in '/home/pi/documents/STA_github/ros2_ws/build/ydlidar_ros2_driver' returned '0': CMAKE_PREFIX_PATH=${CMAKE_PREFIX_PATH}:/home/pi/ros2_ws/install/ydlidar_ros2_driver:/opt/ros/iron /usr/bin/cmake --install /home/pi/documents/STA_github/ros2_ws/build/ydlidar_ros2_driver
[10.353s] Level 1:colcon.colcon_core.environment:checking '/home/pi/documents/STA_github/ros2_ws/install/ydlidar_ros2_driver' for CMake module files
[10.357s] Level 1:colcon.colcon_core.environment:checking '/home/pi/documents/STA_github/ros2_ws/install/ydlidar_ros2_driver' for CMake config files
[10.359s] Level 1:colcon.colcon_core.shell:create_environment_hook('ydlidar_ros2_driver', 'cmake_prefix_path')
[10.514s] INFO:colcon.colcon_core.shell:Creating environment hook '/home/pi/documents/STA_github/ros2_ws/install/ydlidar_ros2_driver/share/ydlidar_ros2_driver/hook/cmake_prefix_path.ps1'
[10.518s] INFO:colcon.colcon_core.shell:Creating environment descriptor '/home/pi/documents/STA_github/ros2_ws/install/ydlidar_ros2_driver/share/ydlidar_ros2_driver/hook/cmake_prefix_path.dsv'
[10.521s] INFO:colcon.colcon_core.shell:Creating environment hook '/home/pi/documents/STA_github/ros2_ws/install/ydlidar_ros2_driver/share/ydlidar_ros2_driver/hook/cmake_prefix_path.sh'
[10.527s] Level 1:colcon.colcon_core.environment:checking '/home/pi/documents/STA_github/ros2_ws/install/ydlidar_ros2_driver/lib'
[10.528s] Level 1:colcon.colcon_core.environment:checking '/home/pi/documents/STA_github/ros2_ws/install/ydlidar_ros2_driver/bin'
[10.529s] Level 1:colcon.colcon_core.environment:checking '/home/pi/documents/STA_github/ros2_ws/install/ydlidar_ros2_driver/lib/pkgconfig/ydlidar_ros2_driver.pc'
[10.531s] Level 1:colcon.colcon_core.environment:checking '/home/pi/documents/STA_github/ros2_ws/install/ydlidar_ros2_driver/lib/python3.10/site-packages'
[10.534s] Level 1:colcon.colcon_core.environment:checking '/home/pi/documents/STA_github/ros2_ws/install/ydlidar_ros2_driver/bin'
[10.706s] INFO:colcon.colcon_core.shell:Creating package script '/home/pi/documents/STA_github/ros2_ws/install/ydlidar_ros2_driver/share/ydlidar_ros2_driver/package.ps1'
[10.710s] INFO:colcon.colcon_core.shell:Creating package descriptor '/home/pi/documents/STA_github/ros2_ws/install/ydlidar_ros2_driver/share/ydlidar_ros2_driver/package.dsv'
[10.714s] INFO:colcon.colcon_core.shell:Creating package script '/home/pi/documents/STA_github/ros2_ws/install/ydlidar_ros2_driver/share/ydlidar_ros2_driver/package.sh'
[10.718s] INFO:colcon.colcon_core.shell:Creating package script '/home/pi/documents/STA_github/ros2_ws/install/ydlidar_ros2_driver/share/ydlidar_ros2_driver/package.bash'
[10.722s] INFO:colcon.colcon_core.shell:Creating package script '/home/pi/documents/STA_github/ros2_ws/install/ydlidar_ros2_driver/share/ydlidar_ros2_driver/package.zsh'
[10.725s] Level 1:colcon.colcon_core.environment:create_file_with_runtime_dependencies(/home/pi/documents/STA_github/ros2_ws/install/ydlidar_ros2_driver/share/colcon-core/packages/ydlidar_ros2_driver)
[10.863s] Level 1:colcon.colcon_core.environment:create_environment_scripts_only(mobile_robot)
[10.963s] Level 1:colcon.colcon_core.environment:checking '/home/pi/documents/STA_github/ros2_ws/install/mobile_robot' for CMake module files
[10.967s] Level 1:colcon.colcon_core.environment:checking '/home/pi/documents/STA_github/ros2_ws/install/mobile_robot' for CMake config files
[10.968s] Level 1:colcon.colcon_core.shell:create_environment_hook('mobile_robot', 'cmake_prefix_path')
[11.056s] INFO:colcon.colcon_core.shell:Creating environment hook '/home/pi/documents/STA_github/ros2_ws/install/mobile_robot/share/mobile_robot/hook/cmake_prefix_path.ps1'
[11.059s] INFO:colcon.colcon_core.shell:Creating environment descriptor '/home/pi/documents/STA_github/ros2_ws/install/mobile_robot/share/mobile_robot/hook/cmake_prefix_path.dsv'
[11.062s] INFO:colcon.colcon_core.shell:Creating environment hook '/home/pi/documents/STA_github/ros2_ws/install/mobile_robot/share/mobile_robot/hook/cmake_prefix_path.sh'
[11.064s] Level 1:colcon.colcon_core.environment:checking '/home/pi/documents/STA_github/ros2_ws/install/mobile_robot/lib'
[11.065s] Level 1:colcon.colcon_core.environment:checking '/home/pi/documents/STA_github/ros2_ws/install/mobile_robot/bin'
[11.065s] Level 1:colcon.colcon_core.environment:checking '/home/pi/documents/STA_github/ros2_ws/install/mobile_robot/lib/pkgconfig/mobile_robot.pc'
[11.066s] Level 1:colcon.colcon_core.environment:checking '/home/pi/documents/STA_github/ros2_ws/install/mobile_robot/lib/python3.10/site-packages'
[11.067s] Level 1:colcon.colcon_core.environment:checking '/home/pi/documents/STA_github/ros2_ws/install/mobile_robot/bin'
[11.155s] INFO:colcon.colcon_core.shell:Creating package script '/home/pi/documents/STA_github/ros2_ws/install/mobile_robot/share/mobile_robot/package.ps1'
[11.158s] INFO:colcon.colcon_core.shell:Creating package descriptor '/home/pi/documents/STA_github/ros2_ws/install/mobile_robot/share/mobile_robot/package.dsv'
[11.160s] INFO:colcon.colcon_core.shell:Creating package script '/home/pi/documents/STA_github/ros2_ws/install/mobile_robot/share/mobile_robot/package.sh'
[11.163s] INFO:colcon.colcon_core.shell:Creating package script '/home/pi/documents/STA_github/ros2_ws/install/mobile_robot/share/mobile_robot/package.bash'
[11.166s] INFO:colcon.colcon_core.shell:Creating package script '/home/pi/documents/STA_github/ros2_ws/install/mobile_robot/share/mobile_robot/package.zsh'
[11.169s] Level 1:colcon.colcon_core.environment:create_file_with_runtime_dependencies(/home/pi/documents/STA_github/ros2_ws/install/mobile_robot/share/colcon-core/packages/mobile_robot)
[11.265s] Level 1:colcon.colcon_core.environment:create_environment_scripts_only(ydlidar_ros2_driver)
[11.353s] Level 1:colcon.colcon_core.environment:checking '/home/pi/documents/STA_github/ros2_ws/install/ydlidar_ros2_driver' for CMake module files
[11.357s] Level 1:colcon.colcon_core.environment:checking '/home/pi/documents/STA_github/ros2_ws/install/ydlidar_ros2_driver' for CMake config files
[11.360s] Level 1:colcon.colcon_core.shell:create_environment_hook('ydlidar_ros2_driver', 'cmake_prefix_path')
[11.461s] INFO:colcon.colcon_core.shell:Creating environment hook '/home/pi/documents/STA_github/ros2_ws/install/ydlidar_ros2_driver/share/ydlidar_ros2_driver/hook/cmake_prefix_path.ps1'
[11.463s] INFO:colcon.colcon_core.shell:Creating environment descriptor '/home/pi/documents/STA_github/ros2_ws/install/ydlidar_ros2_driver/share/ydlidar_ros2_driver/hook/cmake_prefix_path.dsv'
[11.465s] INFO:colcon.colcon_core.shell:Creating environment hook '/home/pi/documents/STA_github/ros2_ws/install/ydlidar_ros2_driver/share/ydlidar_ros2_driver/hook/cmake_prefix_path.sh'
[11.468s] Level 1:colcon.colcon_core.environment:checking '/home/pi/documents/STA_github/ros2_ws/install/ydlidar_ros2_driver/lib'
[11.469s] Level 1:colcon.colcon_core.environment:checking '/home/pi/documents/STA_github/ros2_ws/install/ydlidar_ros2_driver/bin'
[11.469s] Level 1:colcon.colcon_core.environment:checking '/home/pi/documents/STA_github/ros2_ws/install/ydlidar_ros2_driver/lib/pkgconfig/ydlidar_ros2_driver.pc'
[11.470s] Level 1:colcon.colcon_core.environment:checking '/home/pi/documents/STA_github/ros2_ws/install/ydlidar_ros2_driver/lib/python3.10/site-packages'
[11.471s] Level 1:colcon.colcon_core.environment:checking '/home/pi/documents/STA_github/ros2_ws/install/ydlidar_ros2_driver/bin'
[11.562s] INFO:colcon.colcon_core.shell:Creating package script '/home/pi/documents/STA_github/ros2_ws/install/ydlidar_ros2_driver/share/ydlidar_ros2_driver/package.ps1'
[11.565s] INFO:colcon.colcon_core.shell:Creating package descriptor '/home/pi/documents/STA_github/ros2_ws/install/ydlidar_ros2_driver/share/ydlidar_ros2_driver/package.dsv'
[11.567s] INFO:colcon.colcon_core.shell:Creating package script '/home/pi/documents/STA_github/ros2_ws/install/ydlidar_ros2_driver/share/ydlidar_ros2_driver/package.sh'
[11.569s] INFO:colcon.colcon_core.shell:Creating package script '/home/pi/documents/STA_github/ros2_ws/install/ydlidar_ros2_driver/share/ydlidar_ros2_driver/package.bash'
[11.572s] INFO:colcon.colcon_core.shell:Creating package script '/home/pi/documents/STA_github/ros2_ws/install/ydlidar_ros2_driver/share/ydlidar_ros2_driver/package.zsh'
[11.574s] Level 1:colcon.colcon_core.environment:create_file_with_runtime_dependencies(/home/pi/documents/STA_github/ros2_ws/install/ydlidar_ros2_driver/share/colcon-core/packages/ydlidar_ros2_driver)
[31.872s] DEBUG:colcon.colcon_core.event_handler.log_command:Invoked command in '/home/pi/documents/STA_github/ros2_ws/build/shark' returned '2': CMAKE_PREFIX_PATH=${CMAKE_PREFIX_PATH}:/home/pi/ros2_ws/install/ydlidar_ros2_driver:/opt/ros/iron /usr/bin/cmake --build /home/pi/documents/STA_github/ros2_ws/build/shark -- -j4 -l4
[32.118s] Level 1:colcon.colcon_core.environment:create_environment_scripts_only(shark)
[32.201s] Level 1:colcon.colcon_core.environment:checking '/home/pi/documents/STA_github/ros2_ws/install/shark' for CMake module files
[32.204s] Level 1:colcon.colcon_core.environment:checking '/home/pi/documents/STA_github/ros2_ws/install/shark' for CMake config files
[32.207s] Level 1:colcon.colcon_core.shell:create_environment_hook('shark', 'cmake_prefix_path')
[32.289s] INFO:colcon.colcon_core.shell:Creating environment hook '/home/pi/documents/STA_github/ros2_ws/install/shark/share/shark/hook/cmake_prefix_path.ps1'
[32.292s] INFO:colcon.colcon_core.shell:Creating environment descriptor '/home/pi/documents/STA_github/ros2_ws/install/shark/share/shark/hook/cmake_prefix_path.dsv'
[32.296s] INFO:colcon.colcon_core.shell:Creating environment hook '/home/pi/documents/STA_github/ros2_ws/install/shark/share/shark/hook/cmake_prefix_path.sh'
[32.300s] Level 1:colcon.colcon_core.environment:checking '/home/pi/documents/STA_github/ros2_ws/install/shark/lib'
[32.301s] Level 1:colcon.colcon_core.environment:checking '/home/pi/documents/STA_github/ros2_ws/install/shark/bin'
[32.302s] Level 1:colcon.colcon_core.environment:checking '/home/pi/documents/STA_github/ros2_ws/install/shark/lib/pkgconfig/shark.pc'
[32.303s] Level 1:colcon.colcon_core.environment:checking '/home/pi/documents/STA_github/ros2_ws/install/shark/lib/python3.10/site-packages'
[32.305s] Level 1:colcon.colcon_core.environment:checking '/home/pi/documents/STA_github/ros2_ws/install/shark/bin'
[32.455s] INFO:colcon.colcon_core.shell:Creating package script '/home/pi/documents/STA_github/ros2_ws/install/shark/share/shark/package.ps1'
[32.460s] INFO:colcon.colcon_core.shell:Creating package descriptor '/home/pi/documents/STA_github/ros2_ws/install/shark/share/shark/package.dsv'
[32.465s] INFO:colcon.colcon_core.shell:Creating package script '/home/pi/documents/STA_github/ros2_ws/install/shark/share/shark/package.sh'
[32.469s] INFO:colcon.colcon_core.shell:Creating package script '/home/pi/documents/STA_github/ros2_ws/install/shark/share/shark/package.bash'
[32.473s] INFO:colcon.colcon_core.shell:Creating package script '/home/pi/documents/STA_github/ros2_ws/install/shark/share/shark/package.zsh'
[32.476s] Level 1:colcon.colcon_core.environment:create_file_with_runtime_dependencies(/home/pi/documents/STA_github/ros2_ws/install/shark/share/colcon-core/packages/shark)
[32.489s] DEBUG:colcon.colcon_parallel_executor.executor.parallel:closing loop
[32.490s] DEBUG:colcon.colcon_parallel_executor.executor.parallel:loop closed
[32.490s] DEBUG:colcon.colcon_parallel_executor.executor.parallel:run_until_complete finished with '2'
[32.491s] DEBUG:colcon.colcon_core.event_reactor:joining thread
[32.597s] INFO:colcon.colcon_core.plugin_system:Skipping extension 'colcon_notification.desktop_notification.notify_send': Could not find 'notify-send'
[32.597s] INFO:colcon.colcon_core.plugin_system:Skipping extension 'colcon_notification.desktop_notification.terminal_notifier': Not used on non-Darwin systems
[32.597s] INFO:colcon.colcon_core.plugin_system:Skipping extension 'colcon_notification.desktop_notification.win32': Not used on non-Windows systems
[32.598s] INFO:colcon.colcon_notification.desktop_notification:Sending desktop notification using 'notify2'
[32.602s] DEBUG:colcon.colcon_notification.desktop_notification.notify2:Failed to initialize notify2: org.freedesktop.DBus.Error.ServiceUnknown: The name org.freedesktop.Notifications was not provided by any .service files
[32.603s] DEBUG:colcon.colcon_core.event_reactor:joined thread
[32.757s] INFO:colcon.colcon_core.shell:Creating prefix script '/home/pi/documents/STA_github/ros2_ws/install/local_setup.ps1'
[32.765s] INFO:colcon.colcon_core.shell:Creating prefix util module '/home/pi/documents/STA_github/ros2_ws/install/_local_setup_util_ps1.py'
[32.776s] INFO:colcon.colcon_core.shell:Creating prefix chain script '/home/pi/documents/STA_github/ros2_ws/install/setup.ps1'
[32.930s] INFO:colcon.colcon_core.shell:Creating prefix script '/home/pi/documents/STA_github/ros2_ws/install/local_setup.sh'
[32.935s] INFO:colcon.colcon_core.shell:Creating prefix util module '/home/pi/documents/STA_github/ros2_ws/install/_local_setup_util_sh.py'
[32.939s] INFO:colcon.colcon_core.shell:Creating prefix chain script '/home/pi/documents/STA_github/ros2_ws/install/setup.sh'
[33.097s] INFO:colcon.colcon_core.shell:Creating prefix script '/home/pi/documents/STA_github/ros2_ws/install/local_setup.bash'
[33.101s] INFO:colcon.colcon_core.shell:Creating prefix chain script '/home/pi/documents/STA_github/ros2_ws/install/setup.bash'
[33.258s] INFO:colcon.colcon_core.shell:Creating prefix script '/home/pi/documents/STA_github/ros2_ws/install/local_setup.zsh'
[33.262s] INFO:colcon.colcon_core.shell:Creating prefix chain script '/home/pi/documents/STA_github/ros2_ws/install/setup.zsh'
