[5.689s] DEBUG:colcon:Command line arguments: ['/usr/bin/colcon', 'build']
[5.689s] DEBUG:colcon:Parsed command line arguments: Namespace(log_base=None, log_level=None, verb_name='build', build_base='build', install_base='install', merge_install=False, symlink_install=False, test_result_base=None, continue_on_error=False, executor='parallel', parallel_workers=4, event_handlers=None, ignore_user_meta=False, metas=['./colcon.meta'], base_paths=['.'], packages_ignore=None, packages_ignore_regex=None, paths=None, packages_up_to=None, packages_up_to_regex=None, packages_above=None, packages_above_and_dependencies=None, packages_above_depth=None, packages_select_by_dep=None, packages_skip_by_dep=None, packages_skip_up_to=None, packages_select_build_failed=False, packages_skip_build_finished=False, packages_select_test_failures=False, packages_skip_test_passed=False, packages_select=None, packages_skip=None, packages_select_regex=None, packages_skip_regex=None, packages_start=None, packages_end=None, allow_overriding=[], cmake_args=None, cmake_target=None, cmake_target_skip_unavailable=False, cmake_clean_cache=False, cmake_clean_first=False, cmake_force_configure=False, ament_cmake_args=None, catkin_cmake_args=None, catkin_skip_building_tests=False, verb_parser=<colcon_defaults.argument_parser.defaults.DefaultArgumentsDecorator object at 0xffff90f53ac0>, verb_extension=<colcon_core.verb.build.BuildVerb object at 0xffff90f51ff0>, main=<bound method BuildVerb.main of <colcon_core.verb.build.BuildVerb object at 0xffff90f51ff0>>)
[5.944s] Level 1:colcon.colcon_core.package_discovery:discover_packages(colcon_meta) check parameters
[5.944s] Level 1:colcon.colcon_core.package_discovery:discover_packages(recursive) check parameters
[5.945s] Level 1:colcon.colcon_core.package_discovery:discover_packages(ignore) check parameters
[5.945s] Level 1:colcon.colcon_core.package_discovery:discover_packages(path) check parameters
[5.945s] Level 1:colcon.colcon_core.package_discovery:discover_packages(colcon_meta) discover
[5.945s] Level 1:colcon.colcon_core.package_discovery:discover_packages(recursive) discover
[5.945s] INFO:colcon.colcon_core.package_discovery:Crawling recursively for packages in '/home/pi/documents/STA_github/ros2_ws'
[5.946s] Level 1:colcon.colcon_core.package_identification:_identify(.) by extensions ['ignore', 'ignore_ament_install']
[5.946s] Level 1:colcon.colcon_core.package_identification:_identify(.) by extension 'ignore'
[5.947s] Level 1:colcon.colcon_core.package_identification:_identify(.) by extension 'ignore_ament_install'
[5.947s] Level 1:colcon.colcon_core.package_identification:_identify(.) by extensions ['colcon_pkg']
[5.947s] Level 1:colcon.colcon_core.package_identification:_identify(.) by extension 'colcon_pkg'
[5.947s] Level 1:colcon.colcon_core.package_identification:_identify(.) by extensions ['colcon_meta']
[5.947s] Level 1:colcon.colcon_core.package_identification:_identify(.) by extension 'colcon_meta'
[5.948s] Level 1:colcon.colcon_core.package_identification:_identify(.) by extensions ['ros']
[5.948s] Level 1:colcon.colcon_core.package_identification:_identify(.) by extension 'ros'
[5.998s] Level 1:colcon.colcon_core.package_identification:_identify(.) by extensions ['cmake', 'python']
[5.998s] Level 1:colcon.colcon_core.package_identification:_identify(.) by extension 'cmake'
[5.998s] Level 1:colcon.colcon_core.package_identification:_identify(.) by extension 'python'
[5.999s] Level 1:colcon.colcon_core.package_identification:_identify(.) by extensions ['python_setup_py']
[5.999s] Level 1:colcon.colcon_core.package_identification:_identify(.) by extension 'python_setup_py'
[5.999s] Level 1:colcon.colcon_core.package_identification:_identify(build) by extensions ['ignore', 'ignore_ament_install']
[6.000s] Level 1:colcon.colcon_core.package_identification:_identify(build) by extension 'ignore'
[6.000s] Level 1:colcon.colcon_core.package_identification:_identify(build) ignored
[6.001s] Level 1:colcon.colcon_core.package_identification:_identify(install) by extensions ['ignore', 'ignore_ament_install']
[6.001s] Level 1:colcon.colcon_core.package_identification:_identify(install) by extension 'ignore'
[6.002s] Level 1:colcon.colcon_core.package_identification:_identify(install) ignored
[6.003s] Level 1:colcon.colcon_core.package_identification:_identify(log) by extensions ['ignore', 'ignore_ament_install']
[6.003s] Level 1:colcon.colcon_core.package_identification:_identify(log) by extension 'ignore'
[6.003s] Level 1:colcon.colcon_core.package_identification:_identify(log) ignored
[6.004s] Level 1:colcon.colcon_core.package_identification:_identify(src) by extensions ['ignore', 'ignore_ament_install']
[6.004s] Level 1:colcon.colcon_core.package_identification:_identify(src) by extension 'ignore'
[6.004s] Level 1:colcon.colcon_core.package_identification:_identify(src) by extension 'ignore_ament_install'
[6.005s] Level 1:colcon.colcon_core.package_identification:_identify(src) by extensions ['colcon_pkg']
[6.005s] Level 1:colcon.colcon_core.package_identification:_identify(src) by extension 'colcon_pkg'
[6.005s] Level 1:colcon.colcon_core.package_identification:_identify(src) by extensions ['colcon_meta']
[6.005s] Level 1:colcon.colcon_core.package_identification:_identify(src) by extension 'colcon_meta'
[6.005s] Level 1:colcon.colcon_core.package_identification:_identify(src) by extensions ['ros']
[6.006s] Level 1:colcon.colcon_core.package_identification:_identify(src) by extension 'ros'
[6.006s] Level 1:colcon.colcon_core.package_identification:_identify(src) by extensions ['cmake', 'python']
[6.006s] Level 1:colcon.colcon_core.package_identification:_identify(src) by extension 'cmake'
[6.006s] Level 1:colcon.colcon_core.package_identification:_identify(src) by extension 'python'
[6.006s] Level 1:colcon.colcon_core.package_identification:_identify(src) by extensions ['python_setup_py']
[6.007s] Level 1:colcon.colcon_core.package_identification:_identify(src) by extension 'python_setup_py'
[6.007s] Level 1:colcon.colcon_core.package_identification:_identify(src/build) by extensions ['ignore', 'ignore_ament_install']
[6.007s] Level 1:colcon.colcon_core.package_identification:_identify(src/build) by extension 'ignore'
[6.008s] Level 1:colcon.colcon_core.package_identification:_identify(src/build) ignored
[6.008s] Level 1:colcon.colcon_core.package_identification:_identify(src/install) by extensions ['ignore', 'ignore_ament_install']
[6.009s] Level 1:colcon.colcon_core.package_identification:_identify(src/install) by extension 'ignore'
[6.009s] Level 1:colcon.colcon_core.package_identification:_identify(src/install) ignored
[6.009s] Level 1:colcon.colcon_core.package_identification:_identify(src/log) by extensions ['ignore', 'ignore_ament_install']
[6.010s] Level 1:colcon.colcon_core.package_identification:_identify(src/log) by extension 'ignore'
[6.010s] Level 1:colcon.colcon_core.package_identification:_identify(src/log) ignored
[6.010s] Level 1:colcon.colcon_core.package_identification:_identify(src/mobile_robot) by extensions ['ignore', 'ignore_ament_install']
[6.011s] Level 1:colcon.colcon_core.package_identification:_identify(src/mobile_robot) by extension 'ignore'
[6.011s] Level 1:colcon.colcon_core.package_identification:_identify(src/mobile_robot) by extension 'ignore_ament_install'
[6.011s] Level 1:colcon.colcon_core.package_identification:_identify(src/mobile_robot) by extensions ['colcon_pkg']
[6.011s] Level 1:colcon.colcon_core.package_identification:_identify(src/mobile_robot) by extension 'colcon_pkg'
[6.012s] Level 1:colcon.colcon_core.package_identification:_identify(src/mobile_robot) by extensions ['colcon_meta']
[6.012s] Level 1:colcon.colcon_core.package_identification:_identify(src/mobile_robot) by extension 'colcon_meta'
[6.012s] Level 1:colcon.colcon_core.package_identification:_identify(src/mobile_robot) by extensions ['ros']
[6.012s] Level 1:colcon.colcon_core.package_identification:_identify(src/mobile_robot) by extension 'ros'
[6.024s] DEBUG:colcon.colcon_core.package_identification:Package 'src/mobile_robot' with type 'ros.ament_cmake' and name 'mobile_robot'
[6.025s] Level 1:colcon.colcon_core.package_identification:_identify(src/shark) by extensions ['ignore', 'ignore_ament_install']
[6.025s] Level 1:colcon.colcon_core.package_identification:_identify(src/shark) by extension 'ignore'
[6.025s] Level 1:colcon.colcon_core.package_identification:_identify(src/shark) by extension 'ignore_ament_install'
[6.026s] Level 1:colcon.colcon_core.package_identification:_identify(src/shark) by extensions ['colcon_pkg']
[6.026s] Level 1:colcon.colcon_core.package_identification:_identify(src/shark) by extension 'colcon_pkg'
[6.026s] Level 1:colcon.colcon_core.package_identification:_identify(src/shark) by extensions ['colcon_meta']
[6.026s] Level 1:colcon.colcon_core.package_identification:_identify(src/shark) by extension 'colcon_meta'
[6.026s] Level 1:colcon.colcon_core.package_identification:_identify(src/shark) by extensions ['ros']
[6.027s] Level 1:colcon.colcon_core.package_identification:_identify(src/shark) by extension 'ros'
[6.031s] DEBUG:colcon.colcon_core.package_identification:Package 'src/shark' with type 'ros.ament_cmake' and name 'shark'
[6.032s] Level 1:colcon.colcon_core.package_identification:_identify(src/ydlidar_ros2_driver) by extensions ['ignore', 'ignore_ament_install']
[6.032s] Level 1:colcon.colcon_core.package_identification:_identify(src/ydlidar_ros2_driver) by extension 'ignore'
[6.032s] Level 1:colcon.colcon_core.package_identification:_identify(src/ydlidar_ros2_driver) by extension 'ignore_ament_install'
[6.033s] Level 1:colcon.colcon_core.package_identification:_identify(src/ydlidar_ros2_driver) by extensions ['colcon_pkg']
[6.033s] Level 1:colcon.colcon_core.package_identification:_identify(src/ydlidar_ros2_driver) by extension 'colcon_pkg'
[6.033s] Level 1:colcon.colcon_core.package_identification:_identify(src/ydlidar_ros2_driver) by extensions ['colcon_meta']
[6.033s] Level 1:colcon.colcon_core.package_identification:_identify(src/ydlidar_ros2_driver) by extension 'colcon_meta'
[6.033s] Level 1:colcon.colcon_core.package_identification:_identify(src/ydlidar_ros2_driver) by extensions ['ros']
[6.034s] Level 1:colcon.colcon_core.package_identification:_identify(src/ydlidar_ros2_driver) by extension 'ros'
[6.036s] DEBUG:colcon.colcon_core.package_identification:Package 'src/ydlidar_ros2_driver' with type 'ros.ament_cmake' and name 'ydlidar_ros2_driver'
[6.037s] Level 1:colcon.colcon_core.package_discovery:discover_packages(recursive) using defaults
[6.037s] Level 1:colcon.colcon_core.package_discovery:discover_packages(ignore) discover
[6.037s] Level 1:colcon.colcon_core.package_discovery:discover_packages(ignore) using defaults
[6.037s] Level 1:colcon.colcon_core.package_discovery:discover_packages(path) discover
[6.037s] Level 1:colcon.colcon_core.package_discovery:discover_packages(path) using defaults
[6.532s] Level 1:colcon.colcon_core.package_discovery:discover_packages(prefix_path) check parameters
[6.532s] Level 1:colcon.colcon_core.package_discovery:discover_packages(prefix_path) discover
[6.700s] DEBUG:colcon.colcon_installed_package_information.package_discovery:Found 3 installed packages in /home/pi/documents/STA_github/ros2_ws/install
[6.783s] DEBUG:colcon.colcon_installed_package_information.package_discovery:Found 1 installed packages in /home/pi/ros2_ws/install
[6.874s] DEBUG:colcon.colcon_installed_package_information.package_discovery:Found 290 installed packages in /opt/ros/iron
[6.917s] Level 1:colcon.colcon_core.package_discovery:discover_packages(prefix_path) using defaults
[7.353s] Level 5:colcon.colcon_core.verb:set package 'mobile_robot' build argument 'cmake_args' from command line to 'None'
[7.353s] Level 5:colcon.colcon_core.verb:set package 'mobile_robot' build argument 'cmake_target' from command line to 'None'
[7.354s] Level 5:colcon.colcon_core.verb:set package 'mobile_robot' build argument 'cmake_target_skip_unavailable' from command line to 'False'
[7.354s] Level 5:colcon.colcon_core.verb:set package 'mobile_robot' build argument 'cmake_clean_cache' from command line to 'False'
[7.354s] Level 5:colcon.colcon_core.verb:set package 'mobile_robot' build argument 'cmake_clean_first' from command line to 'False'
[7.354s] Level 5:colcon.colcon_core.verb:set package 'mobile_robot' build argument 'cmake_force_configure' from command line to 'False'
[7.354s] Level 5:colcon.colcon_core.verb:set package 'mobile_robot' build argument 'ament_cmake_args' from command line to 'None'
[7.354s] Level 5:colcon.colcon_core.verb:set package 'mobile_robot' build argument 'catkin_cmake_args' from command line to 'None'
[7.354s] Level 5:colcon.colcon_core.verb:set package 'mobile_robot' build argument 'catkin_skip_building_tests' from command line to 'False'
[7.355s] DEBUG:colcon.colcon_core.verb:Building package 'mobile_robot' with the following arguments: {'ament_cmake_args': None, 'build_base': '/home/pi/documents/STA_github/ros2_ws/build/mobile_robot', 'catkin_cmake_args': None, 'catkin_skip_building_tests': False, 'cmake_args': None, 'cmake_clean_cache': False, 'cmake_clean_first': False, 'cmake_force_configure': False, 'cmake_target': None, 'cmake_target_skip_unavailable': False, 'install_base': '/home/pi/documents/STA_github/ros2_ws/install/mobile_robot', 'merge_install': False, 'path': '/home/pi/documents/STA_github/ros2_ws/src/mobile_robot', 'symlink_install': False, 'test_result_base': None}
[7.437s] Level 5:colcon.colcon_core.verb:set package 'shark' build argument 'cmake_args' from command line to 'None'
[7.437s] Level 5:colcon.colcon_core.verb:set package 'shark' build argument 'cmake_target' from command line to 'None'
[7.437s] Level 5:colcon.colcon_core.verb:set package 'shark' build argument 'cmake_target_skip_unavailable' from command line to 'False'
[7.437s] Level 5:colcon.colcon_core.verb:set package 'shark' build argument 'cmake_clean_cache' from command line to 'False'
[7.437s] Level 5:colcon.colcon_core.verb:set package 'shark' build argument 'cmake_clean_first' from command line to 'False'
[7.437s] Level 5:colcon.colcon_core.verb:set package 'shark' build argument 'cmake_force_configure' from command line to 'False'
[7.437s] Level 5:colcon.colcon_core.verb:set package 'shark' build argument 'ament_cmake_args' from command line to 'None'
[7.438s] Level 5:colcon.colcon_core.verb:set package 'shark' build argument 'catkin_cmake_args' from command line to 'None'
[7.438s] Level 5:colcon.colcon_core.verb:set package 'shark' build argument 'catkin_skip_building_tests' from command line to 'False'
[7.438s] DEBUG:colcon.colcon_core.verb:Building package 'shark' with the following arguments: {'ament_cmake_args': None, 'build_base': '/home/pi/documents/STA_github/ros2_ws/build/shark', 'catkin_cmake_args': None, 'catkin_skip_building_tests': False, 'cmake_args': None, 'cmake_clean_cache': False, 'cmake_clean_first': False, 'cmake_force_configure': False, 'cmake_target': None, 'cmake_target_skip_unavailable': False, 'install_base': '/home/pi/documents/STA_github/ros2_ws/install/shark', 'merge_install': False, 'path': '/home/pi/documents/STA_github/ros2_ws/src/shark', 'symlink_install': False, 'test_result_base': None}
[7.519s] Level 5:colcon.colcon_core.verb:set package 'ydlidar_ros2_driver' build argument 'cmake_args' from command line to 'None'
[7.520s] Level 5:colcon.colcon_core.verb:set package 'ydlidar_ros2_driver' build argument 'cmake_target' from command line to 'None'
[7.520s] Level 5:colcon.colcon_core.verb:set package 'ydlidar_ros2_driver' build argument 'cmake_target_skip_unavailable' from command line to 'False'
[7.520s] Level 5:colcon.colcon_core.verb:set package 'ydlidar_ros2_driver' build argument 'cmake_clean_cache' from command line to 'False'
[7.520s] Level 5:colcon.colcon_core.verb:set package 'ydlidar_ros2_driver' build argument 'cmake_clean_first' from command line to 'False'
[7.520s] Level 5:colcon.colcon_core.verb:set package 'ydlidar_ros2_driver' build argument 'cmake_force_configure' from command line to 'False'
[7.520s] Level 5:colcon.colcon_core.verb:set package 'ydlidar_ros2_driver' build argument 'ament_cmake_args' from command line to 'None'
[7.521s] Level 5:colcon.colcon_core.verb:set package 'ydlidar_ros2_driver' build argument 'catkin_cmake_args' from command line to 'None'
[7.521s] Level 5:colcon.colcon_core.verb:set package 'ydlidar_ros2_driver' build argument 'catkin_skip_building_tests' from command line to 'False'
[7.521s] DEBUG:colcon.colcon_core.verb:Building package 'ydlidar_ros2_driver' with the following arguments: {'ament_cmake_args': None, 'build_base': '/home/pi/documents/STA_github/ros2_ws/build/ydlidar_ros2_driver', 'catkin_cmake_args': None, 'catkin_skip_building_tests': False, 'cmake_args': None, 'cmake_clean_cache': False, 'cmake_clean_first': False, 'cmake_force_configure': False, 'cmake_target': None, 'cmake_target_skip_unavailable': False, 'install_base': '/home/pi/documents/STA_github/ros2_ws/install/ydlidar_ros2_driver', 'merge_install': False, 'path': '/home/pi/documents/STA_github/ros2_ws/src/ydlidar_ros2_driver', 'symlink_install': False, 'test_result_base': None}
[7.602s] INFO:colcon.colcon_core.executor:Executing jobs using 'parallel' executor
[7.687s] DEBUG:colcon.colcon_parallel_executor.executor.parallel:run_until_complete
[7.688s] INFO:colcon.colcon_ros.task.ament_cmake.build:Building ROS package in '/home/pi/documents/STA_github/ros2_ws/src/mobile_robot' with build type 'ament_cmake'
[7.689s] INFO:colcon.colcon_cmake.task.cmake.build:Building CMake package in '/home/pi/documents/STA_github/ros2_ws/src/mobile_robot'
[7.784s] INFO:colcon.colcon_core.plugin_system:Skipping extension 'colcon_core.shell.bat': Not used on non-Windows systems
[7.785s] INFO:colcon.colcon_core.shell:Skip shell extension 'powershell' for command environment: Not usable outside of PowerShell
[7.785s] DEBUG:colcon.colcon_core.shell:Skip shell extension 'dsv' for command environment
[8.161s] INFO:colcon.colcon_ros.task.ament_cmake.build:Building ROS package in '/home/pi/documents/STA_github/ros2_ws/src/shark' with build type 'ament_cmake'
[8.162s] INFO:colcon.colcon_cmake.task.cmake.build:Building CMake package in '/home/pi/documents/STA_github/ros2_ws/src/shark'
[8.302s] INFO:colcon.colcon_core.shell:Skip shell extension 'powershell' for command environment: Not usable outside of PowerShell
[8.303s] DEBUG:colcon.colcon_core.shell:Skip shell extension 'dsv' for command environment
[8.982s] INFO:colcon.colcon_ros.task.ament_cmake.build:Building ROS package in '/home/pi/documents/STA_github/ros2_ws/src/ydlidar_ros2_driver' with build type 'ament_cmake'
[8.985s] INFO:colcon.colcon_cmake.task.cmake.build:Building CMake package in '/home/pi/documents/STA_github/ros2_ws/src/ydlidar_ros2_driver'
[9.182s] INFO:colcon.colcon_core.shell:Skip shell extension 'powershell' for command environment: Not usable outside of PowerShell
[9.183s] DEBUG:colcon.colcon_core.shell:Skip shell extension 'dsv' for command environment
[9.871s] DEBUG:colcon.colcon_core.event_handler.log_command:Invoking command in '/home/pi/documents/STA_github/ros2_ws/build/mobile_robot': CMAKE_PREFIX_PATH=${CMAKE_PREFIX_PATH}:/home/pi/ros2_ws/install/ydlidar_ros2_driver:/opt/ros/iron /usr/bin/cmake --build /home/pi/documents/STA_github/ros2_ws/build/mobile_robot -- -j4 -l4
[9.886s] DEBUG:colcon.colcon_core.event_handler.log_command:Invoking command in '/home/pi/documents/STA_github/ros2_ws/build/shark': CMAKE_PREFIX_PATH=${CMAKE_PREFIX_PATH}:/home/pi/ros2_ws/install/ydlidar_ros2_driver:/opt/ros/iron /usr/bin/cmake --build /home/pi/documents/STA_github/ros2_ws/build/shark -- -j4 -l4
[9.914s] DEBUG:colcon.colcon_core.event_handler.log_command:Invoking command in '/home/pi/documents/STA_github/ros2_ws/build/ydlidar_ros2_driver': CMAKE_PREFIX_PATH=${CMAKE_PREFIX_PATH}:/home/pi/ros2_ws/install/ydlidar_ros2_driver:/opt/ros/iron /usr/bin/cmake --build /home/pi/documents/STA_github/ros2_ws/build/ydlidar_ros2_driver -- -j4 -l4
[10.288s] DEBUG:colcon.colcon_core.event_handler.log_command:Invoked command in '/home/pi/documents/STA_github/ros2_ws/build/ydlidar_ros2_driver' returned '0': CMAKE_PREFIX_PATH=${CMAKE_PREFIX_PATH}:/home/pi/ros2_ws/install/ydlidar_ros2_driver:/opt/ros/iron /usr/bin/cmake --build /home/pi/documents/STA_github/ros2_ws/build/ydlidar_ros2_driver -- -j4 -l4
[10.363s] DEBUG:colcon.colcon_core.event_handler.log_command:Invoked command in '/home/pi/documents/STA_github/ros2_ws/build/mobile_robot' returned '0': CMAKE_PREFIX_PATH=${CMAKE_PREFIX_PATH}:/home/pi/ros2_ws/install/ydlidar_ros2_driver:/opt/ros/iron /usr/bin/cmake --build /home/pi/documents/STA_github/ros2_ws/build/mobile_robot -- -j4 -l4
[10.516s] DEBUG:colcon.colcon_core.event_handler.log_command:Invoking command in '/home/pi/documents/STA_github/ros2_ws/build/ydlidar_ros2_driver': CMAKE_PREFIX_PATH=${CMAKE_PREFIX_PATH}:/home/pi/ros2_ws/install/ydlidar_ros2_driver:/opt/ros/iron /usr/bin/cmake --install /home/pi/documents/STA_github/ros2_ws/build/ydlidar_ros2_driver
[10.546s] DEBUG:colcon.colcon_core.event_handler.log_command:Invoking command in '/home/pi/documents/STA_github/ros2_ws/build/mobile_robot': CMAKE_PREFIX_PATH=${CMAKE_PREFIX_PATH}:/home/pi/ros2_ws/install/ydlidar_ros2_driver:/opt/ros/iron /usr/bin/cmake --install /home/pi/documents/STA_github/ros2_ws/build/mobile_robot
[10.598s] Level 1:colcon.colcon_core.environment:create_environment_scripts_only(ydlidar_ros2_driver)
[10.600s] DEBUG:colcon.colcon_core.event_handler.log_command:Invoked command in '/home/pi/documents/STA_github/ros2_ws/build/ydlidar_ros2_driver' returned '0': CMAKE_PREFIX_PATH=${CMAKE_PREFIX_PATH}:/home/pi/ros2_ws/install/ydlidar_ros2_driver:/opt/ros/iron /usr/bin/cmake --install /home/pi/documents/STA_github/ros2_ws/build/ydlidar_ros2_driver
[10.739s] Level 1:colcon.colcon_core.environment:checking '/home/pi/documents/STA_github/ros2_ws/install/ydlidar_ros2_driver' for CMake module files
[10.743s] Level 1:colcon.colcon_core.environment:checking '/home/pi/documents/STA_github/ros2_ws/install/ydlidar_ros2_driver' for CMake config files
[10.746s] Level 1:colcon.colcon_core.shell:create_environment_hook('ydlidar_ros2_driver', 'cmake_prefix_path')
[10.833s] INFO:colcon.colcon_core.shell:Creating environment hook '/home/pi/documents/STA_github/ros2_ws/install/ydlidar_ros2_driver/share/ydlidar_ros2_driver/hook/cmake_prefix_path.ps1'
[10.836s] INFO:colcon.colcon_core.shell:Creating environment descriptor '/home/pi/documents/STA_github/ros2_ws/install/ydlidar_ros2_driver/share/ydlidar_ros2_driver/hook/cmake_prefix_path.dsv'
[10.839s] INFO:colcon.colcon_core.shell:Creating environment hook '/home/pi/documents/STA_github/ros2_ws/install/ydlidar_ros2_driver/share/ydlidar_ros2_driver/hook/cmake_prefix_path.sh'
[10.843s] Level 1:colcon.colcon_core.environment:checking '/home/pi/documents/STA_github/ros2_ws/install/ydlidar_ros2_driver/lib'
[10.844s] Level 1:colcon.colcon_core.environment:checking '/home/pi/documents/STA_github/ros2_ws/install/ydlidar_ros2_driver/bin'
[10.844s] Level 1:colcon.colcon_core.environment:checking '/home/pi/documents/STA_github/ros2_ws/install/ydlidar_ros2_driver/lib/pkgconfig/ydlidar_ros2_driver.pc'
[10.846s] Level 1:colcon.colcon_core.environment:checking '/home/pi/documents/STA_github/ros2_ws/install/ydlidar_ros2_driver/lib/python3.10/site-packages'
[10.847s] Level 1:colcon.colcon_core.environment:checking '/home/pi/documents/STA_github/ros2_ws/install/ydlidar_ros2_driver/bin'
[10.936s] INFO:colcon.colcon_core.shell:Creating package script '/home/pi/documents/STA_github/ros2_ws/install/ydlidar_ros2_driver/share/ydlidar_ros2_driver/package.ps1'
[10.940s] INFO:colcon.colcon_core.shell:Creating package descriptor '/home/pi/documents/STA_github/ros2_ws/install/ydlidar_ros2_driver/share/ydlidar_ros2_driver/package.dsv'
[10.943s] INFO:colcon.colcon_core.shell:Creating package script '/home/pi/documents/STA_github/ros2_ws/install/ydlidar_ros2_driver/share/ydlidar_ros2_driver/package.sh'
[10.947s] INFO:colcon.colcon_core.shell:Creating package script '/home/pi/documents/STA_github/ros2_ws/install/ydlidar_ros2_driver/share/ydlidar_ros2_driver/package.bash'
[10.952s] INFO:colcon.colcon_core.shell:Creating package script '/home/pi/documents/STA_github/ros2_ws/install/ydlidar_ros2_driver/share/ydlidar_ros2_driver/package.zsh'
[10.955s] Level 1:colcon.colcon_core.environment:create_file_with_runtime_dependencies(/home/pi/documents/STA_github/ros2_ws/install/ydlidar_ros2_driver/share/colcon-core/packages/ydlidar_ros2_driver)
[10.965s] Level 1:colcon.colcon_core.environment:create_environment_scripts_only(mobile_robot)
[10.968s] DEBUG:colcon.colcon_core.event_handler.log_command:Invoked command in '/home/pi/documents/STA_github/ros2_ws/build/mobile_robot' returned '0': CMAKE_PREFIX_PATH=${CMAKE_PREFIX_PATH}:/home/pi/ros2_ws/install/ydlidar_ros2_driver:/opt/ros/iron /usr/bin/cmake --install /home/pi/documents/STA_github/ros2_ws/build/mobile_robot
[11.068s] Level 1:colcon.colcon_core.environment:checking '/home/pi/documents/STA_github/ros2_ws/install/mobile_robot' for CMake module files
[11.072s] Level 1:colcon.colcon_core.environment:checking '/home/pi/documents/STA_github/ros2_ws/install/mobile_robot' for CMake config files
[11.073s] Level 1:colcon.colcon_core.shell:create_environment_hook('mobile_robot', 'cmake_prefix_path')
[11.173s] INFO:colcon.colcon_core.shell:Creating environment hook '/home/pi/documents/STA_github/ros2_ws/install/mobile_robot/share/mobile_robot/hook/cmake_prefix_path.ps1'
[11.175s] INFO:colcon.colcon_core.shell:Creating environment descriptor '/home/pi/documents/STA_github/ros2_ws/install/mobile_robot/share/mobile_robot/hook/cmake_prefix_path.dsv'
[11.177s] INFO:colcon.colcon_core.shell:Creating environment hook '/home/pi/documents/STA_github/ros2_ws/install/mobile_robot/share/mobile_robot/hook/cmake_prefix_path.sh'
[11.180s] Level 1:colcon.colcon_core.environment:checking '/home/pi/documents/STA_github/ros2_ws/install/mobile_robot/lib'
[11.181s] Level 1:colcon.colcon_core.environment:checking '/home/pi/documents/STA_github/ros2_ws/install/mobile_robot/bin'
[11.181s] Level 1:colcon.colcon_core.environment:checking '/home/pi/documents/STA_github/ros2_ws/install/mobile_robot/lib/pkgconfig/mobile_robot.pc'
[11.182s] Level 1:colcon.colcon_core.environment:checking '/home/pi/documents/STA_github/ros2_ws/install/mobile_robot/lib/python3.10/site-packages'
[11.184s] Level 1:colcon.colcon_core.environment:checking '/home/pi/documents/STA_github/ros2_ws/install/mobile_robot/bin'
[11.328s] INFO:colcon.colcon_core.shell:Creating package script '/home/pi/documents/STA_github/ros2_ws/install/mobile_robot/share/mobile_robot/package.ps1'
[11.332s] INFO:colcon.colcon_core.shell:Creating package descriptor '/home/pi/documents/STA_github/ros2_ws/install/mobile_robot/share/mobile_robot/package.dsv'
[11.336s] INFO:colcon.colcon_core.shell:Creating package script '/home/pi/documents/STA_github/ros2_ws/install/mobile_robot/share/mobile_robot/package.sh'
[11.341s] INFO:colcon.colcon_core.shell:Creating package script '/home/pi/documents/STA_github/ros2_ws/install/mobile_robot/share/mobile_robot/package.bash'
[11.344s] INFO:colcon.colcon_core.shell:Creating package script '/home/pi/documents/STA_github/ros2_ws/install/mobile_robot/share/mobile_robot/package.zsh'
[11.347s] Level 1:colcon.colcon_core.environment:create_file_with_runtime_dependencies(/home/pi/documents/STA_github/ros2_ws/install/mobile_robot/share/colcon-core/packages/mobile_robot)
[11.583s] Level 1:colcon.colcon_core.environment:create_environment_scripts_only(ydlidar_ros2_driver)
[11.700s] Level 1:colcon.colcon_core.environment:checking '/home/pi/documents/STA_github/ros2_ws/install/ydlidar_ros2_driver' for CMake module files
[11.704s] Level 1:colcon.colcon_core.environment:checking '/home/pi/documents/STA_github/ros2_ws/install/ydlidar_ros2_driver' for CMake config files
[11.707s] Level 1:colcon.colcon_core.shell:create_environment_hook('ydlidar_ros2_driver', 'cmake_prefix_path')
[11.797s] INFO:colcon.colcon_core.shell:Creating environment hook '/home/pi/documents/STA_github/ros2_ws/install/ydlidar_ros2_driver/share/ydlidar_ros2_driver/hook/cmake_prefix_path.ps1'
[11.804s] INFO:colcon.colcon_core.shell:Creating environment descriptor '/home/pi/documents/STA_github/ros2_ws/install/ydlidar_ros2_driver/share/ydlidar_ros2_driver/hook/cmake_prefix_path.dsv'
[11.806s] INFO:colcon.colcon_core.shell:Creating environment hook '/home/pi/documents/STA_github/ros2_ws/install/ydlidar_ros2_driver/share/ydlidar_ros2_driver/hook/cmake_prefix_path.sh'
[11.810s] Level 1:colcon.colcon_core.environment:checking '/home/pi/documents/STA_github/ros2_ws/install/ydlidar_ros2_driver/lib'
[11.810s] Level 1:colcon.colcon_core.environment:checking '/home/pi/documents/STA_github/ros2_ws/install/ydlidar_ros2_driver/bin'
[11.811s] Level 1:colcon.colcon_core.environment:checking '/home/pi/documents/STA_github/ros2_ws/install/ydlidar_ros2_driver/lib/pkgconfig/ydlidar_ros2_driver.pc'
[11.812s] Level 1:colcon.colcon_core.environment:checking '/home/pi/documents/STA_github/ros2_ws/install/ydlidar_ros2_driver/lib/python3.10/site-packages'
[11.813s] Level 1:colcon.colcon_core.environment:checking '/home/pi/documents/STA_github/ros2_ws/install/ydlidar_ros2_driver/bin'
[11.903s] INFO:colcon.colcon_core.shell:Creating package script '/home/pi/documents/STA_github/ros2_ws/install/ydlidar_ros2_driver/share/ydlidar_ros2_driver/package.ps1'
[11.905s] INFO:colcon.colcon_core.shell:Creating package descriptor '/home/pi/documents/STA_github/ros2_ws/install/ydlidar_ros2_driver/share/ydlidar_ros2_driver/package.dsv'
[11.908s] INFO:colcon.colcon_core.shell:Creating package script '/home/pi/documents/STA_github/ros2_ws/install/ydlidar_ros2_driver/share/ydlidar_ros2_driver/package.sh'
[11.910s] INFO:colcon.colcon_core.shell:Creating package script '/home/pi/documents/STA_github/ros2_ws/install/ydlidar_ros2_driver/share/ydlidar_ros2_driver/package.bash'
[11.913s] INFO:colcon.colcon_core.shell:Creating package script '/home/pi/documents/STA_github/ros2_ws/install/ydlidar_ros2_driver/share/ydlidar_ros2_driver/package.zsh'
[11.915s] Level 1:colcon.colcon_core.environment:create_file_with_runtime_dependencies(/home/pi/documents/STA_github/ros2_ws/install/ydlidar_ros2_driver/share/colcon-core/packages/ydlidar_ros2_driver)
[12.010s] Level 1:colcon.colcon_core.environment:create_environment_scripts_only(mobile_robot)
[12.098s] Level 1:colcon.colcon_core.environment:checking '/home/pi/documents/STA_github/ros2_ws/install/mobile_robot' for CMake module files
[12.101s] Level 1:colcon.colcon_core.environment:checking '/home/pi/documents/STA_github/ros2_ws/install/mobile_robot' for CMake config files
[12.103s] Level 1:colcon.colcon_core.shell:create_environment_hook('mobile_robot', 'cmake_prefix_path')
[12.193s] INFO:colcon.colcon_core.shell:Creating environment hook '/home/pi/documents/STA_github/ros2_ws/install/mobile_robot/share/mobile_robot/hook/cmake_prefix_path.ps1'
[12.195s] INFO:colcon.colcon_core.shell:Creating environment descriptor '/home/pi/documents/STA_github/ros2_ws/install/mobile_robot/share/mobile_robot/hook/cmake_prefix_path.dsv'
[12.197s] INFO:colcon.colcon_core.shell:Creating environment hook '/home/pi/documents/STA_github/ros2_ws/install/mobile_robot/share/mobile_robot/hook/cmake_prefix_path.sh'
[12.200s] Level 1:colcon.colcon_core.environment:checking '/home/pi/documents/STA_github/ros2_ws/install/mobile_robot/lib'
[12.200s] Level 1:colcon.colcon_core.environment:checking '/home/pi/documents/STA_github/ros2_ws/install/mobile_robot/bin'
[12.201s] Level 1:colcon.colcon_core.environment:checking '/home/pi/documents/STA_github/ros2_ws/install/mobile_robot/lib/pkgconfig/mobile_robot.pc'
[12.202s] Level 1:colcon.colcon_core.environment:checking '/home/pi/documents/STA_github/ros2_ws/install/mobile_robot/lib/python3.10/site-packages'
[12.203s] Level 1:colcon.colcon_core.environment:checking '/home/pi/documents/STA_github/ros2_ws/install/mobile_robot/bin'
[12.293s] INFO:colcon.colcon_core.shell:Creating package script '/home/pi/documents/STA_github/ros2_ws/install/mobile_robot/share/mobile_robot/package.ps1'
[12.296s] INFO:colcon.colcon_core.shell:Creating package descriptor '/home/pi/documents/STA_github/ros2_ws/install/mobile_robot/share/mobile_robot/package.dsv'
[12.299s] INFO:colcon.colcon_core.shell:Creating package script '/home/pi/documents/STA_github/ros2_ws/install/mobile_robot/share/mobile_robot/package.sh'
[12.301s] INFO:colcon.colcon_core.shell:Creating package script '/home/pi/documents/STA_github/ros2_ws/install/mobile_robot/share/mobile_robot/package.bash'
[12.304s] INFO:colcon.colcon_core.shell:Creating package script '/home/pi/documents/STA_github/ros2_ws/install/mobile_robot/share/mobile_robot/package.zsh'
[12.306s] Level 1:colcon.colcon_core.environment:create_file_with_runtime_dependencies(/home/pi/documents/STA_github/ros2_ws/install/mobile_robot/share/colcon-core/packages/mobile_robot)
[45.535s] DEBUG:colcon.colcon_core.event_handler.log_command:Invoked command in '/home/pi/documents/STA_github/ros2_ws/build/shark' returned '0': CMAKE_PREFIX_PATH=${CMAKE_PREFIX_PATH}:/home/pi/ros2_ws/install/ydlidar_ros2_driver:/opt/ros/iron /usr/bin/cmake --build /home/pi/documents/STA_github/ros2_ws/build/shark -- -j4 -l4
[45.696s] DEBUG:colcon.colcon_core.event_handler.log_command:Invoking command in '/home/pi/documents/STA_github/ros2_ws/build/shark': CMAKE_PREFIX_PATH=${CMAKE_PREFIX_PATH}:/home/pi/ros2_ws/install/ydlidar_ros2_driver:/opt/ros/iron /usr/bin/cmake --install /home/pi/documents/STA_github/ros2_ws/build/shark
[45.778s] Level 1:colcon.colcon_core.environment:create_environment_scripts_only(shark)
[45.781s] DEBUG:colcon.colcon_core.event_handler.log_command:Invoked command in '/home/pi/documents/STA_github/ros2_ws/build/shark' returned '0': CMAKE_PREFIX_PATH=${CMAKE_PREFIX_PATH}:/home/pi/ros2_ws/install/ydlidar_ros2_driver:/opt/ros/iron /usr/bin/cmake --install /home/pi/documents/STA_github/ros2_ws/build/shark
[45.863s] Level 1:colcon.colcon_core.environment:checking '/home/pi/documents/STA_github/ros2_ws/install/shark' for CMake module files
[45.866s] Level 1:colcon.colcon_core.environment:checking '/home/pi/documents/STA_github/ros2_ws/install/shark' for CMake config files
[45.869s] Level 1:colcon.colcon_core.shell:create_environment_hook('shark', 'cmake_prefix_path')
[45.955s] INFO:colcon.colcon_core.shell:Creating environment hook '/home/pi/documents/STA_github/ros2_ws/install/shark/share/shark/hook/cmake_prefix_path.ps1'
[45.957s] INFO:colcon.colcon_core.shell:Creating environment descriptor '/home/pi/documents/STA_github/ros2_ws/install/shark/share/shark/hook/cmake_prefix_path.dsv'
[45.959s] INFO:colcon.colcon_core.shell:Creating environment hook '/home/pi/documents/STA_github/ros2_ws/install/shark/share/shark/hook/cmake_prefix_path.sh'
[45.961s] Level 1:colcon.colcon_core.environment:checking '/home/pi/documents/STA_github/ros2_ws/install/shark/lib'
[45.962s] Level 1:colcon.colcon_core.environment:checking '/home/pi/documents/STA_github/ros2_ws/install/shark/bin'
[45.962s] Level 1:colcon.colcon_core.environment:checking '/home/pi/documents/STA_github/ros2_ws/install/shark/lib/pkgconfig/shark.pc'
[45.963s] Level 1:colcon.colcon_core.environment:checking '/home/pi/documents/STA_github/ros2_ws/install/shark/lib/python3.10/site-packages'
[45.964s] Level 1:colcon.colcon_core.environment:checking '/home/pi/documents/STA_github/ros2_ws/install/shark/bin'
[46.048s] INFO:colcon.colcon_core.shell:Creating package script '/home/pi/documents/STA_github/ros2_ws/install/shark/share/shark/package.ps1'
[46.050s] INFO:colcon.colcon_core.shell:Creating package descriptor '/home/pi/documents/STA_github/ros2_ws/install/shark/share/shark/package.dsv'
[46.052s] INFO:colcon.colcon_core.shell:Creating package script '/home/pi/documents/STA_github/ros2_ws/install/shark/share/shark/package.sh'
[46.054s] INFO:colcon.colcon_core.shell:Creating package script '/home/pi/documents/STA_github/ros2_ws/install/shark/share/shark/package.bash'
[46.056s] INFO:colcon.colcon_core.shell:Creating package script '/home/pi/documents/STA_github/ros2_ws/install/shark/share/shark/package.zsh'
[46.058s] Level 1:colcon.colcon_core.environment:create_file_with_runtime_dependencies(/home/pi/documents/STA_github/ros2_ws/install/shark/share/colcon-core/packages/shark)
[46.309s] Level 1:colcon.colcon_core.environment:create_environment_scripts_only(shark)
[46.391s] Level 1:colcon.colcon_core.environment:checking '/home/pi/documents/STA_github/ros2_ws/install/shark' for CMake module files
[46.394s] Level 1:colcon.colcon_core.environment:checking '/home/pi/documents/STA_github/ros2_ws/install/shark' for CMake config files
[46.397s] Level 1:colcon.colcon_core.shell:create_environment_hook('shark', 'cmake_prefix_path')
[46.478s] INFO:colcon.colcon_core.shell:Creating environment hook '/home/pi/documents/STA_github/ros2_ws/install/shark/share/shark/hook/cmake_prefix_path.ps1'
[46.481s] INFO:colcon.colcon_core.shell:Creating environment descriptor '/home/pi/documents/STA_github/ros2_ws/install/shark/share/shark/hook/cmake_prefix_path.dsv'
[46.483s] INFO:colcon.colcon_core.shell:Creating environment hook '/home/pi/documents/STA_github/ros2_ws/install/shark/share/shark/hook/cmake_prefix_path.sh'
[46.486s] Level 1:colcon.colcon_core.environment:checking '/home/pi/documents/STA_github/ros2_ws/install/shark/lib'
[46.486s] Level 1:colcon.colcon_core.environment:checking '/home/pi/documents/STA_github/ros2_ws/install/shark/bin'
[46.486s] Level 1:colcon.colcon_core.environment:checking '/home/pi/documents/STA_github/ros2_ws/install/shark/lib/pkgconfig/shark.pc'
[46.487s] Level 1:colcon.colcon_core.environment:checking '/home/pi/documents/STA_github/ros2_ws/install/shark/lib/python3.10/site-packages'
[46.489s] Level 1:colcon.colcon_core.environment:checking '/home/pi/documents/STA_github/ros2_ws/install/shark/bin'
[46.571s] INFO:colcon.colcon_core.shell:Creating package script '/home/pi/documents/STA_github/ros2_ws/install/shark/share/shark/package.ps1'
[46.573s] INFO:colcon.colcon_core.shell:Creating package descriptor '/home/pi/documents/STA_github/ros2_ws/install/shark/share/shark/package.dsv'
[46.576s] INFO:colcon.colcon_core.shell:Creating package script '/home/pi/documents/STA_github/ros2_ws/install/shark/share/shark/package.sh'
[46.578s] INFO:colcon.colcon_core.shell:Creating package script '/home/pi/documents/STA_github/ros2_ws/install/shark/share/shark/package.bash'
[46.580s] INFO:colcon.colcon_core.shell:Creating package script '/home/pi/documents/STA_github/ros2_ws/install/shark/share/shark/package.zsh'
[46.583s] Level 1:colcon.colcon_core.environment:create_file_with_runtime_dependencies(/home/pi/documents/STA_github/ros2_ws/install/shark/share/colcon-core/packages/shark)
[46.585s] DEBUG:colcon.colcon_parallel_executor.executor.parallel:closing loop
[46.586s] DEBUG:colcon.colcon_parallel_executor.executor.parallel:loop closed
[46.586s] DEBUG:colcon.colcon_parallel_executor.executor.parallel:run_until_complete finished with '0'
[46.587s] DEBUG:colcon.colcon_core.event_reactor:joining thread
[46.692s] INFO:colcon.colcon_core.plugin_system:Skipping extension 'colcon_notification.desktop_notification.notify_send': Could not find 'notify-send'
[46.692s] INFO:colcon.colcon_core.plugin_system:Skipping extension 'colcon_notification.desktop_notification.terminal_notifier': Not used on non-Darwin systems
[46.693s] INFO:colcon.colcon_core.plugin_system:Skipping extension 'colcon_notification.desktop_notification.win32': Not used on non-Windows systems
[46.693s] INFO:colcon.colcon_notification.desktop_notification:Sending desktop notification using 'notify2'
[46.699s] DEBUG:colcon.colcon_notification.desktop_notification.notify2:Failed to initialize notify2: org.freedesktop.DBus.Error.ServiceUnknown: The name org.freedesktop.Notifications was not provided by any .service files
[46.699s] DEBUG:colcon.colcon_core.event_reactor:joined thread
[46.782s] INFO:colcon.colcon_core.shell:Creating prefix script '/home/pi/documents/STA_github/ros2_ws/install/local_setup.ps1'
[46.786s] INFO:colcon.colcon_core.shell:Creating prefix util module '/home/pi/documents/STA_github/ros2_ws/install/_local_setup_util_ps1.py'
[46.792s] INFO:colcon.colcon_core.shell:Creating prefix chain script '/home/pi/documents/STA_github/ros2_ws/install/setup.ps1'
[46.878s] INFO:colcon.colcon_core.shell:Creating prefix script '/home/pi/documents/STA_github/ros2_ws/install/local_setup.sh'
[46.881s] INFO:colcon.colcon_core.shell:Creating prefix util module '/home/pi/documents/STA_github/ros2_ws/install/_local_setup_util_sh.py'
[46.883s] INFO:colcon.colcon_core.shell:Creating prefix chain script '/home/pi/documents/STA_github/ros2_ws/install/setup.sh'
[46.971s] INFO:colcon.colcon_core.shell:Creating prefix script '/home/pi/documents/STA_github/ros2_ws/install/local_setup.bash'
[46.974s] INFO:colcon.colcon_core.shell:Creating prefix chain script '/home/pi/documents/STA_github/ros2_ws/install/setup.bash'
[47.061s] INFO:colcon.colcon_core.shell:Creating prefix script '/home/pi/documents/STA_github/ros2_ws/install/local_setup.zsh'
[47.063s] INFO:colcon.colcon_core.shell:Creating prefix chain script '/home/pi/documents/STA_github/ros2_ws/install/setup.zsh'
