[1.027s] Invoking command in '/home/pi/documents/STA_github/build/ydlidar_ros2_driver': CMAKE_PREFIX_PATH=${CMAKE_PREFIX_PATH}:/home/pi/ros2_ws/install/ydlidar_ros2_driver:/opt/ros/iron /usr/bin/cmake --build /home/pi/documents/STA_github/build/ydlidar_ros2_driver -- -j4 -l4
[1.352s] [ 50%] Built target ydlidar_ros2_driver_client
[1.426s] [100%] Built target ydlidar_ros2_driver_node
[1.472s] Invoked command in '/home/pi/documents/STA_github/build/ydlidar_ros2_driver' returned '0': CMAKE_PREFIX_PATH=${CMAKE_PREFIX_PATH}:/home/pi/ros2_ws/install/ydlidar_ros2_driver:/opt/ros/iron /usr/bin/cmake --build /home/pi/documents/STA_github/build/ydlidar_ros2_driver -- -j4 -l4
[1.712s] Invoking command in '/home/pi/documents/STA_github/build/ydlidar_ros2_driver': CMAKE_PREFIX_PATH=${CMAKE_PREFIX_PATH}:/home/pi/ros2_ws/install/ydlidar_ros2_driver:/opt/ros/iron /usr/bin/cmake --install /home/pi/documents/STA_github/build/ydlidar_ros2_driver
[1.745s] -- Install configuration: ""
[1.747s] -- Up-to-date: /home/pi/documents/STA_github/install/ydlidar_ros2_driver/lib/ydlidar_ros2_driver/ydlidar_ros2_driver_node
[1.749s] -- Up-to-date: /home/pi/documents/STA_github/install/ydlidar_ros2_driver/lib/ydlidar_ros2_driver/ydlidar_ros2_driver_client
[1.752s] -- Up-to-date: /home/pi/documents/STA_github/install/ydlidar_ros2_driver/share/ydlidar_ros2_driver/launch
[1.754s] -- Up-to-date: /home/pi/documents/STA_github/install/ydlidar_ros2_driver/share/ydlidar_ros2_driver/launch/ydlidar_launch_view.py
[1.755s] -- Up-to-date: /home/pi/documents/STA_github/install/ydlidar_ros2_driver/share/ydlidar_ros2_driver/launch/ydlidar_launch_mod.py
[1.761s] -- Up-to-date: /home/pi/documents/STA_github/install/ydlidar_ros2_driver/share/ydlidar_ros2_driver/launch/ydlidar.py
[1.764s] -- Up-to-date: /home/pi/documents/STA_github/install/ydlidar_ros2_driver/share/ydlidar_ros2_driver/launch/__pycache__
[1.764s] -- Up-to-date: /home/pi/documents/STA_github/install/ydlidar_ros2_driver/share/ydlidar_ros2_driver/launch/__pycache__/ydlidar_launch_mod.cpython-310.pyc
[1.766s] -- Up-to-date: /home/pi/documents/STA_github/install/ydlidar_ros2_driver/share/ydlidar_ros2_driver/launch/__pycache__/ydlidar_launch.cpython-310.pyc
[1.768s] -- Up-to-date: /home/pi/documents/STA_github/install/ydlidar_ros2_driver/share/ydlidar_ros2_driver/launch/ydlidar_launch.py
[1.770s] -- Up-to-date: /home/pi/documents/STA_github/install/ydlidar_ros2_driver/share/ydlidar_ros2_driver/params
[1.771s] -- Up-to-date: /home/pi/documents/STA_github/install/ydlidar_ros2_driver/share/ydlidar_ros2_driver/params/build
[1.773s] -- Up-to-date: /home/pi/documents/STA_github/install/ydlidar_ros2_driver/share/ydlidar_ros2_driver/params/build/COLCON_IGNORE
[1.777s] -- Up-to-date: /home/pi/documents/STA_github/install/ydlidar_ros2_driver/share/ydlidar_ros2_driver/params/build/.built_by
[1.784s] -- Up-to-date: /home/pi/documents/STA_github/install/ydlidar_ros2_driver/share/ydlidar_ros2_driver/params/install
[1.786s] -- Up-to-date: /home/pi/documents/STA_github/install/ydlidar_ros2_driver/share/ydlidar_ros2_driver/params/install/COLCON_IGNORE
[1.787s] -- Up-to-date: /home/pi/documents/STA_github/install/ydlidar_ros2_driver/share/ydlidar_ros2_driver/params/install/local_setup.ps1
[1.790s] -- Up-to-date: /home/pi/documents/STA_github/install/ydlidar_ros2_driver/share/ydlidar_ros2_driver/params/install/.colcon_install_layout
[1.790s] -- Up-to-date: /home/pi/documents/STA_github/install/ydlidar_ros2_driver/share/ydlidar_ros2_driver/params/install/_local_setup_util_sh.py
[1.791s] -- Up-to-date: /home/pi/documents/STA_github/install/ydlidar_ros2_driver/share/ydlidar_ros2_driver/params/install/setup.zsh
[1.791s] -- Up-to-date: /home/pi/documents/STA_github/install/ydlidar_ros2_driver/share/ydlidar_ros2_driver/params/install/local_setup.bash
[1.792s] -- Up-to-date: /home/pi/documents/STA_github/install/ydlidar_ros2_driver/share/ydlidar_ros2_driver/params/install/local_setup.zsh
[1.792s] -- Up-to-date: /home/pi/documents/STA_github/install/ydlidar_ros2_driver/share/ydlidar_ros2_driver/params/install/_local_setup_util_ps1.py
[1.792s] -- Up-to-date: /home/pi/documents/STA_github/install/ydlidar_ros2_driver/share/ydlidar_ros2_driver/params/install/local_setup.sh
[1.805s] -- Up-to-date: /home/pi/documents/STA_github/install/ydlidar_ros2_driver/share/ydlidar_ros2_driver/params/install/setup.bash
[1.806s] -- Up-to-date: /home/pi/documents/STA_github/install/ydlidar_ros2_driver/share/ydlidar_ros2_driver/params/install/setup.ps1
[1.807s] -- Up-to-date: /home/pi/documents/STA_github/install/ydlidar_ros2_driver/share/ydlidar_ros2_driver/params/install/setup.sh
[1.807s] -- Up-to-date: /home/pi/documents/STA_github/install/ydlidar_ros2_driver/share/ydlidar_ros2_driver/params/log
[1.808s] -- Up-to-date: /home/pi/documents/STA_github/install/ydlidar_ros2_driver/share/ydlidar_ros2_driver/params/log/COLCON_IGNORE
[1.809s] -- Up-to-date: /home/pi/documents/STA_github/install/ydlidar_ros2_driver/share/ydlidar_ros2_driver/params/log/latest_build
[1.810s] -- Up-to-date: /home/pi/documents/STA_github/install/ydlidar_ros2_driver/share/ydlidar_ros2_driver/params/log/latest
[1.811s] -- Up-to-date: /home/pi/documents/STA_github/install/ydlidar_ros2_driver/share/ydlidar_ros2_driver/params/log/build_2023-11-07_06-29-43
[1.812s] -- Up-to-date: /home/pi/documents/STA_github/install/ydlidar_ros2_driver/share/ydlidar_ros2_driver/params/log/build_2023-11-07_06-29-43/events.log
[1.812s] -- Up-to-date: /home/pi/documents/STA_github/install/ydlidar_ros2_driver/share/ydlidar_ros2_driver/params/log/build_2023-11-07_06-29-43/logger_all.log
[1.814s] -- Up-to-date: /home/pi/documents/STA_github/install/ydlidar_ros2_driver/share/ydlidar_ros2_driver/params/ydlidar.yaml
[1.814s] -- Up-to-date: /home/pi/documents/STA_github/install/ydlidar_ros2_driver/share/ydlidar_ros2_driver/startup
[1.815s] -- Up-to-date: /home/pi/documents/STA_github/install/ydlidar_ros2_driver/share/ydlidar_ros2_driver/startup/initenv.sh
[1.816s] -- Up-to-date: /home/pi/documents/STA_github/install/ydlidar_ros2_driver/share/ydlidar_ros2_driver/config
[1.816s] -- Up-to-date: /home/pi/documents/STA_github/install/ydlidar_ros2_driver/share/ydlidar_ros2_driver/config/ydlidar.rviz
[1.817s] -- Up-to-date: /home/pi/documents/STA_github/install/ydlidar_ros2_driver/share/ament_index/resource_index/package_run_dependencies/ydlidar_ros2_driver
[1.819s] -- Up-to-date: /home/pi/documents/STA_github/install/ydlidar_ros2_driver/share/ament_index/resource_index/parent_prefix_path/ydlidar_ros2_driver
[1.819s] -- Up-to-date: /home/pi/documents/STA_github/install/ydlidar_ros2_driver/share/ydlidar_ros2_driver/environment/ament_prefix_path.sh
[1.820s] -- Up-to-date: /home/pi/documents/STA_github/install/ydlidar_ros2_driver/share/ydlidar_ros2_driver/environment/ament_prefix_path.dsv
[1.821s] -- Up-to-date: /home/pi/documents/STA_github/install/ydlidar_ros2_driver/share/ydlidar_ros2_driver/environment/path.sh
[1.821s] -- Up-to-date: /home/pi/documents/STA_github/install/ydlidar_ros2_driver/share/ydlidar_ros2_driver/environment/path.dsv
[1.822s] -- Up-to-date: /home/pi/documents/STA_github/install/ydlidar_ros2_driver/share/ydlidar_ros2_driver/local_setup.bash
[1.823s] -- Up-to-date: /home/pi/documents/STA_github/install/ydlidar_ros2_driver/share/ydlidar_ros2_driver/local_setup.sh
[1.827s] -- Up-to-date: /home/pi/documents/STA_github/install/ydlidar_ros2_driver/share/ydlidar_ros2_driver/local_setup.zsh
[1.827s] -- Up-to-date: /home/pi/documents/STA_github/install/ydlidar_ros2_driver/share/ydlidar_ros2_driver/local_setup.dsv
[1.831s] -- Installing: /home/pi/documents/STA_github/install/ydlidar_ros2_driver/share/ydlidar_ros2_driver/package.dsv
[1.832s] -- Up-to-date: /home/pi/documents/STA_github/install/ydlidar_ros2_driver/share/ament_index/resource_index/packages/ydlidar_ros2_driver
[1.832s] -- Up-to-date: /home/pi/documents/STA_github/install/ydlidar_ros2_driver/share/ydlidar_ros2_driver/cmake/ydlidar_ros2_driverConfig.cmake
[1.833s] -- Up-to-date: /home/pi/documents/STA_github/install/ydlidar_ros2_driver/share/ydlidar_ros2_driver/cmake/ydlidar_ros2_driverConfig-version.cmake
[1.835s] -- Up-to-date: /home/pi/documents/STA_github/install/ydlidar_ros2_driver/share/ydlidar_ros2_driver/package.xml
[1.841s] Invoked command in '/home/pi/documents/STA_github/build/ydlidar_ros2_driver' returned '0': CMAKE_PREFIX_PATH=${CMAKE_PREFIX_PATH}:/home/pi/ros2_ws/install/ydlidar_ros2_driver:/opt/ros/iron /usr/bin/cmake --install /home/pi/documents/STA_github/build/ydlidar_ros2_driver
