[5.682s] DEBUG:colcon:Command line arguments: ['/usr/bin/colcon', 'build']
[5.683s] DEBUG:colcon:Parsed command line arguments: Namespace(log_base=None, log_level=None, verb_name='build', build_base='build', install_base='install', merge_install=False, symlink_install=False, test_result_base=None, continue_on_error=False, executor='parallel', parallel_workers=4, event_handlers=None, ignore_user_meta=False, metas=['./colcon.meta'], base_paths=['.'], packages_ignore=None, packages_ignore_regex=None, paths=None, packages_up_to=None, packages_up_to_regex=None, packages_above=None, packages_above_and_dependencies=None, packages_above_depth=None, packages_select_by_dep=None, packages_skip_by_dep=None, packages_skip_up_to=None, packages_select_build_failed=False, packages_skip_build_finished=False, packages_select_test_failures=False, packages_skip_test_passed=False, packages_select=None, packages_skip=None, packages_select_regex=None, packages_skip_regex=None, packages_start=None, packages_end=None, allow_overriding=[], cmake_args=None, cmake_target=None, cmake_target_skip_unavailable=False, cmake_clean_cache=False, cmake_clean_first=False, cmake_force_configure=False, ament_cmake_args=None, catkin_cmake_args=None, catkin_skip_building_tests=False, verb_parser=<colcon_defaults.argument_parser.defaults.DefaultArgumentsDecorator object at 0xffff7fe31720>, verb_extension=<colcon_core.verb.build.BuildVerb object at 0xffff7fe30610>, main=<bound method BuildVerb.main of <colcon_core.verb.build.BuildVerb object at 0xffff7fe30610>>)
[5.936s] Level 1:colcon.colcon_core.package_discovery:discover_packages(colcon_meta) check parameters
[5.937s] Level 1:colcon.colcon_core.package_discovery:discover_packages(recursive) check parameters
[5.937s] Level 1:colcon.colcon_core.package_discovery:discover_packages(ignore) check parameters
[5.937s] Level 1:colcon.colcon_core.package_discovery:discover_packages(path) check parameters
[5.937s] Level 1:colcon.colcon_core.package_discovery:discover_packages(colcon_meta) discover
[5.938s] Level 1:colcon.colcon_core.package_discovery:discover_packages(recursive) discover
[5.938s] INFO:colcon.colcon_core.package_discovery:Crawling recursively for packages in '/home/pi/documents/STA_github/ros2_ws'
[5.938s] Level 1:colcon.colcon_core.package_identification:_identify(.) by extensions ['ignore', 'ignore_ament_install']
[5.939s] Level 1:colcon.colcon_core.package_identification:_identify(.) by extension 'ignore'
[5.939s] Level 1:colcon.colcon_core.package_identification:_identify(.) by extension 'ignore_ament_install'
[5.939s] Level 1:colcon.colcon_core.package_identification:_identify(.) by extensions ['colcon_pkg']
[5.940s] Level 1:colcon.colcon_core.package_identification:_identify(.) by extension 'colcon_pkg'
[5.940s] Level 1:colcon.colcon_core.package_identification:_identify(.) by extensions ['colcon_meta']
[5.940s] Level 1:colcon.colcon_core.package_identification:_identify(.) by extension 'colcon_meta'
[5.940s] Level 1:colcon.colcon_core.package_identification:_identify(.) by extensions ['ros']
[5.940s] Level 1:colcon.colcon_core.package_identification:_identify(.) by extension 'ros'
[5.990s] Level 1:colcon.colcon_core.package_identification:_identify(.) by extensions ['cmake', 'python']
[5.991s] Level 1:colcon.colcon_core.package_identification:_identify(.) by extension 'cmake'
[5.991s] Level 1:colcon.colcon_core.package_identification:_identify(.) by extension 'python'
[5.991s] Level 1:colcon.colcon_core.package_identification:_identify(.) by extensions ['python_setup_py']
[5.991s] Level 1:colcon.colcon_core.package_identification:_identify(.) by extension 'python_setup_py'
[5.992s] Level 1:colcon.colcon_core.package_identification:_identify(build) by extensions ['ignore', 'ignore_ament_install']
[5.992s] Level 1:colcon.colcon_core.package_identification:_identify(build) by extension 'ignore'
[5.992s] Level 1:colcon.colcon_core.package_identification:_identify(build) ignored
[5.993s] Level 1:colcon.colcon_core.package_identification:_identify(install) by extensions ['ignore', 'ignore_ament_install']
[5.994s] Level 1:colcon.colcon_core.package_identification:_identify(install) by extension 'ignore'
[5.994s] Level 1:colcon.colcon_core.package_identification:_identify(install) ignored
[5.995s] Level 1:colcon.colcon_core.package_identification:_identify(log) by extensions ['ignore', 'ignore_ament_install']
[5.995s] Level 1:colcon.colcon_core.package_identification:_identify(log) by extension 'ignore'
[5.995s] Level 1:colcon.colcon_core.package_identification:_identify(log) ignored
[5.996s] Level 1:colcon.colcon_core.package_identification:_identify(src) by extensions ['ignore', 'ignore_ament_install']
[5.996s] Level 1:colcon.colcon_core.package_identification:_identify(src) by extension 'ignore'
[5.996s] Level 1:colcon.colcon_core.package_identification:_identify(src) by extension 'ignore_ament_install'
[5.996s] Level 1:colcon.colcon_core.package_identification:_identify(src) by extensions ['colcon_pkg']
[5.997s] Level 1:colcon.colcon_core.package_identification:_identify(src) by extension 'colcon_pkg'
[5.997s] Level 1:colcon.colcon_core.package_identification:_identify(src) by extensions ['colcon_meta']
[5.997s] Level 1:colcon.colcon_core.package_identification:_identify(src) by extension 'colcon_meta'
[5.997s] Level 1:colcon.colcon_core.package_identification:_identify(src) by extensions ['ros']
[5.997s] Level 1:colcon.colcon_core.package_identification:_identify(src) by extension 'ros'
[5.998s] Level 1:colcon.colcon_core.package_identification:_identify(src) by extensions ['cmake', 'python']
[5.998s] Level 1:colcon.colcon_core.package_identification:_identify(src) by extension 'cmake'
[5.998s] Level 1:colcon.colcon_core.package_identification:_identify(src) by extension 'python'
[5.998s] Level 1:colcon.colcon_core.package_identification:_identify(src) by extensions ['python_setup_py']
[5.998s] Level 1:colcon.colcon_core.package_identification:_identify(src) by extension 'python_setup_py'
[5.999s] Level 1:colcon.colcon_core.package_identification:_identify(src/mobile_robot) by extensions ['ignore', 'ignore_ament_install']
[5.999s] Level 1:colcon.colcon_core.package_identification:_identify(src/mobile_robot) by extension 'ignore'
[6.000s] Level 1:colcon.colcon_core.package_identification:_identify(src/mobile_robot) by extension 'ignore_ament_install'
[6.000s] Level 1:colcon.colcon_core.package_identification:_identify(src/mobile_robot) by extensions ['colcon_pkg']
[6.000s] Level 1:colcon.colcon_core.package_identification:_identify(src/mobile_robot) by extension 'colcon_pkg'
[6.000s] Level 1:colcon.colcon_core.package_identification:_identify(src/mobile_robot) by extensions ['colcon_meta']
[6.000s] Level 1:colcon.colcon_core.package_identification:_identify(src/mobile_robot) by extension 'colcon_meta'
[6.001s] Level 1:colcon.colcon_core.package_identification:_identify(src/mobile_robot) by extensions ['ros']
[6.001s] Level 1:colcon.colcon_core.package_identification:_identify(src/mobile_robot) by extension 'ros'
[6.012s] DEBUG:colcon.colcon_core.package_identification:Package 'src/mobile_robot' with type 'ros.ament_cmake' and name 'mobile_robot'
[6.013s] Level 1:colcon.colcon_core.package_identification:_identify(src/ydlidar_ros2_driver) by extensions ['ignore', 'ignore_ament_install']
[6.014s] Level 1:colcon.colcon_core.package_identification:_identify(src/ydlidar_ros2_driver) by extension 'ignore'
[6.014s] Level 1:colcon.colcon_core.package_identification:_identify(src/ydlidar_ros2_driver) by extension 'ignore_ament_install'
[6.014s] Level 1:colcon.colcon_core.package_identification:_identify(src/ydlidar_ros2_driver) by extensions ['colcon_pkg']
[6.014s] Level 1:colcon.colcon_core.package_identification:_identify(src/ydlidar_ros2_driver) by extension 'colcon_pkg'
[6.015s] Level 1:colcon.colcon_core.package_identification:_identify(src/ydlidar_ros2_driver) by extensions ['colcon_meta']
[6.015s] Level 1:colcon.colcon_core.package_identification:_identify(src/ydlidar_ros2_driver) by extension 'colcon_meta'
[6.015s] Level 1:colcon.colcon_core.package_identification:_identify(src/ydlidar_ros2_driver) by extensions ['ros']
[6.015s] Level 1:colcon.colcon_core.package_identification:_identify(src/ydlidar_ros2_driver) by extension 'ros'
[6.018s] DEBUG:colcon.colcon_core.package_identification:Package 'src/ydlidar_ros2_driver' with type 'ros.ament_cmake' and name 'ydlidar_ros2_driver'
[6.019s] Level 1:colcon.colcon_core.package_discovery:discover_packages(recursive) using defaults
[6.019s] Level 1:colcon.colcon_core.package_discovery:discover_packages(ignore) discover
[6.019s] Level 1:colcon.colcon_core.package_discovery:discover_packages(ignore) using defaults
[6.019s] Level 1:colcon.colcon_core.package_discovery:discover_packages(path) discover
[6.019s] Level 1:colcon.colcon_core.package_discovery:discover_packages(path) using defaults
[6.519s] Level 1:colcon.colcon_core.package_discovery:discover_packages(prefix_path) check parameters
[6.520s] Level 1:colcon.colcon_core.package_discovery:discover_packages(prefix_path) discover
[6.692s] DEBUG:colcon.colcon_installed_package_information.package_discovery:Found 2 installed packages in /home/pi/documents/STA_github/ros2_ws/install
[6.774s] DEBUG:colcon.colcon_installed_package_information.package_discovery:Found 1 installed packages in /home/pi/ros2_ws/install
[6.865s] DEBUG:colcon.colcon_installed_package_information.package_discovery:Found 290 installed packages in /opt/ros/iron
[6.909s] Level 1:colcon.colcon_core.package_discovery:discover_packages(prefix_path) using defaults
[7.349s] Level 5:colcon.colcon_core.verb:set package 'mobile_robot' build argument 'cmake_args' from command line to 'None'
[7.349s] Level 5:colcon.colcon_core.verb:set package 'mobile_robot' build argument 'cmake_target' from command line to 'None'
[7.349s] Level 5:colcon.colcon_core.verb:set package 'mobile_robot' build argument 'cmake_target_skip_unavailable' from command line to 'False'
[7.350s] Level 5:colcon.colcon_core.verb:set package 'mobile_robot' build argument 'cmake_clean_cache' from command line to 'False'
[7.350s] Level 5:colcon.colcon_core.verb:set package 'mobile_robot' build argument 'cmake_clean_first' from command line to 'False'
[7.350s] Level 5:colcon.colcon_core.verb:set package 'mobile_robot' build argument 'cmake_force_configure' from command line to 'False'
[7.350s] Level 5:colcon.colcon_core.verb:set package 'mobile_robot' build argument 'ament_cmake_args' from command line to 'None'
[7.350s] Level 5:colcon.colcon_core.verb:set package 'mobile_robot' build argument 'catkin_cmake_args' from command line to 'None'
[7.350s] Level 5:colcon.colcon_core.verb:set package 'mobile_robot' build argument 'catkin_skip_building_tests' from command line to 'False'
[7.350s] DEBUG:colcon.colcon_core.verb:Building package 'mobile_robot' with the following arguments: {'ament_cmake_args': None, 'build_base': '/home/pi/documents/STA_github/ros2_ws/build/mobile_robot', 'catkin_cmake_args': None, 'catkin_skip_building_tests': False, 'cmake_args': None, 'cmake_clean_cache': False, 'cmake_clean_first': False, 'cmake_force_configure': False, 'cmake_target': None, 'cmake_target_skip_unavailable': False, 'install_base': '/home/pi/documents/STA_github/ros2_ws/install/mobile_robot', 'merge_install': False, 'path': '/home/pi/documents/STA_github/ros2_ws/src/mobile_robot', 'symlink_install': False, 'test_result_base': None}
[7.433s] Level 5:colcon.colcon_core.verb:set package 'ydlidar_ros2_driver' build argument 'cmake_args' from command line to 'None'
[7.434s] Level 5:colcon.colcon_core.verb:set package 'ydlidar_ros2_driver' build argument 'cmake_target' from command line to 'None'
[7.434s] Level 5:colcon.colcon_core.verb:set package 'ydlidar_ros2_driver' build argument 'cmake_target_skip_unavailable' from command line to 'False'
[7.434s] Level 5:colcon.colcon_core.verb:set package 'ydlidar_ros2_driver' build argument 'cmake_clean_cache' from command line to 'False'
[7.434s] Level 5:colcon.colcon_core.verb:set package 'ydlidar_ros2_driver' build argument 'cmake_clean_first' from command line to 'False'
[7.434s] Level 5:colcon.colcon_core.verb:set package 'ydlidar_ros2_driver' build argument 'cmake_force_configure' from command line to 'False'
[7.434s] Level 5:colcon.colcon_core.verb:set package 'ydlidar_ros2_driver' build argument 'ament_cmake_args' from command line to 'None'
[7.434s] Level 5:colcon.colcon_core.verb:set package 'ydlidar_ros2_driver' build argument 'catkin_cmake_args' from command line to 'None'
[7.435s] Level 5:colcon.colcon_core.verb:set package 'ydlidar_ros2_driver' build argument 'catkin_skip_building_tests' from command line to 'False'
[7.435s] DEBUG:colcon.colcon_core.verb:Building package 'ydlidar_ros2_driver' with the following arguments: {'ament_cmake_args': None, 'build_base': '/home/pi/documents/STA_github/ros2_ws/build/ydlidar_ros2_driver', 'catkin_cmake_args': None, 'catkin_skip_building_tests': False, 'cmake_args': None, 'cmake_clean_cache': False, 'cmake_clean_first': False, 'cmake_force_configure': False, 'cmake_target': None, 'cmake_target_skip_unavailable': False, 'install_base': '/home/pi/documents/STA_github/ros2_ws/install/ydlidar_ros2_driver', 'merge_install': False, 'path': '/home/pi/documents/STA_github/ros2_ws/src/ydlidar_ros2_driver', 'symlink_install': False, 'test_result_base': None}
[7.516s] INFO:colcon.colcon_core.executor:Executing jobs using 'parallel' executor
[7.602s] DEBUG:colcon.colcon_parallel_executor.executor.parallel:run_until_complete
[7.603s] INFO:colcon.colcon_ros.task.ament_cmake.build:Building ROS package in '/home/pi/documents/STA_github/ros2_ws/src/mobile_robot' with build type 'ament_cmake'
[7.604s] INFO:colcon.colcon_cmake.task.cmake.build:Building CMake package in '/home/pi/documents/STA_github/ros2_ws/src/mobile_robot'
[7.699s] INFO:colcon.colcon_core.plugin_system:Skipping extension 'colcon_core.shell.bat': Not used on non-Windows systems
[7.699s] INFO:colcon.colcon_core.shell:Skip shell extension 'powershell' for command environment: Not usable outside of PowerShell
[7.700s] DEBUG:colcon.colcon_core.shell:Skip shell extension 'dsv' for command environment
[8.197s] INFO:colcon.colcon_ros.task.ament_cmake.build:Building ROS package in '/home/pi/documents/STA_github/ros2_ws/src/ydlidar_ros2_driver' with build type 'ament_cmake'
[8.198s] INFO:colcon.colcon_cmake.task.cmake.build:Building CMake package in '/home/pi/documents/STA_github/ros2_ws/src/ydlidar_ros2_driver'
[8.285s] INFO:colcon.colcon_core.shell:Skip shell extension 'powershell' for command environment: Not usable outside of PowerShell
[8.285s] DEBUG:colcon.colcon_core.shell:Skip shell extension 'dsv' for command environment
[8.657s] DEBUG:colcon.colcon_core.event_handler.log_command:Invoking command in '/home/pi/documents/STA_github/ros2_ws/build/mobile_robot': CMAKE_PREFIX_PATH=${CMAKE_PREFIX_PATH}:/opt/ros/iron /usr/bin/cmake --build /home/pi/documents/STA_github/ros2_ws/build/mobile_robot -- -j4 -l4
[8.688s] DEBUG:colcon.colcon_core.event_handler.log_command:Invoking command in '/home/pi/documents/STA_github/ros2_ws/build/ydlidar_ros2_driver': CMAKE_PREFIX_PATH=${CMAKE_PREFIX_PATH}:/opt/ros/iron /usr/bin/cmake --build /home/pi/documents/STA_github/ros2_ws/build/ydlidar_ros2_driver -- -j4 -l4
[9.155s] DEBUG:colcon.colcon_core.event_handler.log_command:Invoked command in '/home/pi/documents/STA_github/ros2_ws/build/ydlidar_ros2_driver' returned '0': CMAKE_PREFIX_PATH=${CMAKE_PREFIX_PATH}:/opt/ros/iron /usr/bin/cmake --build /home/pi/documents/STA_github/ros2_ws/build/ydlidar_ros2_driver -- -j4 -l4
[9.406s] DEBUG:colcon.colcon_core.event_handler.log_command:Invoking command in '/home/pi/documents/STA_github/ros2_ws/build/ydlidar_ros2_driver': CMAKE_PREFIX_PATH=${CMAKE_PREFIX_PATH}:/opt/ros/iron /usr/bin/cmake --install /home/pi/documents/STA_github/ros2_ws/build/ydlidar_ros2_driver
[9.465s] Level 1:colcon.colcon_core.environment:create_environment_scripts_only(ydlidar_ros2_driver)
[9.494s] DEBUG:colcon.colcon_core.event_handler.log_command:Invoked command in '/home/pi/documents/STA_github/ros2_ws/build/ydlidar_ros2_driver' returned '0': CMAKE_PREFIX_PATH=${CMAKE_PREFIX_PATH}:/opt/ros/iron /usr/bin/cmake --install /home/pi/documents/STA_github/ros2_ws/build/ydlidar_ros2_driver
[9.583s] Level 1:colcon.colcon_core.environment:checking '/home/pi/documents/STA_github/ros2_ws/install/ydlidar_ros2_driver' for CMake module files
[9.587s] Level 1:colcon.colcon_core.environment:checking '/home/pi/documents/STA_github/ros2_ws/install/ydlidar_ros2_driver' for CMake config files
[9.590s] Level 1:colcon.colcon_core.shell:create_environment_hook('ydlidar_ros2_driver', 'cmake_prefix_path')
[9.680s] INFO:colcon.colcon_core.shell:Creating environment hook '/home/pi/documents/STA_github/ros2_ws/install/ydlidar_ros2_driver/share/ydlidar_ros2_driver/hook/cmake_prefix_path.ps1'
[9.683s] INFO:colcon.colcon_core.shell:Creating environment descriptor '/home/pi/documents/STA_github/ros2_ws/install/ydlidar_ros2_driver/share/ydlidar_ros2_driver/hook/cmake_prefix_path.dsv'
[9.685s] INFO:colcon.colcon_core.shell:Creating environment hook '/home/pi/documents/STA_github/ros2_ws/install/ydlidar_ros2_driver/share/ydlidar_ros2_driver/hook/cmake_prefix_path.sh'
[9.690s] Level 1:colcon.colcon_core.environment:checking '/home/pi/documents/STA_github/ros2_ws/install/ydlidar_ros2_driver/lib'
[9.691s] Level 1:colcon.colcon_core.environment:checking '/home/pi/documents/STA_github/ros2_ws/install/ydlidar_ros2_driver/bin'
[9.691s] Level 1:colcon.colcon_core.environment:checking '/home/pi/documents/STA_github/ros2_ws/install/ydlidar_ros2_driver/lib/pkgconfig/ydlidar_ros2_driver.pc'
[9.692s] Level 1:colcon.colcon_core.environment:checking '/home/pi/documents/STA_github/ros2_ws/install/ydlidar_ros2_driver/lib/python3.10/site-packages'
[9.693s] Level 1:colcon.colcon_core.environment:checking '/home/pi/documents/STA_github/ros2_ws/install/ydlidar_ros2_driver/bin'
[9.784s] INFO:colcon.colcon_core.shell:Creating package script '/home/pi/documents/STA_github/ros2_ws/install/ydlidar_ros2_driver/share/ydlidar_ros2_driver/package.ps1'
[9.787s] INFO:colcon.colcon_core.shell:Creating package descriptor '/home/pi/documents/STA_github/ros2_ws/install/ydlidar_ros2_driver/share/ydlidar_ros2_driver/package.dsv'
[9.790s] INFO:colcon.colcon_core.shell:Creating package script '/home/pi/documents/STA_github/ros2_ws/install/ydlidar_ros2_driver/share/ydlidar_ros2_driver/package.sh'
[9.794s] INFO:colcon.colcon_core.shell:Creating package script '/home/pi/documents/STA_github/ros2_ws/install/ydlidar_ros2_driver/share/ydlidar_ros2_driver/package.bash'
[9.798s] INFO:colcon.colcon_core.shell:Creating package script '/home/pi/documents/STA_github/ros2_ws/install/ydlidar_ros2_driver/share/ydlidar_ros2_driver/package.zsh'
[9.801s] Level 1:colcon.colcon_core.environment:create_file_with_runtime_dependencies(/home/pi/documents/STA_github/ros2_ws/install/ydlidar_ros2_driver/share/colcon-core/packages/ydlidar_ros2_driver)
[10.143s] Level 1:colcon.colcon_core.environment:create_environment_scripts_only(ydlidar_ros2_driver)
[10.305s] Level 1:colcon.colcon_core.environment:checking '/home/pi/documents/STA_github/ros2_ws/install/ydlidar_ros2_driver' for CMake module files
[10.312s] Level 1:colcon.colcon_core.environment:checking '/home/pi/documents/STA_github/ros2_ws/install/ydlidar_ros2_driver' for CMake config files
[10.317s] Level 1:colcon.colcon_core.shell:create_environment_hook('ydlidar_ros2_driver', 'cmake_prefix_path')
[10.488s] INFO:colcon.colcon_core.shell:Creating environment hook '/home/pi/documents/STA_github/ros2_ws/install/ydlidar_ros2_driver/share/ydlidar_ros2_driver/hook/cmake_prefix_path.ps1'
[10.491s] INFO:colcon.colcon_core.shell:Creating environment descriptor '/home/pi/documents/STA_github/ros2_ws/install/ydlidar_ros2_driver/share/ydlidar_ros2_driver/hook/cmake_prefix_path.dsv'
[10.495s] INFO:colcon.colcon_core.shell:Creating environment hook '/home/pi/documents/STA_github/ros2_ws/install/ydlidar_ros2_driver/share/ydlidar_ros2_driver/hook/cmake_prefix_path.sh'
[10.501s] Level 1:colcon.colcon_core.environment:checking '/home/pi/documents/STA_github/ros2_ws/install/ydlidar_ros2_driver/lib'
[10.501s] Level 1:colcon.colcon_core.environment:checking '/home/pi/documents/STA_github/ros2_ws/install/ydlidar_ros2_driver/bin'
[10.502s] Level 1:colcon.colcon_core.environment:checking '/home/pi/documents/STA_github/ros2_ws/install/ydlidar_ros2_driver/lib/pkgconfig/ydlidar_ros2_driver.pc'
[10.505s] Level 1:colcon.colcon_core.environment:checking '/home/pi/documents/STA_github/ros2_ws/install/ydlidar_ros2_driver/lib/python3.10/site-packages'
[10.506s] Level 1:colcon.colcon_core.environment:checking '/home/pi/documents/STA_github/ros2_ws/install/ydlidar_ros2_driver/bin'
[10.685s] INFO:colcon.colcon_core.shell:Creating package script '/home/pi/documents/STA_github/ros2_ws/install/ydlidar_ros2_driver/share/ydlidar_ros2_driver/package.ps1'
[10.692s] INFO:colcon.colcon_core.shell:Creating package descriptor '/home/pi/documents/STA_github/ros2_ws/install/ydlidar_ros2_driver/share/ydlidar_ros2_driver/package.dsv'
[10.695s] INFO:colcon.colcon_core.shell:Creating package script '/home/pi/documents/STA_github/ros2_ws/install/ydlidar_ros2_driver/share/ydlidar_ros2_driver/package.sh'
[10.698s] INFO:colcon.colcon_core.shell:Creating package script '/home/pi/documents/STA_github/ros2_ws/install/ydlidar_ros2_driver/share/ydlidar_ros2_driver/package.bash'
[10.700s] INFO:colcon.colcon_core.shell:Creating package script '/home/pi/documents/STA_github/ros2_ws/install/ydlidar_ros2_driver/share/ydlidar_ros2_driver/package.zsh'
[10.702s] Level 1:colcon.colcon_core.environment:create_file_with_runtime_dependencies(/home/pi/documents/STA_github/ros2_ws/install/ydlidar_ros2_driver/share/colcon-core/packages/ydlidar_ros2_driver)
[48.184s] DEBUG:colcon.colcon_core.event_handler.log_command:Invoked command in '/home/pi/documents/STA_github/ros2_ws/build/mobile_robot' returned '0': CMAKE_PREFIX_PATH=${CMAKE_PREFIX_PATH}:/opt/ros/iron /usr/bin/cmake --build /home/pi/documents/STA_github/ros2_ws/build/mobile_robot -- -j4 -l4
[48.346s] DEBUG:colcon.colcon_core.event_handler.log_command:Invoking command in '/home/pi/documents/STA_github/ros2_ws/build/mobile_robot': CMAKE_PREFIX_PATH=${CMAKE_PREFIX_PATH}:/opt/ros/iron /usr/bin/cmake --install /home/pi/documents/STA_github/ros2_ws/build/mobile_robot
[48.485s] Level 1:colcon.colcon_core.environment:create_environment_scripts_only(mobile_robot)
[48.487s] DEBUG:colcon.colcon_core.event_handler.log_command:Invoked command in '/home/pi/documents/STA_github/ros2_ws/build/mobile_robot' returned '0': CMAKE_PREFIX_PATH=${CMAKE_PREFIX_PATH}:/opt/ros/iron /usr/bin/cmake --install /home/pi/documents/STA_github/ros2_ws/build/mobile_robot
[48.571s] Level 1:colcon.colcon_core.environment:checking '/home/pi/documents/STA_github/ros2_ws/install/mobile_robot' for CMake module files
[48.575s] Level 1:colcon.colcon_core.environment:checking '/home/pi/documents/STA_github/ros2_ws/install/mobile_robot' for CMake config files
[48.577s] Level 1:colcon.colcon_core.shell:create_environment_hook('mobile_robot', 'cmake_prefix_path')
[48.659s] INFO:colcon.colcon_core.shell:Creating environment hook '/home/pi/documents/STA_github/ros2_ws/install/mobile_robot/share/mobile_robot/hook/cmake_prefix_path.ps1'
[48.661s] INFO:colcon.colcon_core.shell:Creating environment descriptor '/home/pi/documents/STA_github/ros2_ws/install/mobile_robot/share/mobile_robot/hook/cmake_prefix_path.dsv'
[48.662s] INFO:colcon.colcon_core.shell:Creating environment hook '/home/pi/documents/STA_github/ros2_ws/install/mobile_robot/share/mobile_robot/hook/cmake_prefix_path.sh'
[48.665s] Level 1:colcon.colcon_core.environment:checking '/home/pi/documents/STA_github/ros2_ws/install/mobile_robot/lib'
[48.666s] Level 1:colcon.colcon_core.environment:checking '/home/pi/documents/STA_github/ros2_ws/install/mobile_robot/bin'
[48.666s] Level 1:colcon.colcon_core.environment:checking '/home/pi/documents/STA_github/ros2_ws/install/mobile_robot/lib/pkgconfig/mobile_robot.pc'
[48.667s] Level 1:colcon.colcon_core.environment:checking '/home/pi/documents/STA_github/ros2_ws/install/mobile_robot/lib/python3.10/site-packages'
[48.668s] Level 1:colcon.colcon_core.environment:checking '/home/pi/documents/STA_github/ros2_ws/install/mobile_robot/bin'
[48.757s] INFO:colcon.colcon_core.shell:Creating package script '/home/pi/documents/STA_github/ros2_ws/install/mobile_robot/share/mobile_robot/package.ps1'
[48.760s] INFO:colcon.colcon_core.shell:Creating package descriptor '/home/pi/documents/STA_github/ros2_ws/install/mobile_robot/share/mobile_robot/package.dsv'
[48.763s] INFO:colcon.colcon_core.shell:Creating package script '/home/pi/documents/STA_github/ros2_ws/install/mobile_robot/share/mobile_robot/package.sh'
[48.765s] INFO:colcon.colcon_core.shell:Creating package script '/home/pi/documents/STA_github/ros2_ws/install/mobile_robot/share/mobile_robot/package.bash'
[48.767s] INFO:colcon.colcon_core.shell:Creating package script '/home/pi/documents/STA_github/ros2_ws/install/mobile_robot/share/mobile_robot/package.zsh'
[48.769s] Level 1:colcon.colcon_core.environment:create_file_with_runtime_dependencies(/home/pi/documents/STA_github/ros2_ws/install/mobile_robot/share/colcon-core/packages/mobile_robot)
[49.092s] Level 1:colcon.colcon_core.environment:create_environment_scripts_only(mobile_robot)
[49.242s] Level 1:colcon.colcon_core.environment:checking '/home/pi/documents/STA_github/ros2_ws/install/mobile_robot' for CMake module files
[49.247s] Level 1:colcon.colcon_core.environment:checking '/home/pi/documents/STA_github/ros2_ws/install/mobile_robot' for CMake config files
[49.249s] Level 1:colcon.colcon_core.shell:create_environment_hook('mobile_robot', 'cmake_prefix_path')
[49.400s] INFO:colcon.colcon_core.shell:Creating environment hook '/home/pi/documents/STA_github/ros2_ws/install/mobile_robot/share/mobile_robot/hook/cmake_prefix_path.ps1'
[49.404s] INFO:colcon.colcon_core.shell:Creating environment descriptor '/home/pi/documents/STA_github/ros2_ws/install/mobile_robot/share/mobile_robot/hook/cmake_prefix_path.dsv'
[49.407s] INFO:colcon.colcon_core.shell:Creating environment hook '/home/pi/documents/STA_github/ros2_ws/install/mobile_robot/share/mobile_robot/hook/cmake_prefix_path.sh'
[49.412s] Level 1:colcon.colcon_core.environment:checking '/home/pi/documents/STA_github/ros2_ws/install/mobile_robot/lib'
[49.413s] Level 1:colcon.colcon_core.environment:checking '/home/pi/documents/STA_github/ros2_ws/install/mobile_robot/bin'
[49.413s] Level 1:colcon.colcon_core.environment:checking '/home/pi/documents/STA_github/ros2_ws/install/mobile_robot/lib/pkgconfig/mobile_robot.pc'
[49.415s] Level 1:colcon.colcon_core.environment:checking '/home/pi/documents/STA_github/ros2_ws/install/mobile_robot/lib/python3.10/site-packages'
[49.417s] Level 1:colcon.colcon_core.environment:checking '/home/pi/documents/STA_github/ros2_ws/install/mobile_robot/bin'
[49.570s] INFO:colcon.colcon_core.shell:Creating package script '/home/pi/documents/STA_github/ros2_ws/install/mobile_robot/share/mobile_robot/package.ps1'
[49.574s] INFO:colcon.colcon_core.shell:Creating package descriptor '/home/pi/documents/STA_github/ros2_ws/install/mobile_robot/share/mobile_robot/package.dsv'
[49.578s] INFO:colcon.colcon_core.shell:Creating package script '/home/pi/documents/STA_github/ros2_ws/install/mobile_robot/share/mobile_robot/package.sh'
[49.582s] INFO:colcon.colcon_core.shell:Creating package script '/home/pi/documents/STA_github/ros2_ws/install/mobile_robot/share/mobile_robot/package.bash'
[49.586s] INFO:colcon.colcon_core.shell:Creating package script '/home/pi/documents/STA_github/ros2_ws/install/mobile_robot/share/mobile_robot/package.zsh'
[49.590s] Level 1:colcon.colcon_core.environment:create_file_with_runtime_dependencies(/home/pi/documents/STA_github/ros2_ws/install/mobile_robot/share/colcon-core/packages/mobile_robot)
[49.592s] DEBUG:colcon.colcon_parallel_executor.executor.parallel:closing loop
[49.595s] DEBUG:colcon.colcon_parallel_executor.executor.parallel:loop closed
[49.596s] DEBUG:colcon.colcon_parallel_executor.executor.parallel:run_until_complete finished with '0'
[49.596s] DEBUG:colcon.colcon_core.event_reactor:joining thread
[49.701s] INFO:colcon.colcon_core.plugin_system:Skipping extension 'colcon_notification.desktop_notification.notify_send': Could not find 'notify-send'
[49.702s] INFO:colcon.colcon_core.plugin_system:Skipping extension 'colcon_notification.desktop_notification.terminal_notifier': Not used on non-Darwin systems
[49.702s] INFO:colcon.colcon_core.plugin_system:Skipping extension 'colcon_notification.desktop_notification.win32': Not used on non-Windows systems
[49.702s] INFO:colcon.colcon_notification.desktop_notification:Sending desktop notification using 'notify2'
[49.707s] DEBUG:colcon.colcon_notification.desktop_notification.notify2:Failed to initialize notify2: org.freedesktop.DBus.Error.ServiceUnknown: The name org.freedesktop.Notifications was not provided by any .service files
[49.707s] DEBUG:colcon.colcon_core.event_reactor:joined thread
[49.791s] INFO:colcon.colcon_core.shell:Creating prefix script '/home/pi/documents/STA_github/ros2_ws/install/local_setup.ps1'
[49.796s] INFO:colcon.colcon_core.shell:Creating prefix util module '/home/pi/documents/STA_github/ros2_ws/install/_local_setup_util_ps1.py'
[49.802s] INFO:colcon.colcon_core.shell:Creating prefix chain script '/home/pi/documents/STA_github/ros2_ws/install/setup.ps1'
[49.888s] INFO:colcon.colcon_core.shell:Creating prefix script '/home/pi/documents/STA_github/ros2_ws/install/local_setup.sh'
[49.891s] INFO:colcon.colcon_core.shell:Creating prefix util module '/home/pi/documents/STA_github/ros2_ws/install/_local_setup_util_sh.py'
[49.894s] INFO:colcon.colcon_core.shell:Creating prefix chain script '/home/pi/documents/STA_github/ros2_ws/install/setup.sh'
[49.981s] INFO:colcon.colcon_core.shell:Creating prefix script '/home/pi/documents/STA_github/ros2_ws/install/local_setup.bash'
[49.984s] INFO:colcon.colcon_core.shell:Creating prefix chain script '/home/pi/documents/STA_github/ros2_ws/install/setup.bash'
[50.070s] INFO:colcon.colcon_core.shell:Creating prefix script '/home/pi/documents/STA_github/ros2_ws/install/local_setup.zsh'
[50.073s] INFO:colcon.colcon_core.shell:Creating prefix chain script '/home/pi/documents/STA_github/ros2_ws/install/setup.zsh'
