[5.558s] DEBUG:colcon:Command line arguments: ['/usr/bin/colcon', 'build']
[5.558s] DEBUG:colcon:Parsed command line arguments: Namespace(log_base=None, log_level=None, verb_name='build', build_base='build', install_base='install', merge_install=False, symlink_install=False, test_result_base=None, continue_on_error=False, executor='parallel', parallel_workers=4, event_handlers=None, ignore_user_meta=False, metas=['./colcon.meta'], base_paths=['.'], packages_ignore=None, packages_ignore_regex=None, paths=None, packages_up_to=None, packages_up_to_regex=None, packages_above=None, packages_above_and_dependencies=None, packages_above_depth=None, packages_select_by_dep=None, packages_skip_by_dep=None, packages_skip_up_to=None, packages_select_build_failed=False, packages_skip_build_finished=False, packages_select_test_failures=False, packages_skip_test_passed=False, packages_select=None, packages_skip=None, packages_select_regex=None, packages_skip_regex=None, packages_start=None, packages_end=None, allow_overriding=[], cmake_args=None, cmake_target=None, cmake_target_skip_unavailable=False, cmake_clean_cache=False, cmake_clean_first=False, cmake_force_configure=False, ament_cmake_args=None, catkin_cmake_args=None, catkin_skip_building_tests=False, verb_parser=<colcon_defaults.argument_parser.defaults.DefaultArgumentsDecorator object at 0xffff7ea224d0>, verb_extension=<colcon_core.verb.build.BuildVerb object at 0xffff7ea22380>, main=<bound method BuildVerb.main of <colcon_core.verb.build.BuildVerb object at 0xffff7ea22380>>)
[5.806s] Level 1:colcon.colcon_core.package_discovery:discover_packages(colcon_meta) check parameters
[5.806s] Level 1:colcon.colcon_core.package_discovery:discover_packages(recursive) check parameters
[5.807s] Level 1:colcon.colcon_core.package_discovery:discover_packages(ignore) check parameters
[5.807s] Level 1:colcon.colcon_core.package_discovery:discover_packages(path) check parameters
[5.807s] Level 1:colcon.colcon_core.package_discovery:discover_packages(colcon_meta) discover
[5.807s] Level 1:colcon.colcon_core.package_discovery:discover_packages(recursive) discover
[5.807s] INFO:colcon.colcon_core.package_discovery:Crawling recursively for packages in '/home/pi/documents/STA_github'
[5.808s] Level 1:colcon.colcon_core.package_identification:_identify(.) by extensions ['ignore', 'ignore_ament_install']
[5.809s] Level 1:colcon.colcon_core.package_identification:_identify(.) by extension 'ignore'
[5.809s] Level 1:colcon.colcon_core.package_identification:_identify(.) by extension 'ignore_ament_install'
[5.809s] Level 1:colcon.colcon_core.package_identification:_identify(.) by extensions ['colcon_pkg']
[5.809s] Level 1:colcon.colcon_core.package_identification:_identify(.) by extension 'colcon_pkg'
[5.810s] Level 1:colcon.colcon_core.package_identification:_identify(.) by extensions ['colcon_meta']
[5.810s] Level 1:colcon.colcon_core.package_identification:_identify(.) by extension 'colcon_meta'
[5.810s] Level 1:colcon.colcon_core.package_identification:_identify(.) by extensions ['ros']
[5.810s] Level 1:colcon.colcon_core.package_identification:_identify(.) by extension 'ros'
[5.860s] Level 1:colcon.colcon_core.package_identification:_identify(.) by extensions ['cmake', 'python']
[5.860s] Level 1:colcon.colcon_core.package_identification:_identify(.) by extension 'cmake'
[5.861s] Level 1:colcon.colcon_core.package_identification:_identify(.) by extension 'python'
[5.861s] Level 1:colcon.colcon_core.package_identification:_identify(.) by extensions ['python_setup_py']
[5.861s] Level 1:colcon.colcon_core.package_identification:_identify(.) by extension 'python_setup_py'
[5.862s] Level 1:colcon.colcon_core.package_identification:_identify(arduino) by extensions ['ignore', 'ignore_ament_install']
[5.862s] Level 1:colcon.colcon_core.package_identification:_identify(arduino) by extension 'ignore'
[5.862s] Level 1:colcon.colcon_core.package_identification:_identify(arduino) by extension 'ignore_ament_install'
[5.863s] Level 1:colcon.colcon_core.package_identification:_identify(arduino) by extensions ['colcon_pkg']
[5.863s] Level 1:colcon.colcon_core.package_identification:_identify(arduino) by extension 'colcon_pkg'
[5.863s] Level 1:colcon.colcon_core.package_identification:_identify(arduino) by extensions ['colcon_meta']
[5.863s] Level 1:colcon.colcon_core.package_identification:_identify(arduino) by extension 'colcon_meta'
[5.863s] Level 1:colcon.colcon_core.package_identification:_identify(arduino) by extensions ['ros']
[5.863s] Level 1:colcon.colcon_core.package_identification:_identify(arduino) by extension 'ros'
[5.864s] Level 1:colcon.colcon_core.package_identification:_identify(arduino) by extensions ['cmake', 'python']
[5.864s] Level 1:colcon.colcon_core.package_identification:_identify(arduino) by extension 'cmake'
[5.864s] Level 1:colcon.colcon_core.package_identification:_identify(arduino) by extension 'python'
[5.864s] Level 1:colcon.colcon_core.package_identification:_identify(arduino) by extensions ['python_setup_py']
[5.865s] Level 1:colcon.colcon_core.package_identification:_identify(arduino) by extension 'python_setup_py'
[5.865s] Level 1:colcon.colcon_core.package_identification:_identify(arduino/control) by extensions ['ignore', 'ignore_ament_install']
[5.865s] Level 1:colcon.colcon_core.package_identification:_identify(arduino/control) by extension 'ignore'
[5.866s] Level 1:colcon.colcon_core.package_identification:_identify(arduino/control) by extension 'ignore_ament_install'
[5.866s] Level 1:colcon.colcon_core.package_identification:_identify(arduino/control) by extensions ['colcon_pkg']
[5.866s] Level 1:colcon.colcon_core.package_identification:_identify(arduino/control) by extension 'colcon_pkg'
[5.866s] Level 1:colcon.colcon_core.package_identification:_identify(arduino/control) by extensions ['colcon_meta']
[5.866s] Level 1:colcon.colcon_core.package_identification:_identify(arduino/control) by extension 'colcon_meta'
[5.867s] Level 1:colcon.colcon_core.package_identification:_identify(arduino/control) by extensions ['ros']
[5.867s] Level 1:colcon.colcon_core.package_identification:_identify(arduino/control) by extension 'ros'
[5.867s] Level 1:colcon.colcon_core.package_identification:_identify(arduino/control) by extensions ['cmake', 'python']
[5.867s] Level 1:colcon.colcon_core.package_identification:_identify(arduino/control) by extension 'cmake'
[5.868s] Level 1:colcon.colcon_core.package_identification:_identify(arduino/control) by extension 'python'
[5.868s] Level 1:colcon.colcon_core.package_identification:_identify(arduino/control) by extensions ['python_setup_py']
[5.868s] Level 1:colcon.colcon_core.package_identification:_identify(arduino/control) by extension 'python_setup_py'
[5.868s] Level 1:colcon.colcon_core.package_identification:_identify(arduino/control/pos_PI) by extensions ['ignore', 'ignore_ament_install']
[5.869s] Level 1:colcon.colcon_core.package_identification:_identify(arduino/control/pos_PI) by extension 'ignore'
[5.869s] Level 1:colcon.colcon_core.package_identification:_identify(arduino/control/pos_PI) by extension 'ignore_ament_install'
[5.869s] Level 1:colcon.colcon_core.package_identification:_identify(arduino/control/pos_PI) by extensions ['colcon_pkg']
[5.869s] Level 1:colcon.colcon_core.package_identification:_identify(arduino/control/pos_PI) by extension 'colcon_pkg'
[5.870s] Level 1:colcon.colcon_core.package_identification:_identify(arduino/control/pos_PI) by extensions ['colcon_meta']
[5.870s] Level 1:colcon.colcon_core.package_identification:_identify(arduino/control/pos_PI) by extension 'colcon_meta'
[5.870s] Level 1:colcon.colcon_core.package_identification:_identify(arduino/control/pos_PI) by extensions ['ros']
[5.870s] Level 1:colcon.colcon_core.package_identification:_identify(arduino/control/pos_PI) by extension 'ros'
[5.871s] Level 1:colcon.colcon_core.package_identification:_identify(arduino/control/pos_PI) by extensions ['cmake', 'python']
[5.871s] Level 1:colcon.colcon_core.package_identification:_identify(arduino/control/pos_PI) by extension 'cmake'
[5.871s] Level 1:colcon.colcon_core.package_identification:_identify(arduino/control/pos_PI) by extension 'python'
[5.871s] Level 1:colcon.colcon_core.package_identification:_identify(arduino/control/pos_PI) by extensions ['python_setup_py']
[5.871s] Level 1:colcon.colcon_core.package_identification:_identify(arduino/control/pos_PI) by extension 'python_setup_py'
[5.872s] Level 1:colcon.colcon_core.package_identification:_identify(arduino/control/pos_speed_PI) by extensions ['ignore', 'ignore_ament_install']
[5.872s] Level 1:colcon.colcon_core.package_identification:_identify(arduino/control/pos_speed_PI) by extension 'ignore'
[5.872s] Level 1:colcon.colcon_core.package_identification:_identify(arduino/control/pos_speed_PI) by extension 'ignore_ament_install'
[5.873s] Level 1:colcon.colcon_core.package_identification:_identify(arduino/control/pos_speed_PI) by extensions ['colcon_pkg']
[5.873s] Level 1:colcon.colcon_core.package_identification:_identify(arduino/control/pos_speed_PI) by extension 'colcon_pkg'
[5.873s] Level 1:colcon.colcon_core.package_identification:_identify(arduino/control/pos_speed_PI) by extensions ['colcon_meta']
[5.873s] Level 1:colcon.colcon_core.package_identification:_identify(arduino/control/pos_speed_PI) by extension 'colcon_meta'
[5.874s] Level 1:colcon.colcon_core.package_identification:_identify(arduino/control/pos_speed_PI) by extensions ['ros']
[5.874s] Level 1:colcon.colcon_core.package_identification:_identify(arduino/control/pos_speed_PI) by extension 'ros'
[5.874s] Level 1:colcon.colcon_core.package_identification:_identify(arduino/control/pos_speed_PI) by extensions ['cmake', 'python']
[5.874s] Level 1:colcon.colcon_core.package_identification:_identify(arduino/control/pos_speed_PI) by extension 'cmake'
[5.874s] Level 1:colcon.colcon_core.package_identification:_identify(arduino/control/pos_speed_PI) by extension 'python'
[5.875s] Level 1:colcon.colcon_core.package_identification:_identify(arduino/control/pos_speed_PI) by extensions ['python_setup_py']
[5.875s] Level 1:colcon.colcon_core.package_identification:_identify(arduino/control/pos_speed_PI) by extension 'python_setup_py'
[5.875s] Level 1:colcon.colcon_core.package_identification:_identify(arduino/control/pos_speed_PI_serial) by extensions ['ignore', 'ignore_ament_install']
[5.876s] Level 1:colcon.colcon_core.package_identification:_identify(arduino/control/pos_speed_PI_serial) by extension 'ignore'
[5.876s] Level 1:colcon.colcon_core.package_identification:_identify(arduino/control/pos_speed_PI_serial) by extension 'ignore_ament_install'
[5.876s] Level 1:colcon.colcon_core.package_identification:_identify(arduino/control/pos_speed_PI_serial) by extensions ['colcon_pkg']
[5.876s] Level 1:colcon.colcon_core.package_identification:_identify(arduino/control/pos_speed_PI_serial) by extension 'colcon_pkg'
[5.877s] Level 1:colcon.colcon_core.package_identification:_identify(arduino/control/pos_speed_PI_serial) by extensions ['colcon_meta']
[5.877s] Level 1:colcon.colcon_core.package_identification:_identify(arduino/control/pos_speed_PI_serial) by extension 'colcon_meta'
[5.877s] Level 1:colcon.colcon_core.package_identification:_identify(arduino/control/pos_speed_PI_serial) by extensions ['ros']
[5.877s] Level 1:colcon.colcon_core.package_identification:_identify(arduino/control/pos_speed_PI_serial) by extension 'ros'
[5.878s] Level 1:colcon.colcon_core.package_identification:_identify(arduino/control/pos_speed_PI_serial) by extensions ['cmake', 'python']
[5.878s] Level 1:colcon.colcon_core.package_identification:_identify(arduino/control/pos_speed_PI_serial) by extension 'cmake'
[5.878s] Level 1:colcon.colcon_core.package_identification:_identify(arduino/control/pos_speed_PI_serial) by extension 'python'
[5.878s] Level 1:colcon.colcon_core.package_identification:_identify(arduino/control/pos_speed_PI_serial) by extensions ['python_setup_py']
[5.878s] Level 1:colcon.colcon_core.package_identification:_identify(arduino/control/pos_speed_PI_serial) by extension 'python_setup_py'
[5.879s] Level 1:colcon.colcon_core.package_identification:_identify(arduino/control/speed_PI) by extensions ['ignore', 'ignore_ament_install']
[5.879s] Level 1:colcon.colcon_core.package_identification:_identify(arduino/control/speed_PI) by extension 'ignore'
[5.879s] Level 1:colcon.colcon_core.package_identification:_identify(arduino/control/speed_PI) by extension 'ignore_ament_install'
[5.880s] Level 1:colcon.colcon_core.package_identification:_identify(arduino/control/speed_PI) by extensions ['colcon_pkg']
[5.880s] Level 1:colcon.colcon_core.package_identification:_identify(arduino/control/speed_PI) by extension 'colcon_pkg'
[5.880s] Level 1:colcon.colcon_core.package_identification:_identify(arduino/control/speed_PI) by extensions ['colcon_meta']
[5.880s] Level 1:colcon.colcon_core.package_identification:_identify(arduino/control/speed_PI) by extension 'colcon_meta'
[5.880s] Level 1:colcon.colcon_core.package_identification:_identify(arduino/control/speed_PI) by extensions ['ros']
[5.881s] Level 1:colcon.colcon_core.package_identification:_identify(arduino/control/speed_PI) by extension 'ros'
[5.881s] Level 1:colcon.colcon_core.package_identification:_identify(arduino/control/speed_PI) by extensions ['cmake', 'python']
[5.881s] Level 1:colcon.colcon_core.package_identification:_identify(arduino/control/speed_PI) by extension 'cmake'
[5.881s] Level 1:colcon.colcon_core.package_identification:_identify(arduino/control/speed_PI) by extension 'python'
[5.881s] Level 1:colcon.colcon_core.package_identification:_identify(arduino/control/speed_PI) by extensions ['python_setup_py']
[5.882s] Level 1:colcon.colcon_core.package_identification:_identify(arduino/control/speed_PI) by extension 'python_setup_py'
[5.882s] Level 1:colcon.colcon_core.package_identification:_identify(arduino/encoder_interrupt) by extensions ['ignore', 'ignore_ament_install']
[5.882s] Level 1:colcon.colcon_core.package_identification:_identify(arduino/encoder_interrupt) by extension 'ignore'
[5.883s] Level 1:colcon.colcon_core.package_identification:_identify(arduino/encoder_interrupt) by extension 'ignore_ament_install'
[5.883s] Level 1:colcon.colcon_core.package_identification:_identify(arduino/encoder_interrupt) by extensions ['colcon_pkg']
[5.883s] Level 1:colcon.colcon_core.package_identification:_identify(arduino/encoder_interrupt) by extension 'colcon_pkg'
[5.883s] Level 1:colcon.colcon_core.package_identification:_identify(arduino/encoder_interrupt) by extensions ['colcon_meta']
[5.883s] Level 1:colcon.colcon_core.package_identification:_identify(arduino/encoder_interrupt) by extension 'colcon_meta'
[5.884s] Level 1:colcon.colcon_core.package_identification:_identify(arduino/encoder_interrupt) by extensions ['ros']
[5.884s] Level 1:colcon.colcon_core.package_identification:_identify(arduino/encoder_interrupt) by extension 'ros'
[5.884s] Level 1:colcon.colcon_core.package_identification:_identify(arduino/encoder_interrupt) by extensions ['cmake', 'python']
[5.884s] Level 1:colcon.colcon_core.package_identification:_identify(arduino/encoder_interrupt) by extension 'cmake'
[5.884s] Level 1:colcon.colcon_core.package_identification:_identify(arduino/encoder_interrupt) by extension 'python'
[5.885s] Level 1:colcon.colcon_core.package_identification:_identify(arduino/encoder_interrupt) by extensions ['python_setup_py']
[5.885s] Level 1:colcon.colcon_core.package_identification:_identify(arduino/encoder_interrupt) by extension 'python_setup_py'
[5.885s] Level 1:colcon.colcon_core.package_identification:_identify(arduino/interrupt) by extensions ['ignore', 'ignore_ament_install']
[5.886s] Level 1:colcon.colcon_core.package_identification:_identify(arduino/interrupt) by extension 'ignore'
[5.886s] Level 1:colcon.colcon_core.package_identification:_identify(arduino/interrupt) by extension 'ignore_ament_install'
[5.886s] Level 1:colcon.colcon_core.package_identification:_identify(arduino/interrupt) by extensions ['colcon_pkg']
[5.886s] Level 1:colcon.colcon_core.package_identification:_identify(arduino/interrupt) by extension 'colcon_pkg'
[5.886s] Level 1:colcon.colcon_core.package_identification:_identify(arduino/interrupt) by extensions ['colcon_meta']
[5.887s] Level 1:colcon.colcon_core.package_identification:_identify(arduino/interrupt) by extension 'colcon_meta'
[5.887s] Level 1:colcon.colcon_core.package_identification:_identify(arduino/interrupt) by extensions ['ros']
[5.887s] Level 1:colcon.colcon_core.package_identification:_identify(arduino/interrupt) by extension 'ros'
[5.887s] Level 1:colcon.colcon_core.package_identification:_identify(arduino/interrupt) by extensions ['cmake', 'python']
[5.888s] Level 1:colcon.colcon_core.package_identification:_identify(arduino/interrupt) by extension 'cmake'
[5.888s] Level 1:colcon.colcon_core.package_identification:_identify(arduino/interrupt) by extension 'python'
[5.888s] Level 1:colcon.colcon_core.package_identification:_identify(arduino/interrupt) by extensions ['python_setup_py']
[5.888s] Level 1:colcon.colcon_core.package_identification:_identify(arduino/interrupt) by extension 'python_setup_py'
[5.889s] Level 1:colcon.colcon_core.package_identification:_identify(arduino/interrupt/timer_interrupt) by extensions ['ignore', 'ignore_ament_install']
[5.889s] Level 1:colcon.colcon_core.package_identification:_identify(arduino/interrupt/timer_interrupt) by extension 'ignore'
[5.889s] Level 1:colcon.colcon_core.package_identification:_identify(arduino/interrupt/timer_interrupt) by extension 'ignore_ament_install'
[5.889s] Level 1:colcon.colcon_core.package_identification:_identify(arduino/interrupt/timer_interrupt) by extensions ['colcon_pkg']
[5.889s] Level 1:colcon.colcon_core.package_identification:_identify(arduino/interrupt/timer_interrupt) by extension 'colcon_pkg'
[5.890s] Level 1:colcon.colcon_core.package_identification:_identify(arduino/interrupt/timer_interrupt) by extensions ['colcon_meta']
[5.890s] Level 1:colcon.colcon_core.package_identification:_identify(arduino/interrupt/timer_interrupt) by extension 'colcon_meta'
[5.890s] Level 1:colcon.colcon_core.package_identification:_identify(arduino/interrupt/timer_interrupt) by extensions ['ros']
[5.890s] Level 1:colcon.colcon_core.package_identification:_identify(arduino/interrupt/timer_interrupt) by extension 'ros'
[5.891s] Level 1:colcon.colcon_core.package_identification:_identify(arduino/interrupt/timer_interrupt) by extensions ['cmake', 'python']
[5.891s] Level 1:colcon.colcon_core.package_identification:_identify(arduino/interrupt/timer_interrupt) by extension 'cmake'
[5.891s] Level 1:colcon.colcon_core.package_identification:_identify(arduino/interrupt/timer_interrupt) by extension 'python'
[5.891s] Level 1:colcon.colcon_core.package_identification:_identify(arduino/interrupt/timer_interrupt) by extensions ['python_setup_py']
[5.891s] Level 1:colcon.colcon_core.package_identification:_identify(arduino/interrupt/timer_interrupt) by extension 'python_setup_py'
[5.892s] Level 1:colcon.colcon_core.package_identification:_identify(arduino/model_experiments) by extensions ['ignore', 'ignore_ament_install']
[5.892s] Level 1:colcon.colcon_core.package_identification:_identify(arduino/model_experiments) by extension 'ignore'
[5.892s] Level 1:colcon.colcon_core.package_identification:_identify(arduino/model_experiments) by extension 'ignore_ament_install'
[5.893s] Level 1:colcon.colcon_core.package_identification:_identify(arduino/model_experiments) by extensions ['colcon_pkg']
[5.893s] Level 1:colcon.colcon_core.package_identification:_identify(arduino/model_experiments) by extension 'colcon_pkg'
[5.893s] Level 1:colcon.colcon_core.package_identification:_identify(arduino/model_experiments) by extensions ['colcon_meta']
[5.893s] Level 1:colcon.colcon_core.package_identification:_identify(arduino/model_experiments) by extension 'colcon_meta'
[5.893s] Level 1:colcon.colcon_core.package_identification:_identify(arduino/model_experiments) by extensions ['ros']
[5.893s] Level 1:colcon.colcon_core.package_identification:_identify(arduino/model_experiments) by extension 'ros'
[5.894s] Level 1:colcon.colcon_core.package_identification:_identify(arduino/model_experiments) by extensions ['cmake', 'python']
[5.894s] Level 1:colcon.colcon_core.package_identification:_identify(arduino/model_experiments) by extension 'cmake'
[5.894s] Level 1:colcon.colcon_core.package_identification:_identify(arduino/model_experiments) by extension 'python'
[5.894s] Level 1:colcon.colcon_core.package_identification:_identify(arduino/model_experiments) by extensions ['python_setup_py']
[5.895s] Level 1:colcon.colcon_core.package_identification:_identify(arduino/model_experiments) by extension 'python_setup_py'
[5.895s] Level 1:colcon.colcon_core.package_identification:_identify(arduino/model_experiments/encoder_interrupt) by extensions ['ignore', 'ignore_ament_install']
[5.895s] Level 1:colcon.colcon_core.package_identification:_identify(arduino/model_experiments/encoder_interrupt) by extension 'ignore'
[5.896s] Level 1:colcon.colcon_core.package_identification:_identify(arduino/model_experiments/encoder_interrupt) by extension 'ignore_ament_install'
[5.896s] Level 1:colcon.colcon_core.package_identification:_identify(arduino/model_experiments/encoder_interrupt) by extensions ['colcon_pkg']
[5.896s] Level 1:colcon.colcon_core.package_identification:_identify(arduino/model_experiments/encoder_interrupt) by extension 'colcon_pkg'
[5.896s] Level 1:colcon.colcon_core.package_identification:_identify(arduino/model_experiments/encoder_interrupt) by extensions ['colcon_meta']
[5.896s] Level 1:colcon.colcon_core.package_identification:_identify(arduino/model_experiments/encoder_interrupt) by extension 'colcon_meta'
[5.897s] Level 1:colcon.colcon_core.package_identification:_identify(arduino/model_experiments/encoder_interrupt) by extensions ['ros']
[5.897s] Level 1:colcon.colcon_core.package_identification:_identify(arduino/model_experiments/encoder_interrupt) by extension 'ros'
[5.897s] Level 1:colcon.colcon_core.package_identification:_identify(arduino/model_experiments/encoder_interrupt) by extensions ['cmake', 'python']
[5.897s] Level 1:colcon.colcon_core.package_identification:_identify(arduino/model_experiments/encoder_interrupt) by extension 'cmake'
[5.897s] Level 1:colcon.colcon_core.package_identification:_identify(arduino/model_experiments/encoder_interrupt) by extension 'python'
[5.898s] Level 1:colcon.colcon_core.package_identification:_identify(arduino/model_experiments/encoder_interrupt) by extensions ['python_setup_py']
[5.898s] Level 1:colcon.colcon_core.package_identification:_identify(arduino/model_experiments/encoder_interrupt) by extension 'python_setup_py'
[5.898s] Level 1:colcon.colcon_core.package_identification:_identify(arduino/model_experiments/model_experiments) by extensions ['ignore', 'ignore_ament_install']
[5.899s] Level 1:colcon.colcon_core.package_identification:_identify(arduino/model_experiments/model_experiments) by extension 'ignore'
[5.899s] Level 1:colcon.colcon_core.package_identification:_identify(arduino/model_experiments/model_experiments) by extension 'ignore_ament_install'
[5.899s] Level 1:colcon.colcon_core.package_identification:_identify(arduino/model_experiments/model_experiments) by extensions ['colcon_pkg']
[5.899s] Level 1:colcon.colcon_core.package_identification:_identify(arduino/model_experiments/model_experiments) by extension 'colcon_pkg'
[5.900s] Level 1:colcon.colcon_core.package_identification:_identify(arduino/model_experiments/model_experiments) by extensions ['colcon_meta']
[5.900s] Level 1:colcon.colcon_core.package_identification:_identify(arduino/model_experiments/model_experiments) by extension 'colcon_meta'
[5.900s] Level 1:colcon.colcon_core.package_identification:_identify(arduino/model_experiments/model_experiments) by extensions ['ros']
[5.900s] Level 1:colcon.colcon_core.package_identification:_identify(arduino/model_experiments/model_experiments) by extension 'ros'
[5.900s] Level 1:colcon.colcon_core.package_identification:_identify(arduino/model_experiments/model_experiments) by extensions ['cmake', 'python']
[5.901s] Level 1:colcon.colcon_core.package_identification:_identify(arduino/model_experiments/model_experiments) by extension 'cmake'
[5.901s] Level 1:colcon.colcon_core.package_identification:_identify(arduino/model_experiments/model_experiments) by extension 'python'
[5.901s] Level 1:colcon.colcon_core.package_identification:_identify(arduino/model_experiments/model_experiments) by extensions ['python_setup_py']
[5.901s] Level 1:colcon.colcon_core.package_identification:_identify(arduino/model_experiments/model_experiments) by extension 'python_setup_py'
[5.902s] Level 1:colcon.colcon_core.package_identification:_identify(arduino/model_experiments/model_experiments_pos) by extensions ['ignore', 'ignore_ament_install']
[5.902s] Level 1:colcon.colcon_core.package_identification:_identify(arduino/model_experiments/model_experiments_pos) by extension 'ignore'
[5.902s] Level 1:colcon.colcon_core.package_identification:_identify(arduino/model_experiments/model_experiments_pos) by extension 'ignore_ament_install'
[5.903s] Level 1:colcon.colcon_core.package_identification:_identify(arduino/model_experiments/model_experiments_pos) by extensions ['colcon_pkg']
[5.903s] Level 1:colcon.colcon_core.package_identification:_identify(arduino/model_experiments/model_experiments_pos) by extension 'colcon_pkg'
[5.903s] Level 1:colcon.colcon_core.package_identification:_identify(arduino/model_experiments/model_experiments_pos) by extensions ['colcon_meta']
[5.903s] Level 1:colcon.colcon_core.package_identification:_identify(arduino/model_experiments/model_experiments_pos) by extension 'colcon_meta'
[5.903s] Level 1:colcon.colcon_core.package_identification:_identify(arduino/model_experiments/model_experiments_pos) by extensions ['ros']
[5.903s] Level 1:colcon.colcon_core.package_identification:_identify(arduino/model_experiments/model_experiments_pos) by extension 'ros'
[5.904s] Level 1:colcon.colcon_core.package_identification:_identify(arduino/model_experiments/model_experiments_pos) by extensions ['cmake', 'python']
[5.904s] Level 1:colcon.colcon_core.package_identification:_identify(arduino/model_experiments/model_experiments_pos) by extension 'cmake'
[5.904s] Level 1:colcon.colcon_core.package_identification:_identify(arduino/model_experiments/model_experiments_pos) by extension 'python'
[5.904s] Level 1:colcon.colcon_core.package_identification:_identify(arduino/model_experiments/model_experiments_pos) by extensions ['python_setup_py']
[5.904s] Level 1:colcon.colcon_core.package_identification:_identify(arduino/model_experiments/model_experiments_pos) by extension 'python_setup_py'
[5.905s] Level 1:colcon.colcon_core.package_identification:_identify(arduino/model_experiments/model_experiments_vel_pos) by extensions ['ignore', 'ignore_ament_install']
[5.905s] Level 1:colcon.colcon_core.package_identification:_identify(arduino/model_experiments/model_experiments_vel_pos) by extension 'ignore'
[5.906s] Level 1:colcon.colcon_core.package_identification:_identify(arduino/model_experiments/model_experiments_vel_pos) by extension 'ignore_ament_install'
[5.906s] Level 1:colcon.colcon_core.package_identification:_identify(arduino/model_experiments/model_experiments_vel_pos) by extensions ['colcon_pkg']
[5.906s] Level 1:colcon.colcon_core.package_identification:_identify(arduino/model_experiments/model_experiments_vel_pos) by extension 'colcon_pkg'
[5.906s] Level 1:colcon.colcon_core.package_identification:_identify(arduino/model_experiments/model_experiments_vel_pos) by extensions ['colcon_meta']
[5.906s] Level 1:colcon.colcon_core.package_identification:_identify(arduino/model_experiments/model_experiments_vel_pos) by extension 'colcon_meta'
[5.907s] Level 1:colcon.colcon_core.package_identification:_identify(arduino/model_experiments/model_experiments_vel_pos) by extensions ['ros']
[5.907s] Level 1:colcon.colcon_core.package_identification:_identify(arduino/model_experiments/model_experiments_vel_pos) by extension 'ros'
[5.907s] Level 1:colcon.colcon_core.package_identification:_identify(arduino/model_experiments/model_experiments_vel_pos) by extensions ['cmake', 'python']
[5.907s] Level 1:colcon.colcon_core.package_identification:_identify(arduino/model_experiments/model_experiments_vel_pos) by extension 'cmake'
[5.908s] Level 1:colcon.colcon_core.package_identification:_identify(arduino/model_experiments/model_experiments_vel_pos) by extension 'python'
[5.908s] Level 1:colcon.colcon_core.package_identification:_identify(arduino/model_experiments/model_experiments_vel_pos) by extensions ['python_setup_py']
[5.908s] Level 1:colcon.colcon_core.package_identification:_identify(arduino/model_experiments/model_experiments_vel_pos) by extension 'python_setup_py'
[5.909s] Level 1:colcon.colcon_core.package_identification:_identify(arduino/model_experiments/serial_motors) by extensions ['ignore', 'ignore_ament_install']
[5.909s] Level 1:colcon.colcon_core.package_identification:_identify(arduino/model_experiments/serial_motors) by extension 'ignore'
[5.909s] Level 1:colcon.colcon_core.package_identification:_identify(arduino/model_experiments/serial_motors) by extension 'ignore_ament_install'
[5.909s] Level 1:colcon.colcon_core.package_identification:_identify(arduino/model_experiments/serial_motors) by extensions ['colcon_pkg']
[5.910s] Level 1:colcon.colcon_core.package_identification:_identify(arduino/model_experiments/serial_motors) by extension 'colcon_pkg'
[5.910s] Level 1:colcon.colcon_core.package_identification:_identify(arduino/model_experiments/serial_motors) by extensions ['colcon_meta']
[5.910s] Level 1:colcon.colcon_core.package_identification:_identify(arduino/model_experiments/serial_motors) by extension 'colcon_meta'
[5.910s] Level 1:colcon.colcon_core.package_identification:_identify(arduino/model_experiments/serial_motors) by extensions ['ros']
[5.910s] Level 1:colcon.colcon_core.package_identification:_identify(arduino/model_experiments/serial_motors) by extension 'ros'
[5.911s] Level 1:colcon.colcon_core.package_identification:_identify(arduino/model_experiments/serial_motors) by extensions ['cmake', 'python']
[5.911s] Level 1:colcon.colcon_core.package_identification:_identify(arduino/model_experiments/serial_motors) by extension 'cmake'
[5.911s] Level 1:colcon.colcon_core.package_identification:_identify(arduino/model_experiments/serial_motors) by extension 'python'
[5.911s] Level 1:colcon.colcon_core.package_identification:_identify(arduino/model_experiments/serial_motors) by extensions ['python_setup_py']
[5.911s] Level 1:colcon.colcon_core.package_identification:_identify(arduino/model_experiments/serial_motors) by extension 'python_setup_py'
[5.912s] Level 1:colcon.colcon_core.package_identification:_identify(arduino/model_experiments/timer_interrupt) by extensions ['ignore', 'ignore_ament_install']
[5.912s] Level 1:colcon.colcon_core.package_identification:_identify(arduino/model_experiments/timer_interrupt) by extension 'ignore'
[5.912s] Level 1:colcon.colcon_core.package_identification:_identify(arduino/model_experiments/timer_interrupt) by extension 'ignore_ament_install'
[5.913s] Level 1:colcon.colcon_core.package_identification:_identify(arduino/model_experiments/timer_interrupt) by extensions ['colcon_pkg']
[5.913s] Level 1:colcon.colcon_core.package_identification:_identify(arduino/model_experiments/timer_interrupt) by extension 'colcon_pkg'
[5.913s] Level 1:colcon.colcon_core.package_identification:_identify(arduino/model_experiments/timer_interrupt) by extensions ['colcon_meta']
[5.913s] Level 1:colcon.colcon_core.package_identification:_identify(arduino/model_experiments/timer_interrupt) by extension 'colcon_meta'
[5.913s] Level 1:colcon.colcon_core.package_identification:_identify(arduino/model_experiments/timer_interrupt) by extensions ['ros']
[5.914s] Level 1:colcon.colcon_core.package_identification:_identify(arduino/model_experiments/timer_interrupt) by extension 'ros'
[5.914s] Level 1:colcon.colcon_core.package_identification:_identify(arduino/model_experiments/timer_interrupt) by extensions ['cmake', 'python']
[5.914s] Level 1:colcon.colcon_core.package_identification:_identify(arduino/model_experiments/timer_interrupt) by extension 'cmake'
[5.914s] Level 1:colcon.colcon_core.package_identification:_identify(arduino/model_experiments/timer_interrupt) by extension 'python'
[5.914s] Level 1:colcon.colcon_core.package_identification:_identify(arduino/model_experiments/timer_interrupt) by extensions ['python_setup_py']
[5.915s] Level 1:colcon.colcon_core.package_identification:_identify(arduino/model_experiments/timer_interrupt) by extension 'python_setup_py'
[5.915s] Level 1:colcon.colcon_core.package_identification:_identify(arduino/motors) by extensions ['ignore', 'ignore_ament_install']
[5.915s] Level 1:colcon.colcon_core.package_identification:_identify(arduino/motors) by extension 'ignore'
[5.916s] Level 1:colcon.colcon_core.package_identification:_identify(arduino/motors) by extension 'ignore_ament_install'
[5.916s] Level 1:colcon.colcon_core.package_identification:_identify(arduino/motors) by extensions ['colcon_pkg']
[5.916s] Level 1:colcon.colcon_core.package_identification:_identify(arduino/motors) by extension 'colcon_pkg'
[5.916s] Level 1:colcon.colcon_core.package_identification:_identify(arduino/motors) by extensions ['colcon_meta']
[5.916s] Level 1:colcon.colcon_core.package_identification:_identify(arduino/motors) by extension 'colcon_meta'
[5.917s] Level 1:colcon.colcon_core.package_identification:_identify(arduino/motors) by extensions ['ros']
[5.917s] Level 1:colcon.colcon_core.package_identification:_identify(arduino/motors) by extension 'ros'
[5.917s] Level 1:colcon.colcon_core.package_identification:_identify(arduino/motors) by extensions ['cmake', 'python']
[5.917s] Level 1:colcon.colcon_core.package_identification:_identify(arduino/motors) by extension 'cmake'
[5.917s] Level 1:colcon.colcon_core.package_identification:_identify(arduino/motors) by extension 'python'
[5.918s] Level 1:colcon.colcon_core.package_identification:_identify(arduino/motors) by extensions ['python_setup_py']
[5.918s] Level 1:colcon.colcon_core.package_identification:_identify(arduino/motors) by extension 'python_setup_py'
[5.918s] Level 1:colcon.colcon_core.package_identification:_identify(arduino/motors/test_motors) by extensions ['ignore', 'ignore_ament_install']
[5.919s] Level 1:colcon.colcon_core.package_identification:_identify(arduino/motors/test_motors) by extension 'ignore'
[5.919s] Level 1:colcon.colcon_core.package_identification:_identify(arduino/motors/test_motors) by extension 'ignore_ament_install'
[5.919s] Level 1:colcon.colcon_core.package_identification:_identify(arduino/motors/test_motors) by extensions ['colcon_pkg']
[5.919s] Level 1:colcon.colcon_core.package_identification:_identify(arduino/motors/test_motors) by extension 'colcon_pkg'
[5.919s] Level 1:colcon.colcon_core.package_identification:_identify(arduino/motors/test_motors) by extensions ['colcon_meta']
[5.920s] Level 1:colcon.colcon_core.package_identification:_identify(arduino/motors/test_motors) by extension 'colcon_meta'
[5.920s] Level 1:colcon.colcon_core.package_identification:_identify(arduino/motors/test_motors) by extensions ['ros']
[5.920s] Level 1:colcon.colcon_core.package_identification:_identify(arduino/motors/test_motors) by extension 'ros'
[5.920s] Level 1:colcon.colcon_core.package_identification:_identify(arduino/motors/test_motors) by extensions ['cmake', 'python']
[5.920s] Level 1:colcon.colcon_core.package_identification:_identify(arduino/motors/test_motors) by extension 'cmake'
[5.921s] Level 1:colcon.colcon_core.package_identification:_identify(arduino/motors/test_motors) by extension 'python'
[5.921s] Level 1:colcon.colcon_core.package_identification:_identify(arduino/motors/test_motors) by extensions ['python_setup_py']
[5.921s] Level 1:colcon.colcon_core.package_identification:_identify(arduino/motors/test_motors) by extension 'python_setup_py'
[5.921s] Level 1:colcon.colcon_core.package_identification:_identify(arduino/serial_motors) by extensions ['ignore', 'ignore_ament_install']
[5.922s] Level 1:colcon.colcon_core.package_identification:_identify(arduino/serial_motors) by extension 'ignore'
[5.922s] Level 1:colcon.colcon_core.package_identification:_identify(arduino/serial_motors) by extension 'ignore_ament_install'
[5.922s] Level 1:colcon.colcon_core.package_identification:_identify(arduino/serial_motors) by extensions ['colcon_pkg']
[5.922s] Level 1:colcon.colcon_core.package_identification:_identify(arduino/serial_motors) by extension 'colcon_pkg'
[5.923s] Level 1:colcon.colcon_core.package_identification:_identify(arduino/serial_motors) by extensions ['colcon_meta']
[5.923s] Level 1:colcon.colcon_core.package_identification:_identify(arduino/serial_motors) by extension 'colcon_meta'
[5.923s] Level 1:colcon.colcon_core.package_identification:_identify(arduino/serial_motors) by extensions ['ros']
[5.923s] Level 1:colcon.colcon_core.package_identification:_identify(arduino/serial_motors) by extension 'ros'
[5.924s] Level 1:colcon.colcon_core.package_identification:_identify(arduino/serial_motors) by extensions ['cmake', 'python']
[5.924s] Level 1:colcon.colcon_core.package_identification:_identify(arduino/serial_motors) by extension 'cmake'
[5.924s] Level 1:colcon.colcon_core.package_identification:_identify(arduino/serial_motors) by extension 'python'
[5.924s] Level 1:colcon.colcon_core.package_identification:_identify(arduino/serial_motors) by extensions ['python_setup_py']
[5.924s] Level 1:colcon.colcon_core.package_identification:_identify(arduino/serial_motors) by extension 'python_setup_py'
[5.925s] Level 1:colcon.colcon_core.package_identification:_identify(arduino/serial_test) by extensions ['ignore', 'ignore_ament_install']
[5.925s] Level 1:colcon.colcon_core.package_identification:_identify(arduino/serial_test) by extension 'ignore'
[5.925s] Level 1:colcon.colcon_core.package_identification:_identify(arduino/serial_test) by extension 'ignore_ament_install'
[5.925s] Level 1:colcon.colcon_core.package_identification:_identify(arduino/serial_test) by extensions ['colcon_pkg']
[5.926s] Level 1:colcon.colcon_core.package_identification:_identify(arduino/serial_test) by extension 'colcon_pkg'
[5.926s] Level 1:colcon.colcon_core.package_identification:_identify(arduino/serial_test) by extensions ['colcon_meta']
[5.926s] Level 1:colcon.colcon_core.package_identification:_identify(arduino/serial_test) by extension 'colcon_meta'
[5.926s] Level 1:colcon.colcon_core.package_identification:_identify(arduino/serial_test) by extensions ['ros']
[5.926s] Level 1:colcon.colcon_core.package_identification:_identify(arduino/serial_test) by extension 'ros'
[5.927s] Level 1:colcon.colcon_core.package_identification:_identify(arduino/serial_test) by extensions ['cmake', 'python']
[5.927s] Level 1:colcon.colcon_core.package_identification:_identify(arduino/serial_test) by extension 'cmake'
[5.927s] Level 1:colcon.colcon_core.package_identification:_identify(arduino/serial_test) by extension 'python'
[5.927s] Level 1:colcon.colcon_core.package_identification:_identify(arduino/serial_test) by extensions ['python_setup_py']
[5.927s] Level 1:colcon.colcon_core.package_identification:_identify(arduino/serial_test) by extension 'python_setup_py'
[5.928s] Level 1:colcon.colcon_core.package_identification:_identify(arduino/timer_interrupt) by extensions ['ignore', 'ignore_ament_install']
[5.928s] Level 1:colcon.colcon_core.package_identification:_identify(arduino/timer_interrupt) by extension 'ignore'
[5.928s] Level 1:colcon.colcon_core.package_identification:_identify(arduino/timer_interrupt) by extension 'ignore_ament_install'
[5.929s] Level 1:colcon.colcon_core.package_identification:_identify(arduino/timer_interrupt) by extensions ['colcon_pkg']
[5.929s] Level 1:colcon.colcon_core.package_identification:_identify(arduino/timer_interrupt) by extension 'colcon_pkg'
[5.929s] Level 1:colcon.colcon_core.package_identification:_identify(arduino/timer_interrupt) by extensions ['colcon_meta']
[5.929s] Level 1:colcon.colcon_core.package_identification:_identify(arduino/timer_interrupt) by extension 'colcon_meta'
[5.929s] Level 1:colcon.colcon_core.package_identification:_identify(arduino/timer_interrupt) by extensions ['ros']
[5.929s] Level 1:colcon.colcon_core.package_identification:_identify(arduino/timer_interrupt) by extension 'ros'
[5.930s] Level 1:colcon.colcon_core.package_identification:_identify(arduino/timer_interrupt) by extensions ['cmake', 'python']
[5.930s] Level 1:colcon.colcon_core.package_identification:_identify(arduino/timer_interrupt) by extension 'cmake'
[5.930s] Level 1:colcon.colcon_core.package_identification:_identify(arduino/timer_interrupt) by extension 'python'
[5.931s] Level 1:colcon.colcon_core.package_identification:_identify(arduino/timer_interrupt) by extensions ['python_setup_py']
[5.931s] Level 1:colcon.colcon_core.package_identification:_identify(arduino/timer_interrupt) by extension 'python_setup_py'
[5.931s] Level 1:colcon.colcon_core.package_identification:_identify(build) by extensions ['ignore', 'ignore_ament_install']
[5.932s] Level 1:colcon.colcon_core.package_identification:_identify(build) by extension 'ignore'
[5.932s] Level 1:colcon.colcon_core.package_identification:_identify(build) ignored
[5.932s] Level 1:colcon.colcon_core.package_identification:_identify(c_tests) by extensions ['ignore', 'ignore_ament_install']
[5.933s] Level 1:colcon.colcon_core.package_identification:_identify(c_tests) by extension 'ignore'
[5.933s] Level 1:colcon.colcon_core.package_identification:_identify(c_tests) by extension 'ignore_ament_install'
[5.933s] Level 1:colcon.colcon_core.package_identification:_identify(c_tests) by extensions ['colcon_pkg']
[5.933s] Level 1:colcon.colcon_core.package_identification:_identify(c_tests) by extension 'colcon_pkg'
[5.933s] Level 1:colcon.colcon_core.package_identification:_identify(c_tests) by extensions ['colcon_meta']
[5.934s] Level 1:colcon.colcon_core.package_identification:_identify(c_tests) by extension 'colcon_meta'
[5.934s] Level 1:colcon.colcon_core.package_identification:_identify(c_tests) by extensions ['ros']
[5.934s] Level 1:colcon.colcon_core.package_identification:_identify(c_tests) by extension 'ros'
[5.934s] Level 1:colcon.colcon_core.package_identification:_identify(c_tests) by extensions ['cmake', 'python']
[5.934s] Level 1:colcon.colcon_core.package_identification:_identify(c_tests) by extension 'cmake'
[5.935s] Level 1:colcon.colcon_core.package_identification:_identify(c_tests) by extension 'python'
[5.935s] Level 1:colcon.colcon_core.package_identification:_identify(c_tests) by extensions ['python_setup_py']
[5.935s] Level 1:colcon.colcon_core.package_identification:_identify(c_tests) by extension 'python_setup_py'
[5.936s] Level 1:colcon.colcon_core.package_identification:_identify(graphique) by extensions ['ignore', 'ignore_ament_install']
[5.936s] Level 1:colcon.colcon_core.package_identification:_identify(graphique) by extension 'ignore'
[5.936s] Level 1:colcon.colcon_core.package_identification:_identify(graphique) by extension 'ignore_ament_install'
[5.936s] Level 1:colcon.colcon_core.package_identification:_identify(graphique) by extensions ['colcon_pkg']
[5.936s] Level 1:colcon.colcon_core.package_identification:_identify(graphique) by extension 'colcon_pkg'
[5.937s] Level 1:colcon.colcon_core.package_identification:_identify(graphique) by extensions ['colcon_meta']
[5.937s] Level 1:colcon.colcon_core.package_identification:_identify(graphique) by extension 'colcon_meta'
[5.937s] Level 1:colcon.colcon_core.package_identification:_identify(graphique) by extensions ['ros']
[5.937s] Level 1:colcon.colcon_core.package_identification:_identify(graphique) by extension 'ros'
[5.937s] Level 1:colcon.colcon_core.package_identification:_identify(graphique) by extensions ['cmake', 'python']
[5.938s] Level 1:colcon.colcon_core.package_identification:_identify(graphique) by extension 'cmake'
[5.938s] Level 1:colcon.colcon_core.package_identification:_identify(graphique) by extension 'python'
[5.938s] Level 1:colcon.colcon_core.package_identification:_identify(graphique) by extensions ['python_setup_py']
[5.938s] Level 1:colcon.colcon_core.package_identification:_identify(graphique) by extension 'python_setup_py'
[5.939s] Level 1:colcon.colcon_core.package_identification:_identify(install) by extensions ['ignore', 'ignore_ament_install']
[5.939s] Level 1:colcon.colcon_core.package_identification:_identify(install) by extension 'ignore'
[5.939s] Level 1:colcon.colcon_core.package_identification:_identify(install) ignored
[5.940s] Level 1:colcon.colcon_core.package_identification:_identify(latex) by extensions ['ignore', 'ignore_ament_install']
[5.940s] Level 1:colcon.colcon_core.package_identification:_identify(latex) by extension 'ignore'
[5.941s] Level 1:colcon.colcon_core.package_identification:_identify(latex) by extension 'ignore_ament_install'
[5.941s] Level 1:colcon.colcon_core.package_identification:_identify(latex) by extensions ['colcon_pkg']
[5.941s] Level 1:colcon.colcon_core.package_identification:_identify(latex) by extension 'colcon_pkg'
[5.941s] Level 1:colcon.colcon_core.package_identification:_identify(latex) by extensions ['colcon_meta']
[5.941s] Level 1:colcon.colcon_core.package_identification:_identify(latex) by extension 'colcon_meta'
[5.941s] Level 1:colcon.colcon_core.package_identification:_identify(latex) by extensions ['ros']
[5.942s] Level 1:colcon.colcon_core.package_identification:_identify(latex) by extension 'ros'
[5.942s] Level 1:colcon.colcon_core.package_identification:_identify(latex) by extensions ['cmake', 'python']
[5.942s] Level 1:colcon.colcon_core.package_identification:_identify(latex) by extension 'cmake'
[5.942s] Level 1:colcon.colcon_core.package_identification:_identify(latex) by extension 'python'
[5.943s] Level 1:colcon.colcon_core.package_identification:_identify(latex) by extensions ['python_setup_py']
[5.943s] Level 1:colcon.colcon_core.package_identification:_identify(latex) by extension 'python_setup_py'
[5.943s] Level 1:colcon.colcon_core.package_identification:_identify(latex/cahier de charges) by extensions ['ignore', 'ignore_ament_install']
[5.944s] Level 1:colcon.colcon_core.package_identification:_identify(latex/cahier de charges) by extension 'ignore'
[5.944s] Level 1:colcon.colcon_core.package_identification:_identify(latex/cahier de charges) by extension 'ignore_ament_install'
[5.944s] Level 1:colcon.colcon_core.package_identification:_identify(latex/cahier de charges) by extensions ['colcon_pkg']
[5.944s] Level 1:colcon.colcon_core.package_identification:_identify(latex/cahier de charges) by extension 'colcon_pkg'
[5.944s] Level 1:colcon.colcon_core.package_identification:_identify(latex/cahier de charges) by extensions ['colcon_meta']
[5.945s] Level 1:colcon.colcon_core.package_identification:_identify(latex/cahier de charges) by extension 'colcon_meta'
[5.945s] Level 1:colcon.colcon_core.package_identification:_identify(latex/cahier de charges) by extensions ['ros']
[5.945s] Level 1:colcon.colcon_core.package_identification:_identify(latex/cahier de charges) by extension 'ros'
[5.945s] Level 1:colcon.colcon_core.package_identification:_identify(latex/cahier de charges) by extensions ['cmake', 'python']
[5.946s] Level 1:colcon.colcon_core.package_identification:_identify(latex/cahier de charges) by extension 'cmake'
[5.946s] Level 1:colcon.colcon_core.package_identification:_identify(latex/cahier de charges) by extension 'python'
[5.946s] Level 1:colcon.colcon_core.package_identification:_identify(latex/cahier de charges) by extensions ['python_setup_py']
[5.946s] Level 1:colcon.colcon_core.package_identification:_identify(latex/cahier de charges) by extension 'python_setup_py'
[5.947s] Level 1:colcon.colcon_core.package_identification:_identify(latex/cahier de charges/images) by extensions ['ignore', 'ignore_ament_install']
[5.947s] Level 1:colcon.colcon_core.package_identification:_identify(latex/cahier de charges/images) by extension 'ignore'
[5.947s] Level 1:colcon.colcon_core.package_identification:_identify(latex/cahier de charges/images) by extension 'ignore_ament_install'
[5.947s] Level 1:colcon.colcon_core.package_identification:_identify(latex/cahier de charges/images) by extensions ['colcon_pkg']
[5.948s] Level 1:colcon.colcon_core.package_identification:_identify(latex/cahier de charges/images) by extension 'colcon_pkg'
[5.948s] Level 1:colcon.colcon_core.package_identification:_identify(latex/cahier de charges/images) by extensions ['colcon_meta']
[5.948s] Level 1:colcon.colcon_core.package_identification:_identify(latex/cahier de charges/images) by extension 'colcon_meta'
[5.948s] Level 1:colcon.colcon_core.package_identification:_identify(latex/cahier de charges/images) by extensions ['ros']
[5.948s] Level 1:colcon.colcon_core.package_identification:_identify(latex/cahier de charges/images) by extension 'ros'
[5.949s] Level 1:colcon.colcon_core.package_identification:_identify(latex/cahier de charges/images) by extensions ['cmake', 'python']
[5.949s] Level 1:colcon.colcon_core.package_identification:_identify(latex/cahier de charges/images) by extension 'cmake'
[5.949s] Level 1:colcon.colcon_core.package_identification:_identify(latex/cahier de charges/images) by extension 'python'
[5.949s] Level 1:colcon.colcon_core.package_identification:_identify(latex/cahier de charges/images) by extensions ['python_setup_py']
[5.949s] Level 1:colcon.colcon_core.package_identification:_identify(latex/cahier de charges/images) by extension 'python_setup_py'
[5.950s] Level 1:colcon.colcon_core.package_identification:_identify(latex/cahier de charges/svg-inkscape) by extensions ['ignore', 'ignore_ament_install']
[5.950s] Level 1:colcon.colcon_core.package_identification:_identify(latex/cahier de charges/svg-inkscape) by extension 'ignore'
[5.951s] Level 1:colcon.colcon_core.package_identification:_identify(latex/cahier de charges/svg-inkscape) by extension 'ignore_ament_install'
[5.951s] Level 1:colcon.colcon_core.package_identification:_identify(latex/cahier de charges/svg-inkscape) by extensions ['colcon_pkg']
[5.951s] Level 1:colcon.colcon_core.package_identification:_identify(latex/cahier de charges/svg-inkscape) by extension 'colcon_pkg'
[5.951s] Level 1:colcon.colcon_core.package_identification:_identify(latex/cahier de charges/svg-inkscape) by extensions ['colcon_meta']
[5.951s] Level 1:colcon.colcon_core.package_identification:_identify(latex/cahier de charges/svg-inkscape) by extension 'colcon_meta'
[5.952s] Level 1:colcon.colcon_core.package_identification:_identify(latex/cahier de charges/svg-inkscape) by extensions ['ros']
[5.952s] Level 1:colcon.colcon_core.package_identification:_identify(latex/cahier de charges/svg-inkscape) by extension 'ros'
[5.952s] Level 1:colcon.colcon_core.package_identification:_identify(latex/cahier de charges/svg-inkscape) by extensions ['cmake', 'python']
[5.952s] Level 1:colcon.colcon_core.package_identification:_identify(latex/cahier de charges/svg-inkscape) by extension 'cmake'
[5.952s] Level 1:colcon.colcon_core.package_identification:_identify(latex/cahier de charges/svg-inkscape) by extension 'python'
[5.953s] Level 1:colcon.colcon_core.package_identification:_identify(latex/cahier de charges/svg-inkscape) by extensions ['python_setup_py']
[5.953s] Level 1:colcon.colcon_core.package_identification:_identify(latex/cahier de charges/svg-inkscape) by extension 'python_setup_py'
[5.953s] Level 1:colcon.colcon_core.package_identification:_identify(log) by extensions ['ignore', 'ignore_ament_install']
[5.954s] Level 1:colcon.colcon_core.package_identification:_identify(log) by extension 'ignore'
[5.954s] Level 1:colcon.colcon_core.package_identification:_identify(log) ignored
[5.955s] Level 1:colcon.colcon_core.package_identification:_identify(matlab) by extensions ['ignore', 'ignore_ament_install']
[5.955s] Level 1:colcon.colcon_core.package_identification:_identify(matlab) by extension 'ignore'
[5.956s] Level 1:colcon.colcon_core.package_identification:_identify(matlab) by extension 'ignore_ament_install'
[5.956s] Level 1:colcon.colcon_core.package_identification:_identify(matlab) by extensions ['colcon_pkg']
[5.956s] Level 1:colcon.colcon_core.package_identification:_identify(matlab) by extension 'colcon_pkg'
[5.956s] Level 1:colcon.colcon_core.package_identification:_identify(matlab) by extensions ['colcon_meta']
[5.956s] Level 1:colcon.colcon_core.package_identification:_identify(matlab) by extension 'colcon_meta'
[5.957s] Level 1:colcon.colcon_core.package_identification:_identify(matlab) by extensions ['ros']
[5.957s] Level 1:colcon.colcon_core.package_identification:_identify(matlab) by extension 'ros'
[5.957s] Level 1:colcon.colcon_core.package_identification:_identify(matlab) by extensions ['cmake', 'python']
[5.957s] Level 1:colcon.colcon_core.package_identification:_identify(matlab) by extension 'cmake'
[5.957s] Level 1:colcon.colcon_core.package_identification:_identify(matlab) by extension 'python'
[5.958s] Level 1:colcon.colcon_core.package_identification:_identify(matlab) by extensions ['python_setup_py']
[5.958s] Level 1:colcon.colcon_core.package_identification:_identify(matlab) by extension 'python_setup_py'
[5.959s] Level 1:colcon.colcon_core.package_identification:_identify(my_serial) by extensions ['ignore', 'ignore_ament_install']
[5.959s] Level 1:colcon.colcon_core.package_identification:_identify(my_serial) by extension 'ignore'
[5.959s] Level 1:colcon.colcon_core.package_identification:_identify(my_serial) by extension 'ignore_ament_install'
[5.959s] Level 1:colcon.colcon_core.package_identification:_identify(my_serial) by extensions ['colcon_pkg']
[5.960s] Level 1:colcon.colcon_core.package_identification:_identify(my_serial) by extension 'colcon_pkg'
[5.960s] Level 1:colcon.colcon_core.package_identification:_identify(my_serial) by extensions ['colcon_meta']
[5.960s] Level 1:colcon.colcon_core.package_identification:_identify(my_serial) by extension 'colcon_meta'
[5.960s] Level 1:colcon.colcon_core.package_identification:_identify(my_serial) by extensions ['ros']
[5.960s] Level 1:colcon.colcon_core.package_identification:_identify(my_serial) by extension 'ros'
[5.961s] Level 1:colcon.colcon_core.package_identification:_identify(my_serial) by extensions ['cmake', 'python']
[5.961s] Level 1:colcon.colcon_core.package_identification:_identify(my_serial) by extension 'cmake'
[5.961s] Level 1:colcon.colcon_core.package_identification:_identify(my_serial) by extension 'python'
[5.961s] Level 1:colcon.colcon_core.package_identification:_identify(my_serial) by extensions ['python_setup_py']
[5.961s] Level 1:colcon.colcon_core.package_identification:_identify(my_serial) by extension 'python_setup_py'
[5.962s] Level 1:colcon.colcon_core.package_identification:_identify(my_serial/serial_test) by extensions ['ignore', 'ignore_ament_install']
[5.962s] Level 1:colcon.colcon_core.package_identification:_identify(my_serial/serial_test) by extension 'ignore'
[5.963s] Level 1:colcon.colcon_core.package_identification:_identify(my_serial/serial_test) by extension 'ignore_ament_install'
[5.963s] Level 1:colcon.colcon_core.package_identification:_identify(my_serial/serial_test) by extensions ['colcon_pkg']
[5.963s] Level 1:colcon.colcon_core.package_identification:_identify(my_serial/serial_test) by extension 'colcon_pkg'
[5.963s] Level 1:colcon.colcon_core.package_identification:_identify(my_serial/serial_test) by extensions ['colcon_meta']
[5.964s] Level 1:colcon.colcon_core.package_identification:_identify(my_serial/serial_test) by extension 'colcon_meta'
[5.964s] Level 1:colcon.colcon_core.package_identification:_identify(my_serial/serial_test) by extensions ['ros']
[5.964s] Level 1:colcon.colcon_core.package_identification:_identify(my_serial/serial_test) by extension 'ros'
[5.964s] Level 1:colcon.colcon_core.package_identification:_identify(my_serial/serial_test) by extensions ['cmake', 'python']
[5.965s] Level 1:colcon.colcon_core.package_identification:_identify(my_serial/serial_test) by extension 'cmake'
[5.965s] Level 1:colcon.colcon_core.package_identification:_identify(my_serial/serial_test) by extension 'python'
[5.965s] Level 1:colcon.colcon_core.package_identification:_identify(my_serial/serial_test) by extensions ['python_setup_py']
[5.965s] Level 1:colcon.colcon_core.package_identification:_identify(my_serial/serial_test) by extension 'python_setup_py'
[5.966s] Level 1:colcon.colcon_core.package_identification:_identify(path) by extensions ['ignore', 'ignore_ament_install']
[5.966s] Level 1:colcon.colcon_core.package_identification:_identify(path) by extension 'ignore'
[5.966s] Level 1:colcon.colcon_core.package_identification:_identify(path) by extension 'ignore_ament_install'
[5.967s] Level 1:colcon.colcon_core.package_identification:_identify(path) by extensions ['colcon_pkg']
[5.967s] Level 1:colcon.colcon_core.package_identification:_identify(path) by extension 'colcon_pkg'
[5.967s] Level 1:colcon.colcon_core.package_identification:_identify(path) by extensions ['colcon_meta']
[5.967s] Level 1:colcon.colcon_core.package_identification:_identify(path) by extension 'colcon_meta'
[5.967s] Level 1:colcon.colcon_core.package_identification:_identify(path) by extensions ['ros']
[5.967s] Level 1:colcon.colcon_core.package_identification:_identify(path) by extension 'ros'
[5.968s] Level 1:colcon.colcon_core.package_identification:_identify(path) by extensions ['cmake', 'python']
[5.968s] Level 1:colcon.colcon_core.package_identification:_identify(path) by extension 'cmake'
[5.968s] Level 1:colcon.colcon_core.package_identification:_identify(path) by extension 'python'
[5.968s] Level 1:colcon.colcon_core.package_identification:_identify(path) by extensions ['python_setup_py']
[5.968s] Level 1:colcon.colcon_core.package_identification:_identify(path) by extension 'python_setup_py'
[5.969s] Level 1:colcon.colcon_core.package_identification:_identify(references) by extensions ['ignore', 'ignore_ament_install']
[5.969s] Level 1:colcon.colcon_core.package_identification:_identify(references) by extension 'ignore'
[5.970s] Level 1:colcon.colcon_core.package_identification:_identify(references) by extension 'ignore_ament_install'
[5.970s] Level 1:colcon.colcon_core.package_identification:_identify(references) by extensions ['colcon_pkg']
[5.970s] Level 1:colcon.colcon_core.package_identification:_identify(references) by extension 'colcon_pkg'
[5.970s] Level 1:colcon.colcon_core.package_identification:_identify(references) by extensions ['colcon_meta']
[5.970s] Level 1:colcon.colcon_core.package_identification:_identify(references) by extension 'colcon_meta'
[5.971s] Level 1:colcon.colcon_core.package_identification:_identify(references) by extensions ['ros']
[5.971s] Level 1:colcon.colcon_core.package_identification:_identify(references) by extension 'ros'
[5.971s] Level 1:colcon.colcon_core.package_identification:_identify(references) by extensions ['cmake', 'python']
[5.971s] Level 1:colcon.colcon_core.package_identification:_identify(references) by extension 'cmake'
[5.971s] Level 1:colcon.colcon_core.package_identification:_identify(references) by extension 'python'
[5.972s] Level 1:colcon.colcon_core.package_identification:_identify(references) by extensions ['python_setup_py']
[5.972s] Level 1:colcon.colcon_core.package_identification:_identify(references) by extension 'python_setup_py'
[5.972s] Level 1:colcon.colcon_core.package_identification:_identify(ros2_ws) by extensions ['ignore', 'ignore_ament_install']
[5.973s] Level 1:colcon.colcon_core.package_identification:_identify(ros2_ws) by extension 'ignore'
[5.973s] Level 1:colcon.colcon_core.package_identification:_identify(ros2_ws) by extension 'ignore_ament_install'
[5.973s] Level 1:colcon.colcon_core.package_identification:_identify(ros2_ws) by extensions ['colcon_pkg']
[5.973s] Level 1:colcon.colcon_core.package_identification:_identify(ros2_ws) by extension 'colcon_pkg'
[5.973s] Level 1:colcon.colcon_core.package_identification:_identify(ros2_ws) by extensions ['colcon_meta']
[5.974s] Level 1:colcon.colcon_core.package_identification:_identify(ros2_ws) by extension 'colcon_meta'
[5.974s] Level 1:colcon.colcon_core.package_identification:_identify(ros2_ws) by extensions ['ros']
[5.974s] Level 1:colcon.colcon_core.package_identification:_identify(ros2_ws) by extension 'ros'
[5.974s] Level 1:colcon.colcon_core.package_identification:_identify(ros2_ws) by extensions ['cmake', 'python']
[5.975s] Level 1:colcon.colcon_core.package_identification:_identify(ros2_ws) by extension 'cmake'
[5.975s] Level 1:colcon.colcon_core.package_identification:_identify(ros2_ws) by extension 'python'
[5.975s] Level 1:colcon.colcon_core.package_identification:_identify(ros2_ws) by extensions ['python_setup_py']
[5.975s] Level 1:colcon.colcon_core.package_identification:_identify(ros2_ws) by extension 'python_setup_py'
[5.976s] Level 1:colcon.colcon_core.package_identification:_identify(ros2_ws/build) by extensions ['ignore', 'ignore_ament_install']
[5.976s] Level 1:colcon.colcon_core.package_identification:_identify(ros2_ws/build) by extension 'ignore'
[5.976s] Level 1:colcon.colcon_core.package_identification:_identify(ros2_ws/build) ignored
[5.977s] Level 1:colcon.colcon_core.package_identification:_identify(ros2_ws/install) by extensions ['ignore', 'ignore_ament_install']
[5.977s] Level 1:colcon.colcon_core.package_identification:_identify(ros2_ws/install) by extension 'ignore'
[5.978s] Level 1:colcon.colcon_core.package_identification:_identify(ros2_ws/install) ignored
[5.979s] Level 1:colcon.colcon_core.package_identification:_identify(ros2_ws/log) by extensions ['ignore', 'ignore_ament_install']
[5.980s] Level 1:colcon.colcon_core.package_identification:_identify(ros2_ws/log) by extension 'ignore'
[5.980s] Level 1:colcon.colcon_core.package_identification:_identify(ros2_ws/log) ignored
[5.980s] Level 1:colcon.colcon_core.package_identification:_identify(ros2_ws/src) by extensions ['ignore', 'ignore_ament_install']
[5.981s] Level 1:colcon.colcon_core.package_identification:_identify(ros2_ws/src) by extension 'ignore'
[5.981s] Level 1:colcon.colcon_core.package_identification:_identify(ros2_ws/src) by extension 'ignore_ament_install'
[5.981s] Level 1:colcon.colcon_core.package_identification:_identify(ros2_ws/src) by extensions ['colcon_pkg']
[5.981s] Level 1:colcon.colcon_core.package_identification:_identify(ros2_ws/src) by extension 'colcon_pkg'
[5.981s] Level 1:colcon.colcon_core.package_identification:_identify(ros2_ws/src) by extensions ['colcon_meta']
[5.982s] Level 1:colcon.colcon_core.package_identification:_identify(ros2_ws/src) by extension 'colcon_meta'
[5.982s] Level 1:colcon.colcon_core.package_identification:_identify(ros2_ws/src) by extensions ['ros']
[5.982s] Level 1:colcon.colcon_core.package_identification:_identify(ros2_ws/src) by extension 'ros'
[5.982s] Level 1:colcon.colcon_core.package_identification:_identify(ros2_ws/src) by extensions ['cmake', 'python']
[5.983s] Level 1:colcon.colcon_core.package_identification:_identify(ros2_ws/src) by extension 'cmake'
[5.983s] Level 1:colcon.colcon_core.package_identification:_identify(ros2_ws/src) by extension 'python'
[5.983s] Level 1:colcon.colcon_core.package_identification:_identify(ros2_ws/src) by extensions ['python_setup_py']
[5.983s] Level 1:colcon.colcon_core.package_identification:_identify(ros2_ws/src) by extension 'python_setup_py'
[5.984s] Level 1:colcon.colcon_core.package_identification:_identify(ros2_ws/src/build) by extensions ['ignore', 'ignore_ament_install']
[5.984s] Level 1:colcon.colcon_core.package_identification:_identify(ros2_ws/src/build) by extension 'ignore'
[5.984s] Level 1:colcon.colcon_core.package_identification:_identify(ros2_ws/src/build) ignored
[5.985s] Level 1:colcon.colcon_core.package_identification:_identify(ros2_ws/src/install) by extensions ['ignore', 'ignore_ament_install']
[5.985s] Level 1:colcon.colcon_core.package_identification:_identify(ros2_ws/src/install) by extension 'ignore'
[5.985s] Level 1:colcon.colcon_core.package_identification:_identify(ros2_ws/src/install) ignored
[5.986s] Level 1:colcon.colcon_core.package_identification:_identify(ros2_ws/src/log) by extensions ['ignore', 'ignore_ament_install']
[5.986s] Level 1:colcon.colcon_core.package_identification:_identify(ros2_ws/src/log) by extension 'ignore'
[5.986s] Level 1:colcon.colcon_core.package_identification:_identify(ros2_ws/src/log) ignored
[5.987s] Level 1:colcon.colcon_core.package_identification:_identify(ros2_ws/src/mobile_robot) by extensions ['ignore', 'ignore_ament_install']
[5.987s] Level 1:colcon.colcon_core.package_identification:_identify(ros2_ws/src/mobile_robot) by extension 'ignore'
[5.987s] Level 1:colcon.colcon_core.package_identification:_identify(ros2_ws/src/mobile_robot) by extension 'ignore_ament_install'
[5.988s] Level 1:colcon.colcon_core.package_identification:_identify(ros2_ws/src/mobile_robot) by extensions ['colcon_pkg']
[5.988s] Level 1:colcon.colcon_core.package_identification:_identify(ros2_ws/src/mobile_robot) by extension 'colcon_pkg'
[5.988s] Level 1:colcon.colcon_core.package_identification:_identify(ros2_ws/src/mobile_robot) by extensions ['colcon_meta']
[5.988s] Level 1:colcon.colcon_core.package_identification:_identify(ros2_ws/src/mobile_robot) by extension 'colcon_meta'
[5.988s] Level 1:colcon.colcon_core.package_identification:_identify(ros2_ws/src/mobile_robot) by extensions ['ros']
[5.989s] Level 1:colcon.colcon_core.package_identification:_identify(ros2_ws/src/mobile_robot) by extension 'ros'
[6.000s] DEBUG:colcon.colcon_core.package_identification:Package 'ros2_ws/src/mobile_robot' with type 'ros.ament_cmake' and name 'mobile_robot'
[6.001s] Level 1:colcon.colcon_core.package_identification:_identify(ros2_ws/src/ydlidar_ros2_driver) by extensions ['ignore', 'ignore_ament_install']
[6.001s] Level 1:colcon.colcon_core.package_identification:_identify(ros2_ws/src/ydlidar_ros2_driver) by extension 'ignore'
[6.001s] Level 1:colcon.colcon_core.package_identification:_identify(ros2_ws/src/ydlidar_ros2_driver) by extension 'ignore_ament_install'
[6.002s] Level 1:colcon.colcon_core.package_identification:_identify(ros2_ws/src/ydlidar_ros2_driver) by extensions ['colcon_pkg']
[6.002s] Level 1:colcon.colcon_core.package_identification:_identify(ros2_ws/src/ydlidar_ros2_driver) by extension 'colcon_pkg'
[6.002s] Level 1:colcon.colcon_core.package_identification:_identify(ros2_ws/src/ydlidar_ros2_driver) by extensions ['colcon_meta']
[6.002s] Level 1:colcon.colcon_core.package_identification:_identify(ros2_ws/src/ydlidar_ros2_driver) by extension 'colcon_meta'
[6.002s] Level 1:colcon.colcon_core.package_identification:_identify(ros2_ws/src/ydlidar_ros2_driver) by extensions ['ros']
[6.003s] Level 1:colcon.colcon_core.package_identification:_identify(ros2_ws/src/ydlidar_ros2_driver) by extension 'ros'
[6.005s] DEBUG:colcon.colcon_core.package_identification:Package 'ros2_ws/src/ydlidar_ros2_driver' with type 'ros.ament_cmake' and name 'ydlidar_ros2_driver'
[6.006s] Level 1:colcon.colcon_core.package_identification:_identify(sdl_serial) by extensions ['ignore', 'ignore_ament_install']
[6.006s] Level 1:colcon.colcon_core.package_identification:_identify(sdl_serial) by extension 'ignore'
[6.007s] Level 1:colcon.colcon_core.package_identification:_identify(sdl_serial) by extension 'ignore_ament_install'
[6.007s] Level 1:colcon.colcon_core.package_identification:_identify(sdl_serial) by extensions ['colcon_pkg']
[6.007s] Level 1:colcon.colcon_core.package_identification:_identify(sdl_serial) by extension 'colcon_pkg'
[6.007s] Level 1:colcon.colcon_core.package_identification:_identify(sdl_serial) by extensions ['colcon_meta']
[6.007s] Level 1:colcon.colcon_core.package_identification:_identify(sdl_serial) by extension 'colcon_meta'
[6.008s] Level 1:colcon.colcon_core.package_identification:_identify(sdl_serial) by extensions ['ros']
[6.008s] Level 1:colcon.colcon_core.package_identification:_identify(sdl_serial) by extension 'ros'
[6.008s] Level 1:colcon.colcon_core.package_identification:_identify(sdl_serial) by extensions ['cmake', 'python']
[6.008s] Level 1:colcon.colcon_core.package_identification:_identify(sdl_serial) by extension 'cmake'
[6.008s] Level 1:colcon.colcon_core.package_identification:_identify(sdl_serial) by extension 'python'
[6.009s] Level 1:colcon.colcon_core.package_identification:_identify(sdl_serial) by extensions ['python_setup_py']
[6.009s] Level 1:colcon.colcon_core.package_identification:_identify(sdl_serial) by extension 'python_setup_py'
[6.009s] Level 1:colcon.colcon_core.package_identification:_identify(sdl_serial/serial_test) by extensions ['ignore', 'ignore_ament_install']
[6.010s] Level 1:colcon.colcon_core.package_identification:_identify(sdl_serial/serial_test) by extension 'ignore'
[6.010s] Level 1:colcon.colcon_core.package_identification:_identify(sdl_serial/serial_test) by extension 'ignore_ament_install'
[6.010s] Level 1:colcon.colcon_core.package_identification:_identify(sdl_serial/serial_test) by extensions ['colcon_pkg']
[6.010s] Level 1:colcon.colcon_core.package_identification:_identify(sdl_serial/serial_test) by extension 'colcon_pkg'
[6.011s] Level 1:colcon.colcon_core.package_identification:_identify(sdl_serial/serial_test) by extensions ['colcon_meta']
[6.011s] Level 1:colcon.colcon_core.package_identification:_identify(sdl_serial/serial_test) by extension 'colcon_meta'
[6.011s] Level 1:colcon.colcon_core.package_identification:_identify(sdl_serial/serial_test) by extensions ['ros']
[6.011s] Level 1:colcon.colcon_core.package_identification:_identify(sdl_serial/serial_test) by extension 'ros'
[6.011s] Level 1:colcon.colcon_core.package_identification:_identify(sdl_serial/serial_test) by extensions ['cmake', 'python']
[6.012s] Level 1:colcon.colcon_core.package_identification:_identify(sdl_serial/serial_test) by extension 'cmake'
[6.012s] Level 1:colcon.colcon_core.package_identification:_identify(sdl_serial/serial_test) by extension 'python'
[6.012s] Level 1:colcon.colcon_core.package_identification:_identify(sdl_serial/serial_test) by extensions ['python_setup_py']
[6.012s] Level 1:colcon.colcon_core.package_identification:_identify(sdl_serial/serial_test) by extension 'python_setup_py'
[6.012s] Level 1:colcon.colcon_core.package_discovery:discover_packages(recursive) using defaults
[6.013s] Level 1:colcon.colcon_core.package_discovery:discover_packages(ignore) discover
[6.013s] Level 1:colcon.colcon_core.package_discovery:discover_packages(ignore) using defaults
[6.013s] Level 1:colcon.colcon_core.package_discovery:discover_packages(path) discover
[6.013s] Level 1:colcon.colcon_core.package_discovery:discover_packages(path) using defaults
[6.501s] Level 1:colcon.colcon_core.package_discovery:discover_packages(prefix_path) check parameters
[6.501s] Level 1:colcon.colcon_core.package_discovery:discover_packages(prefix_path) discover
[6.669s] DEBUG:colcon.colcon_installed_package_information.package_discovery:Found 2 installed packages in /home/pi/documents/STA_github/install
[6.751s] DEBUG:colcon.colcon_installed_package_information.package_discovery:Found 2 installed packages in /home/pi/documents/STA_github/ros2_ws/install
[6.833s] DEBUG:colcon.colcon_installed_package_information.package_discovery:Found 1 installed packages in /home/pi/ros2_ws/install
[6.958s] DEBUG:colcon.colcon_installed_package_information.package_discovery:Found 290 installed packages in /opt/ros/iron
[6.966s] Level 1:colcon.colcon_core.package_discovery:discover_packages(prefix_path) using defaults
[7.396s] Level 5:colcon.colcon_core.verb:set package 'mobile_robot' build argument 'cmake_args' from command line to 'None'
[7.396s] Level 5:colcon.colcon_core.verb:set package 'mobile_robot' build argument 'cmake_target' from command line to 'None'
[7.396s] Level 5:colcon.colcon_core.verb:set package 'mobile_robot' build argument 'cmake_target_skip_unavailable' from command line to 'False'
[7.397s] Level 5:colcon.colcon_core.verb:set package 'mobile_robot' build argument 'cmake_clean_cache' from command line to 'False'
[7.397s] Level 5:colcon.colcon_core.verb:set package 'mobile_robot' build argument 'cmake_clean_first' from command line to 'False'
[7.397s] Level 5:colcon.colcon_core.verb:set package 'mobile_robot' build argument 'cmake_force_configure' from command line to 'False'
[7.397s] Level 5:colcon.colcon_core.verb:set package 'mobile_robot' build argument 'ament_cmake_args' from command line to 'None'
[7.397s] Level 5:colcon.colcon_core.verb:set package 'mobile_robot' build argument 'catkin_cmake_args' from command line to 'None'
[7.397s] Level 5:colcon.colcon_core.verb:set package 'mobile_robot' build argument 'catkin_skip_building_tests' from command line to 'False'
[7.397s] DEBUG:colcon.colcon_core.verb:Building package 'mobile_robot' with the following arguments: {'ament_cmake_args': None, 'build_base': '/home/pi/documents/STA_github/build/mobile_robot', 'catkin_cmake_args': None, 'catkin_skip_building_tests': False, 'cmake_args': None, 'cmake_clean_cache': False, 'cmake_clean_first': False, 'cmake_force_configure': False, 'cmake_target': None, 'cmake_target_skip_unavailable': False, 'install_base': '/home/pi/documents/STA_github/install/mobile_robot', 'merge_install': False, 'path': '/home/pi/documents/STA_github/ros2_ws/src/mobile_robot', 'symlink_install': False, 'test_result_base': None}
[7.479s] Level 5:colcon.colcon_core.verb:set package 'ydlidar_ros2_driver' build argument 'cmake_args' from command line to 'None'
[7.479s] Level 5:colcon.colcon_core.verb:set package 'ydlidar_ros2_driver' build argument 'cmake_target' from command line to 'None'
[7.479s] Level 5:colcon.colcon_core.verb:set package 'ydlidar_ros2_driver' build argument 'cmake_target_skip_unavailable' from command line to 'False'
[7.479s] Level 5:colcon.colcon_core.verb:set package 'ydlidar_ros2_driver' build argument 'cmake_clean_cache' from command line to 'False'
[7.479s] Level 5:colcon.colcon_core.verb:set package 'ydlidar_ros2_driver' build argument 'cmake_clean_first' from command line to 'False'
[7.480s] Level 5:colcon.colcon_core.verb:set package 'ydlidar_ros2_driver' build argument 'cmake_force_configure' from command line to 'False'
[7.480s] Level 5:colcon.colcon_core.verb:set package 'ydlidar_ros2_driver' build argument 'ament_cmake_args' from command line to 'None'
[7.480s] Level 5:colcon.colcon_core.verb:set package 'ydlidar_ros2_driver' build argument 'catkin_cmake_args' from command line to 'None'
[7.480s] Level 5:colcon.colcon_core.verb:set package 'ydlidar_ros2_driver' build argument 'catkin_skip_building_tests' from command line to 'False'
[7.480s] DEBUG:colcon.colcon_core.verb:Building package 'ydlidar_ros2_driver' with the following arguments: {'ament_cmake_args': None, 'build_base': '/home/pi/documents/STA_github/build/ydlidar_ros2_driver', 'catkin_cmake_args': None, 'catkin_skip_building_tests': False, 'cmake_args': None, 'cmake_clean_cache': False, 'cmake_clean_first': False, 'cmake_force_configure': False, 'cmake_target': None, 'cmake_target_skip_unavailable': False, 'install_base': '/home/pi/documents/STA_github/install/ydlidar_ros2_driver', 'merge_install': False, 'path': '/home/pi/documents/STA_github/ros2_ws/src/ydlidar_ros2_driver', 'symlink_install': False, 'test_result_base': None}
[7.560s] INFO:colcon.colcon_core.executor:Executing jobs using 'parallel' executor
[7.642s] DEBUG:colcon.colcon_parallel_executor.executor.parallel:run_until_complete
[7.643s] INFO:colcon.colcon_ros.task.ament_cmake.build:Building ROS package in '/home/pi/documents/STA_github/ros2_ws/src/mobile_robot' with build type 'ament_cmake'
[7.644s] INFO:colcon.colcon_cmake.task.cmake.build:Building CMake package in '/home/pi/documents/STA_github/ros2_ws/src/mobile_robot'
[7.734s] INFO:colcon.colcon_core.plugin_system:Skipping extension 'colcon_core.shell.bat': Not used on non-Windows systems
[7.735s] INFO:colcon.colcon_core.shell:Skip shell extension 'powershell' for command environment: Not usable outside of PowerShell
[7.735s] DEBUG:colcon.colcon_core.shell:Skip shell extension 'dsv' for command environment
[8.163s] INFO:colcon.colcon_ros.task.ament_cmake.build:Building ROS package in '/home/pi/documents/STA_github/ros2_ws/src/ydlidar_ros2_driver' with build type 'ament_cmake'
[8.164s] INFO:colcon.colcon_cmake.task.cmake.build:Building CMake package in '/home/pi/documents/STA_github/ros2_ws/src/ydlidar_ros2_driver'
[8.247s] INFO:colcon.colcon_core.shell:Skip shell extension 'powershell' for command environment: Not usable outside of PowerShell
[8.247s] DEBUG:colcon.colcon_core.shell:Skip shell extension 'dsv' for command environment
[8.697s] DEBUG:colcon.colcon_core.event_handler.log_command:Invoking command in '/home/pi/documents/STA_github/build/mobile_robot': CMAKE_PREFIX_PATH=${CMAKE_PREFIX_PATH}:/home/pi/ros2_ws/install/ydlidar_ros2_driver:/opt/ros/iron /usr/bin/cmake --build /home/pi/documents/STA_github/build/mobile_robot -- -j4 -l4
[8.733s] DEBUG:colcon.colcon_core.event_handler.log_command:Invoking command in '/home/pi/documents/STA_github/build/ydlidar_ros2_driver': CMAKE_PREFIX_PATH=${CMAKE_PREFIX_PATH}:/home/pi/ros2_ws/install/ydlidar_ros2_driver:/opt/ros/iron /usr/bin/cmake --build /home/pi/documents/STA_github/build/ydlidar_ros2_driver -- -j4 -l4
[9.123s] DEBUG:colcon.colcon_core.event_handler.log_command:Invoked command in '/home/pi/documents/STA_github/build/ydlidar_ros2_driver' returned '0': CMAKE_PREFIX_PATH=${CMAKE_PREFIX_PATH}:/home/pi/ros2_ws/install/ydlidar_ros2_driver:/opt/ros/iron /usr/bin/cmake --build /home/pi/documents/STA_github/build/ydlidar_ros2_driver -- -j4 -l4
[9.349s] DEBUG:colcon.colcon_core.event_handler.log_command:Invoking command in '/home/pi/documents/STA_github/build/ydlidar_ros2_driver': CMAKE_PREFIX_PATH=${CMAKE_PREFIX_PATH}:/home/pi/ros2_ws/install/ydlidar_ros2_driver:/opt/ros/iron /usr/bin/cmake --install /home/pi/documents/STA_github/build/ydlidar_ros2_driver
[9.412s] Level 1:colcon.colcon_core.environment:create_environment_scripts_only(ydlidar_ros2_driver)
[9.460s] DEBUG:colcon.colcon_core.event_handler.log_command:Invoked command in '/home/pi/documents/STA_github/build/ydlidar_ros2_driver' returned '0': CMAKE_PREFIX_PATH=${CMAKE_PREFIX_PATH}:/home/pi/ros2_ws/install/ydlidar_ros2_driver:/opt/ros/iron /usr/bin/cmake --install /home/pi/documents/STA_github/build/ydlidar_ros2_driver
[9.543s] Level 1:colcon.colcon_core.environment:checking '/home/pi/documents/STA_github/install/ydlidar_ros2_driver' for CMake module files
[9.546s] Level 1:colcon.colcon_core.environment:checking '/home/pi/documents/STA_github/install/ydlidar_ros2_driver' for CMake config files
[9.549s] Level 1:colcon.colcon_core.shell:create_environment_hook('ydlidar_ros2_driver', 'cmake_prefix_path')
[9.635s] INFO:colcon.colcon_core.shell:Creating environment hook '/home/pi/documents/STA_github/install/ydlidar_ros2_driver/share/ydlidar_ros2_driver/hook/cmake_prefix_path.ps1'
[9.638s] INFO:colcon.colcon_core.shell:Creating environment descriptor '/home/pi/documents/STA_github/install/ydlidar_ros2_driver/share/ydlidar_ros2_driver/hook/cmake_prefix_path.dsv'
[9.640s] INFO:colcon.colcon_core.shell:Creating environment hook '/home/pi/documents/STA_github/install/ydlidar_ros2_driver/share/ydlidar_ros2_driver/hook/cmake_prefix_path.sh'
[9.645s] Level 1:colcon.colcon_core.environment:checking '/home/pi/documents/STA_github/install/ydlidar_ros2_driver/lib'
[9.646s] Level 1:colcon.colcon_core.environment:checking '/home/pi/documents/STA_github/install/ydlidar_ros2_driver/bin'
[9.646s] Level 1:colcon.colcon_core.environment:checking '/home/pi/documents/STA_github/install/ydlidar_ros2_driver/lib/pkgconfig/ydlidar_ros2_driver.pc'
[9.647s] Level 1:colcon.colcon_core.environment:checking '/home/pi/documents/STA_github/install/ydlidar_ros2_driver/lib/python3.10/site-packages'
[9.648s] Level 1:colcon.colcon_core.environment:checking '/home/pi/documents/STA_github/install/ydlidar_ros2_driver/bin'
[9.734s] INFO:colcon.colcon_core.shell:Creating package script '/home/pi/documents/STA_github/install/ydlidar_ros2_driver/share/ydlidar_ros2_driver/package.ps1'
[9.738s] INFO:colcon.colcon_core.shell:Creating package descriptor '/home/pi/documents/STA_github/install/ydlidar_ros2_driver/share/ydlidar_ros2_driver/package.dsv'
[9.741s] INFO:colcon.colcon_core.shell:Creating package script '/home/pi/documents/STA_github/install/ydlidar_ros2_driver/share/ydlidar_ros2_driver/package.sh'
[9.745s] INFO:colcon.colcon_core.shell:Creating package script '/home/pi/documents/STA_github/install/ydlidar_ros2_driver/share/ydlidar_ros2_driver/package.bash'
[9.749s] INFO:colcon.colcon_core.shell:Creating package script '/home/pi/documents/STA_github/install/ydlidar_ros2_driver/share/ydlidar_ros2_driver/package.zsh'
[9.752s] Level 1:colcon.colcon_core.environment:create_file_with_runtime_dependencies(/home/pi/documents/STA_github/install/ydlidar_ros2_driver/share/colcon-core/packages/ydlidar_ros2_driver)
[9.994s] Level 1:colcon.colcon_core.environment:create_environment_scripts_only(ydlidar_ros2_driver)
[10.087s] Level 1:colcon.colcon_core.environment:checking '/home/pi/documents/STA_github/install/ydlidar_ros2_driver' for CMake module files
[10.090s] Level 1:colcon.colcon_core.environment:checking '/home/pi/documents/STA_github/install/ydlidar_ros2_driver' for CMake config files
[10.093s] Level 1:colcon.colcon_core.shell:create_environment_hook('ydlidar_ros2_driver', 'cmake_prefix_path')
[10.182s] INFO:colcon.colcon_core.shell:Creating environment hook '/home/pi/documents/STA_github/install/ydlidar_ros2_driver/share/ydlidar_ros2_driver/hook/cmake_prefix_path.ps1'
[10.185s] INFO:colcon.colcon_core.shell:Creating environment descriptor '/home/pi/documents/STA_github/install/ydlidar_ros2_driver/share/ydlidar_ros2_driver/hook/cmake_prefix_path.dsv'
[10.187s] INFO:colcon.colcon_core.shell:Creating environment hook '/home/pi/documents/STA_github/install/ydlidar_ros2_driver/share/ydlidar_ros2_driver/hook/cmake_prefix_path.sh'
[10.190s] Level 1:colcon.colcon_core.environment:checking '/home/pi/documents/STA_github/install/ydlidar_ros2_driver/lib'
[10.191s] Level 1:colcon.colcon_core.environment:checking '/home/pi/documents/STA_github/install/ydlidar_ros2_driver/bin'
[10.191s] Level 1:colcon.colcon_core.environment:checking '/home/pi/documents/STA_github/install/ydlidar_ros2_driver/lib/pkgconfig/ydlidar_ros2_driver.pc'
[10.192s] Level 1:colcon.colcon_core.environment:checking '/home/pi/documents/STA_github/install/ydlidar_ros2_driver/lib/python3.10/site-packages'
[10.193s] Level 1:colcon.colcon_core.environment:checking '/home/pi/documents/STA_github/install/ydlidar_ros2_driver/bin'
[10.276s] INFO:colcon.colcon_core.shell:Creating package script '/home/pi/documents/STA_github/install/ydlidar_ros2_driver/share/ydlidar_ros2_driver/package.ps1'
[10.279s] INFO:colcon.colcon_core.shell:Creating package descriptor '/home/pi/documents/STA_github/install/ydlidar_ros2_driver/share/ydlidar_ros2_driver/package.dsv'
[10.281s] INFO:colcon.colcon_core.shell:Creating package script '/home/pi/documents/STA_github/install/ydlidar_ros2_driver/share/ydlidar_ros2_driver/package.sh'
[10.284s] INFO:colcon.colcon_core.shell:Creating package script '/home/pi/documents/STA_github/install/ydlidar_ros2_driver/share/ydlidar_ros2_driver/package.bash'
[10.287s] INFO:colcon.colcon_core.shell:Creating package script '/home/pi/documents/STA_github/install/ydlidar_ros2_driver/share/ydlidar_ros2_driver/package.zsh'
[10.289s] Level 1:colcon.colcon_core.environment:create_file_with_runtime_dependencies(/home/pi/documents/STA_github/install/ydlidar_ros2_driver/share/colcon-core/packages/ydlidar_ros2_driver)
[47.723s] DEBUG:colcon.colcon_core.event_handler.log_command:Invoked command in '/home/pi/documents/STA_github/build/mobile_robot' returned '0': CMAKE_PREFIX_PATH=${CMAKE_PREFIX_PATH}:/home/pi/ros2_ws/install/ydlidar_ros2_driver:/opt/ros/iron /usr/bin/cmake --build /home/pi/documents/STA_github/build/mobile_robot -- -j4 -l4
[47.909s] DEBUG:colcon.colcon_core.event_handler.log_command:Invoking command in '/home/pi/documents/STA_github/build/mobile_robot': CMAKE_PREFIX_PATH=${CMAKE_PREFIX_PATH}:/home/pi/ros2_ws/install/ydlidar_ros2_driver:/opt/ros/iron /usr/bin/cmake --install /home/pi/documents/STA_github/build/mobile_robot
[48.046s] Level 1:colcon.colcon_core.environment:create_environment_scripts_only(mobile_robot)
[48.048s] DEBUG:colcon.colcon_core.event_handler.log_command:Invoked command in '/home/pi/documents/STA_github/build/mobile_robot' returned '0': CMAKE_PREFIX_PATH=${CMAKE_PREFIX_PATH}:/home/pi/ros2_ws/install/ydlidar_ros2_driver:/opt/ros/iron /usr/bin/cmake --install /home/pi/documents/STA_github/build/mobile_robot
[48.133s] Level 1:colcon.colcon_core.environment:checking '/home/pi/documents/STA_github/install/mobile_robot' for CMake module files
[48.136s] Level 1:colcon.colcon_core.environment:checking '/home/pi/documents/STA_github/install/mobile_robot' for CMake config files
[48.138s] Level 1:colcon.colcon_core.shell:create_environment_hook('mobile_robot', 'cmake_prefix_path')
[48.219s] INFO:colcon.colcon_core.shell:Creating environment hook '/home/pi/documents/STA_github/install/mobile_robot/share/mobile_robot/hook/cmake_prefix_path.ps1'
[48.221s] INFO:colcon.colcon_core.shell:Creating environment descriptor '/home/pi/documents/STA_github/install/mobile_robot/share/mobile_robot/hook/cmake_prefix_path.dsv'
[48.223s] INFO:colcon.colcon_core.shell:Creating environment hook '/home/pi/documents/STA_github/install/mobile_robot/share/mobile_robot/hook/cmake_prefix_path.sh'
[48.226s] Level 1:colcon.colcon_core.environment:checking '/home/pi/documents/STA_github/install/mobile_robot/lib'
[48.226s] Level 1:colcon.colcon_core.environment:checking '/home/pi/documents/STA_github/install/mobile_robot/bin'
[48.226s] Level 1:colcon.colcon_core.environment:checking '/home/pi/documents/STA_github/install/mobile_robot/lib/pkgconfig/mobile_robot.pc'
[48.227s] Level 1:colcon.colcon_core.environment:checking '/home/pi/documents/STA_github/install/mobile_robot/lib/python3.10/site-packages'
[48.228s] Level 1:colcon.colcon_core.environment:checking '/home/pi/documents/STA_github/install/mobile_robot/bin'
[48.309s] INFO:colcon.colcon_core.shell:Creating package script '/home/pi/documents/STA_github/install/mobile_robot/share/mobile_robot/package.ps1'
[48.311s] INFO:colcon.colcon_core.shell:Creating package descriptor '/home/pi/documents/STA_github/install/mobile_robot/share/mobile_robot/package.dsv'
[48.314s] INFO:colcon.colcon_core.shell:Creating package script '/home/pi/documents/STA_github/install/mobile_robot/share/mobile_robot/package.sh'
[48.316s] INFO:colcon.colcon_core.shell:Creating package script '/home/pi/documents/STA_github/install/mobile_robot/share/mobile_robot/package.bash'
[48.318s] INFO:colcon.colcon_core.shell:Creating package script '/home/pi/documents/STA_github/install/mobile_robot/share/mobile_robot/package.zsh'
[48.320s] Level 1:colcon.colcon_core.environment:create_file_with_runtime_dependencies(/home/pi/documents/STA_github/install/mobile_robot/share/colcon-core/packages/mobile_robot)
[48.620s] Level 1:colcon.colcon_core.environment:create_environment_scripts_only(mobile_robot)
[48.705s] Level 1:colcon.colcon_core.environment:checking '/home/pi/documents/STA_github/install/mobile_robot' for CMake module files
[48.708s] Level 1:colcon.colcon_core.environment:checking '/home/pi/documents/STA_github/install/mobile_robot' for CMake config files
[48.709s] Level 1:colcon.colcon_core.shell:create_environment_hook('mobile_robot', 'cmake_prefix_path')
[48.795s] INFO:colcon.colcon_core.shell:Creating environment hook '/home/pi/documents/STA_github/install/mobile_robot/share/mobile_robot/hook/cmake_prefix_path.ps1'
[48.797s] INFO:colcon.colcon_core.shell:Creating environment descriptor '/home/pi/documents/STA_github/install/mobile_robot/share/mobile_robot/hook/cmake_prefix_path.dsv'
[48.799s] INFO:colcon.colcon_core.shell:Creating environment hook '/home/pi/documents/STA_github/install/mobile_robot/share/mobile_robot/hook/cmake_prefix_path.sh'
[48.801s] Level 1:colcon.colcon_core.environment:checking '/home/pi/documents/STA_github/install/mobile_robot/lib'
[48.802s] Level 1:colcon.colcon_core.environment:checking '/home/pi/documents/STA_github/install/mobile_robot/bin'
[48.802s] Level 1:colcon.colcon_core.environment:checking '/home/pi/documents/STA_github/install/mobile_robot/lib/pkgconfig/mobile_robot.pc'
[48.803s] Level 1:colcon.colcon_core.environment:checking '/home/pi/documents/STA_github/install/mobile_robot/lib/python3.10/site-packages'
[48.804s] Level 1:colcon.colcon_core.environment:checking '/home/pi/documents/STA_github/install/mobile_robot/bin'
[48.886s] INFO:colcon.colcon_core.shell:Creating package script '/home/pi/documents/STA_github/install/mobile_robot/share/mobile_robot/package.ps1'
[48.888s] INFO:colcon.colcon_core.shell:Creating package descriptor '/home/pi/documents/STA_github/install/mobile_robot/share/mobile_robot/package.dsv'
[48.891s] INFO:colcon.colcon_core.shell:Creating package script '/home/pi/documents/STA_github/install/mobile_robot/share/mobile_robot/package.sh'
[48.893s] INFO:colcon.colcon_core.shell:Creating package script '/home/pi/documents/STA_github/install/mobile_robot/share/mobile_robot/package.bash'
[48.895s] INFO:colcon.colcon_core.shell:Creating package script '/home/pi/documents/STA_github/install/mobile_robot/share/mobile_robot/package.zsh'
[48.897s] Level 1:colcon.colcon_core.environment:create_file_with_runtime_dependencies(/home/pi/documents/STA_github/install/mobile_robot/share/colcon-core/packages/mobile_robot)
[48.898s] DEBUG:colcon.colcon_parallel_executor.executor.parallel:closing loop
[48.900s] DEBUG:colcon.colcon_parallel_executor.executor.parallel:loop closed
[48.900s] DEBUG:colcon.colcon_parallel_executor.executor.parallel:run_until_complete finished with '0'
[48.901s] DEBUG:colcon.colcon_core.event_reactor:joining thread
[49.004s] INFO:colcon.colcon_core.plugin_system:Skipping extension 'colcon_notification.desktop_notification.notify_send': Could not find 'notify-send'
[49.005s] INFO:colcon.colcon_core.plugin_system:Skipping extension 'colcon_notification.desktop_notification.terminal_notifier': Not used on non-Darwin systems
[49.005s] INFO:colcon.colcon_core.plugin_system:Skipping extension 'colcon_notification.desktop_notification.win32': Not used on non-Windows systems
[49.005s] INFO:colcon.colcon_notification.desktop_notification:Sending desktop notification using 'notify2'
[49.011s] DEBUG:colcon.colcon_notification.desktop_notification.notify2:Failed to initialize notify2: org.freedesktop.DBus.Error.ServiceUnknown: The name org.freedesktop.Notifications was not provided by any .service files
[49.012s] DEBUG:colcon.colcon_core.event_reactor:joined thread
[49.095s] INFO:colcon.colcon_core.shell:Creating prefix script '/home/pi/documents/STA_github/install/local_setup.ps1'
[49.099s] INFO:colcon.colcon_core.shell:Creating prefix util module '/home/pi/documents/STA_github/install/_local_setup_util_ps1.py'
[49.106s] INFO:colcon.colcon_core.shell:Creating prefix chain script '/home/pi/documents/STA_github/install/setup.ps1'
[49.193s] INFO:colcon.colcon_core.shell:Creating prefix script '/home/pi/documents/STA_github/install/local_setup.sh'
[49.195s] INFO:colcon.colcon_core.shell:Creating prefix util module '/home/pi/documents/STA_github/install/_local_setup_util_sh.py'
[49.198s] INFO:colcon.colcon_core.shell:Creating prefix chain script '/home/pi/documents/STA_github/install/setup.sh'
[49.284s] INFO:colcon.colcon_core.shell:Creating prefix script '/home/pi/documents/STA_github/install/local_setup.bash'
[49.287s] INFO:colcon.colcon_core.shell:Creating prefix chain script '/home/pi/documents/STA_github/install/setup.bash'
[49.371s] INFO:colcon.colcon_core.shell:Creating prefix script '/home/pi/documents/STA_github/install/local_setup.zsh'
[49.374s] INFO:colcon.colcon_core.shell:Creating prefix chain script '/home/pi/documents/STA_github/install/setup.zsh'
