[1.345s] Invoking command in '/home/pi/documents/STA_github/ros2_ws/build/mobile_robot': CMAKE_PREFIX_PATH=${CMAKE_PREFIX_PATH}:/home/pi/ros2_ws/install/ydlidar_ros2_driver:/opt/ros/iron /usr/bin/cmake --build /home/pi/documents/STA_github/ros2_ws/build/mobile_robot -- -j4 -l4
[1.679s] [100%] Built target mobile_robot
[1.731s] Invoked command in '/home/pi/documents/STA_github/ros2_ws/build/mobile_robot' returned '0': CMAKE_PREFIX_PATH=${CMAKE_PREFIX_PATH}:/home/pi/ros2_ws/install/ydlidar_ros2_driver:/opt/ros/iron /usr/bin/cmake --build /home/pi/documents/STA_github/ros2_ws/build/mobile_robot -- -j4 -l4
[1.978s] Invoking command in '/home/pi/documents/STA_github/ros2_ws/build/mobile_robot': CMAKE_PREFIX_PATH=${CMAKE_PREFIX_PATH}:/home/pi/ros2_ws/install/ydlidar_ros2_driver:/opt/ros/iron /usr/bin/cmake --install /home/pi/documents/STA_github/ros2_ws/build/mobile_robot
[2.011s] -- Install configuration: ""
[2.013s] -- Up-to-date: /home/pi/documents/STA_github/ros2_ws/install/mobile_robot/lib/mobile_robot/mobile_robot
[2.015s] -- Up-to-date: /home/pi/documents/STA_github/ros2_ws/install/mobile_robot/share/ament_index/resource_index/package_run_dependencies/mobile_robot
[2.016s] -- Up-to-date: /home/pi/documents/STA_github/ros2_ws/install/mobile_robot/share/ament_index/resource_index/parent_prefix_path/mobile_robot
[2.017s] -- Up-to-date: /home/pi/documents/STA_github/ros2_ws/install/mobile_robot/share/mobile_robot/environment/ament_prefix_path.sh
[2.018s] -- Up-to-date: /home/pi/documents/STA_github/ros2_ws/install/mobile_robot/share/mobile_robot/environment/ament_prefix_path.dsv
[2.019s] -- Up-to-date: /home/pi/documents/STA_github/ros2_ws/install/mobile_robot/share/mobile_robot/environment/path.sh
[2.019s] -- Up-to-date: /home/pi/documents/STA_github/ros2_ws/install/mobile_robot/share/mobile_robot/environment/path.dsv
[2.020s] -- Up-to-date: /home/pi/documents/STA_github/ros2_ws/install/mobile_robot/share/mobile_robot/local_setup.bash
[2.021s] -- Up-to-date: /home/pi/documents/STA_github/ros2_ws/install/mobile_robot/share/mobile_robot/local_setup.sh
[2.021s] -- Up-to-date: /home/pi/documents/STA_github/ros2_ws/install/mobile_robot/share/mobile_robot/local_setup.zsh
[2.021s] -- Up-to-date: /home/pi/documents/STA_github/ros2_ws/install/mobile_robot/share/mobile_robot/local_setup.dsv
[2.023s] -- Installing: /home/pi/documents/STA_github/ros2_ws/install/mobile_robot/share/mobile_robot/package.dsv
[2.023s] -- Up-to-date: /home/pi/documents/STA_github/ros2_ws/install/mobile_robot/share/ament_index/resource_index/packages/mobile_robot
[2.024s] -- Up-to-date: /home/pi/documents/STA_github/ros2_ws/install/mobile_robot/share/mobile_robot/cmake/mobile_robotConfig.cmake
[2.024s] -- Up-to-date: /home/pi/documents/STA_github/ros2_ws/install/mobile_robot/share/mobile_robot/cmake/mobile_robotConfig-version.cmake
[2.025s] -- Up-to-date: /home/pi/documents/STA_github/ros2_ws/install/mobile_robot/share/mobile_robot/package.xml
[2.042s] Invoked command in '/home/pi/documents/STA_github/ros2_ws/build/mobile_robot' returned '0': CMAKE_PREFIX_PATH=${CMAKE_PREFIX_PATH}:/home/pi/ros2_ws/install/ydlidar_ros2_driver:/opt/ros/iron /usr/bin/cmake --install /home/pi/documents/STA_github/ros2_ws/build/mobile_robot
