[ 50%] Built target ydlidar_ros2_driver_client
[35m[1mConsolidate compiler generated dependencies of target ydlidar_ros2_driver_node[0m
[100%] Built target ydlidar_ros2_driver_node
-- Install configuration: ""
-- Installing: /home/pi/documents/STA_github/install/ydlidar_ros2_driver/lib/ydlidar_ros2_driver/ydlidar_ros2_driver_node
-- Set runtime path of "/home/pi/documents/STA_github/install/ydlidar_ros2_driver/lib/ydlidar_ros2_driver/ydlidar_ros2_driver_node" to ""
-- Up-to-date: /home/pi/documents/STA_github/install/ydlidar_ros2_driver/lib/ydlidar_ros2_driver/ydlidar_ros2_driver_client
-- Up-to-date: /home/pi/documents/STA_github/install/ydlidar_ros2_driver/share/ydlidar_ros2_driver/launch
-- Up-to-date: /home/pi/documents/STA_github/install/ydlidar_ros2_driver/share/ydlidar_ros2_driver/launch/ydlidar_launch_view.py
-- Installing: /home/pi/documents/STA_github/install/ydlidar_ros2_driver/share/ydlidar_ros2_driver/launch/ydlidar_launch_mod.py
-- Up-to-date: /home/pi/documents/STA_github/install/ydlidar_ros2_driver/share/ydlidar_ros2_driver/launch/ydlidar.py
-- Installing: /home/pi/documents/STA_github/install/ydlidar_ros2_driver/share/ydlidar_ros2_driver/launch/__pycache__
-- Installing: /home/pi/documents/STA_github/install/ydlidar_ros2_driver/share/ydlidar_ros2_driver/launch/__pycache__/ydlidar_launch_mod.cpython-310.pyc
-- Installing: /home/pi/documents/STA_github/install/ydlidar_ros2_driver/share/ydlidar_ros2_driver/launch/__pycache__/ydlidar_launch.cpython-310.pyc
-- Installing: /home/pi/documents/STA_github/install/ydlidar_ros2_driver/share/ydlidar_ros2_driver/launch/ydlidar_launch.py
-- Up-to-date: /home/pi/documents/STA_github/install/ydlidar_ros2_driver/share/ydlidar_ros2_driver/params
-- Installing: /home/pi/documents/STA_github/install/ydlidar_ros2_driver/share/ydlidar_ros2_driver/params/build
-- Installing: /home/pi/documents/STA_github/install/ydlidar_ros2_driver/share/ydlidar_ros2_driver/params/build/COLCON_IGNORE
-- Installing: /home/pi/documents/STA_github/install/ydlidar_ros2_driver/share/ydlidar_ros2_driver/params/build/.built_by
-- Installing: /home/pi/documents/STA_github/install/ydlidar_ros2_driver/share/ydlidar_ros2_driver/params/install
-- Installing: /home/pi/documents/STA_github/install/ydlidar_ros2_driver/share/ydlidar_ros2_driver/params/install/COLCON_IGNORE
-- Installing: /home/pi/documents/STA_github/install/ydlidar_ros2_driver/share/ydlidar_ros2_driver/params/install/local_setup.ps1
-- Installing: /home/pi/documents/STA_github/install/ydlidar_ros2_driver/share/ydlidar_ros2_driver/params/install/.colcon_install_layout
-- Installing: /home/pi/documents/STA_github/install/ydlidar_ros2_driver/share/ydlidar_ros2_driver/params/install/_local_setup_util_sh.py
-- Installing: /home/pi/documents/STA_github/install/ydlidar_ros2_driver/share/ydlidar_ros2_driver/params/install/setup.zsh
-- Installing: /home/pi/documents/STA_github/install/ydlidar_ros2_driver/share/ydlidar_ros2_driver/params/install/local_setup.bash
-- Installing: /home/pi/documents/STA_github/install/ydlidar_ros2_driver/share/ydlidar_ros2_driver/params/install/local_setup.zsh
-- Installing: /home/pi/documents/STA_github/install/ydlidar_ros2_driver/share/ydlidar_ros2_driver/params/install/_local_setup_util_ps1.py
-- Installing: /home/pi/documents/STA_github/install/ydlidar_ros2_driver/share/ydlidar_ros2_driver/params/install/local_setup.sh
-- Installing: /home/pi/documents/STA_github/install/ydlidar_ros2_driver/share/ydlidar_ros2_driver/params/install/setup.bash
-- Installing: /home/pi/documents/STA_github/install/ydlidar_ros2_driver/share/ydlidar_ros2_driver/params/install/setup.ps1
-- Installing: /home/pi/documents/STA_github/install/ydlidar_ros2_driver/share/ydlidar_ros2_driver/params/install/setup.sh
-- Installing: /home/pi/documents/STA_github/install/ydlidar_ros2_driver/share/ydlidar_ros2_driver/params/log
-- Installing: /home/pi/documents/STA_github/install/ydlidar_ros2_driver/share/ydlidar_ros2_driver/params/log/COLCON_IGNORE
-- Installing: /home/pi/documents/STA_github/install/ydlidar_ros2_driver/share/ydlidar_ros2_driver/params/log/latest_build
-- Installing: /home/pi/documents/STA_github/install/ydlidar_ros2_driver/share/ydlidar_ros2_driver/params/log/latest
-- Installing: /home/pi/documents/STA_github/install/ydlidar_ros2_driver/share/ydlidar_ros2_driver/params/log/build_2023-11-07_06-29-43
-- Installing: /home/pi/documents/STA_github/install/ydlidar_ros2_driver/share/ydlidar_ros2_driver/params/log/build_2023-11-07_06-29-43/events.log
-- Installing: /home/pi/documents/STA_github/install/ydlidar_ros2_driver/share/ydlidar_ros2_driver/params/log/build_2023-11-07_06-29-43/logger_all.log
-- Installing: /home/pi/documents/STA_github/install/ydlidar_ros2_driver/share/ydlidar_ros2_driver/params/ydlidar.yaml
-- Up-to-date: /home/pi/documents/STA_github/install/ydlidar_ros2_driver/share/ydlidar_ros2_driver/startup
-- Up-to-date: /home/pi/documents/STA_github/install/ydlidar_ros2_driver/share/ydlidar_ros2_driver/startup/initenv.sh
-- Up-to-date: /home/pi/documents/STA_github/install/ydlidar_ros2_driver/share/ydlidar_ros2_driver/config
-- Up-to-date: /home/pi/documents/STA_github/install/ydlidar_ros2_driver/share/ydlidar_ros2_driver/config/ydlidar.rviz
-- Up-to-date: /home/pi/documents/STA_github/install/ydlidar_ros2_driver/share/ament_index/resource_index/package_run_dependencies/ydlidar_ros2_driver
-- Up-to-date: /home/pi/documents/STA_github/install/ydlidar_ros2_driver/share/ament_index/resource_index/parent_prefix_path/ydlidar_ros2_driver
-- Up-to-date: /home/pi/documents/STA_github/install/ydlidar_ros2_driver/share/ydlidar_ros2_driver/environment/ament_prefix_path.sh
-- Up-to-date: /home/pi/documents/STA_github/install/ydlidar_ros2_driver/share/ydlidar_ros2_driver/environment/ament_prefix_path.dsv
-- Up-to-date: /home/pi/documents/STA_github/install/ydlidar_ros2_driver/share/ydlidar_ros2_driver/environment/path.sh
-- Up-to-date: /home/pi/documents/STA_github/install/ydlidar_ros2_driver/share/ydlidar_ros2_driver/environment/path.dsv
-- Up-to-date: /home/pi/documents/STA_github/install/ydlidar_ros2_driver/share/ydlidar_ros2_driver/local_setup.bash
-- Up-to-date: /home/pi/documents/STA_github/install/ydlidar_ros2_driver/share/ydlidar_ros2_driver/local_setup.sh
-- Up-to-date: /home/pi/documents/STA_github/install/ydlidar_ros2_driver/share/ydlidar_ros2_driver/local_setup.zsh
-- Up-to-date: /home/pi/documents/STA_github/install/ydlidar_ros2_driver/share/ydlidar_ros2_driver/local_setup.dsv
-- Installing: /home/pi/documents/STA_github/install/ydlidar_ros2_driver/share/ydlidar_ros2_driver/package.dsv
-- Up-to-date: /home/pi/documents/STA_github/install/ydlidar_ros2_driver/share/ament_index/resource_index/packages/ydlidar_ros2_driver
-- Up-to-date: /home/pi/documents/STA_github/install/ydlidar_ros2_driver/share/ydlidar_ros2_driver/cmake/ydlidar_ros2_driverConfig.cmake
-- Up-to-date: /home/pi/documents/STA_github/install/ydlidar_ros2_driver/share/ydlidar_ros2_driver/cmake/ydlidar_ros2_driverConfig-version.cmake
-- Up-to-date: /home/pi/documents/STA_github/install/ydlidar_ros2_driver/share/ydlidar_ros2_driver/package.xml
