[5.334s] DEBUG:colcon:Command line arguments: ['/usr/bin/colcon', 'build']
[5.334s] DEBUG:colcon:Parsed command line arguments: Namespace(log_base=None, log_level=None, verb_name='build', build_base='build', install_base='install', merge_install=False, symlink_install=False, test_result_base=None, continue_on_error=False, executor='parallel', parallel_workers=4, event_handlers=None, ignore_user_meta=False, metas=['./colcon.meta'], base_paths=['.'], packages_ignore=None, packages_ignore_regex=None, paths=None, packages_up_to=None, packages_up_to_regex=None, packages_above=None, packages_above_and_dependencies=None, packages_above_depth=None, packages_select_by_dep=None, packages_skip_by_dep=None, packages_skip_up_to=None, packages_select_build_failed=False, packages_skip_build_finished=False, packages_select_test_failures=False, packages_skip_test_passed=False, packages_select=None, packages_skip=None, packages_select_regex=None, packages_skip_regex=None, packages_start=None, packages_end=None, allow_overriding=[], cmake_args=None, cmake_target=None, cmake_target_skip_unavailable=False, cmake_clean_cache=False, cmake_clean_first=False, cmake_force_configure=False, ament_cmake_args=None, catkin_cmake_args=None, catkin_skip_building_tests=False, verb_parser=<colcon_defaults.argument_parser.defaults.DefaultArgumentsDecorator object at 0xffff83eb7a30>, verb_extension=<colcon_core.verb.build.BuildVerb object at 0xffff83eb5f60>, main=<bound method BuildVerb.main of <colcon_core.verb.build.BuildVerb object at 0xffff83eb5f60>>)
[5.574s] Level 1:colcon.colcon_core.package_discovery:discover_packages(colcon_meta) check parameters
[5.574s] Level 1:colcon.colcon_core.package_discovery:discover_packages(recursive) check parameters
[5.574s] Level 1:colcon.colcon_core.package_discovery:discover_packages(ignore) check parameters
[5.574s] Level 1:colcon.colcon_core.package_discovery:discover_packages(path) check parameters
[5.574s] Level 1:colcon.colcon_core.package_discovery:discover_packages(colcon_meta) discover
[5.575s] Level 1:colcon.colcon_core.package_discovery:discover_packages(recursive) discover
[5.575s] INFO:colcon.colcon_core.package_discovery:Crawling recursively for packages in '/home/pi/documents/STA_github/ros2_ws/src'
[5.575s] Level 1:colcon.colcon_core.package_identification:_identify(.) by extensions ['ignore', 'ignore_ament_install']
[5.576s] Level 1:colcon.colcon_core.package_identification:_identify(.) by extension 'ignore'
[5.576s] Level 1:colcon.colcon_core.package_identification:_identify(.) by extension 'ignore_ament_install'
[5.577s] Level 1:colcon.colcon_core.package_identification:_identify(.) by extensions ['colcon_pkg']
[5.577s] Level 1:colcon.colcon_core.package_identification:_identify(.) by extension 'colcon_pkg'
[5.577s] Level 1:colcon.colcon_core.package_identification:_identify(.) by extensions ['colcon_meta']
[5.577s] Level 1:colcon.colcon_core.package_identification:_identify(.) by extension 'colcon_meta'
[5.577s] Level 1:colcon.colcon_core.package_identification:_identify(.) by extensions ['ros']
[5.577s] Level 1:colcon.colcon_core.package_identification:_identify(.) by extension 'ros'
[5.627s] Level 1:colcon.colcon_core.package_identification:_identify(.) by extensions ['cmake', 'python']
[5.628s] Level 1:colcon.colcon_core.package_identification:_identify(.) by extension 'cmake'
[5.628s] Level 1:colcon.colcon_core.package_identification:_identify(.) by extension 'python'
[5.628s] Level 1:colcon.colcon_core.package_identification:_identify(.) by extensions ['python_setup_py']
[5.628s] Level 1:colcon.colcon_core.package_identification:_identify(.) by extension 'python_setup_py'
[5.629s] Level 1:colcon.colcon_core.package_identification:_identify(build) by extensions ['ignore', 'ignore_ament_install']
[5.629s] Level 1:colcon.colcon_core.package_identification:_identify(build) by extension 'ignore'
[5.629s] Level 1:colcon.colcon_core.package_identification:_identify(build) ignored
[5.630s] Level 1:colcon.colcon_core.package_identification:_identify(install) by extensions ['ignore', 'ignore_ament_install']
[5.630s] Level 1:colcon.colcon_core.package_identification:_identify(install) by extension 'ignore'
[5.631s] Level 1:colcon.colcon_core.package_identification:_identify(install) ignored
[5.631s] Level 1:colcon.colcon_core.package_identification:_identify(log) by extensions ['ignore', 'ignore_ament_install']
[5.631s] Level 1:colcon.colcon_core.package_identification:_identify(log) by extension 'ignore'
[5.632s] Level 1:colcon.colcon_core.package_identification:_identify(log) ignored
[5.632s] Level 1:colcon.colcon_core.package_identification:_identify(mobile_robot) by extensions ['ignore', 'ignore_ament_install']
[5.632s] Level 1:colcon.colcon_core.package_identification:_identify(mobile_robot) by extension 'ignore'
[5.633s] Level 1:colcon.colcon_core.package_identification:_identify(mobile_robot) by extension 'ignore_ament_install'
[5.633s] Level 1:colcon.colcon_core.package_identification:_identify(mobile_robot) by extensions ['colcon_pkg']
[5.633s] Level 1:colcon.colcon_core.package_identification:_identify(mobile_robot) by extension 'colcon_pkg'
[5.633s] Level 1:colcon.colcon_core.package_identification:_identify(mobile_robot) by extensions ['colcon_meta']
[5.633s] Level 1:colcon.colcon_core.package_identification:_identify(mobile_robot) by extension 'colcon_meta'
[5.634s] Level 1:colcon.colcon_core.package_identification:_identify(mobile_robot) by extensions ['ros']
[5.634s] Level 1:colcon.colcon_core.package_identification:_identify(mobile_robot) by extension 'ros'
[5.645s] DEBUG:colcon.colcon_core.package_identification:Package 'mobile_robot' with type 'ros.ament_cmake' and name 'mobile_robot'
[5.646s] Level 1:colcon.colcon_core.package_identification:_identify(ydlidar_ros2_driver) by extensions ['ignore', 'ignore_ament_install']
[5.646s] Level 1:colcon.colcon_core.package_identification:_identify(ydlidar_ros2_driver) by extension 'ignore'
[5.646s] Level 1:colcon.colcon_core.package_identification:_identify(ydlidar_ros2_driver) by extension 'ignore_ament_install'
[5.647s] Level 1:colcon.colcon_core.package_identification:_identify(ydlidar_ros2_driver) by extensions ['colcon_pkg']
[5.647s] Level 1:colcon.colcon_core.package_identification:_identify(ydlidar_ros2_driver) by extension 'colcon_pkg'
[5.647s] Level 1:colcon.colcon_core.package_identification:_identify(ydlidar_ros2_driver) by extensions ['colcon_meta']
[5.647s] Level 1:colcon.colcon_core.package_identification:_identify(ydlidar_ros2_driver) by extension 'colcon_meta'
[5.647s] Level 1:colcon.colcon_core.package_identification:_identify(ydlidar_ros2_driver) by extensions ['ros']
[5.647s] Level 1:colcon.colcon_core.package_identification:_identify(ydlidar_ros2_driver) by extension 'ros'
[5.650s] DEBUG:colcon.colcon_core.package_identification:Package 'ydlidar_ros2_driver' with type 'ros.ament_cmake' and name 'ydlidar_ros2_driver'
[5.651s] Level 1:colcon.colcon_core.package_discovery:discover_packages(recursive) using defaults
[5.651s] Level 1:colcon.colcon_core.package_discovery:discover_packages(ignore) discover
[5.651s] Level 1:colcon.colcon_core.package_discovery:discover_packages(ignore) using defaults
[5.651s] Level 1:colcon.colcon_core.package_discovery:discover_packages(path) discover
[5.651s] Level 1:colcon.colcon_core.package_discovery:discover_packages(path) using defaults
[6.122s] Level 1:colcon.colcon_core.package_discovery:discover_packages(prefix_path) check parameters
[6.122s] Level 1:colcon.colcon_core.package_discovery:discover_packages(prefix_path) discover
[6.284s] DEBUG:colcon.colcon_installed_package_information.package_discovery:Found 2 installed packages in /home/pi/documents/STA_github/ros2_ws/src/install
[6.362s] DEBUG:colcon.colcon_installed_package_information.package_discovery:Found 2 installed packages in /home/pi/documents/STA_github/ros2_ws/install
[6.441s] DEBUG:colcon.colcon_installed_package_information.package_discovery:Found 1 installed packages in /home/pi/ros2_ws/install
[6.565s] DEBUG:colcon.colcon_installed_package_information.package_discovery:Found 290 installed packages in /opt/ros/iron
[6.573s] Level 1:colcon.colcon_core.package_discovery:discover_packages(prefix_path) using defaults
[6.990s] Level 5:colcon.colcon_core.verb:set package 'mobile_robot' build argument 'cmake_args' from command line to 'None'
[6.991s] Level 5:colcon.colcon_core.verb:set package 'mobile_robot' build argument 'cmake_target' from command line to 'None'
[6.991s] Level 5:colcon.colcon_core.verb:set package 'mobile_robot' build argument 'cmake_target_skip_unavailable' from command line to 'False'
[6.991s] Level 5:colcon.colcon_core.verb:set package 'mobile_robot' build argument 'cmake_clean_cache' from command line to 'False'
[6.991s] Level 5:colcon.colcon_core.verb:set package 'mobile_robot' build argument 'cmake_clean_first' from command line to 'False'
[6.991s] Level 5:colcon.colcon_core.verb:set package 'mobile_robot' build argument 'cmake_force_configure' from command line to 'False'
[6.991s] Level 5:colcon.colcon_core.verb:set package 'mobile_robot' build argument 'ament_cmake_args' from command line to 'None'
[6.991s] Level 5:colcon.colcon_core.verb:set package 'mobile_robot' build argument 'catkin_cmake_args' from command line to 'None'
[6.992s] Level 5:colcon.colcon_core.verb:set package 'mobile_robot' build argument 'catkin_skip_building_tests' from command line to 'False'
[6.992s] DEBUG:colcon.colcon_core.verb:Building package 'mobile_robot' with the following arguments: {'ament_cmake_args': None, 'build_base': '/home/pi/documents/STA_github/ros2_ws/src/build/mobile_robot', 'catkin_cmake_args': None, 'catkin_skip_building_tests': False, 'cmake_args': None, 'cmake_clean_cache': False, 'cmake_clean_first': False, 'cmake_force_configure': False, 'cmake_target': None, 'cmake_target_skip_unavailable': False, 'install_base': '/home/pi/documents/STA_github/ros2_ws/src/install/mobile_robot', 'merge_install': False, 'path': '/home/pi/documents/STA_github/ros2_ws/src/mobile_robot', 'symlink_install': False, 'test_result_base': None}
[7.071s] Level 5:colcon.colcon_core.verb:set package 'ydlidar_ros2_driver' build argument 'cmake_args' from command line to 'None'
[7.071s] Level 5:colcon.colcon_core.verb:set package 'ydlidar_ros2_driver' build argument 'cmake_target' from command line to 'None'
[7.071s] Level 5:colcon.colcon_core.verb:set package 'ydlidar_ros2_driver' build argument 'cmake_target_skip_unavailable' from command line to 'False'
[7.071s] Level 5:colcon.colcon_core.verb:set package 'ydlidar_ros2_driver' build argument 'cmake_clean_cache' from command line to 'False'
[7.071s] Level 5:colcon.colcon_core.verb:set package 'ydlidar_ros2_driver' build argument 'cmake_clean_first' from command line to 'False'
[7.071s] Level 5:colcon.colcon_core.verb:set package 'ydlidar_ros2_driver' build argument 'cmake_force_configure' from command line to 'False'
[7.072s] Level 5:colcon.colcon_core.verb:set package 'ydlidar_ros2_driver' build argument 'ament_cmake_args' from command line to 'None'
[7.072s] Level 5:colcon.colcon_core.verb:set package 'ydlidar_ros2_driver' build argument 'catkin_cmake_args' from command line to 'None'
[7.072s] Level 5:colcon.colcon_core.verb:set package 'ydlidar_ros2_driver' build argument 'catkin_skip_building_tests' from command line to 'False'
[7.072s] DEBUG:colcon.colcon_core.verb:Building package 'ydlidar_ros2_driver' with the following arguments: {'ament_cmake_args': None, 'build_base': '/home/pi/documents/STA_github/ros2_ws/src/build/ydlidar_ros2_driver', 'catkin_cmake_args': None, 'catkin_skip_building_tests': False, 'cmake_args': None, 'cmake_clean_cache': False, 'cmake_clean_first': False, 'cmake_force_configure': False, 'cmake_target': None, 'cmake_target_skip_unavailable': False, 'install_base': '/home/pi/documents/STA_github/ros2_ws/src/install/ydlidar_ros2_driver', 'merge_install': False, 'path': '/home/pi/documents/STA_github/ros2_ws/src/ydlidar_ros2_driver', 'symlink_install': False, 'test_result_base': None}
[7.149s] INFO:colcon.colcon_core.executor:Executing jobs using 'parallel' executor
[7.230s] DEBUG:colcon.colcon_parallel_executor.executor.parallel:run_until_complete
[7.231s] INFO:colcon.colcon_ros.task.ament_cmake.build:Building ROS package in '/home/pi/documents/STA_github/ros2_ws/src/mobile_robot' with build type 'ament_cmake'
[7.232s] INFO:colcon.colcon_cmake.task.cmake.build:Building CMake package in '/home/pi/documents/STA_github/ros2_ws/src/mobile_robot'
[7.317s] INFO:colcon.colcon_core.plugin_system:Skipping extension 'colcon_core.shell.bat': Not used on non-Windows systems
[7.318s] INFO:colcon.colcon_core.shell:Skip shell extension 'powershell' for command environment: Not usable outside of PowerShell
[7.318s] DEBUG:colcon.colcon_core.shell:Skip shell extension 'dsv' for command environment
[7.732s] INFO:colcon.colcon_ros.task.ament_cmake.build:Building ROS package in '/home/pi/documents/STA_github/ros2_ws/src/ydlidar_ros2_driver' with build type 'ament_cmake'
[7.732s] INFO:colcon.colcon_cmake.task.cmake.build:Building CMake package in '/home/pi/documents/STA_github/ros2_ws/src/ydlidar_ros2_driver'
[7.815s] INFO:colcon.colcon_core.shell:Skip shell extension 'powershell' for command environment: Not usable outside of PowerShell
[7.815s] DEBUG:colcon.colcon_core.shell:Skip shell extension 'dsv' for command environment
[8.243s] DEBUG:colcon.colcon_core.event_handler.log_command:Invoking command in '/home/pi/documents/STA_github/ros2_ws/src/build/mobile_robot': CMAKE_PREFIX_PATH=${CMAKE_PREFIX_PATH}:/home/pi/ros2_ws/install/ydlidar_ros2_driver:/opt/ros/iron /usr/bin/cmake --build /home/pi/documents/STA_github/ros2_ws/src/build/mobile_robot -- -j4 -l4
[8.272s] DEBUG:colcon.colcon_core.event_handler.log_command:Invoking command in '/home/pi/documents/STA_github/ros2_ws/src/build/ydlidar_ros2_driver': CMAKE_PREFIX_PATH=${CMAKE_PREFIX_PATH}:/home/pi/ros2_ws/install/ydlidar_ros2_driver:/opt/ros/iron /usr/bin/cmake --build /home/pi/documents/STA_github/ros2_ws/src/build/ydlidar_ros2_driver -- -j4 -l4
[8.597s] DEBUG:colcon.colcon_core.event_handler.log_command:Invoked command in '/home/pi/documents/STA_github/ros2_ws/src/build/mobile_robot' returned '0': CMAKE_PREFIX_PATH=${CMAKE_PREFIX_PATH}:/home/pi/ros2_ws/install/ydlidar_ros2_driver:/opt/ros/iron /usr/bin/cmake --build /home/pi/documents/STA_github/ros2_ws/src/build/mobile_robot -- -j4 -l4
[8.613s] DEBUG:colcon.colcon_core.event_handler.log_command:Invoked command in '/home/pi/documents/STA_github/ros2_ws/src/build/ydlidar_ros2_driver' returned '0': CMAKE_PREFIX_PATH=${CMAKE_PREFIX_PATH}:/home/pi/ros2_ws/install/ydlidar_ros2_driver:/opt/ros/iron /usr/bin/cmake --build /home/pi/documents/STA_github/ros2_ws/src/build/ydlidar_ros2_driver -- -j4 -l4
[8.772s] DEBUG:colcon.colcon_core.event_handler.log_command:Invoking command in '/home/pi/documents/STA_github/ros2_ws/src/build/mobile_robot': CMAKE_PREFIX_PATH=${CMAKE_PREFIX_PATH}:/home/pi/ros2_ws/install/ydlidar_ros2_driver:/opt/ros/iron /usr/bin/cmake --install /home/pi/documents/STA_github/ros2_ws/src/build/mobile_robot
[8.784s] DEBUG:colcon.colcon_core.event_handler.log_command:Invoking command in '/home/pi/documents/STA_github/ros2_ws/src/build/ydlidar_ros2_driver': CMAKE_PREFIX_PATH=${CMAKE_PREFIX_PATH}:/home/pi/ros2_ws/install/ydlidar_ros2_driver:/opt/ros/iron /usr/bin/cmake --install /home/pi/documents/STA_github/ros2_ws/src/build/ydlidar_ros2_driver
[8.821s] Level 1:colcon.colcon_core.environment:create_environment_scripts_only(mobile_robot)
[8.825s] DEBUG:colcon.colcon_core.event_handler.log_command:Invoked command in '/home/pi/documents/STA_github/ros2_ws/src/build/mobile_robot' returned '0': CMAKE_PREFIX_PATH=${CMAKE_PREFIX_PATH}:/home/pi/ros2_ws/install/ydlidar_ros2_driver:/opt/ros/iron /usr/bin/cmake --install /home/pi/documents/STA_github/ros2_ws/src/build/mobile_robot
[8.952s] Level 1:colcon.colcon_core.environment:checking '/home/pi/documents/STA_github/ros2_ws/src/install/mobile_robot' for CMake module files
[8.956s] Level 1:colcon.colcon_core.environment:checking '/home/pi/documents/STA_github/ros2_ws/src/install/mobile_robot' for CMake config files
[8.957s] Level 1:colcon.colcon_core.shell:create_environment_hook('mobile_robot', 'cmake_prefix_path')
[9.035s] INFO:colcon.colcon_core.shell:Creating environment hook '/home/pi/documents/STA_github/ros2_ws/src/install/mobile_robot/share/mobile_robot/hook/cmake_prefix_path.ps1'
[9.038s] INFO:colcon.colcon_core.shell:Creating environment descriptor '/home/pi/documents/STA_github/ros2_ws/src/install/mobile_robot/share/mobile_robot/hook/cmake_prefix_path.dsv'
[9.040s] INFO:colcon.colcon_core.shell:Creating environment hook '/home/pi/documents/STA_github/ros2_ws/src/install/mobile_robot/share/mobile_robot/hook/cmake_prefix_path.sh'
[9.044s] Level 1:colcon.colcon_core.environment:checking '/home/pi/documents/STA_github/ros2_ws/src/install/mobile_robot/lib'
[9.045s] Level 1:colcon.colcon_core.environment:checking '/home/pi/documents/STA_github/ros2_ws/src/install/mobile_robot/bin'
[9.045s] Level 1:colcon.colcon_core.environment:checking '/home/pi/documents/STA_github/ros2_ws/src/install/mobile_robot/lib/pkgconfig/mobile_robot.pc'
[9.046s] Level 1:colcon.colcon_core.environment:checking '/home/pi/documents/STA_github/ros2_ws/src/install/mobile_robot/lib/python3.10/site-packages'
[9.047s] Level 1:colcon.colcon_core.environment:checking '/home/pi/documents/STA_github/ros2_ws/src/install/mobile_robot/bin'
[9.126s] INFO:colcon.colcon_core.shell:Creating package script '/home/pi/documents/STA_github/ros2_ws/src/install/mobile_robot/share/mobile_robot/package.ps1'
[9.129s] INFO:colcon.colcon_core.shell:Creating package descriptor '/home/pi/documents/STA_github/ros2_ws/src/install/mobile_robot/share/mobile_robot/package.dsv'
[9.132s] INFO:colcon.colcon_core.shell:Creating package script '/home/pi/documents/STA_github/ros2_ws/src/install/mobile_robot/share/mobile_robot/package.sh'
[9.135s] INFO:colcon.colcon_core.shell:Creating package script '/home/pi/documents/STA_github/ros2_ws/src/install/mobile_robot/share/mobile_robot/package.bash'
[9.139s] INFO:colcon.colcon_core.shell:Creating package script '/home/pi/documents/STA_github/ros2_ws/src/install/mobile_robot/share/mobile_robot/package.zsh'
[9.142s] Level 1:colcon.colcon_core.environment:create_file_with_runtime_dependencies(/home/pi/documents/STA_github/ros2_ws/src/install/mobile_robot/share/colcon-core/packages/mobile_robot)
[9.150s] Level 1:colcon.colcon_core.environment:create_environment_scripts_only(ydlidar_ros2_driver)
[9.153s] DEBUG:colcon.colcon_core.event_handler.log_command:Invoked command in '/home/pi/documents/STA_github/ros2_ws/src/build/ydlidar_ros2_driver' returned '0': CMAKE_PREFIX_PATH=${CMAKE_PREFIX_PATH}:/home/pi/ros2_ws/install/ydlidar_ros2_driver:/opt/ros/iron /usr/bin/cmake --install /home/pi/documents/STA_github/ros2_ws/src/build/ydlidar_ros2_driver
[9.246s] Level 1:colcon.colcon_core.environment:checking '/home/pi/documents/STA_github/ros2_ws/src/install/ydlidar_ros2_driver' for CMake module files
[9.250s] Level 1:colcon.colcon_core.environment:checking '/home/pi/documents/STA_github/ros2_ws/src/install/ydlidar_ros2_driver' for CMake config files
[9.253s] Level 1:colcon.colcon_core.shell:create_environment_hook('ydlidar_ros2_driver', 'cmake_prefix_path')
[9.335s] INFO:colcon.colcon_core.shell:Creating environment hook '/home/pi/documents/STA_github/ros2_ws/src/install/ydlidar_ros2_driver/share/ydlidar_ros2_driver/hook/cmake_prefix_path.ps1'
[9.337s] INFO:colcon.colcon_core.shell:Creating environment descriptor '/home/pi/documents/STA_github/ros2_ws/src/install/ydlidar_ros2_driver/share/ydlidar_ros2_driver/hook/cmake_prefix_path.dsv'
[9.339s] INFO:colcon.colcon_core.shell:Creating environment hook '/home/pi/documents/STA_github/ros2_ws/src/install/ydlidar_ros2_driver/share/ydlidar_ros2_driver/hook/cmake_prefix_path.sh'
[9.341s] Level 1:colcon.colcon_core.environment:checking '/home/pi/documents/STA_github/ros2_ws/src/install/ydlidar_ros2_driver/lib'
[9.342s] Level 1:colcon.colcon_core.environment:checking '/home/pi/documents/STA_github/ros2_ws/src/install/ydlidar_ros2_driver/bin'
[9.342s] Level 1:colcon.colcon_core.environment:checking '/home/pi/documents/STA_github/ros2_ws/src/install/ydlidar_ros2_driver/lib/pkgconfig/ydlidar_ros2_driver.pc'
[9.343s] Level 1:colcon.colcon_core.environment:checking '/home/pi/documents/STA_github/ros2_ws/src/install/ydlidar_ros2_driver/lib/python3.10/site-packages'
[9.344s] Level 1:colcon.colcon_core.environment:checking '/home/pi/documents/STA_github/ros2_ws/src/install/ydlidar_ros2_driver/bin'
[9.424s] INFO:colcon.colcon_core.shell:Creating package script '/home/pi/documents/STA_github/ros2_ws/src/install/ydlidar_ros2_driver/share/ydlidar_ros2_driver/package.ps1'
[9.426s] INFO:colcon.colcon_core.shell:Creating package descriptor '/home/pi/documents/STA_github/ros2_ws/src/install/ydlidar_ros2_driver/share/ydlidar_ros2_driver/package.dsv'
[9.428s] INFO:colcon.colcon_core.shell:Creating package script '/home/pi/documents/STA_github/ros2_ws/src/install/ydlidar_ros2_driver/share/ydlidar_ros2_driver/package.sh'
[9.431s] INFO:colcon.colcon_core.shell:Creating package script '/home/pi/documents/STA_github/ros2_ws/src/install/ydlidar_ros2_driver/share/ydlidar_ros2_driver/package.bash'
[9.433s] INFO:colcon.colcon_core.shell:Creating package script '/home/pi/documents/STA_github/ros2_ws/src/install/ydlidar_ros2_driver/share/ydlidar_ros2_driver/package.zsh'
[9.434s] Level 1:colcon.colcon_core.environment:create_file_with_runtime_dependencies(/home/pi/documents/STA_github/ros2_ws/src/install/ydlidar_ros2_driver/share/colcon-core/packages/ydlidar_ros2_driver)
[9.534s] Level 1:colcon.colcon_core.environment:create_environment_scripts_only(mobile_robot)
[9.620s] Level 1:colcon.colcon_core.environment:checking '/home/pi/documents/STA_github/ros2_ws/src/install/mobile_robot' for CMake module files
[9.623s] Level 1:colcon.colcon_core.environment:checking '/home/pi/documents/STA_github/ros2_ws/src/install/mobile_robot' for CMake config files
[9.625s] Level 1:colcon.colcon_core.shell:create_environment_hook('mobile_robot', 'cmake_prefix_path')
[9.703s] INFO:colcon.colcon_core.shell:Creating environment hook '/home/pi/documents/STA_github/ros2_ws/src/install/mobile_robot/share/mobile_robot/hook/cmake_prefix_path.ps1'
[9.705s] INFO:colcon.colcon_core.shell:Creating environment descriptor '/home/pi/documents/STA_github/ros2_ws/src/install/mobile_robot/share/mobile_robot/hook/cmake_prefix_path.dsv'
[9.707s] INFO:colcon.colcon_core.shell:Creating environment hook '/home/pi/documents/STA_github/ros2_ws/src/install/mobile_robot/share/mobile_robot/hook/cmake_prefix_path.sh'
[9.709s] Level 1:colcon.colcon_core.environment:checking '/home/pi/documents/STA_github/ros2_ws/src/install/mobile_robot/lib'
[9.710s] Level 1:colcon.colcon_core.environment:checking '/home/pi/documents/STA_github/ros2_ws/src/install/mobile_robot/bin'
[9.710s] Level 1:colcon.colcon_core.environment:checking '/home/pi/documents/STA_github/ros2_ws/src/install/mobile_robot/lib/pkgconfig/mobile_robot.pc'
[9.711s] Level 1:colcon.colcon_core.environment:checking '/home/pi/documents/STA_github/ros2_ws/src/install/mobile_robot/lib/python3.10/site-packages'
[9.712s] Level 1:colcon.colcon_core.environment:checking '/home/pi/documents/STA_github/ros2_ws/src/install/mobile_robot/bin'
[9.792s] INFO:colcon.colcon_core.shell:Creating package script '/home/pi/documents/STA_github/ros2_ws/src/install/mobile_robot/share/mobile_robot/package.ps1'
[9.794s] INFO:colcon.colcon_core.shell:Creating package descriptor '/home/pi/documents/STA_github/ros2_ws/src/install/mobile_robot/share/mobile_robot/package.dsv'
[9.797s] INFO:colcon.colcon_core.shell:Creating package script '/home/pi/documents/STA_github/ros2_ws/src/install/mobile_robot/share/mobile_robot/package.sh'
[9.799s] INFO:colcon.colcon_core.shell:Creating package script '/home/pi/documents/STA_github/ros2_ws/src/install/mobile_robot/share/mobile_robot/package.bash'
[9.801s] INFO:colcon.colcon_core.shell:Creating package script '/home/pi/documents/STA_github/ros2_ws/src/install/mobile_robot/share/mobile_robot/package.zsh'
[9.803s] Level 1:colcon.colcon_core.environment:create_file_with_runtime_dependencies(/home/pi/documents/STA_github/ros2_ws/src/install/mobile_robot/share/colcon-core/packages/mobile_robot)
[9.886s] Level 1:colcon.colcon_core.environment:create_environment_scripts_only(ydlidar_ros2_driver)
[9.965s] Level 1:colcon.colcon_core.environment:checking '/home/pi/documents/STA_github/ros2_ws/src/install/ydlidar_ros2_driver' for CMake module files
[9.969s] Level 1:colcon.colcon_core.environment:checking '/home/pi/documents/STA_github/ros2_ws/src/install/ydlidar_ros2_driver' for CMake config files
[9.971s] Level 1:colcon.colcon_core.shell:create_environment_hook('ydlidar_ros2_driver', 'cmake_prefix_path')
[10.049s] INFO:colcon.colcon_core.shell:Creating environment hook '/home/pi/documents/STA_github/ros2_ws/src/install/ydlidar_ros2_driver/share/ydlidar_ros2_driver/hook/cmake_prefix_path.ps1'
[10.051s] INFO:colcon.colcon_core.shell:Creating environment descriptor '/home/pi/documents/STA_github/ros2_ws/src/install/ydlidar_ros2_driver/share/ydlidar_ros2_driver/hook/cmake_prefix_path.dsv'
[10.053s] INFO:colcon.colcon_core.shell:Creating environment hook '/home/pi/documents/STA_github/ros2_ws/src/install/ydlidar_ros2_driver/share/ydlidar_ros2_driver/hook/cmake_prefix_path.sh'
[10.056s] Level 1:colcon.colcon_core.environment:checking '/home/pi/documents/STA_github/ros2_ws/src/install/ydlidar_ros2_driver/lib'
[10.056s] Level 1:colcon.colcon_core.environment:checking '/home/pi/documents/STA_github/ros2_ws/src/install/ydlidar_ros2_driver/bin'
[10.056s] Level 1:colcon.colcon_core.environment:checking '/home/pi/documents/STA_github/ros2_ws/src/install/ydlidar_ros2_driver/lib/pkgconfig/ydlidar_ros2_driver.pc'
[10.057s] Level 1:colcon.colcon_core.environment:checking '/home/pi/documents/STA_github/ros2_ws/src/install/ydlidar_ros2_driver/lib/python3.10/site-packages'
[10.058s] Level 1:colcon.colcon_core.environment:checking '/home/pi/documents/STA_github/ros2_ws/src/install/ydlidar_ros2_driver/bin'
[10.137s] INFO:colcon.colcon_core.shell:Creating package script '/home/pi/documents/STA_github/ros2_ws/src/install/ydlidar_ros2_driver/share/ydlidar_ros2_driver/package.ps1'
[10.139s] INFO:colcon.colcon_core.shell:Creating package descriptor '/home/pi/documents/STA_github/ros2_ws/src/install/ydlidar_ros2_driver/share/ydlidar_ros2_driver/package.dsv'
[10.142s] INFO:colcon.colcon_core.shell:Creating package script '/home/pi/documents/STA_github/ros2_ws/src/install/ydlidar_ros2_driver/share/ydlidar_ros2_driver/package.sh'
[10.144s] INFO:colcon.colcon_core.shell:Creating package script '/home/pi/documents/STA_github/ros2_ws/src/install/ydlidar_ros2_driver/share/ydlidar_ros2_driver/package.bash'
[10.146s] INFO:colcon.colcon_core.shell:Creating package script '/home/pi/documents/STA_github/ros2_ws/src/install/ydlidar_ros2_driver/share/ydlidar_ros2_driver/package.zsh'
[10.148s] Level 1:colcon.colcon_core.environment:create_file_with_runtime_dependencies(/home/pi/documents/STA_github/ros2_ws/src/install/ydlidar_ros2_driver/share/colcon-core/packages/ydlidar_ros2_driver)
[10.149s] DEBUG:colcon.colcon_parallel_executor.executor.parallel:closing loop
[10.151s] DEBUG:colcon.colcon_parallel_executor.executor.parallel:loop closed
[10.151s] DEBUG:colcon.colcon_parallel_executor.executor.parallel:run_until_complete finished with '0'
[10.152s] DEBUG:colcon.colcon_core.event_reactor:joining thread
[10.254s] INFO:colcon.colcon_core.plugin_system:Skipping extension 'colcon_notification.desktop_notification.notify_send': Could not find 'notify-send'
[10.254s] INFO:colcon.colcon_core.plugin_system:Skipping extension 'colcon_notification.desktop_notification.terminal_notifier': Not used on non-Darwin systems
[10.254s] INFO:colcon.colcon_core.plugin_system:Skipping extension 'colcon_notification.desktop_notification.win32': Not used on non-Windows systems
[10.254s] INFO:colcon.colcon_notification.desktop_notification:Sending desktop notification using 'notify2'
[10.259s] DEBUG:colcon.colcon_notification.desktop_notification.notify2:Failed to initialize notify2: org.freedesktop.DBus.Error.ServiceUnknown: The name org.freedesktop.Notifications was not provided by any .service files
[10.259s] DEBUG:colcon.colcon_core.event_reactor:joined thread
[10.338s] INFO:colcon.colcon_core.shell:Creating prefix script '/home/pi/documents/STA_github/ros2_ws/src/install/local_setup.ps1'
[10.342s] INFO:colcon.colcon_core.shell:Creating prefix util module '/home/pi/documents/STA_github/ros2_ws/src/install/_local_setup_util_ps1.py'
[10.348s] INFO:colcon.colcon_core.shell:Creating prefix chain script '/home/pi/documents/STA_github/ros2_ws/src/install/setup.ps1'
[10.432s] INFO:colcon.colcon_core.shell:Creating prefix script '/home/pi/documents/STA_github/ros2_ws/src/install/local_setup.sh'
[10.434s] INFO:colcon.colcon_core.shell:Creating prefix util module '/home/pi/documents/STA_github/ros2_ws/src/install/_local_setup_util_sh.py'
[10.437s] INFO:colcon.colcon_core.shell:Creating prefix chain script '/home/pi/documents/STA_github/ros2_ws/src/install/setup.sh'
[10.519s] INFO:colcon.colcon_core.shell:Creating prefix script '/home/pi/documents/STA_github/ros2_ws/src/install/local_setup.bash'
[10.522s] INFO:colcon.colcon_core.shell:Creating prefix chain script '/home/pi/documents/STA_github/ros2_ws/src/install/setup.bash'
[10.604s] INFO:colcon.colcon_core.shell:Creating prefix script '/home/pi/documents/STA_github/ros2_ws/src/install/local_setup.zsh'
[10.606s] INFO:colcon.colcon_core.shell:Creating prefix chain script '/home/pi/documents/STA_github/ros2_ws/src/install/setup.zsh'
