[0.970s] Invoking command in '/home/pi/documents/STA_github/ros2_ws/build/shark': CMAKE_PREFIX_PATH=${CMAKE_PREFIX_PATH}:/home/pi/ros2_ws/install/ydlidar_ros2_driver:/opt/ros/iron /usr/bin/cmake --build /home/pi/documents/STA_github/ros2_ws/build/shark -- -j4 -l4
[1.292s] [100%] Built target shark
[1.362s] Invoked command in '/home/pi/documents/STA_github/ros2_ws/build/shark' returned '0': CMAKE_PREFIX_PATH=${CMAKE_PREFIX_PATH}:/home/pi/ros2_ws/install/ydlidar_ros2_driver:/opt/ros/iron /usr/bin/cmake --build /home/pi/documents/STA_github/ros2_ws/build/shark -- -j4 -l4
[1.610s] Invoking command in '/home/pi/documents/STA_github/ros2_ws/build/shark': CMAKE_PREFIX_PATH=${CMAKE_PREFIX_PATH}:/home/pi/ros2_ws/install/ydlidar_ros2_driver:/opt/ros/iron /usr/bin/cmake --install /home/pi/documents/STA_github/ros2_ws/build/shark
[1.684s] -- Install configuration: ""
[1.685s] -- Up-to-date: /home/pi/documents/STA_github/ros2_ws/install/shark/lib/shark/shark
[1.688s] -- Up-to-date: /home/pi/documents/STA_github/ros2_ws/install/shark/share/ament_index/resource_index/package_run_dependencies/shark
[1.691s] -- Up-to-date: /home/pi/documents/STA_github/ros2_ws/install/shark/share/ament_index/resource_index/parent_prefix_path/shark
[1.693s] -- Up-to-date: /home/pi/documents/STA_github/ros2_ws/install/shark/share/shark/environment/ament_prefix_path.sh
[1.696s] -- Up-to-date: /home/pi/documents/STA_github/ros2_ws/install/shark/share/shark/environment/ament_prefix_path.dsv
[1.706s] -- Up-to-date: /home/pi/documents/STA_github/ros2_ws/install/shark/share/shark/environment/path.sh
[1.707s] -- Up-to-date: /home/pi/documents/STA_github/ros2_ws/install/shark/share/shark/environment/path.dsv
[1.708s] -- Up-to-date: /home/pi/documents/STA_github/ros2_ws/install/shark/share/shark/local_setup.bash
[1.710s] -- Up-to-date: /home/pi/documents/STA_github/ros2_ws/install/shark/share/shark/local_setup.sh
[1.711s] -- Up-to-date: /home/pi/documents/STA_github/ros2_ws/install/shark/share/shark/local_setup.zsh
[1.711s] -- Up-to-date: /home/pi/documents/STA_github/ros2_ws/install/shark/share/shark/local_setup.dsv
[1.712s] -- Installing: /home/pi/documents/STA_github/ros2_ws/install/shark/share/shark/package.dsv
[1.713s] -- Up-to-date: /home/pi/documents/STA_github/ros2_ws/install/shark/share/ament_index/resource_index/packages/shark
[1.714s] -- Up-to-date: /home/pi/documents/STA_github/ros2_ws/install/shark/share/shark/cmake/sharkConfig.cmake
[1.715s] -- Up-to-date: /home/pi/documents/STA_github/ros2_ws/install/shark/share/shark/cmake/sharkConfig-version.cmake
[1.716s] -- Up-to-date: /home/pi/documents/STA_github/ros2_ws/install/shark/share/shark/package.xml
[1.718s] Invoked command in '/home/pi/documents/STA_github/ros2_ws/build/shark' returned '0': CMAKE_PREFIX_PATH=${CMAKE_PREFIX_PATH}:/home/pi/ros2_ws/install/ydlidar_ros2_driver:/opt/ros/iron /usr/bin/cmake --install /home/pi/documents/STA_github/ros2_ws/build/shark
